2009.07.19 07:39 B E:\1.0Homepage-Hans\06-freizeit\dowaloads_DBU_spielregeln\10_Balll-Regel.pdf --> ftp.hans-kirchhoff.de /06-freizeit/dowaloads_DBU_spielregeln 10_Balll-Regel.pdf
2009.07.19 07:39 B E:\1.0Homepage-Hans\06-freizeit\dowaloads_DBU_spielregeln\10ball_German.pdf --> ftp.hans-kirchhoff.de /06-freizeit/dowaloads_DBU_spielregeln 10ball_German.pdf
2009.07.19 07:39 B E:\1.0Homepage-Hans\06-freizeit\dowaloads_DBU_spielregeln\14-1-Regel.pdf --> ftp.hans-kirchhoff.de /06-freizeit/dowaloads_DBU_spielregeln 14-1-Regel.pdf
2009.07.19 07:39 B E:\1.0Homepage-Hans\06-freizeit\dowaloads_DBU_spielregeln\8_Ball-Regel.pdf --> ftp.hans-kirchhoff.de /06-freizeit/dowaloads_DBU_spielregeln 8_Ball-Regel.pdf
2009.07.19 07:39 B E:\1.0Homepage-Hans\06-freizeit\dowaloads_DBU_spielregeln\9_Ball-Regel.pdf --> ftp.hans-kirchhoff.de /06-freizeit/dowaloads_DBU_spielregeln 9_Ball-Regel.pdf
2009.07.19 07:39 B E:\1.0Homepage-Hans\06-freizeit\dowaloads_DBU_spielregeln\DBU-Sportlererklaerung.pdf --> ftp.hans-kirchhoff.de /06-freizeit/dowaloads_DBU_spielregeln DBU-Sportlererklaerung.pdf
2009.07.19 07:39 B E:\1.0Homepage-Hans\06-freizeit\dowaloads_DBU_spielregeln\DBU_3.2.5regelwerkpool.pdf --> ftp.hans-kirchhoff.de /06-freizeit/dowaloads_DBU_spielregeln DBU_3.2.5regelwerkpool.pdf
2009.07.19 07:39 B E:\1.0Homepage-Hans\06-freizeit\dowaloads_DBU_spielregeln\DBU_3.2.5spielregelnbiathlon.pdf --> ftp.hans-kirchhoff.de /06-freizeit/dowaloads_DBU_spielregeln DBU_3.2.5spielregelnbiathlon.pdf
2009.07.19 07:39 B E:\1.0Homepage-Hans\06-freizeit\dowaloads_DBU_spielregeln\DBU_Athletenerklaerung.pdf --> ftp.hans-kirchhoff.de /06-freizeit/dowaloads_DBU_spielregeln DBU_Athletenerklaerung.pdf
2009.07.19 07:39 B E:\1.0Homepage-Hans\06-freizeit\dowaloads_DBU_spielregeln\Regel_Pool-Turnier_26.09.2008.pdf --> ftp.hans-kirchhoff.de /06-freizeit/dowaloads_DBU_spielregeln Regel_Pool-Turnier_26.09.2008.pdf
2009.07.19 07:39 B E:\1.0Homepage-Hans\06-freizeit\dowaloads_DBU_spielregeln\Regularien_Pool_01.07.2008.pdf --> ftp.hans-kirchhoff.de /06-freizeit/dowaloads_DBU_spielregeln Regularien_Pool_01.07.2008.pdf
2009.07.19 08:07 B E:\1.0Homepage-Hans\06-freizeit\dowaloads_DBU_spielregeln\baustelle.gif --> ftp.hans-kirchhoff.de /06-freizeit/dowaloads_DBU_spielregeln baustelle.gif
2010.12.02 20:23 B G:\Homepage-BU-MG-Kempen\03-Ligabetrieb\dowaloads_DBU_spielregeln\baustelle.gif --> billardunionmgkempen.de /03-Ligabetrieb/dowaloads_DBU_spielregeln baustelle.gif
2010.12.02 20:23 B G:\Homepage-BU-MG-Kempen\03-Ligabetrieb\dowaloads_DBU_spielregeln\Regel_Pool-Turnier_26.09.2008.pdf --> billardunionmgkempen.de /03-Ligabetrieb/dowaloads_DBU_spielregeln Regel_Pool-Turnier_26.09.2008.pdf
2010.12.02 20:23 B G:\Homepage-BU-MG-Kempen\03-Ligabetrieb\dowaloads_DBU_spielregeln\Regularien_Pool_01.07.2008.pdf --> billardunionmgkempen.de /03-Ligabetrieb/dowaloads_DBU_spielregeln Regularien_Pool_01.07.2008.pdf
2010.12.02 20:23 B G:\Homepage-BU-MG-Kempen\03-Ligabetrieb\dowaloads_DBU_spielregeln\10ball_German.pdf --> billardunionmgkempen.de /03-Ligabetrieb/dowaloads_DBU_spielregeln 10ball_German.pdf
2010.12.02 20:24 B G:\Homepage-BU-MG-Kempen\03-Ligabetrieb\dowaloads_DBU_spielregeln\10_Balll-Regel.pdf --> billardunionmgkempen.de /03-Ligabetrieb/dowaloads_DBU_spielregeln 10_Balll-Regel.pdf
2010.12.02 20:24 B G:\Homepage-BU-MG-Kempen\03-Ligabetrieb\dowaloads_DBU_spielregeln\9_Ball-Regel.pdf --> billardunionmgkempen.de /03-Ligabetrieb/dowaloads_DBU_spielregeln 9_Ball-Regel.pdf
2010.12.02 20:24 B G:\Homepage-BU-MG-Kempen\03-Ligabetrieb\dowaloads_DBU_spielregeln\14-1-Regel.pdf --> billardunionmgkempen.de /03-Ligabetrieb/dowaloads_DBU_spielregeln 14-1-Regel.pdf
2010.12.02 20:24 B G:\Homepage-BU-MG-Kempen\03-Ligabetrieb\dowaloads_DBU_spielregeln\8_Ball-Regel.pdf --> billardunionmgkempen.de /03-Ligabetrieb/dowaloads_DBU_spielregeln 8_Ball-Regel.pdf
2010.12.02 20:24 B G:\Homepage-BU-MG-Kempen\03-Ligabetrieb\dowaloads_DBU_spielregeln\DBU_3.2.5spielregelnbiathlon.pdf --> billardunionmgkempen.de /03-Ligabetrieb/dowaloads_DBU_spielregeln DBU_3.2.5spielregelnbiathlon.pdf
2010.12.02 20:24 B G:\Homepage-BU-MG-Kempen\03-Ligabetrieb\dowaloads_DBU_spielregeln\DBU_3.2.5regelwerkpool.pdf --> billardunionmgkempen.de /03-Ligabetrieb/dowaloads_DBU_spielregeln DBU_3.2.5regelwerkpool.pdf
