2011.07.11 07:12 B G:\Homepage-BU-MG-Kempen\03-Ligabetrieb\downloads_BIGKKD_Pool_Formblatter\BIGKKD Pool Einzel-Sportprogramm 2011-2012.pdf --> billardunionmgkempen.de /03-Ligabetrieb/downloads_BIGKKD_Pool_Formblatter BIGKKD Pool Einzel-Sportprogramm 2011-2012.pdf
2011.07.11 07:12 B G:\Homepage-BU-MG-Kempen\03-Ligabetrieb\downloads_BIGKKD_Pool_Formblatter\BIGKKD Pool Mannschafts-Sportprogramm 2011-2012.pdf --> billardunionmgkempen.de /03-Ligabetrieb/downloads_BIGKKD_Pool_Formblatter BIGKKD Pool Mannschafts-Sportprogramm 2011-2012.pdf
2011.07.11 07:12 B G:\Homepage-BU-MG-Kempen\03-Ligabetrieb\downloads_BIGKKD_Pool_Formblatter\BIGKKD STO_SPO Pool 2011-2012.pdf --> billardunionmgkempen.de /03-Ligabetrieb/downloads_BIGKKD_Pool_Formblatter BIGKKD STO_SPO Pool 2011-2012.pdf
2011.07.11 07:12 B G:\Homepage-BU-MG-Kempen\03-Ligabetrieb\downloads_BIGKKD_Pool_Formblatter\BIGKKD_FB GF an_u._abmelden_im_kreis.xls --> billardunionmgkempen.de /03-Ligabetrieb/downloads_BIGKKD_Pool_Formblatter BIGKKD_FB GF an_u._abmelden_im_kreis.xls
2011.07.11 07:12 B G:\Homepage-BU-MG-Kempen\03-Ligabetrieb\downloads_BIGKKD_Pool_Formblatter\BIGKKD_FB GF Mitglnw. 4 Quart allg.xls --> billardunionmgkempen.de /03-Ligabetrieb/downloads_BIGKKD_Pool_Formblatter BIGKKD_FB GF Mitglnw. 4 Quart allg.xls
2011.07.11 07:12 B G:\Homepage-BU-MG-Kempen\03-Ligabetrieb\downloads_BIGKKD_Pool_Formblatter\BIGKKD_FB01 Meldungen Anzahl Mannschaften.xls --> billardunionmgkempen.de /03-Ligabetrieb/downloads_BIGKKD_Pool_Formblatter BIGKKD_FB01 Meldungen Anzahl Mannschaften.xls
2011.07.11 07:12 B G:\Homepage-BU-MG-Kempen\03-Ligabetrieb\downloads_BIGKKD_Pool_Formblatter\BIGKKD_FB02 Meldungen Mannschaften D S J 8.xls --> billardunionmgkempen.de /03-Ligabetrieb/downloads_BIGKKD_Pool_Formblatter BIGKKD_FB02 Meldungen Mannschaften D S J 8.xls
2011.07.11 07:12 B G:\Homepage-BU-MG-Kempen\03-Ligabetrieb\downloads_BIGKKD_Pool_Formblatter\BIGKKD_FB03 namentliche Meldungen Mannschaften LIGA.xls --> billardunionmgkempen.de /03-Ligabetrieb/downloads_BIGKKD_Pool_Formblatter BIGKKD_FB03 namentliche Meldungen Mannschaften LIGA.xls
2011.07.11 07:12 B G:\Homepage-BU-MG-Kempen\03-Ligabetrieb\downloads_BIGKKD_Pool_Formblatter\BIGKKD_FB04 namentliche Meldungen Mannschaften D S J 8.xls --> billardunionmgkempen.de /03-Ligabetrieb/downloads_BIGKKD_Pool_Formblatter BIGKKD_FB04 namentliche Meldungen Mannschaften D S J 8.xls
2011.07.11 07:12 B G:\Homepage-BU-MG-Kempen\03-Ligabetrieb\downloads_BIGKKD_Pool_Formblatter\BIGKKD_FB05 Bewerbung Austragung Wettbewerbe.xls --> billardunionmgkempen.de /03-Ligabetrieb/downloads_BIGKKD_Pool_Formblatter BIGKKD_FB05 Bewerbung Austragung Wettbewerbe.xls
2011.07.11 07:12 B G:\Homepage-BU-MG-Kempen\03-Ligabetrieb\downloads_BIGKKD_Pool_Formblatter\BIGKKD_FB06 namentliche Meldungen Einzel Erwachsene.xls --> billardunionmgkempen.de /03-Ligabetrieb/downloads_BIGKKD_Pool_Formblatter BIGKKD_FB06 namentliche Meldungen Einzel Erwachsene.xls
2011.07.11 07:12 B G:\Homepage-BU-MG-Kempen\03-Ligabetrieb\downloads_BIGKKD_Pool_Formblatter\BIGKKD_FB06 namentliche Meldungen Einzel Erwachsene_ungeschützt.xls --> billardunionmgkempen.de /03-Ligabetrieb/downloads_BIGKKD_Pool_Formblatter BIGKKD_FB06 namentliche Meldungen Einzel Erwachsene_ungeschützt.xls
2011.07.11 07:12 B G:\Homepage-BU-MG-Kempen\03-Ligabetrieb\downloads_BIGKKD_Pool_Formblatter\BIGKKD_FB07 namentliche Meldungen Einzel Jugend.xls --> billardunionmgkempen.de /03-Ligabetrieb/downloads_BIGKKD_Pool_Formblatter BIGKKD_FB07 namentliche Meldungen Einzel Jugend.xls
2011.07.11 07:12 B G:\Homepage-BU-MG-Kempen\03-Ligabetrieb\downloads_BIGKKD_Pool_Formblatter\BIGKKD_FB08 Turnieranmeldung Pool.xls --> billardunionmgkempen.de /03-Ligabetrieb/downloads_BIGKKD_Pool_Formblatter BIGKKD_FB08 Turnieranmeldung Pool.xls
2011.07.11 07:12 B G:\Homepage-BU-MG-Kempen\03-Ligabetrieb\downloads_BIGKKD_Pool_Formblatter\Spielbericht_BIGKKD_2010-2011_D_J_S.xls --> billardunionmgkempen.de /03-Ligabetrieb/downloads_BIGKKD_Pool_Formblatter Spielbericht_BIGKKD_2010-2011_D_J_S.xls
2013.08.17 07:11 B C:\Users\Hennebell\Desktop\Homepage-BU-MG-Kempen\03-Ligabetrieb\downloads_BIGKKD_Pool_Formblatter\2013_BIGKKD_FB01 Meldungen Anzahl Mannschaften.xls --> billardunionmgkempen.de /03-Ligabetrieb/downloads_BIGKKD_Pool_Formblatter 2013_BIGKKD_FB01 Meldungen Anzahl Mannschaften.xls
2013.08.17 07:11 B C:\Users\Hennebell\Desktop\Homepage-BU-MG-Kempen\03-Ligabetrieb\downloads_BIGKKD_Pool_Formblatter\2013_BIGKKD_FB02 Meldungen Mannschaften D S J 8.xls --> billardunionmgkempen.de /03-Ligabetrieb/downloads_BIGKKD_Pool_Formblatter 2013_BIGKKD_FB02 Meldungen Mannschaften D S J 8.xls
2013.08.17 07:11 B C:\Users\Hennebell\Desktop\Homepage-BU-MG-Kempen\03-Ligabetrieb\downloads_BIGKKD_Pool_Formblatter\2013_BIGKKD_FB03 namentliche Meldungen Mannschaften LIGA.xls --> billardunionmgkempen.de /03-Ligabetrieb/downloads_BIGKKD_Pool_Formblatter 2013_BIGKKD_FB03 namentliche Meldungen Mannschaften LIGA.xls
2013.08.17 07:11 B C:\Users\Hennebell\Desktop\Homepage-BU-MG-Kempen\03-Ligabetrieb\downloads_BIGKKD_Pool_Formblatter\2013_BIGKKD_FB04 namentliche Meldungen Mannschaften D S J 8.xls --> billardunionmgkempen.de /03-Ligabetrieb/downloads_BIGKKD_Pool_Formblatter 2013_BIGKKD_FB04 namentliche Meldungen Mannschaften D S J 8.xls
2013.08.17 07:11 B C:\Users\Hennebell\Desktop\Homepage-BU-MG-Kempen\03-Ligabetrieb\downloads_BIGKKD_Pool_Formblatter\2013_BIGKKD_FB05 Bewerbung Austragung Wettbewerbe.xls --> billardunionmgkempen.de /03-Ligabetrieb/downloads_BIGKKD_Pool_Formblatter 2013_BIGKKD_FB05 Bewerbung Austragung Wettbewerbe.xls
2013.08.17 07:11 B C:\Users\Hennebell\Desktop\Homepage-BU-MG-Kempen\03-Ligabetrieb\downloads_BIGKKD_Pool_Formblatter\2013_BIGKKD_FB06 namentliche Meldungen Einzel Erwachsene.xls --> billardunionmgkempen.de /03-Ligabetrieb/downloads_BIGKKD_Pool_Formblatter 2013_BIGKKD_FB06 namentliche Meldungen Einzel Erwachsene.xls
2013.08.17 07:11 B C:\Users\Hennebell\Desktop\Homepage-BU-MG-Kempen\03-Ligabetrieb\downloads_BIGKKD_Pool_Formblatter\BIGKKD Pool Einzel-Sportprogramm 2011-2012.pdf --> billardunionmgkempen.de /03-Ligabetrieb/downloads_BIGKKD_Pool_Formblatter BIGKKD Pool Einzel-Sportprogramm 2011-2012.pdf
2013.08.17 07:11 B C:\Users\Hennebell\Desktop\Homepage-BU-MG-Kempen\03-Ligabetrieb\downloads_BIGKKD_Pool_Formblatter\BIGKKD Pool Mannschafts-Sportprogramm 2011-2012.pdf --> billardunionmgkempen.de /03-Ligabetrieb/downloads_BIGKKD_Pool_Formblatter BIGKKD Pool Mannschafts-Sportprogramm 2011-2012.pdf
2013.08.17 07:11 B C:\Users\Hennebell\Desktop\Homepage-BU-MG-Kempen\03-Ligabetrieb\downloads_BIGKKD_Pool_Formblatter\BIGKKD STO_SPO Pool 2011-2012.pdf --> billardunionmgkempen.de /03-Ligabetrieb/downloads_BIGKKD_Pool_Formblatter BIGKKD STO_SPO Pool 2011-2012.pdf
2013.08.17 07:11 B C:\Users\Hennebell\Desktop\Homepage-BU-MG-Kempen\03-Ligabetrieb\downloads_BIGKKD_Pool_Formblatter\BIGKKD_FB GF an_u._abmelden_im_kreis.xls --> billardunionmgkempen.de /03-Ligabetrieb/downloads_BIGKKD_Pool_Formblatter BIGKKD_FB GF an_u._abmelden_im_kreis.xls
2013.08.17 07:12 B C:\Users\Hennebell\Desktop\Homepage-BU-MG-Kempen\03-Ligabetrieb\downloads_BIGKKD_Pool_Formblatter\BIGKKD_FB GF Mitglnw. 4 Quart allg.xls --> billardunionmgkempen.de /03-Ligabetrieb/downloads_BIGKKD_Pool_Formblatter BIGKKD_FB GF Mitglnw. 4 Quart allg.xls
2013.08.17 07:12 B C:\Users\Hennebell\Desktop\Homepage-BU-MG-Kempen\03-Ligabetrieb\downloads_BIGKKD_Pool_Formblatter\BIGKKD_FB06 namentliche Meldungen Einzel Erwachsene_ungeschützt.xls --> billardunionmgkempen.de /03-Ligabetrieb/downloads_BIGKKD_Pool_Formblatter BIGKKD_FB06 namentliche Meldungen Einzel Erwachsene_ungeschützt.xls
2013.08.17 07:12 B C:\Users\Hennebell\Desktop\Homepage-BU-MG-Kempen\03-Ligabetrieb\downloads_BIGKKD_Pool_Formblatter\BIGKKD_FB07 namentliche Meldungen Einzel Jugend.xls --> billardunionmgkempen.de /03-Ligabetrieb/downloads_BIGKKD_Pool_Formblatter BIGKKD_FB07 namentliche Meldungen Einzel Jugend.xls
2013.08.17 07:12 B C:\Users\Hennebell\Desktop\Homepage-BU-MG-Kempen\03-Ligabetrieb\downloads_BIGKKD_Pool_Formblatter\BIGKKD_FB08 Turnieranmeldung Pool.xls --> billardunionmgkempen.de /03-Ligabetrieb/downloads_BIGKKD_Pool_Formblatter BIGKKD_FB08 Turnieranmeldung Pool.xls
2013.08.17 07:12 B C:\Users\Hennebell\Desktop\Homepage-BU-MG-Kempen\03-Ligabetrieb\downloads_BIGKKD_Pool_Formblatter\M-Fuehrer BIGKKD BzL 2011-2012.pdf --> billardunionmgkempen.de /03-Ligabetrieb/downloads_BIGKKD_Pool_Formblatter M-Fuehrer BIGKKD BzL 2011-2012.pdf
2013.08.17 07:12 B C:\Users\Hennebell\Desktop\Homepage-BU-MG-Kempen\03-Ligabetrieb\downloads_BIGKKD_Pool_Formblatter\Spielbericht BIGKKD BzL 2013-14.xls --> billardunionmgkempen.de /03-Ligabetrieb/downloads_BIGKKD_Pool_Formblatter Spielbericht BIGKKD BzL 2013-14.xls
2013.08.17 07:12 B C:\Users\Hennebell\Desktop\Homepage-BU-MG-Kempen\03-Ligabetrieb\downloads_BIGKKD_Pool_Formblatter\Spielbericht BIGKKD KL 2013-14.xls --> billardunionmgkempen.de /03-Ligabetrieb/downloads_BIGKKD_Pool_Formblatter Spielbericht BIGKKD KL 2013-14.xls
2013.08.17 07:12 B C:\Users\Hennebell\Desktop\Homepage-BU-MG-Kempen\03-Ligabetrieb\downloads_BIGKKD_Pool_Formblatter\Spielbericht_BIGKKD_2010-2011_D_J_S.xls --> billardunionmgkempen.de /03-Ligabetrieb/downloads_BIGKKD_Pool_Formblatter Spielbericht_BIGKKD_2010-2011_D_J_S.xls
