2010.12.15 09:19 B G:\Homepage-BU-MG-Kempen\10-Erfolge\Bilder\00002176.gif --> billardunionmgkempen.de /10-Erfolge/Bilder 00002176.gif
2010.12.15 09:19 B G:\Homepage-BU-MG-Kempen\10-Erfolge\Bilder\01.gif --> billardunionmgkempen.de /10-Erfolge/Bilder 01.gif
2010.12.15 09:19 B G:\Homepage-BU-MG-Kempen\10-Erfolge\Bilder\02.gif --> billardunionmgkempen.de /10-Erfolge/Bilder 02.gif
2010.12.15 09:19 B G:\Homepage-BU-MG-Kempen\10-Erfolge\Bilder\baustelle.gif --> billardunionmgkempen.de /10-Erfolge/Bilder baustelle.gif
2010.12.15 09:19 B G:\Homepage-BU-MG-Kempen\10-Erfolge\Bilder\erfolge-des-vereins.png --> billardunionmgkempen.de /10-Erfolge/Bilder erfolge-des-vereins.png
2010.12.15 09:19 B G:\Homepage-BU-MG-Kempen\10-Erfolge\Bilder\hintergrund(hellblau).JPG --> billardunionmgkempen.de /10-Erfolge/Bilder hintergrund(hellblau).JPG
2010.12.15 09:19 B G:\Homepage-BU-MG-Kempen\10-Erfolge\Bilder\logo-klein.gif --> billardunionmgkempen.de /10-Erfolge/Bilder logo-klein.gif
2011.01.08 09:29 B G:\Homepage-BU-MG-Kempen\10-Aktuelles\Bilder\00002176.gif --> billardunionmgkempen.de /10-Erfolge/Bilder 00002176.gif
2011.01.08 09:29 B G:\Homepage-BU-MG-Kempen\10-Aktuelles\Bilder\01.gif --> billardunionmgkempen.de /10-Erfolge/Bilder 01.gif
2011.01.08 09:29 B G:\Homepage-BU-MG-Kempen\10-Aktuelles\Bilder\02.gif --> billardunionmgkempen.de /10-Erfolge/Bilder 02.gif
2011.01.08 09:29 B G:\Homepage-BU-MG-Kempen\10-Aktuelles\Bilder\aktuell.png --> billardunionmgkempen.de /10-Erfolge/Bilder aktuell.png
2011.01.08 09:29 B G:\Homepage-BU-MG-Kempen\10-Aktuelles\Bilder\baustelle.gif --> billardunionmgkempen.de /10-Erfolge/Bilder baustelle.gif
2011.01.08 09:29 B G:\Homepage-BU-MG-Kempen\10-Aktuelles\Bilder\erfolge-des-vereins.png --> billardunionmgkempen.de /10-Erfolge/Bilder erfolge-des-vereins.png
2011.01.08 09:29 B G:\Homepage-BU-MG-Kempen\10-Aktuelles\Bilder\hintergrund(hellblau).JPG --> billardunionmgkempen.de /10-Erfolge/Bilder hintergrund(hellblau).JPG
2011.01.08 09:29 B G:\Homepage-BU-MG-Kempen\10-Aktuelles\Bilder\index-erfolge-baustelle.htm --> billardunionmgkempen.de /10-Erfolge/Bilder index-erfolge-baustelle.htm
2011.01.08 09:29 B G:\Homepage-BU-MG-Kempen\10-Aktuelles\Bilder\logo-klein.gif --> billardunionmgkempen.de /10-Erfolge/Bilder logo-klein.gif
2011.01.08 09:29 B G:\Homepage-BU-MG-Kempen\10-Aktuelles\Bilder\Thumbs.db --> billardunionmgkempen.de /10-Erfolge/Bilder Thumbs.db
2011.01.08 09:29 B G:\Homepage-BU-MG-Kempen\10-Aktuelles\Bilder\WS_FTP.LOG --> billardunionmgkempen.de /10-Erfolge/Bilder WS_FTP.LOG
2011.01.08 09:35 B G:\Homepage-BU-MG-Kempen\10-Aktuelles\Bilder\00002176.gif --> billardunionmgkempen.de /10-Aktuelles/Bilder 00002176.gif
2011.01.08 09:35 B G:\Homepage-BU-MG-Kempen\10-Aktuelles\Bilder\01.gif --> billardunionmgkempen.de /10-Aktuelles/Bilder 01.gif
2011.01.08 09:35 B G:\Homepage-BU-MG-Kempen\10-Aktuelles\Bilder\02.gif --> billardunionmgkempen.de /10-Aktuelles/Bilder 02.gif
2011.01.08 09:35 B G:\Homepage-BU-MG-Kempen\10-Aktuelles\Bilder\aktuell.png --> billardunionmgkempen.de /10-Aktuelles/Bilder aktuell.png
2011.01.08 09:35 B G:\Homepage-BU-MG-Kempen\10-Aktuelles\Bilder\baustelle.gif --> billardunionmgkempen.de /10-Aktuelles/Bilder baustelle.gif
2011.01.08 09:35 B G:\Homepage-BU-MG-Kempen\10-Aktuelles\Bilder\erfolge-des-vereins.png --> billardunionmgkempen.de /10-Aktuelles/Bilder erfolge-des-vereins.png
2011.01.08 09:35 B G:\Homepage-BU-MG-Kempen\10-Aktuelles\Bilder\hintergrund(hellblau).JPG --> billardunionmgkempen.de /10-Aktuelles/Bilder hintergrund(hellblau).JPG
2011.01.08 09:35 B G:\Homepage-BU-MG-Kempen\10-Aktuelles\Bilder\index-erfolge-baustelle.htm --> billardunionmgkempen.de /10-Aktuelles/Bilder index-erfolge-baustelle.htm
2011.01.08 09:35 B G:\Homepage-BU-MG-Kempen\10-Aktuelles\Bilder\logo-klein.gif --> billardunionmgkempen.de /10-Aktuelles/Bilder logo-klein.gif
2011.01.08 09:35 B G:\Homepage-BU-MG-Kempen\10-Aktuelles\Bilder\Thumbs.db --> billardunionmgkempen.de /10-Aktuelles/Bilder Thumbs.db
2011.01.08 09:35 B G:\Homepage-BU-MG-Kempen\10-Aktuelles\Bilder\WS_FTP.LOG --> billardunionmgkempen.de /10-Aktuelles/Bilder WS_FTP.LOG
2011.01.22 06:22 B G:\Homepage-BU-MG-Kempen\10-Aktuelles\Bilder\aktuelles1.png --> billardunionmgkempen.de /10-Aktuelles/Bilder aktuelles1.png
2011.01.22 06:24 B G:\Homepage-BU-MG-Kempen\10-Aktuelles\Bilder\erfolge des vereins.png --> billardunionmgkempen.de /10-Aktuelles/Bilder erfolge des vereins.png
2011.02.06 08:01 B G:\Homepage-BU-MG-Kempen\10-Aktuelles\Bilder\vereinschronik.png --> billardunionmgkempen.de /10-Aktuelles/Bilder vereinschronik.png
2011.04.19 07:44 B G:\Homepage-BU-MG-Kempen\10-Aktuelles\Bilder\ssb.jpg --> billardunionmgkempen.de /10-Aktuelles/Bilder ssb.jpg
2011.04.23 06:41 B G:\Homepage-BU-MG-Kempen\10-Aktuelles\Bilder\bilder_ssb_2011.JPG --> billardunionmgkempen.de /10-Aktuelles/Bilder bilder_ssb_2011.JPG
2011.11.09 07:52 B C:\Users\Hennebell\Desktop\Homepage-BU-MG-Kempen\10-Aktuelles\Bilder\DBM_Plakat2011.jpg --> billardunionmgkempen.de /10-Aktuelles/Bilder DBM_Plakat2011.jpg
2011.11.11 08:12 B C:\Users\Hennebell\Desktop\Homepage-BU-MG-Kempen\10-Aktuelles\Bilder\blaue-kerzen.gif --> billardunionmgkempen.de /10-Aktuelles/Bilder blaue-kerzen.gif
2011.11.12 06:38 B C:\Users\Hennebell\Desktop\Homepage-BU-MG-Kempen\10-Aktuelles\Bilder\sekt-flasche.gif --> billardunionmgkempen.de /10-Aktuelles/Bilder sekt-flasche.gif
2012.01.04 15:49 B C:\Users\Hennebell\Desktop\Homepage-BU-MG-Kempen\10-Aktuelles\Bilder\brezelturnier_2012.JPG --> billardunionmgkempen.de /10-Aktuelles/Bilder brezelturnier_2012.JPG
2012.01.04 15:52 B C:\Users\Hennebell\Desktop\Homepage-BU-MG-Kempen\10-Aktuelles\Bilder\Zeigefinger,links.gif --> billardunionmgkempen.de /10-Aktuelles/Bilder Zeigefinger,links.gif
2012.01.31 10:27 B C:\Users\Hennebell\Desktop\Homepage-BU-MG-Kempen\10-Aktuelles\Bilder\Film_CityVision.jpg --> billardunionmgkempen.de /10-Aktuelles/Bilder Film_CityVision.jpg
2012.03.23 05:36 B C:\Users\Hennebell\Desktop\Homepage-BU-MG-Kempen\10-Aktuelles\Bilder\EC_2012_Luxembourg.jpg --> billardunionmgkempen.de /10-Aktuelles/Bilder EC_2012_Luxembourg.jpg
2012.03.23 05:36 B C:\Users\Hennebell\Desktop\Homepage-BU-MG-Kempen\10-Aktuelles\Bilder\EC_2012_Luxembourg_small.jpg --> billardunionmgkempen.de /10-Aktuelles/Bilder EC_2012_Luxembourg_small.jpg
2012.04.02 06:15 B C:\Users\Hennebell\Desktop\Homepage-BU-MG-Kempen\10-Aktuelles\Bilder\SSB-Jugend.jpg --> billardunionmgkempen.de /10-Aktuelles/Bilder SSB-Jugend.jpg
2012.04.04 05:06 B C:\Users\Hennebell\Desktop\Homepage-BU-MG-Kempen\10-Aktuelles\Bilder\heinz.jpg --> billardunionmgkempen.de /10-Aktuelles/Bilder heinz.jpg
2012.04.04 05:24 B C:\Users\Hennebell\Desktop\Homepage-BU-MG-Kempen\10-Aktuelles\Bilder\heinz.gif --> billardunionmgkempen.de /10-Aktuelles/Bilder heinz.gif
2012.04.13 05:19 B C:\Users\Hennebell\Desktop\Homepage-BU-MG-Kempen\10-Aktuelles\Bilder\10-ball.gif --> billardunionmgkempen.de /10-Aktuelles/Bilder 10-ball.gif
2012.04.15 06:52 B C:\Users\Hennebell\Desktop\Homepage-BU-MG-Kempen\10-Aktuelles\Bilder\8ball.gif --> billardunionmgkempen.de /10-Aktuelles/Bilder 8ball.gif
2012.04.15 06:52 B C:\Users\Hennebell\Desktop\Homepage-BU-MG-Kempen\10-Aktuelles\Bilder\9ball.gif --> billardunionmgkempen.de /10-Aktuelles/Bilder 9ball.gif
2012.04.15 06:52 B C:\Users\Hennebell\Desktop\Homepage-BU-MG-Kempen\10-Aktuelles\Bilder\10ball.gif --> billardunionmgkempen.de /10-Aktuelles/Bilder 10ball.gif
2012.04.15 12:15 B C:\Users\Hennebell\Desktop\Homepage-BU-MG-Kempen\10-Aktuelles\Bilder\jdm_2012.jpg --> billardunionmgkempen.de /10-Aktuelles/Bilder jdm_2012.jpg
2012.04.15 12:15 B C:\Users\Hennebell\Desktop\Homepage-BU-MG-Kempen\10-Aktuelles\Bilder\jdm_2012_small.jpg --> billardunionmgkempen.de /10-Aktuelles/Bilder jdm_2012_small.jpg
2012.04.15 12:27 B C:\Users\Hennebell\Desktop\Homepage-BU-MG-Kempen\10-Aktuelles\Bilder\jdm_2012.jpg --> billardunionmgkempen.de /10-Aktuelles/Bilder jdm_2012.jpg
2012.05.15 07:02 B C:\Users\Hennebell\Desktop\Homepage-BU-MG-Kempen\10-Aktuelles\Bilder\ehrung_2011_chantal(2).JPG --> billardunionmgkempen.de /10-Aktuelles/Bilder ehrung_2011_chantal(2).JPG
2012.05.15 07:02 B C:\Users\Hennebell\Desktop\Homepage-BU-MG-Kempen\10-Aktuelles\Bilder\ehrung_2011_chantal(2)_small.JPG --> billardunionmgkempen.de /10-Aktuelles/Bilder ehrung_2011_chantal(2)_small.JPG
2012.05.15 07:02 B C:\Users\Hennebell\Desktop\Homepage-BU-MG-Kempen\10-Aktuelles\Bilder\ehrung_2011_chantal.jpg --> billardunionmgkempen.de /10-Aktuelles/Bilder ehrung_2011_chantal.jpg
2012.05.15 07:02 B C:\Users\Hennebell\Desktop\Homepage-BU-MG-Kempen\10-Aktuelles\Bilder\ehrung_2011_chantal_small.jpg --> billardunionmgkempen.de /10-Aktuelles/Bilder ehrung_2011_chantal_small.jpg
2012.05.15 09:57 B C:\Users\Hennebell\Desktop\Homepage-BU-MG-Kempen\10-Aktuelles\Bilder\DM-2011-9-ball-damen_small.jpg --> billardunionmgkempen.de /10-Aktuelles/Bilder DM-2011-9-ball-damen_small.jpg
2012.05.15 09:57 B C:\Users\Hennebell\Desktop\Homepage-BU-MG-Kempen\10-Aktuelles\Bilder\DM-2011-9-ball-damen.jpg --> billardunionmgkempen.de /10-Aktuelles/Bilder DM-2011-9-ball-damen.jpg
2012.05.15 10:16 B C:\Users\Hennebell\Desktop\Homepage-BU-MG-Kempen\10-Aktuelles\Bilder\DM-2011-9-ball-damen.pdf --> billardunionmgkempen.de /10-Aktuelles/Bilder DM-2011-9-ball-damen.pdf
2012.05.16 15:29 B C:\Users\Hennebell\Desktop\Homepage-BU-MG-Kempen\10-Aktuelles\Bilder\ehrung2011_9-ball-damen-rp.jpg --> billardunionmgkempen.de /10-Aktuelles/Bilder ehrung2011_9-ball-damen-rp.jpg
2012.05.16 15:29 B C:\Users\Hennebell\Desktop\Homepage-BU-MG-Kempen\10-Aktuelles\Bilder\ehrung2011_9-ball-damen-rp_small.jpg --> billardunionmgkempen.de /10-Aktuelles/Bilder ehrung2011_9-ball-damen-rp_small.jpg
2012.05.24 07:16 B C:\Users\Hennebell\Desktop\Homepage-BU-MG-Kempen\10-Aktuelles\Bilder\Einladung zur Spielerversammlung-2012.pdf --> billardunionmgkempen.de /10-Aktuelles/Bilder Einladung zur Spielerversammlung-2012.pdf
2012.06.14 07:33 B C:\Users\Hennebell\Desktop\Homepage-BU-MG-Kempen\10-Aktuelles\Bilder\sommer_2012.jpg --> billardunionmgkempen.de /10-Aktuelles/Bilder sommer_2012.jpg
2012.06.14 07:33 B C:\Users\Hennebell\Desktop\Homepage-BU-MG-Kempen\10-Aktuelles\Bilder\sommer_2012_small.jpg --> billardunionmgkempen.de /10-Aktuelles/Bilder sommer_2012_small.jpg
2012.06.18 06:06 B C:\Users\Hennebell\Desktop\Homepage-BU-MG-Kempen\10-Aktuelles\Bilder\ferienaktion-2012.jpg --> billardunionmgkempen.de /10-Aktuelles/Bilder ferienaktion-2012.jpg
2012.06.18 06:06 B C:\Users\Hennebell\Desktop\Homepage-BU-MG-Kempen\10-Aktuelles\Bilder\ferienaktion-2012_small.jpg --> billardunionmgkempen.de /10-Aktuelles/Bilder ferienaktion-2012_small.jpg
2012.07.21 13:10 B C:\Users\Hennebell\Desktop\Homepage-BU-MG-Kempen\10-Aktuelles\Bilder\sommerfest_2012.jpg --> billardunionmgkempen.de /10-Aktuelles/Bilder sommerfest_2012.jpg
2012.07.21 13:10 B C:\Users\Hennebell\Desktop\Homepage-BU-MG-Kempen\10-Aktuelles\Bilder\sommerfest_2012_small.jpg --> billardunionmgkempen.de /10-Aktuelles/Bilder sommerfest_2012_small.jpg
2012.09.02 08:06 B C:\Users\Hennebell\Desktop\Homepage-BU-MG-Kempen\10-Aktuelles\Bilder\mannschaftsspiel_01.09.2012.jpg --> billardunionmgkempen.de /10-Aktuelles/Bilder mannschaftsspiel_01.09.2012.jpg
2012.09.02 08:06 B C:\Users\Hennebell\Desktop\Homepage-BU-MG-Kempen\10-Aktuelles\Bilder\mannschaftsspiel_01.09.2012_small.jpg --> billardunionmgkempen.de /10-Aktuelles/Bilder mannschaftsspiel_01.09.2012_small.jpg
2012.09.02 13:15 B C:\Users\Hennebell\Desktop\Homepage-BU-MG-Kempen\10-Aktuelles\Bilder\martens.jpg --> billardunionmgkempen.de /10-Aktuelles/Bilder martens.jpg
2012.09.02 14:52 B C:\Users\Hennebell\Desktop\Homepage-BU-MG-Kempen\10-Aktuelles\Bilder\DM-2012.jpg --> billardunionmgkempen.de /10-Aktuelles/Bilder DM-2012.jpg
2012.09.02 14:52 B C:\Users\Hennebell\Desktop\Homepage-BU-MG-Kempen\10-Aktuelles\Bilder\DM-2012_small.jpg --> billardunionmgkempen.de /10-Aktuelles/Bilder DM-2012_small.jpg
2012.09.22 08:57 B C:\Users\Hennebell\Desktop\Homepage-BU-MG-Kempen\10-Aktuelles\Bilder\P-B_geburt.jpg --> billardunionmgkempen.de /10-Aktuelles/Bilder P-B_geburt.jpg
2012.09.22 08:57 B C:\Users\Hennebell\Desktop\Homepage-BU-MG-Kempen\10-Aktuelles\Bilder\P-B_geburt_small.jpg --> billardunionmgkempen.de /10-Aktuelles/Bilder P-B_geburt_small.jpg
2012.09.26 07:47 B C:\Users\Hennebell\Desktop\Homepage-BU-MG-Kempen\10-Aktuelles\Bilder\SSB_Ausschreibun_D-H2012_small.jpg --> billardunionmgkempen.de /10-Aktuelles/Bilder SSB_Ausschreibun_D-H2012_small.jpg
2012.09.26 07:48 B C:\Users\Hennebell\Desktop\Homepage-BU-MG-Kempen\10-Aktuelles\Bilder\Stadtmeisterschaft_Damen_HerrenAusschreibung_2012.pdf --> billardunionmgkempen.de /10-Aktuelles/Bilder Stadtmeisterschaft_Damen_HerrenAusschreibung_2012.pdf
2012.11.04 08:05 B C:\Users\Hennebell\Desktop\Homepage-BU-MG-Kempen\10-Aktuelles\Bilder\Hindenburger-2012-11.pdf --> billardunionmgkempen.de /10-Aktuelles/Bilder Hindenburger-2012-11.pdf
2012.11.28 18:50 B C:\Users\Hennebell\Desktop\Homepage-BU-MG-Kempen\10-Aktuelles\Bilder\2012-jahresabschluss-blau.jpg --> billardunionmgkempen.de /10-Aktuelles/Bilder 2012-jahresabschluss-blau.jpg
2012.11.28 18:50 B C:\Users\Hennebell\Desktop\Homepage-BU-MG-Kempen\10-Aktuelles\Bilder\2012-jahresabschluss-blau_small.jpg --> billardunionmgkempen.de /10-Aktuelles/Bilder 2012-jahresabschluss-blau_small.jpg
2012.12.22 13:58 B C:\Users\Hennebell\Desktop\Homepage-BU-MG-Kempen\10-Aktuelles\Bilder\bu_weih.2012-1.jpg --> billardunionmgkempen.de /10-Aktuelles/Bilder bu_weih.2012-1.jpg
2012.12.22 13:58 B C:\Users\Hennebell\Desktop\Homepage-BU-MG-Kempen\10-Aktuelles\Bilder\bu_weih.2012-1_small.jpg --> billardunionmgkempen.de /10-Aktuelles/Bilder bu_weih.2012-1_small.jpg
2012.12.22 18:57 B C:\Users\Hennebell\Desktop\Homepage-BU-MG-Kempen\10-Aktuelles\Bilder\bu_weih.2012.jpg --> billardunionmgkempen.de /10-Aktuelles/Bilder bu_weih.2012.jpg
2012.12.23 06:47 B C:\Users\Hennebell\Desktop\Homepage-BU-MG-Kempen\10-Aktuelles\Bilder\bu_weih.2012-24.jpg --> billardunionmgkempen.de /10-Aktuelles/Bilder bu_weih.2012-24.jpg
2012.12.23 06:57 B C:\Users\Hennebell\Desktop\Homepage-BU-MG-Kempen\10-Aktuelles\Bilder\bu_weih.2012.jpg --> billardunionmgkempen.de /10-Aktuelles/Bilder bu_weih.2012.jpg
2012.12.23 07:12 B C:\Users\Hennebell\Desktop\Homepage-BU-MG-Kempen\10-Aktuelles\Bilder\bu_weih.2012.jpg --> billardunionmgkempen.de /10-Aktuelles/Bilder bu_weih.2012.jpg
2012.12.29 09:50 B C:\Users\Hennebell\Desktop\Homepage-BU-MG-Kempen\10-Aktuelles\aktuelles_rueckblicke\Bilder\00002176.gif --> billardunionmgkempen.de /10-Aktuelles/aktuelles_rueckblicke/Bilder 00002176.gif
2012.12.29 09:50 B C:\Users\Hennebell\Desktop\Homepage-BU-MG-Kempen\10-Aktuelles\aktuelles_rueckblicke\Bilder\01.gif --> billardunionmgkempen.de /10-Aktuelles/aktuelles_rueckblicke/Bilder 01.gif
2012.12.29 09:50 B C:\Users\Hennebell\Desktop\Homepage-BU-MG-Kempen\10-Aktuelles\aktuelles_rueckblicke\Bilder\02.gif --> billardunionmgkempen.de /10-Aktuelles/aktuelles_rueckblicke/Bilder 02.gif
2012.12.29 09:50 B C:\Users\Hennebell\Desktop\Homepage-BU-MG-Kempen\10-Aktuelles\aktuelles_rueckblicke\Bilder\10ball.gif --> billardunionmgkempen.de /10-Aktuelles/aktuelles_rueckblicke/Bilder 10ball.gif
2012.12.29 09:50 B C:\Users\Hennebell\Desktop\Homepage-BU-MG-Kempen\10-Aktuelles\aktuelles_rueckblicke\Bilder\17.04.2011-Jugendstadtmeisterschaft.pdf --> billardunionmgkempen.de /10-Aktuelles/aktuelles_rueckblicke/Bilder 17.04.2011-Jugendstadtmeisterschaft.pdf
2012.12.29 09:50 B C:\Users\Hennebell\Desktop\Homepage-BU-MG-Kempen\10-Aktuelles\aktuelles_rueckblicke\Bilder\2012-jahresabschluss-blau.jpg --> billardunionmgkempen.de /10-Aktuelles/aktuelles_rueckblicke/Bilder 2012-jahresabschluss-blau.jpg
2012.12.29 09:50 B C:\Users\Hennebell\Desktop\Homepage-BU-MG-Kempen\10-Aktuelles\aktuelles_rueckblicke\Bilder\2012-jahresabschluss-blau_small.jpg --> billardunionmgkempen.de /10-Aktuelles/aktuelles_rueckblicke/Bilder 2012-jahresabschluss-blau_small.jpg
2012.12.29 09:50 B C:\Users\Hennebell\Desktop\Homepage-BU-MG-Kempen\10-Aktuelles\aktuelles_rueckblicke\Bilder\8ball.gif --> billardunionmgkempen.de /10-Aktuelles/aktuelles_rueckblicke/Bilder 8ball.gif
2012.12.29 09:50 B C:\Users\Hennebell\Desktop\Homepage-BU-MG-Kempen\10-Aktuelles\aktuelles_rueckblicke\Bilder\9ball.gif --> billardunionmgkempen.de /10-Aktuelles/aktuelles_rueckblicke/Bilder 9ball.gif
2012.12.29 09:50 B C:\Users\Hennebell\Desktop\Homepage-BU-MG-Kempen\10-Aktuelles\aktuelles_rueckblicke\Bilder\aktuell.png --> billardunionmgkempen.de /10-Aktuelles/aktuelles_rueckblicke/Bilder aktuell.png
2012.12.29 09:50 B C:\Users\Hennebell\Desktop\Homepage-BU-MG-Kempen\10-Aktuelles\aktuelles_rueckblicke\Bilder\aktuelles1.png --> billardunionmgkempen.de /10-Aktuelles/aktuelles_rueckblicke/Bilder aktuelles1.png
2012.12.29 09:50 B C:\Users\Hennebell\Desktop\Homepage-BU-MG-Kempen\10-Aktuelles\aktuelles_rueckblicke\Bilder\baustelle.gif --> billardunionmgkempen.de /10-Aktuelles/aktuelles_rueckblicke/Bilder baustelle.gif
2012.12.29 09:50 B C:\Users\Hennebell\Desktop\Homepage-BU-MG-Kempen\10-Aktuelles\aktuelles_rueckblicke\Bilder\bilder_ssb_2011.JPG --> billardunionmgkempen.de /10-Aktuelles/aktuelles_rueckblicke/Bilder bilder_ssb_2011.JPG
2012.12.29 09:50 B C:\Users\Hennebell\Desktop\Homepage-BU-MG-Kempen\10-Aktuelles\aktuelles_rueckblicke\Bilder\blaue-kerzen.gif --> billardunionmgkempen.de /10-Aktuelles/aktuelles_rueckblicke/Bilder blaue-kerzen.gif
2012.12.29 09:50 B C:\Users\Hennebell\Desktop\Homepage-BU-MG-Kempen\10-Aktuelles\aktuelles_rueckblicke\Bilder\brennende-kerzen.gif --> billardunionmgkempen.de /10-Aktuelles/aktuelles_rueckblicke/Bilder brennende-kerzen.gif
2012.12.29 09:50 B C:\Users\Hennebell\Desktop\Homepage-BU-MG-Kempen\10-Aktuelles\aktuelles_rueckblicke\Bilder\brezelturnier_2012.JPG --> billardunionmgkempen.de /10-Aktuelles/aktuelles_rueckblicke/Bilder brezelturnier_2012.JPG
2012.12.29 09:50 B C:\Users\Hennebell\Desktop\Homepage-BU-MG-Kempen\10-Aktuelles\aktuelles_rueckblicke\Bilder\bu_weih.2012-1_small.jpg --> billardunionmgkempen.de /10-Aktuelles/aktuelles_rueckblicke/Bilder bu_weih.2012-1_small.jpg
2012.12.29 09:51 B C:\Users\Hennebell\Desktop\Homepage-BU-MG-Kempen\10-Aktuelles\aktuelles_rueckblicke\Bilder\bu_weih.2012.jpg --> billardunionmgkempen.de /10-Aktuelles/aktuelles_rueckblicke/Bilder bu_weih.2012.jpg
2012.12.29 09:51 B C:\Users\Hennebell\Desktop\Homepage-BU-MG-Kempen\10-Aktuelles\aktuelles_rueckblicke\Bilder\button_aktuelles.jpg --> billardunionmgkempen.de /10-Aktuelles/aktuelles_rueckblicke/Bilder button_aktuelles.jpg
2012.12.29 09:51 B C:\Users\Hennebell\Desktop\Homepage-BU-MG-Kempen\10-Aktuelles\aktuelles_rueckblicke\Bilder\DBM_Plakat2011.jpg --> billardunionmgkempen.de /10-Aktuelles/aktuelles_rueckblicke/Bilder DBM_Plakat2011.jpg
2012.12.29 09:51 B C:\Users\Hennebell\Desktop\Homepage-BU-MG-Kempen\10-Aktuelles\aktuelles_rueckblicke\Bilder\DM-2011-9-ball-damen.jpg --> billardunionmgkempen.de /10-Aktuelles/aktuelles_rueckblicke/Bilder DM-2011-9-ball-damen.jpg
2012.12.29 09:51 B C:\Users\Hennebell\Desktop\Homepage-BU-MG-Kempen\10-Aktuelles\aktuelles_rueckblicke\Bilder\DM-2011-9-ball-damen.pdf --> billardunionmgkempen.de /10-Aktuelles/aktuelles_rueckblicke/Bilder DM-2011-9-ball-damen.pdf
2012.12.29 09:51 B C:\Users\Hennebell\Desktop\Homepage-BU-MG-Kempen\10-Aktuelles\aktuelles_rueckblicke\Bilder\DM-2011-9-ball-damen_small.jpg --> billardunionmgkempen.de /10-Aktuelles/aktuelles_rueckblicke/Bilder DM-2011-9-ball-damen_small.jpg
2012.12.29 09:51 B C:\Users\Hennebell\Desktop\Homepage-BU-MG-Kempen\10-Aktuelles\aktuelles_rueckblicke\Bilder\DM-2012.jpg --> billardunionmgkempen.de /10-Aktuelles/aktuelles_rueckblicke/Bilder DM-2012.jpg
2012.12.29 09:51 B C:\Users\Hennebell\Desktop\Homepage-BU-MG-Kempen\10-Aktuelles\aktuelles_rueckblicke\Bilder\DM-2012_small.jpg --> billardunionmgkempen.de /10-Aktuelles/aktuelles_rueckblicke/Bilder DM-2012_small.jpg
2012.12.29 09:51 B C:\Users\Hennebell\Desktop\Homepage-BU-MG-Kempen\10-Aktuelles\aktuelles_rueckblicke\Bilder\EC_2012_Luxembourg.jpg --> billardunionmgkempen.de /10-Aktuelles/aktuelles_rueckblicke/Bilder EC_2012_Luxembourg.jpg
2012.12.29 09:51 B C:\Users\Hennebell\Desktop\Homepage-BU-MG-Kempen\10-Aktuelles\aktuelles_rueckblicke\Bilder\EC_2012_Luxembourg_small.jpg --> billardunionmgkempen.de /10-Aktuelles/aktuelles_rueckblicke/Bilder EC_2012_Luxembourg_small.jpg
2012.12.29 09:51 B C:\Users\Hennebell\Desktop\Homepage-BU-MG-Kempen\10-Aktuelles\aktuelles_rueckblicke\Bilder\ehrung2011_9-ball-damen-rp.jpg --> billardunionmgkempen.de /10-Aktuelles/aktuelles_rueckblicke/Bilder ehrung2011_9-ball-damen-rp.jpg
2012.12.29 09:51 B C:\Users\Hennebell\Desktop\Homepage-BU-MG-Kempen\10-Aktuelles\aktuelles_rueckblicke\Bilder\ehrung2011_9-ball-damen-rp_small.jpg --> billardunionmgkempen.de /10-Aktuelles/aktuelles_rueckblicke/Bilder ehrung2011_9-ball-damen-rp_small.jpg
2012.12.29 09:51 B C:\Users\Hennebell\Desktop\Homepage-BU-MG-Kempen\10-Aktuelles\aktuelles_rueckblicke\Bilder\ehrung_2011_chantal(2).JPG --> billardunionmgkempen.de /10-Aktuelles/aktuelles_rueckblicke/Bilder ehrung_2011_chantal(2).JPG
2012.12.29 09:51 B C:\Users\Hennebell\Desktop\Homepage-BU-MG-Kempen\10-Aktuelles\aktuelles_rueckblicke\Bilder\ehrung_2011_chantal(2)_small.JPG --> billardunionmgkempen.de /10-Aktuelles/aktuelles_rueckblicke/Bilder ehrung_2011_chantal(2)_small.JPG
2012.12.29 09:51 B C:\Users\Hennebell\Desktop\Homepage-BU-MG-Kempen\10-Aktuelles\aktuelles_rueckblicke\Bilder\ehrung_2011_chantal.jpg --> billardunionmgkempen.de /10-Aktuelles/aktuelles_rueckblicke/Bilder ehrung_2011_chantal.jpg
2012.12.29 09:51 B C:\Users\Hennebell\Desktop\Homepage-BU-MG-Kempen\10-Aktuelles\aktuelles_rueckblicke\Bilder\ehrung_2011_chantal_small.jpg --> billardunionmgkempen.de /10-Aktuelles/aktuelles_rueckblicke/Bilder ehrung_2011_chantal_small.jpg
2012.12.29 09:51 B C:\Users\Hennebell\Desktop\Homepage-BU-MG-Kempen\10-Aktuelles\aktuelles_rueckblicke\Bilder\Einladung zur Spielerversammlung-2012.pdf --> billardunionmgkempen.de /10-Aktuelles/aktuelles_rueckblicke/Bilder Einladung zur Spielerversammlung-2012.pdf
2012.12.29 09:51 B C:\Users\Hennebell\Desktop\Homepage-BU-MG-Kempen\10-Aktuelles\aktuelles_rueckblicke\Bilder\erfolge des vereins.png --> billardunionmgkempen.de /10-Aktuelles/aktuelles_rueckblicke/Bilder erfolge des vereins.png
2012.12.29 09:51 B C:\Users\Hennebell\Desktop\Homepage-BU-MG-Kempen\10-Aktuelles\aktuelles_rueckblicke\Bilder\erfolge-des-vereins.png --> billardunionmgkempen.de /10-Aktuelles/aktuelles_rueckblicke/Bilder erfolge-des-vereins.png
2012.12.29 09:51 B C:\Users\Hennebell\Desktop\Homepage-BU-MG-Kempen\10-Aktuelles\aktuelles_rueckblicke\Bilder\ferienaktion-2012.jpg --> billardunionmgkempen.de /10-Aktuelles/aktuelles_rueckblicke/Bilder ferienaktion-2012.jpg
2012.12.29 09:51 B C:\Users\Hennebell\Desktop\Homepage-BU-MG-Kempen\10-Aktuelles\aktuelles_rueckblicke\Bilder\ferienaktion-2012_small.jpg --> billardunionmgkempen.de /10-Aktuelles/aktuelles_rueckblicke/Bilder ferienaktion-2012_small.jpg
2012.12.29 09:51 B C:\Users\Hennebell\Desktop\Homepage-BU-MG-Kempen\10-Aktuelles\aktuelles_rueckblicke\Bilder\Film_CityVision.jpg --> billardunionmgkempen.de /10-Aktuelles/aktuelles_rueckblicke/Bilder Film_CityVision.jpg
2012.12.29 09:51 B C:\Users\Hennebell\Desktop\Homepage-BU-MG-Kempen\10-Aktuelles\aktuelles_rueckblicke\Bilder\heinz.gif --> billardunionmgkempen.de /10-Aktuelles/aktuelles_rueckblicke/Bilder heinz.gif
2012.12.29 09:51 B C:\Users\Hennebell\Desktop\Homepage-BU-MG-Kempen\10-Aktuelles\aktuelles_rueckblicke\Bilder\heinz.jpg --> billardunionmgkempen.de /10-Aktuelles/aktuelles_rueckblicke/Bilder heinz.jpg
2012.12.29 09:54 B C:\Users\Hennebell\Desktop\Homepage-BU-MG-Kempen\10-Aktuelles\aktuelles_rueckblicke\Bilder\Hindenburger-2012-11.pdf --> billardunionmgkempen.de /10-Aktuelles/aktuelles_rueckblicke/Bilder Hindenburger-2012-11.pdf
2012.12.29 09:54 B C:\Users\Hennebell\Desktop\Homepage-BU-MG-Kempen\10-Aktuelles\aktuelles_rueckblicke\Bilder\Hindenburger_2012-Um die Ehre.docx --> billardunionmgkempen.de /10-Aktuelles/aktuelles_rueckblicke/Bilder Hindenburger_2012-Um die Ehre.docx
2012.12.29 09:54 B C:\Users\Hennebell\Desktop\Homepage-BU-MG-Kempen\10-Aktuelles\aktuelles_rueckblicke\Bilder\hintergrund(hellblau).JPG --> billardunionmgkempen.de /10-Aktuelles/aktuelles_rueckblicke/Bilder hintergrund(hellblau).JPG
2012.12.29 09:54 B C:\Users\Hennebell\Desktop\Homepage-BU-MG-Kempen\10-Aktuelles\aktuelles_rueckblicke\Bilder\index-erfolge-baustelle.htm --> billardunionmgkempen.de /10-Aktuelles/aktuelles_rueckblicke/Bilder index-erfolge-baustelle.htm
2012.12.29 09:54 B C:\Users\Hennebell\Desktop\Homepage-BU-MG-Kempen\10-Aktuelles\aktuelles_rueckblicke\Bilder\jdm_2012.jpg --> billardunionmgkempen.de /10-Aktuelles/aktuelles_rueckblicke/Bilder jdm_2012.jpg
2012.12.29 09:54 B C:\Users\Hennebell\Desktop\Homepage-BU-MG-Kempen\10-Aktuelles\aktuelles_rueckblicke\Bilder\jdm_2012_small.jpg --> billardunionmgkempen.de /10-Aktuelles/aktuelles_rueckblicke/Bilder jdm_2012_small.jpg
2012.12.29 09:54 B C:\Users\Hennebell\Desktop\Homepage-BU-MG-Kempen\10-Aktuelles\aktuelles_rueckblicke\Bilder\logo-klein.gif --> billardunionmgkempen.de /10-Aktuelles/aktuelles_rueckblicke/Bilder logo-klein.gif
2012.12.29 09:54 B C:\Users\Hennebell\Desktop\Homepage-BU-MG-Kempen\10-Aktuelles\aktuelles_rueckblicke\Bilder\mannschaftsspiel_01.09.2012.jpg --> billardunionmgkempen.de /10-Aktuelles/aktuelles_rueckblicke/Bilder mannschaftsspiel_01.09.2012.jpg
2012.12.29 09:54 B C:\Users\Hennebell\Desktop\Homepage-BU-MG-Kempen\10-Aktuelles\aktuelles_rueckblicke\Bilder\mannschaftsspiel_01.09.2012_small.jpg --> billardunionmgkempen.de /10-Aktuelles/aktuelles_rueckblicke/Bilder mannschaftsspiel_01.09.2012_small.jpg
2012.12.29 09:54 B C:\Users\Hennebell\Desktop\Homepage-BU-MG-Kempen\10-Aktuelles\aktuelles_rueckblicke\Bilder\martens.jpg --> billardunionmgkempen.de /10-Aktuelles/aktuelles_rueckblicke/Bilder martens.jpg
2012.12.29 09:54 B C:\Users\Hennebell\Desktop\Homepage-BU-MG-Kempen\10-Aktuelles\aktuelles_rueckblicke\Bilder\Meldeliste_2011.doc --> billardunionmgkempen.de /10-Aktuelles/aktuelles_rueckblicke/Bilder Meldeliste_2011.doc
2012.12.29 09:54 B C:\Users\Hennebell\Desktop\Homepage-BU-MG-Kempen\10-Aktuelles\aktuelles_rueckblicke\Bilder\P-B_geburt.jpg --> billardunionmgkempen.de /10-Aktuelles/aktuelles_rueckblicke/Bilder P-B_geburt.jpg
2012.12.29 09:54 B C:\Users\Hennebell\Desktop\Homepage-BU-MG-Kempen\10-Aktuelles\aktuelles_rueckblicke\Bilder\P-B_geburt_small.jpg --> billardunionmgkempen.de /10-Aktuelles/aktuelles_rueckblicke/Bilder P-B_geburt_small.jpg
2012.12.29 09:54 B C:\Users\Hennebell\Desktop\Homepage-BU-MG-Kempen\10-Aktuelles\aktuelles_rueckblicke\Bilder\RP_Text_05-06-2012.pdf --> billardunionmgkempen.de /10-Aktuelles/aktuelles_rueckblicke/Bilder RP_Text_05-06-2012.pdf
2012.12.29 09:54 B C:\Users\Hennebell\Desktop\Homepage-BU-MG-Kempen\10-Aktuelles\aktuelles_rueckblicke\Bilder\sekt-flasche.gif --> billardunionmgkempen.de /10-Aktuelles/aktuelles_rueckblicke/Bilder sekt-flasche.gif
2012.12.29 09:54 B C:\Users\Hennebell\Desktop\Homepage-BU-MG-Kempen\10-Aktuelles\aktuelles_rueckblicke\Bilder\Sieg.jpg --> billardunionmgkempen.de /10-Aktuelles/aktuelles_rueckblicke/Bilder Sieg.jpg
2012.12.29 09:54 B C:\Users\Hennebell\Desktop\Homepage-BU-MG-Kempen\10-Aktuelles\aktuelles_rueckblicke\Bilder\sommer_2012.jpg --> billardunionmgkempen.de /10-Aktuelles/aktuelles_rueckblicke/Bilder sommer_2012.jpg
2012.12.29 09:54 B C:\Users\Hennebell\Desktop\Homepage-BU-MG-Kempen\10-Aktuelles\aktuelles_rueckblicke\Bilder\sommer_2012_small.jpg --> billardunionmgkempen.de /10-Aktuelles/aktuelles_rueckblicke/Bilder sommer_2012_small.jpg
2012.12.29 09:54 B C:\Users\Hennebell\Desktop\Homepage-BU-MG-Kempen\10-Aktuelles\aktuelles_rueckblicke\Bilder\sommerfest_2012.jpg --> billardunionmgkempen.de /10-Aktuelles/aktuelles_rueckblicke/Bilder sommerfest_2012.jpg
2012.12.29 09:54 B C:\Users\Hennebell\Desktop\Homepage-BU-MG-Kempen\10-Aktuelles\aktuelles_rueckblicke\Bilder\sommerfest_2012_small.jpg --> billardunionmgkempen.de /10-Aktuelles/aktuelles_rueckblicke/Bilder sommerfest_2012_small.jpg
2012.12.29 09:54 B C:\Users\Hennebell\Desktop\Homepage-BU-MG-Kempen\10-Aktuelles\aktuelles_rueckblicke\Bilder\SSB-Jugend.jpg --> billardunionmgkempen.de /10-Aktuelles/aktuelles_rueckblicke/Bilder SSB-Jugend.jpg
2012.12.29 09:54 B C:\Users\Hennebell\Desktop\Homepage-BU-MG-Kempen\10-Aktuelles\aktuelles_rueckblicke\Bilder\ssb.jpg --> billardunionmgkempen.de /10-Aktuelles/aktuelles_rueckblicke/Bilder ssb.jpg
2012.12.29 09:54 B C:\Users\Hennebell\Desktop\Homepage-BU-MG-Kempen\10-Aktuelles\aktuelles_rueckblicke\Bilder\SSB_Ausschreibun_D-H2012.jpg --> billardunionmgkempen.de /10-Aktuelles/aktuelles_rueckblicke/Bilder SSB_Ausschreibun_D-H2012.jpg
2012.12.29 09:54 B C:\Users\Hennebell\Desktop\Homepage-BU-MG-Kempen\10-Aktuelles\aktuelles_rueckblicke\Bilder\SSB_Ausschreibun_D-H2012_small.jpg --> billardunionmgkempen.de /10-Aktuelles/aktuelles_rueckblicke/Bilder SSB_Ausschreibun_D-H2012_small.jpg
2012.12.29 09:54 B C:\Users\Hennebell\Desktop\Homepage-BU-MG-Kempen\10-Aktuelles\aktuelles_rueckblicke\Bilder\Stadtmeisterschaft_Damen_HerrenAusschreibung_2012.pdf --> billardunionmgkempen.de /10-Aktuelles/aktuelles_rueckblicke/Bilder Stadtmeisterschaft_Damen_HerrenAusschreibung_2012.pdf
2012.12.29 09:54 B C:\Users\Hennebell\Desktop\Homepage-BU-MG-Kempen\10-Aktuelles\aktuelles_rueckblicke\Bilder\Thumbs.db --> billardunionmgkempen.de /10-Aktuelles/aktuelles_rueckblicke/Bilder Thumbs.db
2012.12.29 09:54 B C:\Users\Hennebell\Desktop\Homepage-BU-MG-Kempen\10-Aktuelles\aktuelles_rueckblicke\Bilder\turnierserie_2011.png --> billardunionmgkempen.de /10-Aktuelles/aktuelles_rueckblicke/Bilder turnierserie_2011.png
2012.12.29 09:54 B C:\Users\Hennebell\Desktop\Homepage-BU-MG-Kempen\10-Aktuelles\aktuelles_rueckblicke\Bilder\vereinschronik.png --> billardunionmgkempen.de /10-Aktuelles/aktuelles_rueckblicke/Bilder vereinschronik.png
