2010.12.15 09:19 B G:\Homepage-BU-MG-Kempen\10-Erfolge\Bilder\00002176.gif --> billardunionmgkempen.de /10-Erfolge/Bilder 00002176.gif
2010.12.15 09:19 B G:\Homepage-BU-MG-Kempen\10-Erfolge\Bilder\01.gif --> billardunionmgkempen.de /10-Erfolge/Bilder 01.gif
2010.12.15 09:19 B G:\Homepage-BU-MG-Kempen\10-Erfolge\Bilder\02.gif --> billardunionmgkempen.de /10-Erfolge/Bilder 02.gif
2010.12.15 09:19 B G:\Homepage-BU-MG-Kempen\10-Erfolge\Bilder\baustelle.gif --> billardunionmgkempen.de /10-Erfolge/Bilder baustelle.gif
2010.12.15 09:19 B G:\Homepage-BU-MG-Kempen\10-Erfolge\Bilder\erfolge-des-vereins.png --> billardunionmgkempen.de /10-Erfolge/Bilder erfolge-des-vereins.png
2010.12.15 09:19 B G:\Homepage-BU-MG-Kempen\10-Erfolge\Bilder\hintergrund(hellblau).JPG --> billardunionmgkempen.de /10-Erfolge/Bilder hintergrund(hellblau).JPG
2010.12.15 09:19 B G:\Homepage-BU-MG-Kempen\10-Erfolge\Bilder\logo-klein.gif --> billardunionmgkempen.de /10-Erfolge/Bilder logo-klein.gif
2011.01.08 09:26 B G:\Homepage-BU-MG-Kempen\10-Aktuelles\Bilder-Erfolge\Bilder-Erfolge\00002176.gif --> billardunionmgkempen.de /10-Erfolge/Bilder-Erfolge/Bilder-Erfolge 00002176.gif
2011.01.08 09:26 B G:\Homepage-BU-MG-Kempen\10-Aktuelles\Bilder-Erfolge\Bilder-Erfolge\01.gif --> billardunionmgkempen.de /10-Erfolge/Bilder-Erfolge/Bilder-Erfolge 01.gif
2011.01.08 09:26 B G:\Homepage-BU-MG-Kempen\10-Aktuelles\Bilder-Erfolge\Bilder-Erfolge\02.gif --> billardunionmgkempen.de /10-Erfolge/Bilder-Erfolge/Bilder-Erfolge 02.gif
2011.01.08 09:26 B G:\Homepage-BU-MG-Kempen\10-Aktuelles\Bilder-Erfolge\Bilder-Erfolge\_DSC0004.jpg --> billardunionmgkempen.de /10-Erfolge/Bilder-Erfolge/Bilder-Erfolge _DSC0004.jpg
2011.01.08 09:26 B G:\Homepage-BU-MG-Kempen\10-Aktuelles\Bilder-Erfolge\Bilder-Erfolge\_DSC0006.jpg --> billardunionmgkempen.de /10-Erfolge/Bilder-Erfolge/Bilder-Erfolge _DSC0006.jpg
2011.01.08 09:26 B G:\Homepage-BU-MG-Kempen\10-Aktuelles\Bilder-Erfolge\Bilder-Erfolge\_DSC0008.jpg --> billardunionmgkempen.de /10-Erfolge/Bilder-Erfolge/Bilder-Erfolge _DSC0008.jpg
2011.01.08 09:26 B G:\Homepage-BU-MG-Kempen\10-Aktuelles\Bilder-Erfolge\Bilder-Erfolge\_DSC0010.jpg --> billardunionmgkempen.de /10-Erfolge/Bilder-Erfolge/Bilder-Erfolge _DSC0010.jpg
2011.01.08 09:26 B G:\Homepage-BU-MG-Kempen\10-Aktuelles\Bilder-Erfolge\Bilder-Erfolge\_DSC0012.jpg --> billardunionmgkempen.de /10-Erfolge/Bilder-Erfolge/Bilder-Erfolge _DSC0012.jpg
2011.01.08 09:26 B G:\Homepage-BU-MG-Kempen\10-Aktuelles\Bilder-Erfolge\Bilder-Erfolge\_DSC0014.jpg --> billardunionmgkempen.de /10-Erfolge/Bilder-Erfolge/Bilder-Erfolge _DSC0014.jpg
2011.01.08 09:26 B G:\Homepage-BU-MG-Kempen\10-Aktuelles\Bilder-Erfolge\Bilder-Erfolge\_DSC0016.jpg --> billardunionmgkempen.de /10-Erfolge/Bilder-Erfolge/Bilder-Erfolge _DSC0016.jpg
2011.01.08 09:26 B G:\Homepage-BU-MG-Kempen\10-Aktuelles\Bilder-Erfolge\Bilder-Erfolge\_DSC0020.jpg --> billardunionmgkempen.de /10-Erfolge/Bilder-Erfolge/Bilder-Erfolge _DSC0020.jpg
2011.01.08 09:26 B G:\Homepage-BU-MG-Kempen\10-Aktuelles\Bilder-Erfolge\Bilder-Erfolge\_DSC0022.jpg --> billardunionmgkempen.de /10-Erfolge/Bilder-Erfolge/Bilder-Erfolge _DSC0022.jpg
2011.01.08 09:26 B G:\Homepage-BU-MG-Kempen\10-Aktuelles\Bilder-Erfolge\Bilder-Erfolge\_DSC0024.jpg --> billardunionmgkempen.de /10-Erfolge/Bilder-Erfolge/Bilder-Erfolge _DSC0024.jpg
2011.01.08 09:26 B G:\Homepage-BU-MG-Kempen\10-Aktuelles\Bilder-Erfolge\Bilder-Erfolge\_DSC0026.jpg --> billardunionmgkempen.de /10-Erfolge/Bilder-Erfolge/Bilder-Erfolge _DSC0026.jpg
2011.01.08 09:26 B G:\Homepage-BU-MG-Kempen\10-Aktuelles\Bilder-Erfolge\Bilder-Erfolge\_DSC0027.jpg --> billardunionmgkempen.de /10-Erfolge/Bilder-Erfolge/Bilder-Erfolge _DSC0027.jpg
2011.01.08 09:26 B G:\Homepage-BU-MG-Kempen\10-Aktuelles\Bilder-Erfolge\Bilder-Erfolge\_DSC0029.jpg --> billardunionmgkempen.de /10-Erfolge/Bilder-Erfolge/Bilder-Erfolge _DSC0029.jpg
2011.01.08 09:26 B G:\Homepage-BU-MG-Kempen\10-Aktuelles\Bilder-Erfolge\Bilder-Erfolge\_DSC0030.jpg --> billardunionmgkempen.de /10-Erfolge/Bilder-Erfolge/Bilder-Erfolge _DSC0030.jpg
2011.01.08 09:26 B G:\Homepage-BU-MG-Kempen\10-Aktuelles\Bilder-Erfolge\Bilder-Erfolge\_DSC0033.jpg --> billardunionmgkempen.de /10-Erfolge/Bilder-Erfolge/Bilder-Erfolge _DSC0033.jpg
2011.01.08 09:27 B G:\Homepage-BU-MG-Kempen\10-Aktuelles\Bilder-Erfolge\Bilder-Erfolge\_DSC0034.jpg --> billardunionmgkempen.de /10-Erfolge/Bilder-Erfolge/Bilder-Erfolge _DSC0034.jpg
2011.01.08 09:27 B G:\Homepage-BU-MG-Kempen\10-Aktuelles\Bilder-Erfolge\Bilder-Erfolge\_DSC0037.jpg --> billardunionmgkempen.de /10-Erfolge/Bilder-Erfolge/Bilder-Erfolge _DSC0037.jpg
2011.01.08 09:27 B G:\Homepage-BU-MG-Kempen\10-Aktuelles\Bilder-Erfolge\Bilder-Erfolge\_DSC0038.jpg --> billardunionmgkempen.de /10-Erfolge/Bilder-Erfolge/Bilder-Erfolge _DSC0038.jpg
2011.01.08 09:27 B G:\Homepage-BU-MG-Kempen\10-Aktuelles\Bilder-Erfolge\Bilder-Erfolge\_DSC0041.jpg --> billardunionmgkempen.de /10-Erfolge/Bilder-Erfolge/Bilder-Erfolge _DSC0041.jpg
2011.01.08 09:27 B G:\Homepage-BU-MG-Kempen\10-Aktuelles\Bilder-Erfolge\Bilder-Erfolge\_DSC0042.jpg --> billardunionmgkempen.de /10-Erfolge/Bilder-Erfolge/Bilder-Erfolge _DSC0042.jpg
2011.01.08 09:27 B G:\Homepage-BU-MG-Kempen\10-Aktuelles\Bilder-Erfolge\Bilder-Erfolge\_DSC0045.jpg --> billardunionmgkempen.de /10-Erfolge/Bilder-Erfolge/Bilder-Erfolge _DSC0045.jpg
2011.01.08 09:27 B G:\Homepage-BU-MG-Kempen\10-Aktuelles\Bilder-Erfolge\Bilder-Erfolge\_DSC0046.jpg --> billardunionmgkempen.de /10-Erfolge/Bilder-Erfolge/Bilder-Erfolge _DSC0046.jpg
2011.01.08 09:27 B G:\Homepage-BU-MG-Kempen\10-Aktuelles\Bilder-Erfolge\Bilder-Erfolge\_DSC0049.jpg --> billardunionmgkempen.de /10-Erfolge/Bilder-Erfolge/Bilder-Erfolge _DSC0049.jpg
2011.01.08 09:27 B G:\Homepage-BU-MG-Kempen\10-Aktuelles\Bilder-Erfolge\Bilder-Erfolge\_DSC0050.jpg --> billardunionmgkempen.de /10-Erfolge/Bilder-Erfolge/Bilder-Erfolge _DSC0050.jpg
2011.01.08 09:27 B G:\Homepage-BU-MG-Kempen\10-Aktuelles\Bilder-Erfolge\Bilder-Erfolge\_DSC0053.jpg --> billardunionmgkempen.de /10-Erfolge/Bilder-Erfolge/Bilder-Erfolge _DSC0053.jpg
2011.01.08 09:27 B G:\Homepage-BU-MG-Kempen\10-Aktuelles\Bilder-Erfolge\Bilder-Erfolge\_DSC0054.jpg --> billardunionmgkempen.de /10-Erfolge/Bilder-Erfolge/Bilder-Erfolge _DSC0054.jpg
2011.01.08 09:27 B G:\Homepage-BU-MG-Kempen\10-Aktuelles\Bilder-Erfolge\Bilder-Erfolge\_DSC0057.jpg --> billardunionmgkempen.de /10-Erfolge/Bilder-Erfolge/Bilder-Erfolge _DSC0057.jpg
2011.01.08 09:27 B G:\Homepage-BU-MG-Kempen\10-Aktuelles\Bilder-Erfolge\Bilder-Erfolge\_DSC0058.jpg --> billardunionmgkempen.de /10-Erfolge/Bilder-Erfolge/Bilder-Erfolge _DSC0058.jpg
2011.01.08 09:27 B G:\Homepage-BU-MG-Kempen\10-Aktuelles\Bilder-Erfolge\Bilder-Erfolge\_DSC0061.jpg --> billardunionmgkempen.de /10-Erfolge/Bilder-Erfolge/Bilder-Erfolge _DSC0061.jpg
2011.01.08 09:27 B G:\Homepage-BU-MG-Kempen\10-Aktuelles\Bilder-Erfolge\Bilder-Erfolge\_DSC0062.jpg --> billardunionmgkempen.de /10-Erfolge/Bilder-Erfolge/Bilder-Erfolge _DSC0062.jpg
2011.01.08 09:27 B G:\Homepage-BU-MG-Kempen\10-Aktuelles\Bilder-Erfolge\Bilder-Erfolge\_DSC0065.jpg --> billardunionmgkempen.de /10-Erfolge/Bilder-Erfolge/Bilder-Erfolge _DSC0065.jpg
2011.01.08 09:27 B G:\Homepage-BU-MG-Kempen\10-Aktuelles\Bilder-Erfolge\Bilder-Erfolge\_DSC0066.jpg --> billardunionmgkempen.de /10-Erfolge/Bilder-Erfolge/Bilder-Erfolge _DSC0066.jpg
2011.01.08 09:27 B G:\Homepage-BU-MG-Kempen\10-Aktuelles\Bilder-Erfolge\Bilder-Erfolge\_DSC0069.jpg --> billardunionmgkempen.de /10-Erfolge/Bilder-Erfolge/Bilder-Erfolge _DSC0069.jpg
2011.01.08 09:27 B G:\Homepage-BU-MG-Kempen\10-Aktuelles\Bilder-Erfolge\Bilder-Erfolge\_DSC0070.jpg --> billardunionmgkempen.de /10-Erfolge/Bilder-Erfolge/Bilder-Erfolge _DSC0070.jpg
2011.01.08 09:27 B G:\Homepage-BU-MG-Kempen\10-Aktuelles\Bilder-Erfolge\Bilder-Erfolge\_DSC0073.jpg --> billardunionmgkempen.de /10-Erfolge/Bilder-Erfolge/Bilder-Erfolge _DSC0073.jpg
2011.01.08 09:27 B G:\Homepage-BU-MG-Kempen\10-Aktuelles\Bilder-Erfolge\Bilder-Erfolge\baustelle.gif --> billardunionmgkempen.de /10-Erfolge/Bilder-Erfolge/Bilder-Erfolge baustelle.gif
2011.01.08 09:27 B G:\Homepage-BU-MG-Kempen\10-Aktuelles\Bilder-Erfolge\Bilder-Erfolge\erfolge-des-vereins.png --> billardunionmgkempen.de /10-Erfolge/Bilder-Erfolge/Bilder-Erfolge erfolge-des-vereins.png
2011.01.08 09:27 B G:\Homepage-BU-MG-Kempen\10-Aktuelles\Bilder-Erfolge\Bilder-Erfolge\hintergrund(hellblau).JPG --> billardunionmgkempen.de /10-Erfolge/Bilder-Erfolge/Bilder-Erfolge hintergrund(hellblau).JPG
2011.01.08 09:27 B G:\Homepage-BU-MG-Kempen\10-Aktuelles\Bilder-Erfolge\Bilder-Erfolge\image001.jpg --> billardunionmgkempen.de /10-Erfolge/Bilder-Erfolge/Bilder-Erfolge image001.jpg
2011.01.08 09:27 B G:\Homepage-BU-MG-Kempen\10-Aktuelles\Bilder-Erfolge\Bilder-Erfolge\image003.jpg --> billardunionmgkempen.de /10-Erfolge/Bilder-Erfolge/Bilder-Erfolge image003.jpg
2011.01.08 09:27 B G:\Homepage-BU-MG-Kempen\10-Aktuelles\Bilder-Erfolge\Bilder-Erfolge\image005.jpg --> billardunionmgkempen.de /10-Erfolge/Bilder-Erfolge/Bilder-Erfolge image005.jpg
2011.01.08 09:27 B G:\Homepage-BU-MG-Kempen\10-Aktuelles\Bilder-Erfolge\Bilder-Erfolge\image007.jpg --> billardunionmgkempen.de /10-Erfolge/Bilder-Erfolge/Bilder-Erfolge image007.jpg
2011.01.08 09:27 B G:\Homepage-BU-MG-Kempen\10-Aktuelles\Bilder-Erfolge\Bilder-Erfolge\image009.jpg --> billardunionmgkempen.de /10-Erfolge/Bilder-Erfolge/Bilder-Erfolge image009.jpg
2011.01.08 09:28 B G:\Homepage-BU-MG-Kempen\10-Aktuelles\Bilder-Erfolge\Bilder-Erfolge\image011.jpg --> billardunionmgkempen.de /10-Erfolge/Bilder-Erfolge/Bilder-Erfolge image011.jpg
2011.01.08 09:28 B G:\Homepage-BU-MG-Kempen\10-Aktuelles\Bilder-Erfolge\Bilder-Erfolge\image013.jpg --> billardunionmgkempen.de /10-Erfolge/Bilder-Erfolge/Bilder-Erfolge image013.jpg
2011.01.08 09:28 B G:\Homepage-BU-MG-Kempen\10-Aktuelles\Bilder-Erfolge\Bilder-Erfolge\image015.jpg --> billardunionmgkempen.de /10-Erfolge/Bilder-Erfolge/Bilder-Erfolge image015.jpg
2011.01.08 09:28 B G:\Homepage-BU-MG-Kempen\10-Aktuelles\Bilder-Erfolge\Bilder-Erfolge\image017.jpg --> billardunionmgkempen.de /10-Erfolge/Bilder-Erfolge/Bilder-Erfolge image017.jpg
2011.01.08 09:28 B G:\Homepage-BU-MG-Kempen\10-Aktuelles\Bilder-Erfolge\Bilder-Erfolge\image019.jpg --> billardunionmgkempen.de /10-Erfolge/Bilder-Erfolge/Bilder-Erfolge image019.jpg
2011.01.08 09:28 B G:\Homepage-BU-MG-Kempen\10-Aktuelles\Bilder-Erfolge\Bilder-Erfolge\image021.jpg --> billardunionmgkempen.de /10-Erfolge/Bilder-Erfolge/Bilder-Erfolge image021.jpg
2011.01.08 09:28 B G:\Homepage-BU-MG-Kempen\10-Aktuelles\Bilder-Erfolge\Bilder-Erfolge\image023.jpg --> billardunionmgkempen.de /10-Erfolge/Bilder-Erfolge/Bilder-Erfolge image023.jpg
2011.01.08 09:28 B G:\Homepage-BU-MG-Kempen\10-Aktuelles\Bilder-Erfolge\Bilder-Erfolge\image025.jpg --> billardunionmgkempen.de /10-Erfolge/Bilder-Erfolge/Bilder-Erfolge image025.jpg
2011.01.08 09:28 B G:\Homepage-BU-MG-Kempen\10-Aktuelles\Bilder-Erfolge\Bilder-Erfolge\image027.jpg --> billardunionmgkempen.de /10-Erfolge/Bilder-Erfolge/Bilder-Erfolge image027.jpg
2011.01.08 09:29 B G:\Homepage-BU-MG-Kempen\10-Aktuelles\Bilder-Erfolge\Bilder-Erfolge\image029.jpg --> billardunionmgkempen.de /10-Erfolge/Bilder-Erfolge/Bilder-Erfolge image029.jpg
2011.01.08 09:29 B G:\Homepage-BU-MG-Kempen\10-Aktuelles\Bilder-Erfolge\Bilder-Erfolge\image032.gif --> billardunionmgkempen.de /10-Erfolge/Bilder-Erfolge/Bilder-Erfolge image032.gif
2011.01.08 09:29 B G:\Homepage-BU-MG-Kempen\10-Aktuelles\Bilder-Erfolge\Bilder-Erfolge\image033.jpg --> billardunionmgkempen.de /10-Erfolge/Bilder-Erfolge/Bilder-Erfolge image033.jpg
2011.01.08 09:29 B G:\Homepage-BU-MG-Kempen\10-Aktuelles\Bilder-Erfolge\Bilder-Erfolge\image035.jpg --> billardunionmgkempen.de /10-Erfolge/Bilder-Erfolge/Bilder-Erfolge image035.jpg
2011.01.08 09:29 B G:\Homepage-BU-MG-Kempen\10-Aktuelles\Bilder-Erfolge\Bilder-Erfolge\image037.jpg --> billardunionmgkempen.de /10-Erfolge/Bilder-Erfolge/Bilder-Erfolge image037.jpg
2011.01.08 09:29 B G:\Homepage-BU-MG-Kempen\10-Aktuelles\Bilder-Erfolge\Bilder-Erfolge\image039.jpg --> billardunionmgkempen.de /10-Erfolge/Bilder-Erfolge/Bilder-Erfolge image039.jpg
2011.01.08 09:29 B G:\Homepage-BU-MG-Kempen\10-Aktuelles\Bilder-Erfolge\Bilder-Erfolge\image041.jpg --> billardunionmgkempen.de /10-Erfolge/Bilder-Erfolge/Bilder-Erfolge image041.jpg
2011.01.08 09:29 B G:\Homepage-BU-MG-Kempen\10-Aktuelles\Bilder-Erfolge\Bilder-Erfolge\image043.jpg --> billardunionmgkempen.de /10-Erfolge/Bilder-Erfolge/Bilder-Erfolge image043.jpg
2011.01.08 09:29 B G:\Homepage-BU-MG-Kempen\10-Aktuelles\Bilder-Erfolge\Bilder-Erfolge\image045.jpg --> billardunionmgkempen.de /10-Erfolge/Bilder-Erfolge/Bilder-Erfolge image045.jpg
2011.01.08 09:29 B G:\Homepage-BU-MG-Kempen\10-Aktuelles\Bilder-Erfolge\Bilder-Erfolge\image047.jpg --> billardunionmgkempen.de /10-Erfolge/Bilder-Erfolge/Bilder-Erfolge image047.jpg
2011.01.08 09:29 B G:\Homepage-BU-MG-Kempen\10-Aktuelles\Bilder-Erfolge\Bilder-Erfolge\image049.jpg --> billardunionmgkempen.de /10-Erfolge/Bilder-Erfolge/Bilder-Erfolge image049.jpg
2011.01.08 09:29 B G:\Homepage-BU-MG-Kempen\10-Aktuelles\Bilder-Erfolge\Bilder-Erfolge\image051.jpg --> billardunionmgkempen.de /10-Erfolge/Bilder-Erfolge/Bilder-Erfolge image051.jpg
2011.01.08 09:29 B G:\Homepage-BU-MG-Kempen\10-Aktuelles\Bilder-Erfolge\Bilder-Erfolge\image053.jpg --> billardunionmgkempen.de /10-Erfolge/Bilder-Erfolge/Bilder-Erfolge image053.jpg
2011.01.08 09:29 B G:\Homepage-BU-MG-Kempen\10-Aktuelles\Bilder-Erfolge\Bilder-Erfolge\image055.jpg --> billardunionmgkempen.de /10-Erfolge/Bilder-Erfolge/Bilder-Erfolge image055.jpg
2011.01.08 09:29 B G:\Homepage-BU-MG-Kempen\10-Aktuelles\Bilder-Erfolge\Bilder-Erfolge\image057.jpg --> billardunionmgkempen.de /10-Erfolge/Bilder-Erfolge/Bilder-Erfolge image057.jpg
2011.01.08 09:29 B G:\Homepage-BU-MG-Kempen\10-Aktuelles\Bilder-Erfolge\Bilder-Erfolge\image059.jpg --> billardunionmgkempen.de /10-Erfolge/Bilder-Erfolge/Bilder-Erfolge image059.jpg
2011.01.08 09:29 B G:\Homepage-BU-MG-Kempen\10-Aktuelles\Bilder-Erfolge\Bilder-Erfolge\image061.jpg --> billardunionmgkempen.de /10-Erfolge/Bilder-Erfolge/Bilder-Erfolge image061.jpg
2011.01.08 09:29 B G:\Homepage-BU-MG-Kempen\10-Aktuelles\Bilder-Erfolge\Bilder-Erfolge\index-erfolge-baustelle.htm --> billardunionmgkempen.de /10-Erfolge/Bilder-Erfolge/Bilder-Erfolge index-erfolge-baustelle.htm
2011.01.08 09:29 B G:\Homepage-BU-MG-Kempen\10-Aktuelles\Bilder-Erfolge\Bilder-Erfolge\logo-klein.gif --> billardunionmgkempen.de /10-Erfolge/Bilder-Erfolge/Bilder-Erfolge logo-klein.gif
2011.01.08 09:29 B G:\Homepage-BU-MG-Kempen\10-Aktuelles\Bilder-Erfolge\Bilder-Erfolge\Thumbs.db --> billardunionmgkempen.de /10-Erfolge/Bilder-Erfolge/Bilder-Erfolge Thumbs.db
2011.01.08 09:29 B G:\Homepage-BU-MG-Kempen\10-Aktuelles\Bilder-Erfolge\Bilder-Erfolge\WS_FTP.LOG --> billardunionmgkempen.de /10-Erfolge/Bilder-Erfolge/Bilder-Erfolge WS_FTP.LOG
2011.01.08 09:37 B G:\Homepage-BU-MG-Kempen\10-Aktuelles\Bilder-Erfolge\Bilder-Erfolge\00002176.gif --> billardunionmgkempen.de /10-Aktuelles/Bilder-Erfolge/Bilder-Erfolge 00002176.gif
2011.01.08 09:37 B G:\Homepage-BU-MG-Kempen\10-Aktuelles\Bilder-Erfolge\Bilder-Erfolge\01.gif --> billardunionmgkempen.de /10-Aktuelles/Bilder-Erfolge/Bilder-Erfolge 01.gif
2011.01.08 09:37 B G:\Homepage-BU-MG-Kempen\10-Aktuelles\Bilder-Erfolge\Bilder-Erfolge\02.gif --> billardunionmgkempen.de /10-Aktuelles/Bilder-Erfolge/Bilder-Erfolge 02.gif
2011.01.08 09:37 B G:\Homepage-BU-MG-Kempen\10-Aktuelles\Bilder-Erfolge\Bilder-Erfolge\_DSC0004.jpg --> billardunionmgkempen.de /10-Aktuelles/Bilder-Erfolge/Bilder-Erfolge _DSC0004.jpg
2011.01.08 09:37 B G:\Homepage-BU-MG-Kempen\10-Aktuelles\Bilder-Erfolge\Bilder-Erfolge\_DSC0006.jpg --> billardunionmgkempen.de /10-Aktuelles/Bilder-Erfolge/Bilder-Erfolge _DSC0006.jpg
2011.01.08 09:37 B G:\Homepage-BU-MG-Kempen\10-Aktuelles\Bilder-Erfolge\Bilder-Erfolge\_DSC0008.jpg --> billardunionmgkempen.de /10-Aktuelles/Bilder-Erfolge/Bilder-Erfolge _DSC0008.jpg
2011.01.08 09:37 B G:\Homepage-BU-MG-Kempen\10-Aktuelles\Bilder-Erfolge\Bilder-Erfolge\_DSC0010.jpg --> billardunionmgkempen.de /10-Aktuelles/Bilder-Erfolge/Bilder-Erfolge _DSC0010.jpg
2011.01.08 09:37 B G:\Homepage-BU-MG-Kempen\10-Aktuelles\Bilder-Erfolge\Bilder-Erfolge\_DSC0012.jpg --> billardunionmgkempen.de /10-Aktuelles/Bilder-Erfolge/Bilder-Erfolge _DSC0012.jpg
2011.01.08 09:37 B G:\Homepage-BU-MG-Kempen\10-Aktuelles\Bilder-Erfolge\Bilder-Erfolge\_DSC0014.jpg --> billardunionmgkempen.de /10-Aktuelles/Bilder-Erfolge/Bilder-Erfolge _DSC0014.jpg
2011.01.08 09:37 B G:\Homepage-BU-MG-Kempen\10-Aktuelles\Bilder-Erfolge\Bilder-Erfolge\_DSC0016.jpg --> billardunionmgkempen.de /10-Aktuelles/Bilder-Erfolge/Bilder-Erfolge _DSC0016.jpg
2011.01.08 09:37 B G:\Homepage-BU-MG-Kempen\10-Aktuelles\Bilder-Erfolge\Bilder-Erfolge\_DSC0020.jpg --> billardunionmgkempen.de /10-Aktuelles/Bilder-Erfolge/Bilder-Erfolge _DSC0020.jpg
2011.01.08 09:37 B G:\Homepage-BU-MG-Kempen\10-Aktuelles\Bilder-Erfolge\Bilder-Erfolge\_DSC0022.jpg --> billardunionmgkempen.de /10-Aktuelles/Bilder-Erfolge/Bilder-Erfolge _DSC0022.jpg
2011.01.08 09:37 B G:\Homepage-BU-MG-Kempen\10-Aktuelles\Bilder-Erfolge\Bilder-Erfolge\_DSC0024.jpg --> billardunionmgkempen.de /10-Aktuelles/Bilder-Erfolge/Bilder-Erfolge _DSC0024.jpg
2011.01.08 09:37 B G:\Homepage-BU-MG-Kempen\10-Aktuelles\Bilder-Erfolge\Bilder-Erfolge\_DSC0026.jpg --> billardunionmgkempen.de /10-Aktuelles/Bilder-Erfolge/Bilder-Erfolge _DSC0026.jpg
2011.01.08 09:37 B G:\Homepage-BU-MG-Kempen\10-Aktuelles\Bilder-Erfolge\Bilder-Erfolge\_DSC0027.jpg --> billardunionmgkempen.de /10-Aktuelles/Bilder-Erfolge/Bilder-Erfolge _DSC0027.jpg
2011.01.08 09:37 B G:\Homepage-BU-MG-Kempen\10-Aktuelles\Bilder-Erfolge\Bilder-Erfolge\_DSC0029.jpg --> billardunionmgkempen.de /10-Aktuelles/Bilder-Erfolge/Bilder-Erfolge _DSC0029.jpg
2011.01.08 09:37 B G:\Homepage-BU-MG-Kempen\10-Aktuelles\Bilder-Erfolge\Bilder-Erfolge\_DSC0030.jpg --> billardunionmgkempen.de /10-Aktuelles/Bilder-Erfolge/Bilder-Erfolge _DSC0030.jpg
2011.01.08 09:37 B G:\Homepage-BU-MG-Kempen\10-Aktuelles\Bilder-Erfolge\Bilder-Erfolge\_DSC0033.jpg --> billardunionmgkempen.de /10-Aktuelles/Bilder-Erfolge/Bilder-Erfolge _DSC0033.jpg
2011.01.08 09:37 B G:\Homepage-BU-MG-Kempen\10-Aktuelles\Bilder-Erfolge\Bilder-Erfolge\_DSC0034.jpg --> billardunionmgkempen.de /10-Aktuelles/Bilder-Erfolge/Bilder-Erfolge _DSC0034.jpg
2011.01.08 09:37 B G:\Homepage-BU-MG-Kempen\10-Aktuelles\Bilder-Erfolge\Bilder-Erfolge\_DSC0037.jpg --> billardunionmgkempen.de /10-Aktuelles/Bilder-Erfolge/Bilder-Erfolge _DSC0037.jpg
2011.01.08 09:37 B G:\Homepage-BU-MG-Kempen\10-Aktuelles\Bilder-Erfolge\Bilder-Erfolge\_DSC0038.jpg --> billardunionmgkempen.de /10-Aktuelles/Bilder-Erfolge/Bilder-Erfolge _DSC0038.jpg
2011.01.08 09:37 B G:\Homepage-BU-MG-Kempen\10-Aktuelles\Bilder-Erfolge\Bilder-Erfolge\_DSC0041.jpg --> billardunionmgkempen.de /10-Aktuelles/Bilder-Erfolge/Bilder-Erfolge _DSC0041.jpg
2011.01.08 09:37 B G:\Homepage-BU-MG-Kempen\10-Aktuelles\Bilder-Erfolge\Bilder-Erfolge\_DSC0042.jpg --> billardunionmgkempen.de /10-Aktuelles/Bilder-Erfolge/Bilder-Erfolge _DSC0042.jpg
2011.01.08 09:37 B G:\Homepage-BU-MG-Kempen\10-Aktuelles\Bilder-Erfolge\Bilder-Erfolge\_DSC0045.jpg --> billardunionmgkempen.de /10-Aktuelles/Bilder-Erfolge/Bilder-Erfolge _DSC0045.jpg
2011.01.08 09:37 B G:\Homepage-BU-MG-Kempen\10-Aktuelles\Bilder-Erfolge\Bilder-Erfolge\_DSC0046.jpg --> billardunionmgkempen.de /10-Aktuelles/Bilder-Erfolge/Bilder-Erfolge _DSC0046.jpg
2011.01.08 09:37 B G:\Homepage-BU-MG-Kempen\10-Aktuelles\Bilder-Erfolge\Bilder-Erfolge\_DSC0049.jpg --> billardunionmgkempen.de /10-Aktuelles/Bilder-Erfolge/Bilder-Erfolge _DSC0049.jpg
2011.01.08 09:37 B G:\Homepage-BU-MG-Kempen\10-Aktuelles\Bilder-Erfolge\Bilder-Erfolge\_DSC0050.jpg --> billardunionmgkempen.de /10-Aktuelles/Bilder-Erfolge/Bilder-Erfolge _DSC0050.jpg
2011.01.08 09:37 B G:\Homepage-BU-MG-Kempen\10-Aktuelles\Bilder-Erfolge\Bilder-Erfolge\_DSC0053.jpg --> billardunionmgkempen.de /10-Aktuelles/Bilder-Erfolge/Bilder-Erfolge _DSC0053.jpg
2011.01.08 09:37 B G:\Homepage-BU-MG-Kempen\10-Aktuelles\Bilder-Erfolge\Bilder-Erfolge\_DSC0054.jpg --> billardunionmgkempen.de /10-Aktuelles/Bilder-Erfolge/Bilder-Erfolge _DSC0054.jpg
2011.01.08 09:37 B G:\Homepage-BU-MG-Kempen\10-Aktuelles\Bilder-Erfolge\Bilder-Erfolge\_DSC0057.jpg --> billardunionmgkempen.de /10-Aktuelles/Bilder-Erfolge/Bilder-Erfolge _DSC0057.jpg
2011.01.08 09:37 B G:\Homepage-BU-MG-Kempen\10-Aktuelles\Bilder-Erfolge\Bilder-Erfolge\_DSC0058.jpg --> billardunionmgkempen.de /10-Aktuelles/Bilder-Erfolge/Bilder-Erfolge _DSC0058.jpg
2011.01.08 09:37 B G:\Homepage-BU-MG-Kempen\10-Aktuelles\Bilder-Erfolge\Bilder-Erfolge\_DSC0061.jpg --> billardunionmgkempen.de /10-Aktuelles/Bilder-Erfolge/Bilder-Erfolge _DSC0061.jpg
2011.01.08 09:37 B G:\Homepage-BU-MG-Kempen\10-Aktuelles\Bilder-Erfolge\Bilder-Erfolge\_DSC0062.jpg --> billardunionmgkempen.de /10-Aktuelles/Bilder-Erfolge/Bilder-Erfolge _DSC0062.jpg
2011.01.08 09:37 B G:\Homepage-BU-MG-Kempen\10-Aktuelles\Bilder-Erfolge\Bilder-Erfolge\_DSC0065.jpg --> billardunionmgkempen.de /10-Aktuelles/Bilder-Erfolge/Bilder-Erfolge _DSC0065.jpg
2011.01.08 09:37 B G:\Homepage-BU-MG-Kempen\10-Aktuelles\Bilder-Erfolge\Bilder-Erfolge\_DSC0066.jpg --> billardunionmgkempen.de /10-Aktuelles/Bilder-Erfolge/Bilder-Erfolge _DSC0066.jpg
2011.01.08 09:37 B G:\Homepage-BU-MG-Kempen\10-Aktuelles\Bilder-Erfolge\Bilder-Erfolge\_DSC0069.jpg --> billardunionmgkempen.de /10-Aktuelles/Bilder-Erfolge/Bilder-Erfolge _DSC0069.jpg
2011.01.08 09:37 B G:\Homepage-BU-MG-Kempen\10-Aktuelles\Bilder-Erfolge\Bilder-Erfolge\_DSC0070.jpg --> billardunionmgkempen.de /10-Aktuelles/Bilder-Erfolge/Bilder-Erfolge _DSC0070.jpg
2011.01.08 09:38 B G:\Homepage-BU-MG-Kempen\10-Aktuelles\Bilder-Erfolge\Bilder-Erfolge\_DSC0073.jpg --> billardunionmgkempen.de /10-Aktuelles/Bilder-Erfolge/Bilder-Erfolge _DSC0073.jpg
2011.01.08 09:38 B G:\Homepage-BU-MG-Kempen\10-Aktuelles\Bilder-Erfolge\Bilder-Erfolge\baustelle.gif --> billardunionmgkempen.de /10-Aktuelles/Bilder-Erfolge/Bilder-Erfolge baustelle.gif
2011.01.08 09:38 B G:\Homepage-BU-MG-Kempen\10-Aktuelles\Bilder-Erfolge\Bilder-Erfolge\erfolge-des-vereins.png --> billardunionmgkempen.de /10-Aktuelles/Bilder-Erfolge/Bilder-Erfolge erfolge-des-vereins.png
2011.01.08 09:38 B G:\Homepage-BU-MG-Kempen\10-Aktuelles\Bilder-Erfolge\Bilder-Erfolge\hintergrund(hellblau).JPG --> billardunionmgkempen.de /10-Aktuelles/Bilder-Erfolge/Bilder-Erfolge hintergrund(hellblau).JPG
2011.01.08 09:38 B G:\Homepage-BU-MG-Kempen\10-Aktuelles\Bilder-Erfolge\Bilder-Erfolge\image001.jpg --> billardunionmgkempen.de /10-Aktuelles/Bilder-Erfolge/Bilder-Erfolge image001.jpg
2011.01.08 09:38 B G:\Homepage-BU-MG-Kempen\10-Aktuelles\Bilder-Erfolge\Bilder-Erfolge\image003.jpg --> billardunionmgkempen.de /10-Aktuelles/Bilder-Erfolge/Bilder-Erfolge image003.jpg
2011.01.08 09:38 B G:\Homepage-BU-MG-Kempen\10-Aktuelles\Bilder-Erfolge\Bilder-Erfolge\image005.jpg --> billardunionmgkempen.de /10-Aktuelles/Bilder-Erfolge/Bilder-Erfolge image005.jpg
2011.01.08 09:38 B G:\Homepage-BU-MG-Kempen\10-Aktuelles\Bilder-Erfolge\Bilder-Erfolge\image007.jpg --> billardunionmgkempen.de /10-Aktuelles/Bilder-Erfolge/Bilder-Erfolge image007.jpg
2011.01.08 09:38 B G:\Homepage-BU-MG-Kempen\10-Aktuelles\Bilder-Erfolge\Bilder-Erfolge\image009.jpg --> billardunionmgkempen.de /10-Aktuelles/Bilder-Erfolge/Bilder-Erfolge image009.jpg
2011.01.08 09:38 B G:\Homepage-BU-MG-Kempen\10-Aktuelles\Bilder-Erfolge\Bilder-Erfolge\image011.jpg --> billardunionmgkempen.de /10-Aktuelles/Bilder-Erfolge/Bilder-Erfolge image011.jpg
2011.01.08 09:38 B G:\Homepage-BU-MG-Kempen\10-Aktuelles\Bilder-Erfolge\Bilder-Erfolge\image013.jpg --> billardunionmgkempen.de /10-Aktuelles/Bilder-Erfolge/Bilder-Erfolge image013.jpg
2011.01.08 09:39 B G:\Homepage-BU-MG-Kempen\10-Aktuelles\Bilder-Erfolge\Bilder-Erfolge\image015.jpg --> billardunionmgkempen.de /10-Aktuelles/Bilder-Erfolge/Bilder-Erfolge image015.jpg
2011.01.08 09:39 B G:\Homepage-BU-MG-Kempen\10-Aktuelles\Bilder-Erfolge\Bilder-Erfolge\image017.jpg --> billardunionmgkempen.de /10-Aktuelles/Bilder-Erfolge/Bilder-Erfolge image017.jpg
2011.01.08 09:39 B G:\Homepage-BU-MG-Kempen\10-Aktuelles\Bilder-Erfolge\Bilder-Erfolge\image019.jpg --> billardunionmgkempen.de /10-Aktuelles/Bilder-Erfolge/Bilder-Erfolge image019.jpg
2011.01.08 09:39 B G:\Homepage-BU-MG-Kempen\10-Aktuelles\Bilder-Erfolge\Bilder-Erfolge\image021.jpg --> billardunionmgkempen.de /10-Aktuelles/Bilder-Erfolge/Bilder-Erfolge image021.jpg
2011.01.08 09:39 B G:\Homepage-BU-MG-Kempen\10-Aktuelles\Bilder-Erfolge\Bilder-Erfolge\image023.jpg --> billardunionmgkempen.de /10-Aktuelles/Bilder-Erfolge/Bilder-Erfolge image023.jpg
2011.01.08 09:39 B G:\Homepage-BU-MG-Kempen\10-Aktuelles\Bilder-Erfolge\Bilder-Erfolge\image025.jpg --> billardunionmgkempen.de /10-Aktuelles/Bilder-Erfolge/Bilder-Erfolge image025.jpg
2011.01.08 09:39 B G:\Homepage-BU-MG-Kempen\10-Aktuelles\Bilder-Erfolge\Bilder-Erfolge\image027.jpg --> billardunionmgkempen.de /10-Aktuelles/Bilder-Erfolge/Bilder-Erfolge image027.jpg
2011.01.08 09:39 B G:\Homepage-BU-MG-Kempen\10-Aktuelles\Bilder-Erfolge\Bilder-Erfolge\image029.jpg --> billardunionmgkempen.de /10-Aktuelles/Bilder-Erfolge/Bilder-Erfolge image029.jpg
2011.01.08 09:39 B G:\Homepage-BU-MG-Kempen\10-Aktuelles\Bilder-Erfolge\Bilder-Erfolge\image032.gif --> billardunionmgkempen.de /10-Aktuelles/Bilder-Erfolge/Bilder-Erfolge image032.gif
2011.01.08 09:39 B G:\Homepage-BU-MG-Kempen\10-Aktuelles\Bilder-Erfolge\Bilder-Erfolge\image033.jpg --> billardunionmgkempen.de /10-Aktuelles/Bilder-Erfolge/Bilder-Erfolge image033.jpg
2011.01.08 09:39 B G:\Homepage-BU-MG-Kempen\10-Aktuelles\Bilder-Erfolge\Bilder-Erfolge\image035.jpg --> billardunionmgkempen.de /10-Aktuelles/Bilder-Erfolge/Bilder-Erfolge image035.jpg
2011.01.08 09:39 B G:\Homepage-BU-MG-Kempen\10-Aktuelles\Bilder-Erfolge\Bilder-Erfolge\image037.jpg --> billardunionmgkempen.de /10-Aktuelles/Bilder-Erfolge/Bilder-Erfolge image037.jpg
2011.01.08 09:39 B G:\Homepage-BU-MG-Kempen\10-Aktuelles\Bilder-Erfolge\Bilder-Erfolge\image039.jpg --> billardunionmgkempen.de /10-Aktuelles/Bilder-Erfolge/Bilder-Erfolge image039.jpg
2011.01.08 09:39 B G:\Homepage-BU-MG-Kempen\10-Aktuelles\Bilder-Erfolge\Bilder-Erfolge\image041.jpg --> billardunionmgkempen.de /10-Aktuelles/Bilder-Erfolge/Bilder-Erfolge image041.jpg
2011.01.08 09:39 B G:\Homepage-BU-MG-Kempen\10-Aktuelles\Bilder-Erfolge\Bilder-Erfolge\image043.jpg --> billardunionmgkempen.de /10-Aktuelles/Bilder-Erfolge/Bilder-Erfolge image043.jpg
2011.01.08 09:39 B G:\Homepage-BU-MG-Kempen\10-Aktuelles\Bilder-Erfolge\Bilder-Erfolge\image045.jpg --> billardunionmgkempen.de /10-Aktuelles/Bilder-Erfolge/Bilder-Erfolge image045.jpg
2011.01.08 09:39 B G:\Homepage-BU-MG-Kempen\10-Aktuelles\Bilder-Erfolge\Bilder-Erfolge\image047.jpg --> billardunionmgkempen.de /10-Aktuelles/Bilder-Erfolge/Bilder-Erfolge image047.jpg
2011.01.08 09:39 B G:\Homepage-BU-MG-Kempen\10-Aktuelles\Bilder-Erfolge\Bilder-Erfolge\image049.jpg --> billardunionmgkempen.de /10-Aktuelles/Bilder-Erfolge/Bilder-Erfolge image049.jpg
2011.01.08 09:39 B G:\Homepage-BU-MG-Kempen\10-Aktuelles\Bilder-Erfolge\Bilder-Erfolge\image051.jpg --> billardunionmgkempen.de /10-Aktuelles/Bilder-Erfolge/Bilder-Erfolge image051.jpg
2011.01.08 09:39 B G:\Homepage-BU-MG-Kempen\10-Aktuelles\Bilder-Erfolge\Bilder-Erfolge\image053.jpg --> billardunionmgkempen.de /10-Aktuelles/Bilder-Erfolge/Bilder-Erfolge image053.jpg
2011.01.08 09:39 B G:\Homepage-BU-MG-Kempen\10-Aktuelles\Bilder-Erfolge\Bilder-Erfolge\image055.jpg --> billardunionmgkempen.de /10-Aktuelles/Bilder-Erfolge/Bilder-Erfolge image055.jpg
2011.01.08 09:39 B G:\Homepage-BU-MG-Kempen\10-Aktuelles\Bilder-Erfolge\Bilder-Erfolge\image057.jpg --> billardunionmgkempen.de /10-Aktuelles/Bilder-Erfolge/Bilder-Erfolge image057.jpg
2011.01.08 09:39 B G:\Homepage-BU-MG-Kempen\10-Aktuelles\Bilder-Erfolge\Bilder-Erfolge\image059.jpg --> billardunionmgkempen.de /10-Aktuelles/Bilder-Erfolge/Bilder-Erfolge image059.jpg
2011.01.08 09:39 B G:\Homepage-BU-MG-Kempen\10-Aktuelles\Bilder-Erfolge\Bilder-Erfolge\image061.jpg --> billardunionmgkempen.de /10-Aktuelles/Bilder-Erfolge/Bilder-Erfolge image061.jpg
2011.01.08 09:39 B G:\Homepage-BU-MG-Kempen\10-Aktuelles\Bilder-Erfolge\Bilder-Erfolge\index-erfolge-baustelle.htm --> billardunionmgkempen.de /10-Aktuelles/Bilder-Erfolge/Bilder-Erfolge index-erfolge-baustelle.htm
2011.01.08 09:39 B G:\Homepage-BU-MG-Kempen\10-Aktuelles\Bilder-Erfolge\Bilder-Erfolge\logo-klein.gif --> billardunionmgkempen.de /10-Aktuelles/Bilder-Erfolge/Bilder-Erfolge logo-klein.gif
2011.01.08 09:40 B G:\Homepage-BU-MG-Kempen\10-Aktuelles\Bilder-Erfolge\Bilder-Erfolge\Thumbs.db --> billardunionmgkempen.de /10-Aktuelles/Bilder-Erfolge/Bilder-Erfolge Thumbs.db
