2009.07.19 07:38 B E:\1.0Homepage-Hans\06-freizeit\dowaloads_BVNR_Liga\1-Oberliga.jpg --> ftp.hans-kirchhoff.de /06-freizeit/dowaloads_BVNR_Liga 1-Oberliga.jpg
2009.07.19 07:38 B E:\1.0Homepage-Hans\06-freizeit\dowaloads_BVNR_Liga\2-Verbandsliga.jpg --> ftp.hans-kirchhoff.de /06-freizeit/dowaloads_BVNR_Liga 2-Verbandsliga.jpg
2009.07.19 07:38 B E:\1.0Homepage-Hans\06-freizeit\dowaloads_BVNR_Liga\2009.10_kreisliga_spieltage-tabelle.pdf --> ftp.hans-kirchhoff.de /06-freizeit/dowaloads_BVNR_Liga 2009.10_kreisliga_spieltage-tabelle.pdf
2009.07.19 07:38 B E:\1.0Homepage-Hans\06-freizeit\dowaloads_BVNR_Liga\2009.10_landesliga_spieltage-tabelle.pdf --> ftp.hans-kirchhoff.de /06-freizeit/dowaloads_BVNR_Liga 2009.10_landesliga_spieltage-tabelle.pdf
2009.07.19 07:38 B E:\1.0Homepage-Hans\06-freizeit\dowaloads_BVNR_Liga\2009.10_oberliga_spieltage-tabelle.pdf --> ftp.hans-kirchhoff.de /06-freizeit/dowaloads_BVNR_Liga 2009.10_oberliga_spieltage-tabelle.pdf
2009.07.19 07:38 B E:\1.0Homepage-Hans\06-freizeit\dowaloads_BVNR_Liga\3-Landesliga.jpg --> ftp.hans-kirchhoff.de /06-freizeit/dowaloads_BVNR_Liga 3-Landesliga.jpg
2009.07.19 07:38 B E:\1.0Homepage-Hans\06-freizeit\dowaloads_BVNR_Liga\4-Bezirksliga.jpg --> ftp.hans-kirchhoff.de /06-freizeit/dowaloads_BVNR_Liga 4-Bezirksliga.jpg
2009.07.19 07:38 B E:\1.0Homepage-Hans\06-freizeit\dowaloads_BVNR_Liga\5-Kreisliga(1).jpg --> ftp.hans-kirchhoff.de /06-freizeit/dowaloads_BVNR_Liga 5-Kreisliga(1).jpg
2009.07.19 07:38 B E:\1.0Homepage-Hans\06-freizeit\dowaloads_BVNR_Liga\6-Kreisliga(2).jpg --> ftp.hans-kirchhoff.de /06-freizeit/dowaloads_BVNR_Liga 6-Kreisliga(2).jpg
2009.07.19 07:38 B E:\1.0Homepage-Hans\06-freizeit\dowaloads_BVNR_Liga\7-Kreisliga(3).jpg --> ftp.hans-kirchhoff.de /06-freizeit/dowaloads_BVNR_Liga 7-Kreisliga(3).jpg
2009.07.19 07:38 B E:\1.0Homepage-Hans\06-freizeit\dowaloads_BVNR_Liga\BVNR-sto08_09.pdf --> ftp.hans-kirchhoff.de /06-freizeit/dowaloads_BVNR_Liga BVNR-sto08_09.pdf
2009.07.19 07:38 B E:\1.0Homepage-Hans\06-freizeit\dowaloads_BVNR_Liga\Ligeneinteilung09_10.pdf --> ftp.hans-kirchhoff.de /06-freizeit/dowaloads_BVNR_Liga Ligeneinteilung09_10.pdf
2009.07.19 07:38 B E:\1.0Homepage-Hans\06-freizeit\dowaloads_BVNR_Liga\Spielbericht08_09.xls --> ftp.hans-kirchhoff.de /06-freizeit/dowaloads_BVNR_Liga Spielbericht08_09.xls
2009.07.19 08:07 B E:\1.0Homepage-Hans\06-freizeit\dowaloads_BVNR_Liga\baustelle.gif --> ftp.hans-kirchhoff.de /06-freizeit/dowaloads_BVNR_Liga baustelle.gif
2009.08.10 10:34 B E:\1.0Homepage-Hans\06-freizeit\dowaloads_BVNR_Liga\BVNR_Terminplan_09-10.pdf --> ftp.hans-kirchhoff.de /06-freizeit/dowaloads_BVNR_Liga BVNR_Terminplan_09-10.pdf
2009.08.24 13:06 B E:\1.0Homepage-Hans\06-freizeit\dowaloads_BVNR_Liga\BVNR-Mannschaftsfuehrer09_10.pdf --> ftp.hans-kirchhoff.de /06-freizeit/dowaloads_BVNR_Liga BVNR-Mannschaftsfuehrer09_10.pdf
2009.08.24 13:06 B E:\1.0Homepage-Hans\06-freizeit\dowaloads_BVNR_Liga\BVNR-Anschrift09_10.xls --> ftp.hans-kirchhoff.de /06-freizeit/dowaloads_BVNR_Liga BVNR-Anschrift09_10.xls
2009.08.27 18:25 B E:\1.0Homepage-Hans\06-freizeit\dowaloads_BVNR_Liga\BVNR-Spielbericht09_10.xls --> ftp.hans-kirchhoff.de /06-freizeit/dowaloads_BVNR_Liga BVNR-Spielbericht09_10.xls
2009.08.29 13:19 B E:\1.0Homepage-Hans\06-freizeit\dowaloads_BVNR_Liga\Spielbericht09_10.xls --> ftp.hans-kirchhoff.de /06-freizeit/dowaloads_BVNR_Liga Spielbericht09_10.xls
2009.08.30 15:30 B E:\1.0Homepage-Hans\06-freizeit\dowaloads_BVNR_Liga\BVNR_Terminplan_09-10.pdf --> ftp.hans-kirchhoff.de /06-freizeit BVNR_Terminplan_09-10.pdf
2009.08.30 15:30 B E:\1.0Homepage-Hans\06-freizeit\dowaloads_BVNR_Liga\Ligeneinteilung09_10.pdf --> ftp.hans-kirchhoff.de /06-freizeit Ligeneinteilung09_10.pdf
2009.08.30 15:31 B E:\1.0Homepage-Hans\06-freizeit\dowaloads_BVNR_Liga\Spielbericht_BVNR_2009-2010_Oberliga.xls --> ftp.hans-kirchhoff.de /06-freizeit/dowaloads_BVNR_Liga Spielbericht_BVNR_2009-2010_Oberliga.xls
2009.08.30 15:31 B E:\1.0Homepage-Hans\06-freizeit\dowaloads_BVNR_Liga\STO_BVNR_BKD_09_10.pdf --> ftp.hans-kirchhoff.de /06-freizeit/dowaloads_BVNR_Liga STO_BVNR_BKD_09_10.pdf
2009.08.30 15:31 B E:\1.0Homepage-Hans\06-freizeit\dowaloads_BVNR_Liga\Ligeneinteilung09_10.pdf --> ftp.hans-kirchhoff.de /06-freizeit/dowaloads_BVNR_Liga Ligeneinteilung09_10.pdf
2009.08.30 15:31 B E:\1.0Homepage-Hans\06-freizeit\dowaloads_BVNR_Liga\Spielbericht09_10.xls --> ftp.hans-kirchhoff.de /06-freizeit/dowaloads_BVNR_Liga Spielbericht09_10.xls
2009.09.01 18:49 B E:\1.0Homepage-Hans\06-freizeit\dowaloads_BVNR_Liga\BVNR_Mannschaftsfuehrer09_10.pdf --> ftp.hans-kirchhoff.de /06-freizeit/dowaloads_BVNR_Liga BVNR_Mannschaftsfuehrer09_10.pdf
2009.09.04 13:36 B E:\1.0Homepage-Hans\06-freizeit\dowaloads_BVNR_Liga\Mannschaftsfuehrer09_10.pdf --> ftp.hans-kirchhoff.de /06-freizeit/dowaloads_BVNR_Liga Mannschaftsfuehrer09_10.pdf
2009.09.04 13:45 B E:\1.0Homepage-Hans\06-freizeit\dowaloads_BVNR_Liga\BVNR_Mannschaftsfuehrer09_10.pdf --> ftp.hans-kirchhoff.de /06-freizeit/dowaloads_BVNR_Liga BVNR_Mannschaftsfuehrer09_10.pdf
2009.10.09 06:34 B E:\1.0Homepage-Hans\06-freizeit\dowaloads_BVNR_Liga\BVNRMannschaftsfuerer09_10.pdf --> ftp.hans-kirchhoff.de /06-freizeit/dowaloads_BVNR_Liga BVNRMannschaftsfuerer09_10.pdf
2009.11.27 15:15 B E:\1.0Homepage-Hans\06-freizeit\dowaloads_BVNR_Liga\M_fuehrer09_10.pdf --> ftp.hans-kirchhoff.de /06-freizeit/dowaloads_BVNR_Liga M_fuehrer09_10.pdf
2009.12.01 05:20 B E:\1.0Homepage-Hans\06-freizeit\dowaloads_BVNR_Liga\M_fuehrer09_10.pdf --> ftp.hans-kirchhoff.de /06-freizeit/dowaloads_BVNR_Liga M_fuehrer09_10.pdf
2010.12.02 20:23 B G:\Homepage-BU-MG-Kempen\03-Ligabetrieb\dowaloads_BVNR_Liga\baustelle.gif --> billardunionmgkempen.de /03-Ligabetrieb/dowaloads_BVNR_Liga baustelle.gif
2010.12.02 20:23 B G:\Homepage-BU-MG-Kempen\03-Ligabetrieb\dowaloads_BVNR_Liga\bauarbeiter.gif --> billardunionmgkempen.de /03-Ligabetrieb/dowaloads_BVNR_Liga bauarbeiter.gif
2010.12.02 20:23 B G:\Homepage-BU-MG-Kempen\03-Ligabetrieb\dowaloads_BVNR_Liga\BVNR-Anschrift09_10.xls --> billardunionmgkempen.de /03-Ligabetrieb/dowaloads_BVNR_Liga BVNR-Anschrift09_10.xls
2010.12.02 20:23 B G:\Homepage-BU-MG-Kempen\03-Ligabetrieb\dowaloads_BVNR_Liga\Spielbericht09_10.xls --> billardunionmgkempen.de /03-Ligabetrieb/dowaloads_BVNR_Liga Spielbericht09_10.xls
2010.12.02 20:23 B G:\Homepage-BU-MG-Kempen\03-Ligabetrieb\dowaloads_BVNR_Liga\Spielbericht_BVNR_2009-2010_Oberliga.xls --> billardunionmgkempen.de /03-Ligabetrieb/dowaloads_BVNR_Liga Spielbericht_BVNR_2009-2010_Oberliga.xls
2010.12.02 20:23 B G:\Homepage-BU-MG-Kempen\03-Ligabetrieb\dowaloads_BVNR_Liga\STO_BVNR_BKD_09_10.pdf --> billardunionmgkempen.de /03-Ligabetrieb/dowaloads_BVNR_Liga STO_BVNR_BKD_09_10.pdf
