2009.07.19 07:38 B E:\1.0Homepage-Hans\06-freizeit\dowaloads_DBU_allgemeine-richtlinien\DBU_2.10.1strukturplan.pdf --> ftp.hans-kirchhoff.de /06-freizeit/dowaloads_DBU_allgemeine-richtlinien DBU_2.10.1strukturplan.pdf
2009.07.19 07:38 B E:\1.0Homepage-Hans\06-freizeit\dowaloads_DBU_allgemeine-richtlinien\DBU_2.1satzung.pdf --> ftp.hans-kirchhoff.de /06-freizeit/dowaloads_DBU_allgemeine-richtlinien DBU_2.1satzung.pdf
2009.07.19 07:38 B E:\1.0Homepage-Hans\06-freizeit\dowaloads_DBU_allgemeine-richtlinien\DBU_2.2geschaeftsordnung.pdf --> ftp.hans-kirchhoff.de /06-freizeit/dowaloads_DBU_allgemeine-richtlinien DBU_2.2geschaeftsordnung.pdf
2009.07.19 07:38 B E:\1.0Homepage-Hans\06-freizeit\dowaloads_DBU_allgemeine-richtlinien\DBU_2.3finanzordnung.pdf --> ftp.hans-kirchhoff.de /06-freizeit/dowaloads_DBU_allgemeine-richtlinien DBU_2.3finanzordnung.pdf
2009.07.19 07:38 B E:\1.0Homepage-Hans\06-freizeit\dowaloads_DBU_allgemeine-richtlinien\DBU_2.4rechtsundstrafordnung.pdf --> ftp.hans-kirchhoff.de /06-freizeit/dowaloads_DBU_allgemeine-richtlinien DBU_2.4rechtsundstrafordnung.pdf
2009.07.19 07:38 B E:\1.0Homepage-Hans\06-freizeit\dowaloads_DBU_allgemeine-richtlinien\DBU_2.5ehrungsordnung.pdf --> ftp.hans-kirchhoff.de /06-freizeit/dowaloads_DBU_allgemeine-richtlinien DBU_2.5ehrungsordnung.pdf
2009.07.19 07:38 B E:\1.0Homepage-Hans\06-freizeit\dowaloads_DBU_allgemeine-richtlinien\DBU_2.6jugendordnung.pdf --> ftp.hans-kirchhoff.de /06-freizeit/dowaloads_DBU_allgemeine-richtlinien DBU_2.6jugendordnung.pdf
2009.07.19 07:38 B E:\1.0Homepage-Hans\06-freizeit\dowaloads_DBU_allgemeine-richtlinien\DBU_2.7.5schiedsrichterordnung.pdf --> ftp.hans-kirchhoff.de /06-freizeit/dowaloads_DBU_allgemeine-richtlinien DBU_2.7.5schiedsrichterordnung.pdf
2009.07.19 07:38 B E:\1.0Homepage-Hans\06-freizeit\dowaloads_DBU_allgemeine-richtlinien\DBU_2.8.1materialnormenkarambol.pdf --> ftp.hans-kirchhoff.de /06-freizeit/dowaloads_DBU_allgemeine-richtlinien DBU_2.8.1materialnormenkarambol.pdf
2009.07.19 07:38 B E:\1.0Homepage-Hans\06-freizeit\dowaloads_DBU_allgemeine-richtlinien\DBU_2.8.2materialnormenbillardkegeln.pdf --> ftp.hans-kirchhoff.de /06-freizeit/dowaloads_DBU_allgemeine-richtlinien DBU_2.8.2materialnormenbillardkegeln.pdf
2009.07.19 07:38 B E:\1.0Homepage-Hans\06-freizeit\dowaloads_DBU_allgemeine-richtlinien\DBU_2.8.3materialnormenpool.pdf --> ftp.hans-kirchhoff.de /06-freizeit/dowaloads_DBU_allgemeine-richtlinien DBU_2.8.3materialnormenpool.pdf
2009.07.19 07:38 B E:\1.0Homepage-Hans\06-freizeit\dowaloads_DBU_allgemeine-richtlinien\DBU_2.8.4materialnormensnooker.pdf --> ftp.hans-kirchhoff.de /06-freizeit/dowaloads_DBU_allgemeine-richtlinien DBU_2.8.4materialnormensnooker.pdf
2009.07.19 07:38 B E:\1.0Homepage-Hans\06-freizeit\dowaloads_DBU_allgemeine-richtlinien\DBU_2.9.1antidopingordnung.pdf --> ftp.hans-kirchhoff.de /06-freizeit/dowaloads_DBU_allgemeine-richtlinien DBU_2.9.1antidopingordnung.pdf
2009.07.19 07:38 B E:\1.0Homepage-Hans\06-freizeit\dowaloads_DBU_allgemeine-richtlinien\DBU_2.9.2werberichtlinien.pdf --> ftp.hans-kirchhoff.de /06-freizeit/dowaloads_DBU_allgemeine-richtlinien DBU_2.9.2werberichtlinien.pdf
2009.07.19 07:38 B E:\1.0Homepage-Hans\06-freizeit\dowaloads_DBU_allgemeine-richtlinien\DBU_2.9.3rahmen_ausbildungsrichtlinie.pdf --> ftp.hans-kirchhoff.de /06-freizeit/dowaloads_DBU_allgemeine-richtlinien DBU_2.9.3rahmen_ausbildungsrichtlinie.pdf
2009.07.19 07:38 B E:\1.0Homepage-Hans\06-freizeit\dowaloads_DBU_allgemeine-richtlinien\DBU_2.9.4spezielleausbildungsrichtlinien.pdf --> ftp.hans-kirchhoff.de /06-freizeit/dowaloads_DBU_allgemeine-richtlinien DBU_2.9.4spezielleausbildungsrichtlinien.pdf
2009.07.19 07:39 B E:\1.0Homepage-Hans\06-freizeit\dowaloads_DBU_allgemeine-richtlinien\DBU_athletenerklaerungdbu.pdf --> ftp.hans-kirchhoff.de /06-freizeit/dowaloads_DBU_allgemeine-richtlinien DBU_athletenerklaerungdbu.pdf
2009.07.19 07:39 B E:\1.0Homepage-Hans\06-freizeit\dowaloads_DBU_allgemeine-richtlinien\Materialnormen_Pool.pdf --> ftp.hans-kirchhoff.de /06-freizeit/dowaloads_DBU_allgemeine-richtlinien Materialnormen_Pool.pdf
2009.07.19 07:39 B E:\1.0Homepage-Hans\06-freizeit\dowaloads_DBU_allgemeine-richtlinien\Werbung.pdf --> ftp.hans-kirchhoff.de /06-freizeit/dowaloads_DBU_allgemeine-richtlinien Werbung.pdf
2009.07.19 08:07 B E:\1.0Homepage-Hans\06-freizeit\dowaloads_DBU_allgemeine-richtlinien\baustelle.gif --> ftp.hans-kirchhoff.de /06-freizeit/dowaloads_DBU_allgemeine-richtlinien baustelle.gif
2010.12.02 20:23 B G:\Homepage-BU-MG-Kempen\03-Ligabetrieb\dowaloads_DBU_allgemeine-richtlinien\baustelle.gif --> billardunionmgkempen.de /03-Ligabetrieb/dowaloads_DBU_allgemeine-richtlinien baustelle.gif
2010.12.02 20:23 B G:\Homepage-BU-MG-Kempen\03-Ligabetrieb\dowaloads_DBU_allgemeine-richtlinien\Werbung.pdf --> billardunionmgkempen.de /03-Ligabetrieb/dowaloads_DBU_allgemeine-richtlinien Werbung.pdf
2010.12.02 20:23 B G:\Homepage-BU-MG-Kempen\03-Ligabetrieb\dowaloads_DBU_allgemeine-richtlinien\Materialnormen_Pool.pdf --> billardunionmgkempen.de /03-Ligabetrieb/dowaloads_DBU_allgemeine-richtlinien Materialnormen_Pool.pdf
2010.12.02 20:23 B G:\Homepage-BU-MG-Kempen\03-Ligabetrieb\dowaloads_DBU_allgemeine-richtlinien\DBU_2.1satzung.pdf --> billardunionmgkempen.de /03-Ligabetrieb/dowaloads_DBU_allgemeine-richtlinien DBU_2.1satzung.pdf
2010.12.02 20:23 B G:\Homepage-BU-MG-Kempen\03-Ligabetrieb\dowaloads_DBU_allgemeine-richtlinien\DBU_2.2geschaeftsordnung.pdf --> billardunionmgkempen.de /03-Ligabetrieb/dowaloads_DBU_allgemeine-richtlinien DBU_2.2geschaeftsordnung.pdf
2010.12.02 20:23 B G:\Homepage-BU-MG-Kempen\03-Ligabetrieb\dowaloads_DBU_allgemeine-richtlinien\DBU_2.3finanzordnung.pdf --> billardunionmgkempen.de /03-Ligabetrieb/dowaloads_DBU_allgemeine-richtlinien DBU_2.3finanzordnung.pdf
2010.12.02 20:23 B G:\Homepage-BU-MG-Kempen\03-Ligabetrieb\dowaloads_DBU_allgemeine-richtlinien\DBU_2.4rechtsundstrafordnung.pdf --> billardunionmgkempen.de /03-Ligabetrieb/dowaloads_DBU_allgemeine-richtlinien DBU_2.4rechtsundstrafordnung.pdf
2010.12.02 20:23 B G:\Homepage-BU-MG-Kempen\03-Ligabetrieb\dowaloads_DBU_allgemeine-richtlinien\DBU_2.10.1strukturplan.pdf --> billardunionmgkempen.de /03-Ligabetrieb/dowaloads_DBU_allgemeine-richtlinien DBU_2.10.1strukturplan.pdf
2010.12.02 20:23 B G:\Homepage-BU-MG-Kempen\03-Ligabetrieb\dowaloads_DBU_allgemeine-richtlinien\DBU_2.5ehrungsordnung.pdf --> billardunionmgkempen.de /03-Ligabetrieb/dowaloads_DBU_allgemeine-richtlinien DBU_2.5ehrungsordnung.pdf
2010.12.02 20:23 B G:\Homepage-BU-MG-Kempen\03-Ligabetrieb\dowaloads_DBU_allgemeine-richtlinien\DBU_2.9.2werberichtlinien.pdf --> billardunionmgkempen.de /03-Ligabetrieb/dowaloads_DBU_allgemeine-richtlinien DBU_2.9.2werberichtlinien.pdf
2010.12.02 20:23 B G:\Homepage-BU-MG-Kempen\03-Ligabetrieb\dowaloads_DBU_allgemeine-richtlinien\DBU_2.6jugendordnung.pdf --> billardunionmgkempen.de /03-Ligabetrieb/dowaloads_DBU_allgemeine-richtlinien DBU_2.6jugendordnung.pdf
2010.12.02 20:23 B G:\Homepage-BU-MG-Kempen\03-Ligabetrieb\dowaloads_DBU_allgemeine-richtlinien\DBU_2.7.5schiedsrichterordnung.pdf --> billardunionmgkempen.de /03-Ligabetrieb/dowaloads_DBU_allgemeine-richtlinien DBU_2.7.5schiedsrichterordnung.pdf
2010.12.02 20:23 B G:\Homepage-BU-MG-Kempen\03-Ligabetrieb\dowaloads_DBU_allgemeine-richtlinien\DBU_2.8.1materialnormenkarambol.pdf --> billardunionmgkempen.de /03-Ligabetrieb/dowaloads_DBU_allgemeine-richtlinien DBU_2.8.1materialnormenkarambol.pdf
2010.12.02 20:23 B G:\Homepage-BU-MG-Kempen\03-Ligabetrieb\dowaloads_DBU_allgemeine-richtlinien\DBU_2.8.2materialnormenbillardkegeln.pdf --> billardunionmgkempen.de /03-Ligabetrieb/dowaloads_DBU_allgemeine-richtlinien DBU_2.8.2materialnormenbillardkegeln.pdf
2010.12.02 20:23 B G:\Homepage-BU-MG-Kempen\03-Ligabetrieb\dowaloads_DBU_allgemeine-richtlinien\DBU_2.8.3materialnormenpool.pdf --> billardunionmgkempen.de /03-Ligabetrieb/dowaloads_DBU_allgemeine-richtlinien DBU_2.8.3materialnormenpool.pdf
2010.12.02 20:23 B G:\Homepage-BU-MG-Kempen\03-Ligabetrieb\dowaloads_DBU_allgemeine-richtlinien\DBU_2.8.4materialnormensnooker.pdf --> billardunionmgkempen.de /03-Ligabetrieb/dowaloads_DBU_allgemeine-richtlinien DBU_2.8.4materialnormensnooker.pdf
2010.12.02 20:23 B G:\Homepage-BU-MG-Kempen\03-Ligabetrieb\dowaloads_DBU_allgemeine-richtlinien\DBU_2.9.1antidopingordnung.pdf --> billardunionmgkempen.de /03-Ligabetrieb/dowaloads_DBU_allgemeine-richtlinien DBU_2.9.1antidopingordnung.pdf
2010.12.02 20:23 B G:\Homepage-BU-MG-Kempen\03-Ligabetrieb\dowaloads_DBU_allgemeine-richtlinien\DBU_2.9.3rahmen_ausbildungsrichtlinie.pdf --> billardunionmgkempen.de /03-Ligabetrieb/dowaloads_DBU_allgemeine-richtlinien DBU_2.9.3rahmen_ausbildungsrichtlinie.pdf
2010.12.02 20:23 B G:\Homepage-BU-MG-Kempen\03-Ligabetrieb\dowaloads_DBU_allgemeine-richtlinien\DBU_2.9.4spezielleausbildungsrichtlinien.pdf --> billardunionmgkempen.de /03-Ligabetrieb/dowaloads_DBU_allgemeine-richtlinien DBU_2.9.4spezielleausbildungsrichtlinien.pdf
