2009.06.26 09:33 B E:\1.0Homepage-Hans\06-freizeit\downloads\1.Satzung PBC-Neuwerk 70 e.V..pdf --> ftp.hans-kirchhoff.de /06-freizeit/downloads 1.Satzung PBC-Neuwerk 70 e.V..pdf
2009.06.26 09:33 B E:\1.0Homepage-Hans\06-freizeit\downloads\10_Balll-Regel.pdf --> ftp.hans-kirchhoff.de /06-freizeit/downloads 10_Balll-Regel.pdf
2009.06.26 09:33 B E:\1.0Homepage-Hans\06-freizeit\downloads\10ball_German.pdf --> ftp.hans-kirchhoff.de /06-freizeit/downloads 10ball_German.pdf
2009.06.26 09:33 B E:\1.0Homepage-Hans\06-freizeit\downloads\14-1-Regel.pdf --> ftp.hans-kirchhoff.de /06-freizeit/downloads 14-1-Regel.pdf
2009.06.26 09:33 B E:\1.0Homepage-Hans\06-freizeit\downloads\14.1.xls --> ftp.hans-kirchhoff.de /06-freizeit/downloads 14.1.xls
2009.06.26 09:33 B E:\1.0Homepage-Hans\06-freizeit\downloads\32er_16er_8er_Feld.xls --> ftp.hans-kirchhoff.de /06-freizeit/downloads 32er_16er_8er_Feld.xls
2009.06.26 09:33 B E:\1.0Homepage-Hans\06-freizeit\downloads\8_Ball-Regel.pdf --> ftp.hans-kirchhoff.de /06-freizeit/downloads 8_Ball-Regel.pdf
2009.06.26 09:33 B E:\1.0Homepage-Hans\06-freizeit\downloads\8und9 Ball-Blaetter.xls --> ftp.hans-kirchhoff.de /06-freizeit/downloads 8und9 Ball-Blaetter.xls
2009.06.26 09:33 B E:\1.0Homepage-Hans\06-freizeit\downloads\9_Ball-Regel.pdf --> ftp.hans-kirchhoff.de /06-freizeit/downloads 9_Ball-Regel.pdf
2009.06.26 09:33 B E:\1.0Homepage-Hans\06-freizeit\downloads\Ablauf der Dopingkontrolle.pdf --> ftp.hans-kirchhoff.de /06-freizeit/downloads Ablauf der Dopingkontrolle.pdf
2009.06.26 09:34 B E:\1.0Homepage-Hans\06-freizeit\downloads\Antidoping-Regelwerk-WADA-Code_deutsch.pdf --> ftp.hans-kirchhoff.de /06-freizeit/downloads Antidoping-Regelwerk-WADA-Code_deutsch.pdf
2009.06.26 09:34 B E:\1.0Homepage-Hans\06-freizeit\downloads\Aufnahmeantrag.pdf --> ftp.hans-kirchhoff.de /06-freizeit/downloads Aufnahmeantrag.pdf
2009.06.26 09:34 B E:\1.0Homepage-Hans\06-freizeit\downloads\Beispielliste zul. Medikamente.pdf --> ftp.hans-kirchhoff.de /06-freizeit/downloads Beispielliste zul. Medikamente.pdf
2009.06.26 09:34 B E:\1.0Homepage-Hans\06-freizeit\downloads\DBU-Sportlererklaerung.pdf --> ftp.hans-kirchhoff.de /06-freizeit/downloads DBU-Sportlererklaerung.pdf
2009.06.26 09:34 B E:\1.0Homepage-Hans\06-freizeit\downloads\Dopingkontrollsystem.pdf --> ftp.hans-kirchhoff.de /06-freizeit/downloads Dopingkontrollsystem.pdf
2009.06.26 09:34 B E:\1.0Homepage-Hans\06-freizeit\downloads\Einsatz von Beta -2-A.pdf --> ftp.hans-kirchhoff.de /06-freizeit/downloads Einsatz von Beta -2-A.pdf
2009.06.26 09:34 B E:\1.0Homepage-Hans\06-freizeit\downloads\Gesamt_Regelwerk.pdf --> ftp.hans-kirchhoff.de /06-freizeit/downloads Gesamt_Regelwerk.pdf
2009.06.26 09:34 B E:\1.0Homepage-Hans\06-freizeit\downloads\Info zu Nahrungsergaenzungsmittel.pdf --> ftp.hans-kirchhoff.de /06-freizeit/downloads Info zu Nahrungsergaenzungsmittel.pdf
2009.06.26 09:34 B E:\1.0Homepage-Hans\06-freizeit\downloads\Materialnormen_Pool.pdf --> ftp.hans-kirchhoff.de /06-freizeit/downloads Materialnormen_Pool.pdf
2009.06.26 09:34 B E:\1.0Homepage-Hans\06-freizeit\downloads\Meldeliste_Saison_2009-10.pdf --> ftp.hans-kirchhoff.de /06-freizeit/downloads Meldeliste_Saison_2009-10.pdf
2009.06.26 09:34 B E:\1.0Homepage-Hans\06-freizeit\downloads\PBVN_STO_2006-2007.pdf --> ftp.hans-kirchhoff.de /06-freizeit/downloads PBVN_STO_2006-2007.pdf
2009.06.26 09:35 B E:\1.0Homepage-Hans\06-freizeit\downloads\Rahmenrichtlinien_zur_Bekaempfung_des_ Dopings.pdf --> ftp.hans-kirchhoff.de /06-freizeit/downloads Rahmenrichtlinien_zur_Bekaempfung_des_ Dopings.pdf
2009.06.26 09:35 B E:\1.0Homepage-Hans\06-freizeit\downloads\Regel_Pool-Turnier_26.09.2008.pdf --> ftp.hans-kirchhoff.de /06-freizeit/downloads Regel_Pool-Turnier_26.09.2008.pdf
2009.06.26 09:35 B E:\1.0Homepage-Hans\06-freizeit\downloads\Regularien_Pool_01.07.2008.pdf --> ftp.hans-kirchhoff.de /06-freizeit/downloads Regularien_Pool_01.07.2008.pdf
2009.06.26 09:35 B E:\1.0Homepage-Hans\06-freizeit\downloads\Spielbericht D,S,J Mannschaft.xls --> ftp.hans-kirchhoff.de /06-freizeit/downloads Spielbericht D,S,J Mannschaft.xls
2009.06.26 09:35 B E:\1.0Homepage-Hans\06-freizeit\downloads\Spielbericht08_09.xls --> ftp.hans-kirchhoff.de /06-freizeit/downloads Spielbericht08_09.xls
2009.06.26 09:35 B E:\1.0Homepage-Hans\06-freizeit\downloads\Sportordnung_Pool.pdf --> ftp.hans-kirchhoff.de /06-freizeit/downloads Sportordnung_Pool.pdf
2009.06.26 09:35 B E:\1.0Homepage-Hans\06-freizeit\downloads\STO-pool-allgem.teil.pdf --> ftp.hans-kirchhoff.de /06-freizeit/downloads STO-pool-allgem.teil.pdf
2009.06.26 09:35 B E:\1.0Homepage-Hans\06-freizeit\downloads\Thumbs.db --> ftp.hans-kirchhoff.de /06-freizeit/downloads Thumbs.db
2009.06.26 09:35 B E:\1.0Homepage-Hans\06-freizeit\downloads\Verbotsliste 2005 - 3.5.05.pdf --> ftp.hans-kirchhoff.de /06-freizeit/downloads Verbotsliste 2005 - 3.5.05.pdf
2009.06.26 09:36 B E:\1.0Homepage-Hans\06-freizeit\downloads\Verfahren der Probenahme.pdf --> ftp.hans-kirchhoff.de /06-freizeit/downloads Verfahren der Probenahme.pdf
2009.06.26 09:36 B E:\1.0Homepage-Hans\06-freizeit\downloads\Werbung.pdf --> ftp.hans-kirchhoff.de /06-freizeit/downloads Werbung.pdf
2009.06.26 09:36 B E:\1.0Homepage-Hans\06-freizeit\downloads\WS_FTP.LOG --> ftp.hans-kirchhoff.de /06-freizeit/downloads WS_FTP.LOG
2009.06.27 07:25 B E:\1.0Homepage-Hans\06-freizeit\downloads\Meldeliste_Saison_2009-10.pdf --> ftp.hans-kirchhoff.de /06-freizeit/downloads Meldeliste_Saison_2009-10.pdf
2009.07.07 18:05 B E:\1.0Homepage-Hans\06-freizeit\downloads\Ligeneinteilung09_10.pdf --> ftp.hans-kirchhoff.de /06-freizeit/downloads Ligeneinteilung09_10.pdf
2009.07.08 10:27 B E:\1.0Homepage-Hans\06-freizeit\downloads\BVNR-sto08_09.pdf --> ftp.hans-kirchhoff.de /06-freizeit/downloads BVNR-sto08_09.pdf
2009.07.08 10:27 B E:\1.0Homepage-Hans\06-freizeit\downloads\PBVN-Sportprogramm_Mannschaften_2008-2009.pdf --> ftp.hans-kirchhoff.de /06-freizeit/downloads PBVN-Sportprogramm_Mannschaften_2008-2009.pdf
2009.07.08 10:27 B E:\1.0Homepage-Hans\06-freizeit\downloads\PBVN_Einzel-Sportprogramm_2008-2009.pdf --> ftp.hans-kirchhoff.de /06-freizeit/downloads PBVN_Einzel-Sportprogramm_2008-2009.pdf
2009.07.08 17:30 B E:\1.0Homepage-Hans\06-freizeit\downloads\1-Oberliga.jpg --> ftp.hans-kirchhoff.de /06-freizeit/downloads 1-Oberliga.jpg
2009.07.08 17:30 B E:\1.0Homepage-Hans\06-freizeit\downloads\2-Verbandsliga.jpg --> ftp.hans-kirchhoff.de /06-freizeit/downloads 2-Verbandsliga.jpg
2009.07.08 17:30 B E:\1.0Homepage-Hans\06-freizeit\downloads\3-Landesliga.jpg --> ftp.hans-kirchhoff.de /06-freizeit/downloads 3-Landesliga.jpg
2009.07.08 17:30 B E:\1.0Homepage-Hans\06-freizeit\downloads\4-Bezirksliga.jpg --> ftp.hans-kirchhoff.de /06-freizeit/downloads 4-Bezirksliga.jpg
2009.07.08 17:30 B E:\1.0Homepage-Hans\06-freizeit\downloads\5-Kreisliga(1).jpg --> ftp.hans-kirchhoff.de /06-freizeit/downloads 5-Kreisliga(1).jpg
2009.07.08 17:30 B E:\1.0Homepage-Hans\06-freizeit\downloads\6-Kreisliga(2).jpg --> ftp.hans-kirchhoff.de /06-freizeit/downloads 6-Kreisliga(2).jpg
2009.07.08 17:30 B E:\1.0Homepage-Hans\06-freizeit\downloads\7-Kreisliga(3).jpg --> ftp.hans-kirchhoff.de /06-freizeit/downloads 7-Kreisliga(3).jpg
2009.07.12 16:42 B E:\1.0Homepage-Hans\06-freizeit\downloads\14-1Spielzettel.doc --> ftp.hans-kirchhoff.de /06-freizeit/downloads 14-1Spielzettel.doc
2009.07.12 16:42 B E:\1.0Homepage-Hans\06-freizeit\downloads\32er_16er_8er_Feld.xls --> ftp.hans-kirchhoff.de /06-freizeit/downloads 32er_16er_8er_Feld.xls
2009.07.12 16:42 B E:\1.0Homepage-Hans\06-freizeit\downloads\8 & 9 Ball-Blaetter.xls --> ftp.hans-kirchhoff.de /06-freizeit/downloads 8 & 9 Ball-Blaetter.xls
2009.07.12 17:26 B E:\1.0Homepage-Hans\06-freizeit\downloads\Ligeneinteilung09_10.pdf --> ftp.hans-kirchhoff.de /06-freizeit/downloads Ligeneinteilung09_10.pdf
2009.07.13 17:17 B E:\1.0Homepage-Hans\06-freizeit\downloads\kreisliga.xls --> ftp.hans-kirchhoff.de /06-freizeit/downloads kreisliga.xls
2009.07.14 05:33 B E:\1.0Homepage-Hans\06-freizeit\downloads\2009-10_kreisliga-Spieltage-tabelle.pdf --> ftp.hans-kirchhoff.de /06-freizeit/downloads 2009-10_kreisliga-Spieltage-tabelle.pdf
2009.07.14 06:07 B E:\1.0Homepage-Hans\06-freizeit\downloads\2009.10_kreisliga_spieltage-tabelle.pdf --> ftp.hans-kirchhoff.de /06-freizeit/downloads 2009.10_kreisliga_spieltage-tabelle.pdf
2009.07.14 06:07 B E:\1.0Homepage-Hans\06-freizeit\downloads\2009.10_landesliga_spieltage-tabelle.pdf --> ftp.hans-kirchhoff.de /06-freizeit/downloads 2009.10_landesliga_spieltage-tabelle.pdf
2009.07.14 06:07 B E:\1.0Homepage-Hans\06-freizeit\downloads\2009.10_oberliga_spieltage-tabelle.pdf --> ftp.hans-kirchhoff.de /06-freizeit/downloads 2009.10_oberliga_spieltage-tabelle.pdf
2009.07.14 06:21 B E:\1.0Homepage-Hans\06-freizeit\downloads\2009.10_kreisliga_spieltage-tabelle.pdf --> ftp.hans-kirchhoff.de /06-freizeit/downloads 2009.10_kreisliga_spieltage-tabelle.pdf
2009.07.14 06:21 B E:\1.0Homepage-Hans\06-freizeit\downloads\2009.10_landesliga_spieltage-tabelle.pdf --> ftp.hans-kirchhoff.de /06-freizeit/downloads 2009.10_landesliga_spieltage-tabelle.pdf
2009.07.14 06:21 B E:\1.0Homepage-Hans\06-freizeit\downloads\2009.10_oberliga_spieltage-tabelle.pdf --> ftp.hans-kirchhoff.de /06-freizeit/downloads 2009.10_oberliga_spieltage-tabelle.pdf
2009.07.18 19:21 B E:\1.0Homepage-Hans\06-freizeit\downloads\DBU_Athletenerklaerung.pdf --> ftp.hans-kirchhoff.de /06-freizeit DBU_Athletenerklaerung.pdf
2009.07.18 19:21 B E:\1.0Homepage-Hans\06-freizeit\downloads\DBU_Athletenerklaerung.pdf --> ftp.hans-kirchhoff.de /06-freizeit/downloads DBU_Athletenerklaerung.pdf
2009.07.18 19:21 B E:\1.0Homepage-Hans\06-freizeit\downloads\1-Oberliga.jpg --> ftp.hans-kirchhoff.de /06-freizeit 1-Oberliga.jpg
2009.07.19 07:40 B E:\1.0Homepage-Hans\06-freizeit\downloads_Verein\1.Satzung PBC-Neuwerk 70 e.V..pdf --> ftp.hans-kirchhoff.de /06-freizeit/downloads_Verein 1.Satzung PBC-Neuwerk 70 e.V..pdf
2009.07.19 07:41 B E:\1.0Homepage-Hans\06-freizeit\downloads_Verein\14-1Spielzettel.doc --> ftp.hans-kirchhoff.de /06-freizeit/downloads_Verein 14-1Spielzettel.doc
2009.07.19 07:41 B E:\1.0Homepage-Hans\06-freizeit\downloads_Verein\14.1.xls --> ftp.hans-kirchhoff.de /06-freizeit/downloads_Verein 14.1.xls
2009.07.19 07:41 B E:\1.0Homepage-Hans\06-freizeit\downloads_Verein\32er_16er_8er_Feld.xls --> ftp.hans-kirchhoff.de /06-freizeit/downloads_Verein 32er_16er_8er_Feld.xls
2009.07.19 07:41 B E:\1.0Homepage-Hans\06-freizeit\downloads_Verein\8 & 9 Ball-Blaetter.xls --> ftp.hans-kirchhoff.de /06-freizeit/downloads_Verein 8 & 9 Ball-Blaetter.xls
2009.07.19 07:41 B E:\1.0Homepage-Hans\06-freizeit\downloads_Verein\Aufnahmeantrag.pdf --> ftp.hans-kirchhoff.de /06-freizeit/downloads_Verein Aufnahmeantrag.pdf
2009.07.19 07:41 B E:\1.0Homepage-Hans\06-freizeit\downloads_Verein\BU-32er_16er_8er_-Feld.xls --> ftp.hans-kirchhoff.de /06-freizeit/downloads_Verein BU-32er_16er_8er_-Feld.xls
2009.07.19 07:41 B E:\1.0Homepage-Hans\06-freizeit\downloads_Verein\Meldeliste_Saison_2009-10.pdf --> ftp.hans-kirchhoff.de /06-freizeit/downloads_Verein Meldeliste_Saison_2009-10.pdf
2009.07.19 07:41 B E:\1.0Homepage-Hans\06-freizeit\downloads_Verein\Thumbs.db --> ftp.hans-kirchhoff.de /06-freizeit/downloads_Verein Thumbs.db
2009.07.19 07:41 B E:\1.0Homepage-Hans\06-freizeit\downloads_Verein\WS_FTP.LOG --> ftp.hans-kirchhoff.de /06-freizeit/downloads_Verein WS_FTP.LOG
2009.07.19 08:08 B E:\1.0Homepage-Hans\06-freizeit\downloads_Verein\baustelle.gif --> ftp.hans-kirchhoff.de /06-freizeit/downloads_Verein baustelle.gif
2009.07.19 11:06 B E:\1.0Homepage-Hans\06-freizeit\downloads_terminkalender\baustelle.gif --> ftp.hans-kirchhoff.de /06-freizeit/downloads_terminkalender baustelle.gif
2009.07.19 11:06 B E:\1.0Homepage-Hans\06-freizeit\downloads_terminkalender\bf-duisburg-sommer-turnier-serie-2009.pdf --> ftp.hans-kirchhoff.de /06-freizeit/downloads_terminkalender bf-duisburg-sommer-turnier-serie-2009.pdf
2009.07.19 11:06 B E:\1.0Homepage-Hans\06-freizeit\downloads_terminkalender\billardunion-Billard_Nacht-2009.pdf --> ftp.hans-kirchhoff.de /06-freizeit/downloads_terminkalender billardunion-Billard_Nacht-2009.pdf
2009.07.19 11:06 B E:\1.0Homepage-Hans\06-freizeit\downloads_terminkalender\billardunion-Helga_Martens_Memorial-2009.pdf --> ftp.hans-kirchhoff.de /06-freizeit/downloads_terminkalender billardunion-Helga_Martens_Memorial-2009.pdf
2009.07.19 11:06 B E:\1.0Homepage-Hans\06-freizeit\downloads_terminkalender\billardunion-Stadtmeisterschaft_MG-2009.pdf --> ftp.hans-kirchhoff.de /06-freizeit/downloads_terminkalender billardunion-Stadtmeisterschaft_MG-2009.pdf
2009.07.19 11:06 B E:\1.0Homepage-Hans\06-freizeit\downloads_terminkalender\Thumbs.db --> ftp.hans-kirchhoff.de /06-freizeit/downloads_terminkalender Thumbs.db
2009.07.19 11:06 B E:\1.0Homepage-Hans\06-freizeit\downloads_terminkalender\WS_FTP.LOG --> ftp.hans-kirchhoff.de /06-freizeit/downloads_terminkalender WS_FTP.LOG
2009.07.19 11:12 B E:\1.0Homepage-Hans\06-freizeit\downloads_terminkalender\PBVN_bewerbung_zur _austragung_pool_snooker.xls --> ftp.hans-kirchhoff.de /06-freizeit/downloads_terminkalender PBVN_bewerbung_zur _austragung_pool_snooker.xls
2009.07.19 11:20 B E:\1.0Homepage-Hans\06-freizeit\downloads_terminkalender\PBVN_Meldeliste_Einzeln2009-10.xls --> ftp.hans-kirchhoff.de /06-freizeit/downloads_terminkalender PBVN_Meldeliste_Einzeln2009-10.xls
2009.07.19 11:20 B E:\1.0Homepage-Hans\06-freizeit\downloads_terminkalender\PBVN_Meldeliste_Mannschaften-2009-10.xls --> ftp.hans-kirchhoff.de /06-freizeit/downloads_terminkalender PBVN_Meldeliste_Mannschaften-2009-10.xls
2009.07.19 11:42 B E:\1.0Homepage-Hans\06-freizeit\downloads_terminkalender\wichtig.gif --> ftp.hans-kirchhoff.de /06-freizeit/downloads_terminkalender wichtig.gif
2009.07.19 14:19 B E:\1.0Homepage-Hans\06-freizeit\downloads_terminkalender\wichtiges.gif --> ftp.hans-kirchhoff.de /06-freizeit/downloads_terminkalender wichtiges.gif
2009.07.20 07:38 B E:\1.0Homepage-Hans\06-freizeit\downloads_terminkalender\new007.gif --> ftp.hans-kirchhoff.de /06-freizeit/downloads_terminkalender new007.gif
2009.07.20 07:40 B E:\1.0Homepage-Hans\06-freizeit\downloads_terminkalender\10-Ball Meldung_spezial_09.xls --> ftp.hans-kirchhoff.de /06-freizeit/downloads_terminkalender 10-Ball Meldung_spezial_09.xls
2009.07.20 11:24 B E:\1.0Homepage-Hans\06-freizeit\downloads_terminkalender\1.Herren Grand Prix 091120 in Rheinbach.pdf --> ftp.hans-kirchhoff.de /06-freizeit/downloads_terminkalender 1.Herren Grand Prix 091120 in Rheinbach.pdf
2010.12.02 20:42 B G:\Homepage-BU-MG-Kempen\05-Anfahrt-Hotels\bilder\baustelle.gif --> billardunionmgkempen.de /05-Anfahrt-Hotels/bilder baustelle.gif
2010.12.02 20:42 B G:\Homepage-BU-MG-Kempen\05-Anfahrt-Hotels\bilder\Pfeil-Links.gif --> billardunionmgkempen.de /05-Anfahrt-Hotels/bilder Pfeil-Links.gif
2010.12.02 20:42 B G:\Homepage-BU-MG-Kempen\05-Anfahrt-Hotels\bilder\hintergrund(schwarz).jpg --> billardunionmgkempen.de /05-Anfahrt-Hotels/bilder hintergrund(schwarz).jpg
2010.12.02 20:42 B G:\Homepage-BU-MG-Kempen\05-Anfahrt-Hotels\bilder\hintergrund(blau).jpg --> billardunionmgkempen.de /05-Anfahrt-Hotels/bilder hintergrund(blau).jpg
2010.12.02 20:42 B G:\Homepage-BU-MG-Kempen\05-Anfahrt-Hotels\bilder\hand-links.gif --> billardunionmgkempen.de /05-Anfahrt-Hotels/bilder hand-links.gif
2010.12.02 20:42 B G:\Homepage-BU-MG-Kempen\05-Anfahrt-Hotels\bilder\map24  .gif --> billardunionmgkempen.de /05-Anfahrt-Hotels/bilder map24  .gif
2010.12.02 20:42 B G:\Homepage-BU-MG-Kempen\05-Anfahrt-Hotels\bilder\wichtig(3).gif --> billardunionmgkempen.de /05-Anfahrt-Hotels/bilder wichtig(3).gif
2010.12.02 20:42 B G:\Homepage-BU-MG-Kempen\05-Anfahrt-Hotels\bilder\neu.gif --> billardunionmgkempen.de /05-Anfahrt-Hotels/bilder neu.gif
2010.12.02 20:42 B G:\Homepage-BU-MG-Kempen\05-Anfahrt-Hotels\bilder\new007.gif --> billardunionmgkempen.de /05-Anfahrt-Hotels/bilder new007.gif
