2010.12.28 19:15 B G:\Homepage-BU-MG-Kempen\08-Nirvana\Verkaufe\Bilder_Beckmann\baer_b-2008-viii-4grau.gif --> billardunionmgkempen.de /08-Nirvana/Verkaufe/Bilder_Beckmann baer_b-2008-viii-4grau.gif
2010.12.28 19:15 B G:\Homepage-BU-MG-Kempen\08-Nirvana\Verkaufe\Bilder_Beckmann\baer_b-2008-viii-5braun.gif --> billardunionmgkempen.de /08-Nirvana/Verkaufe/Bilder_Beckmann baer_b-2008-viii-5braun.gif
2010.12.28 19:16 B G:\Homepage-BU-MG-Kempen\08-Nirvana\Verkaufe\Bilder_Beckmann\baer_b-2008-viii-6schwarz.gif --> billardunionmgkempen.de /08-Nirvana/Verkaufe/Bilder_Beckmann baer_b-2008-viii-6schwarz.gif
2010.12.28 19:16 B G:\Homepage-BU-MG-Kempen\08-Nirvana\Verkaufe\Bilder_Beckmann\belederer_holz.gif --> billardunionmgkempen.de /08-Nirvana/Verkaufe/Bilder_Beckmann belederer_holz.gif
2010.12.28 19:16 B G:\Homepage-BU-MG-Kempen\08-Nirvana\Verkaufe\Bilder_Beckmann\buerste.gif --> billardunionmgkempen.de /08-Nirvana/Verkaufe/Bilder_Beckmann buerste.gif
2010.12.28 19:16 B G:\Homepage-BU-MG-Kempen\08-Nirvana\Verkaufe\Bilder_Beckmann\classic_lotus-cl1.gif --> billardunionmgkempen.de /08-Nirvana/Verkaufe/Bilder_Beckmann classic_lotus-cl1.gif
2010.12.28 19:16 B G:\Homepage-BU-MG-Kempen\08-Nirvana\Verkaufe\Bilder_Beckmann\classic_lotus-cl2.gif --> billardunionmgkempen.de /08-Nirvana/Verkaufe/Bilder_Beckmann classic_lotus-cl2.gif
2010.12.28 19:16 B G:\Homepage-BU-MG-Kempen\08-Nirvana\Verkaufe\Bilder_Beckmann\classic_lotus-cl3.gif --> billardunionmgkempen.de /08-Nirvana/Verkaufe/Bilder_Beckmann classic_lotus-cl3.gif
2010.12.28 19:16 B G:\Homepage-BU-MG-Kempen\08-Nirvana\Verkaufe\Bilder_Beckmann\cyber_jump-cj-1schwarz.gif --> billardunionmgkempen.de /08-Nirvana/Verkaufe/Bilder_Beckmann cyber_jump-cj-1schwarz.gif
2010.12.28 19:16 B G:\Homepage-BU-MG-Kempen\08-Nirvana\Verkaufe\Bilder_Beckmann\fury_st6.gif --> billardunionmgkempen.de /08-Nirvana/Verkaufe/Bilder_Beckmann fury_st6.gif
2010.12.28 19:16 B G:\Homepage-BU-MG-Kempen\08-Nirvana\Verkaufe\Bilder_Beckmann\fury_st7.gif --> billardunionmgkempen.de /08-Nirvana/Verkaufe/Bilder_Beckmann fury_st7.gif
2010.12.28 19:16 B G:\Homepage-BU-MG-Kempen\08-Nirvana\Verkaufe\Bilder_Beckmann\fury_st8.gif --> billardunionmgkempen.de /08-Nirvana/Verkaufe/Bilder_Beckmann fury_st8.gif
2010.12.28 19:16 B G:\Homepage-BU-MG-Kempen\08-Nirvana\Verkaufe\Bilder_Beckmann\handschuh.gif --> billardunionmgkempen.de /08-Nirvana/Verkaufe/Bilder_Beckmann handschuh.gif
2010.12.28 19:16 B G:\Homepage-BU-MG-Kempen\08-Nirvana\Verkaufe\Bilder_Beckmann\joss_bb4.gif --> billardunionmgkempen.de /08-Nirvana/Verkaufe/Bilder_Beckmann joss_bb4.gif
2010.12.28 19:16 B G:\Homepage-BU-MG-Kempen\08-Nirvana\Verkaufe\Bilder_Beckmann\joss_bb5.gif --> billardunionmgkempen.de /08-Nirvana/Verkaufe/Bilder_Beckmann joss_bb5.gif
2010.12.28 19:16 B G:\Homepage-BU-MG-Kempen\08-Nirvana\Verkaufe\Bilder_Beckmann\klebleder_bear.gif --> billardunionmgkempen.de /08-Nirvana/Verkaufe/Bilder_Beckmann klebleder_bear.gif
2010.12.28 19:16 B G:\Homepage-BU-MG-Kempen\08-Nirvana\Verkaufe\Bilder_Beckmann\klebleder_kamuri.gif --> billardunionmgkempen.de /08-Nirvana/Verkaufe/Bilder_Beckmann klebleder_kamuri.gif
2010.12.28 19:16 B G:\Homepage-BU-MG-Kempen\08-Nirvana\Verkaufe\Bilder_Beckmann\koecher_cyber.gif --> billardunionmgkempen.de /08-Nirvana/Verkaufe/Bilder_Beckmann koecher_cyber.gif
2010.12.28 19:16 B G:\Homepage-BU-MG-Kempen\08-Nirvana\Verkaufe\Bilder_Beckmann\koecher_cyber_braun.gif --> billardunionmgkempen.de /08-Nirvana/Verkaufe/Bilder_Beckmann koecher_cyber_braun.gif
2010.12.28 19:16 B G:\Homepage-BU-MG-Kempen\08-Nirvana\Verkaufe\Bilder_Beckmann\koecher_predator_blak.gif --> billardunionmgkempen.de /08-Nirvana/Verkaufe/Bilder_Beckmann koecher_predator_blak.gif
2010.12.28 19:16 B G:\Homepage-BU-MG-Kempen\08-Nirvana\Verkaufe\Bilder_Beckmann\kreide.gif --> billardunionmgkempen.de /08-Nirvana/Verkaufe/Bilder_Beckmann kreide.gif
2010.12.28 19:16 B G:\Homepage-BU-MG-Kempen\08-Nirvana\Verkaufe\Bilder_Beckmann\mcdermott_envy.gif --> billardunionmgkempen.de /08-Nirvana/Verkaufe/Bilder_Beckmann mcdermott_envy.gif
2010.12.28 19:16 B G:\Homepage-BU-MG-Kempen\08-Nirvana\Verkaufe\Bilder_Beckmann\meucci_century-21-1.gif --> billardunionmgkempen.de /08-Nirvana/Verkaufe/Bilder_Beckmann meucci_century-21-1.gif
2010.12.28 19:16 B G:\Homepage-BU-MG-Kempen\08-Nirvana\Verkaufe\Bilder_Beckmann\meucci_hi-pro1.gif --> billardunionmgkempen.de /08-Nirvana/Verkaufe/Bilder_Beckmann meucci_hi-pro1.gif
2010.12.28 19:16 B G:\Homepage-BU-MG-Kempen\08-Nirvana\Verkaufe\Bilder_Beckmann\meucci_hi-pro3.gif --> billardunionmgkempen.de /08-Nirvana/Verkaufe/Bilder_Beckmann meucci_hi-pro3.gif
2010.12.28 19:16 B G:\Homepage-BU-MG-Kempen\08-Nirvana\Verkaufe\Bilder_Beckmann\mushroom_grazer.gif --> billardunionmgkempen.de /08-Nirvana/Verkaufe/Bilder_Beckmann mushroom_grazer.gif
2010.12.28 19:16 B G:\Homepage-BU-MG-Kempen\08-Nirvana\Verkaufe\Bilder_Beckmann\oberteil.gif --> billardunionmgkempen.de /08-Nirvana/Verkaufe/Bilder_Beckmann oberteil.gif
2010.12.28 19:16 B G:\Homepage-BU-MG-Kempen\08-Nirvana\Verkaufe\Bilder_Beckmann\poolkugeln_centennial_57-2mm.gif --> billardunionmgkempen.de /08-Nirvana/Verkaufe/Bilder_Beckmann poolkugeln_centennial_57-2mm.gif
2010.12.28 19:16 B G:\Homepage-BU-MG-Kempen\08-Nirvana\Verkaufe\Bilder_Beckmann\poolkugeln_tournament.gif --> billardunionmgkempen.de /08-Nirvana/Verkaufe/Bilder_Beckmann poolkugeln_tournament.gif
2010.12.28 19:16 B G:\Homepage-BU-MG-Kempen\08-Nirvana\Verkaufe\Bilder_Beckmann\predator_bk2lw-brak-queue.gif --> billardunionmgkempen.de /08-Nirvana/Verkaufe/Bilder_Beckmann predator_bk2lw-brak-queue.gif
2010.12.28 19:16 B G:\Homepage-BU-MG-Kempen\08-Nirvana\Verkaufe\Bilder_Beckmann\predator_bk2nw-brak-queue.gif --> billardunionmgkempen.de /08-Nirvana/Verkaufe/Bilder_Beckmann predator_bk2nw-brak-queue.gif
2010.12.28 19:16 B G:\Homepage-BU-MG-Kempen\08-Nirvana\Verkaufe\Bilder_Beckmann\predator_bk2sw-brak-queue.gif --> billardunionmgkempen.de /08-Nirvana/Verkaufe/Bilder_Beckmann predator_bk2sw-brak-queue.gif
2010.12.28 19:16 B G:\Homepage-BU-MG-Kempen\08-Nirvana\Verkaufe\Bilder_Beckmann\queuebruecke_kreuz.gif --> billardunionmgkempen.de /08-Nirvana/Verkaufe/Bilder_Beckmann queuebruecke_kreuz.gif
2010.12.28 19:16 B G:\Homepage-BU-MG-Kempen\08-Nirvana\Verkaufe\Bilder_Beckmann\queuebruecke_spider.gif --> billardunionmgkempen.de /08-Nirvana/Verkaufe/Bilder_Beckmann queuebruecke_spider.gif
2010.12.28 19:16 B G:\Homepage-BU-MG-Kempen\08-Nirvana\Verkaufe\Bilder_Beckmann\queuekoffer_bern.gif --> billardunionmgkempen.de /08-Nirvana/Verkaufe/Bilder_Beckmann queuekoffer_bern.gif
2010.12.28 19:16 B G:\Homepage-BU-MG-Kempen\08-Nirvana\Verkaufe\Bilder_Beckmann\queuekoffer_oslo.gif --> billardunionmgkempen.de /08-Nirvana/Verkaufe/Bilder_Beckmann queuekoffer_oslo.gif
2010.12.28 19:16 B G:\Homepage-BU-MG-Kempen\08-Nirvana\Verkaufe\Bilder_Beckmann\queuetasche-cyber_hoppy_schwarz.gif --> billardunionmgkempen.de /08-Nirvana/Verkaufe/Bilder_Beckmann queuetasche-cyber_hoppy_schwarz.gif
2010.12.28 19:16 B G:\Homepage-BU-MG-Kempen\08-Nirvana\Verkaufe\Bilder_Beckmann\queuetasche_cyber.gif --> billardunionmgkempen.de /08-Nirvana/Verkaufe/Bilder_Beckmann queuetasche_cyber.gif
2010.12.28 19:16 B G:\Homepage-BU-MG-Kempen\08-Nirvana\Verkaufe\Bilder_Beckmann\queuetasche_cyber_liga_blau.gif --> billardunionmgkempen.de /08-Nirvana/Verkaufe/Bilder_Beckmann queuetasche_cyber_liga_blau.gif
2010.12.28 19:16 B G:\Homepage-BU-MG-Kempen\08-Nirvana\Verkaufe\Bilder_Beckmann\reparatur_set.gif --> billardunionmgkempen.de /08-Nirvana/Verkaufe/Bilder_Beckmann reparatur_set.gif
2010.12.28 19:16 B G:\Homepage-BU-MG-Kempen\08-Nirvana\Verkaufe\Bilder_Beckmann\schleiflade_sandmann.gif --> billardunionmgkempen.de /08-Nirvana/Verkaufe/Bilder_Beckmann schleiflade_sandmann.gif
2010.12.28 19:16 B G:\Homepage-BU-MG-Kempen\08-Nirvana\Verkaufe\Bilder_Beckmann\schleifladen_sandmann.gif --> billardunionmgkempen.de /08-Nirvana/Verkaufe/Bilder_Beckmann schleifladen_sandmann.gif
2010.12.28 19:17 B G:\Homepage-BU-MG-Kempen\08-Nirvana\Verkaufe\Bilder_Beckmann\schon_stl8 .gif --> billardunionmgkempen.de /08-Nirvana/Verkaufe/Bilder_Beckmann schon_stl8 .gif
2010.12.28 19:17 B G:\Homepage-BU-MG-Kempen\08-Nirvana\Verkaufe\Bilder_Beckmann\Thumbs.db --> billardunionmgkempen.de /08-Nirvana/Verkaufe/Bilder_Beckmann Thumbs.db
2010.12.28 19:17 B G:\Homepage-BU-MG-Kempen\08-Nirvana\Verkaufe\Bilder_Beckmann\willard.gif --> billardunionmgkempen.de /08-Nirvana/Verkaufe/Bilder_Beckmann willard.gif
2010.12.28 19:27 B G:\Homepage-BU-MG-Kempen\Verkaufe\Bilder_Beckmann\baer_b-2008-viii-4grau.gif --> billardunionmgkempen.de /Verkaufe/Bilder_Beckmann baer_b-2008-viii-4grau.gif
2010.12.28 19:27 B G:\Homepage-BU-MG-Kempen\Verkaufe\Bilder_Beckmann\baer_b-2008-viii-5braun.gif --> billardunionmgkempen.de /Verkaufe/Bilder_Beckmann baer_b-2008-viii-5braun.gif
2010.12.28 19:27 B G:\Homepage-BU-MG-Kempen\Verkaufe\Bilder_Beckmann\baer_b-2008-viii-6schwarz.gif --> billardunionmgkempen.de /Verkaufe/Bilder_Beckmann baer_b-2008-viii-6schwarz.gif
2010.12.28 19:27 B G:\Homepage-BU-MG-Kempen\Verkaufe\Bilder_Beckmann\belederer_holz.gif --> billardunionmgkempen.de /Verkaufe/Bilder_Beckmann belederer_holz.gif
2010.12.28 19:27 B G:\Homepage-BU-MG-Kempen\Verkaufe\Bilder_Beckmann\buerste.gif --> billardunionmgkempen.de /Verkaufe/Bilder_Beckmann buerste.gif
2010.12.28 19:27 B G:\Homepage-BU-MG-Kempen\Verkaufe\Bilder_Beckmann\classic_lotus-cl1.gif --> billardunionmgkempen.de /Verkaufe/Bilder_Beckmann classic_lotus-cl1.gif
2010.12.28 19:27 B G:\Homepage-BU-MG-Kempen\Verkaufe\Bilder_Beckmann\classic_lotus-cl2.gif --> billardunionmgkempen.de /Verkaufe/Bilder_Beckmann classic_lotus-cl2.gif
2010.12.28 19:27 B G:\Homepage-BU-MG-Kempen\Verkaufe\Bilder_Beckmann\classic_lotus-cl3.gif --> billardunionmgkempen.de /Verkaufe/Bilder_Beckmann classic_lotus-cl3.gif
2010.12.28 19:27 B G:\Homepage-BU-MG-Kempen\Verkaufe\Bilder_Beckmann\cyber_jump-cj-1schwarz.gif --> billardunionmgkempen.de /Verkaufe/Bilder_Beckmann cyber_jump-cj-1schwarz.gif
2010.12.28 19:27 B G:\Homepage-BU-MG-Kempen\Verkaufe\Bilder_Beckmann\fury_st6.gif --> billardunionmgkempen.de /Verkaufe/Bilder_Beckmann fury_st6.gif
2010.12.28 19:27 B G:\Homepage-BU-MG-Kempen\Verkaufe\Bilder_Beckmann\fury_st7.gif --> billardunionmgkempen.de /Verkaufe/Bilder_Beckmann fury_st7.gif
2010.12.28 19:27 B G:\Homepage-BU-MG-Kempen\Verkaufe\Bilder_Beckmann\fury_st8.gif --> billardunionmgkempen.de /Verkaufe/Bilder_Beckmann fury_st8.gif
2010.12.28 19:27 B G:\Homepage-BU-MG-Kempen\Verkaufe\Bilder_Beckmann\handschuh.gif --> billardunionmgkempen.de /Verkaufe/Bilder_Beckmann handschuh.gif
2010.12.28 19:27 B G:\Homepage-BU-MG-Kempen\Verkaufe\Bilder_Beckmann\joss_bb4.gif --> billardunionmgkempen.de /Verkaufe/Bilder_Beckmann joss_bb4.gif
2010.12.28 19:27 B G:\Homepage-BU-MG-Kempen\Verkaufe\Bilder_Beckmann\joss_bb5.gif --> billardunionmgkempen.de /Verkaufe/Bilder_Beckmann joss_bb5.gif
2010.12.28 19:27 B G:\Homepage-BU-MG-Kempen\Verkaufe\Bilder_Beckmann\klebleder_bear.gif --> billardunionmgkempen.de /Verkaufe/Bilder_Beckmann klebleder_bear.gif
2010.12.28 19:27 B G:\Homepage-BU-MG-Kempen\Verkaufe\Bilder_Beckmann\klebleder_kamuri.gif --> billardunionmgkempen.de /Verkaufe/Bilder_Beckmann klebleder_kamuri.gif
2010.12.28 19:27 B G:\Homepage-BU-MG-Kempen\Verkaufe\Bilder_Beckmann\koecher_cyber.gif --> billardunionmgkempen.de /Verkaufe/Bilder_Beckmann koecher_cyber.gif
2010.12.28 19:27 B G:\Homepage-BU-MG-Kempen\Verkaufe\Bilder_Beckmann\koecher_cyber_braun.gif --> billardunionmgkempen.de /Verkaufe/Bilder_Beckmann koecher_cyber_braun.gif
2010.12.28 19:27 B G:\Homepage-BU-MG-Kempen\Verkaufe\Bilder_Beckmann\koecher_predator_blak.gif --> billardunionmgkempen.de /Verkaufe/Bilder_Beckmann koecher_predator_blak.gif
2010.12.28 19:27 B G:\Homepage-BU-MG-Kempen\Verkaufe\Bilder_Beckmann\kreide.gif --> billardunionmgkempen.de /Verkaufe/Bilder_Beckmann kreide.gif
2010.12.28 19:27 B G:\Homepage-BU-MG-Kempen\Verkaufe\Bilder_Beckmann\mcdermott_envy.gif --> billardunionmgkempen.de /Verkaufe/Bilder_Beckmann mcdermott_envy.gif
2010.12.28 19:27 B G:\Homepage-BU-MG-Kempen\Verkaufe\Bilder_Beckmann\meucci_century-21-1.gif --> billardunionmgkempen.de /Verkaufe/Bilder_Beckmann meucci_century-21-1.gif
2010.12.28 19:27 B G:\Homepage-BU-MG-Kempen\Verkaufe\Bilder_Beckmann\meucci_hi-pro1.gif --> billardunionmgkempen.de /Verkaufe/Bilder_Beckmann meucci_hi-pro1.gif
2010.12.28 19:27 B G:\Homepage-BU-MG-Kempen\Verkaufe\Bilder_Beckmann\meucci_hi-pro3.gif --> billardunionmgkempen.de /Verkaufe/Bilder_Beckmann meucci_hi-pro3.gif
2010.12.28 19:27 B G:\Homepage-BU-MG-Kempen\Verkaufe\Bilder_Beckmann\mushroom_grazer.gif --> billardunionmgkempen.de /Verkaufe/Bilder_Beckmann mushroom_grazer.gif
2010.12.28 19:27 B G:\Homepage-BU-MG-Kempen\Verkaufe\Bilder_Beckmann\oberteil.gif --> billardunionmgkempen.de /Verkaufe/Bilder_Beckmann oberteil.gif
2010.12.28 19:27 B G:\Homepage-BU-MG-Kempen\Verkaufe\Bilder_Beckmann\poolkugeln_centennial_57-2mm.gif --> billardunionmgkempen.de /Verkaufe/Bilder_Beckmann poolkugeln_centennial_57-2mm.gif
2010.12.28 19:27 B G:\Homepage-BU-MG-Kempen\Verkaufe\Bilder_Beckmann\poolkugeln_tournament.gif --> billardunionmgkempen.de /Verkaufe/Bilder_Beckmann poolkugeln_tournament.gif
2010.12.28 19:28 B G:\Homepage-BU-MG-Kempen\Verkaufe\Bilder_Beckmann\predator_bk2lw-brak-queue.gif --> billardunionmgkempen.de /Verkaufe/Bilder_Beckmann predator_bk2lw-brak-queue.gif
2010.12.28 19:28 B G:\Homepage-BU-MG-Kempen\Verkaufe\Bilder_Beckmann\predator_bk2nw-brak-queue.gif --> billardunionmgkempen.de /Verkaufe/Bilder_Beckmann predator_bk2nw-brak-queue.gif
2010.12.28 19:28 B G:\Homepage-BU-MG-Kempen\Verkaufe\Bilder_Beckmann\predator_bk2sw-brak-queue.gif --> billardunionmgkempen.de /Verkaufe/Bilder_Beckmann predator_bk2sw-brak-queue.gif
2010.12.28 19:28 B G:\Homepage-BU-MG-Kempen\Verkaufe\Bilder_Beckmann\queuebruecke_kreuz.gif --> billardunionmgkempen.de /Verkaufe/Bilder_Beckmann queuebruecke_kreuz.gif
2010.12.28 19:28 B G:\Homepage-BU-MG-Kempen\Verkaufe\Bilder_Beckmann\queuebruecke_spider.gif --> billardunionmgkempen.de /Verkaufe/Bilder_Beckmann queuebruecke_spider.gif
2010.12.28 19:28 B G:\Homepage-BU-MG-Kempen\Verkaufe\Bilder_Beckmann\queuekoffer_bern.gif --> billardunionmgkempen.de /Verkaufe/Bilder_Beckmann queuekoffer_bern.gif
2010.12.28 19:28 B G:\Homepage-BU-MG-Kempen\Verkaufe\Bilder_Beckmann\queuekoffer_oslo.gif --> billardunionmgkempen.de /Verkaufe/Bilder_Beckmann queuekoffer_oslo.gif
2010.12.28 19:28 B G:\Homepage-BU-MG-Kempen\Verkaufe\Bilder_Beckmann\queuetasche-cyber_hoppy_schwarz.gif --> billardunionmgkempen.de /Verkaufe/Bilder_Beckmann queuetasche-cyber_hoppy_schwarz.gif
2010.12.28 19:28 B G:\Homepage-BU-MG-Kempen\Verkaufe\Bilder_Beckmann\queuetasche_cyber.gif --> billardunionmgkempen.de /Verkaufe/Bilder_Beckmann queuetasche_cyber.gif
2010.12.28 19:28 B G:\Homepage-BU-MG-Kempen\Verkaufe\Bilder_Beckmann\queuetasche_cyber_liga_blau.gif --> billardunionmgkempen.de /Verkaufe/Bilder_Beckmann queuetasche_cyber_liga_blau.gif
2010.12.28 19:28 B G:\Homepage-BU-MG-Kempen\Verkaufe\Bilder_Beckmann\reparatur_set.gif --> billardunionmgkempen.de /Verkaufe/Bilder_Beckmann reparatur_set.gif
2010.12.28 19:28 B G:\Homepage-BU-MG-Kempen\Verkaufe\Bilder_Beckmann\schleiflade_sandmann.gif --> billardunionmgkempen.de /Verkaufe/Bilder_Beckmann schleiflade_sandmann.gif
2010.12.28 19:28 B G:\Homepage-BU-MG-Kempen\Verkaufe\Bilder_Beckmann\schleifladen_sandmann.gif --> billardunionmgkempen.de /Verkaufe/Bilder_Beckmann schleifladen_sandmann.gif
2010.12.28 19:28 B G:\Homepage-BU-MG-Kempen\Verkaufe\Bilder_Beckmann\schon_stl8 .gif --> billardunionmgkempen.de /Verkaufe/Bilder_Beckmann schon_stl8 .gif
2010.12.28 19:28 B G:\Homepage-BU-MG-Kempen\Verkaufe\Bilder_Beckmann\Thumbs.db --> billardunionmgkempen.de /Verkaufe/Bilder_Beckmann Thumbs.db
2010.12.28 19:28 B G:\Homepage-BU-MG-Kempen\Verkaufe\Bilder_Beckmann\willard.gif --> billardunionmgkempen.de /Verkaufe/Bilder_Beckmann willard.gif
