2010.12.02 20:15 B G:\Homepage-BU-MG-Kempen\02-Verein\das_team\portrait\3d-telefon.gif --> billardunionmgkempen.de /02-Verein/das_team/portrait 3d-telefon.gif
2010.12.02 20:15 B G:\Homepage-BU-MG-Kempen\02-Verein\das_team\portrait\borowski_dennis_portrait.htm --> billardunionmgkempen.de /02-Verein/das_team/portrait borowski_dennis_portrait.htm
2010.12.02 20:16 B G:\Homepage-BU-MG-Kempen\02-Verein\das_team\portrait\burghoff_roland_portrait.htm --> billardunionmgkempen.de /02-Verein/das_team/portrait burghoff_roland_portrait.htm
2010.12.02 20:16 B G:\Homepage-BU-MG-Kempen\02-Verein\das_team\portrait\classen_dirk_portrait.htm --> billardunionmgkempen.de /02-Verein/das_team/portrait classen_dirk_portrait.htm
2010.12.02 20:16 B G:\Homepage-BU-MG-Kempen\02-Verein\das_team\portrait\coumans_frank_portrait.htm --> billardunionmgkempen.de /02-Verein/das_team/portrait coumans_frank_portrait.htm
2010.12.02 20:16 B G:\Homepage-BU-MG-Kempen\02-Verein\das_team\portrait\creischer_boris_portrait.htm --> billardunionmgkempen.de /02-Verein/das_team/portrait creischer_boris_portrait.htm
2010.12.02 20:16 B G:\Homepage-BU-MG-Kempen\02-Verein\das_team\portrait\dbu_logo_blau.JPG --> billardunionmgkempen.de /02-Verein/das_team/portrait dbu_logo_blau.JPG
2010.12.02 20:16 B G:\Homepage-BU-MG-Kempen\02-Verein\das_team\portrait\franken_daniel_portrait.htm --> billardunionmgkempen.de /02-Verein/das_team/portrait franken_daniel_portrait.htm
2010.12.02 20:16 B G:\Homepage-BU-MG-Kempen\02-Verein\das_team\portrait\halfpapp_alex_portrait.htm --> billardunionmgkempen.de /02-Verein/das_team/portrait halfpapp_alex_portrait.htm
2010.12.02 20:16 B G:\Homepage-BU-MG-Kempen\02-Verein\das_team\portrait\Hand.gif --> billardunionmgkempen.de /02-Verein/das_team/portrait Hand.gif
2010.12.02 20:16 B G:\Homepage-BU-MG-Kempen\02-Verein\das_team\portrait\hendler_jeaninne_portrait.htm --> billardunionmgkempen.de /02-Verein/das_team/portrait hendler_jeaninne_portrait.htm
2010.12.02 20:16 B G:\Homepage-BU-MG-Kempen\02-Verein\das_team\portrait\hintergrund(blau).jpg --> billardunionmgkempen.de /02-Verein/das_team/portrait hintergrund(blau).jpg
2010.12.02 20:16 B G:\Homepage-BU-MG-Kempen\02-Verein\das_team\portrait\hintergrund(hellblau).JPG --> billardunionmgkempen.de /02-Verein/das_team/portrait hintergrund(hellblau).JPG
2010.12.02 20:16 B G:\Homepage-BU-MG-Kempen\02-Verein\das_team\portrait\jansen_tobias_portrait.htm --> billardunionmgkempen.de /02-Verein/das_team/portrait jansen_tobias_portrait.htm
2010.12.02 20:16 B G:\Homepage-BU-MG-Kempen\02-Verein\das_team\portrait\jung_richard_portrait.htm --> billardunionmgkempen.de /02-Verein/das_team/portrait jung_richard_portrait.htm
2010.12.02 20:16 B G:\Homepage-BU-MG-Kempen\02-Verein\das_team\portrait\kels_juergen_portrait.htm --> billardunionmgkempen.de /02-Verein/das_team/portrait kels_juergen_portrait.htm
2010.12.02 20:16 B G:\Homepage-BU-MG-Kempen\02-Verein\das_team\portrait\kels_tobias_portrait.htm --> billardunionmgkempen.de /02-Verein/das_team/portrait kels_tobias_portrait.htm
2010.12.02 20:16 B G:\Homepage-BU-MG-Kempen\02-Verein\das_team\portrait\klotz_maik_portrait.htm --> billardunionmgkempen.de /02-Verein/das_team/portrait klotz_maik_portrait.htm
2010.12.02 20:16 B G:\Homepage-BU-MG-Kempen\02-Verein\das_team\portrait\koellner_christoph_portrait.htm --> billardunionmgkempen.de /02-Verein/das_team/portrait koellner_christoph_portrait.htm
2010.12.02 20:16 B G:\Homepage-BU-MG-Kempen\02-Verein\das_team\portrait\limberg_nico_portrait.htm --> billardunionmgkempen.de /02-Verein/das_team/portrait limberg_nico_portrait.htm
2010.12.02 20:16 B G:\Homepage-BU-MG-Kempen\02-Verein\das_team\portrait\halfpapp_alex_portrait.htm --> billardunionmgkempen.de /02-Verein/das_team/portrait halfpapp_alex_portrait.htm
2010.12.02 20:16 B G:\Homepage-BU-MG-Kempen\02-Verein\das_team\portrait\franken_daniel_portrait.htm --> billardunionmgkempen.de /02-Verein/das_team/portrait franken_daniel_portrait.htm
2010.12.02 20:16 B G:\Homepage-BU-MG-Kempen\02-Verein\das_team\portrait\koellner_christoph_portrait.htm --> billardunionmgkempen.de /02-Verein/das_team/portrait koellner_christoph_portrait.htm
2010.12.02 20:16 B G:\Homepage-BU-MG-Kempen\02-Verein\das_team\portrait\limberg_nico_portrait.htm --> billardunionmgkempen.de /02-Verein/das_team/portrait limberg_nico_portrait.htm
2010.12.02 20:16 B G:\Homepage-BU-MG-Kempen\02-Verein\das_team\portrait\manske-halfpapp_claudia_portrait.htm --> billardunionmgkempen.de /02-Verein/das_team/portrait manske-halfpapp_claudia_portrait.htm
2010.12.02 20:16 B G:\Homepage-BU-MG-Kempen\02-Verein\das_team\portrait\manske_adriana_portrait.htm --> billardunionmgkempen.de /02-Verein/das_team/portrait manske_adriana_portrait.htm
2010.12.02 20:16 B G:\Homepage-BU-MG-Kempen\02-Verein\das_team\portrait\martens_heinz_portrait.htm --> billardunionmgkempen.de /02-Verein/das_team/portrait martens_heinz_portrait.htm
2010.12.02 20:16 B G:\Homepage-BU-MG-Kempen\02-Verein\das_team\portrait\mueller_gino_portrait.htm --> billardunionmgkempen.de /02-Verein/das_team/portrait mueller_gino_portrait.htm
2010.12.02 20:16 B G:\Homepage-BU-MG-Kempen\02-Verein\das_team\portrait\regens_fabian_portrait.htm --> billardunionmgkempen.de /02-Verein/das_team/portrait regens_fabian_portrait.htm
2010.12.02 20:16 B G:\Homepage-BU-MG-Kempen\02-Verein\das_team\portrait\silva_kevin_portrait.htm --> billardunionmgkempen.de /02-Verein/das_team/portrait silva_kevin_portrait.htm
2010.12.02 20:16 B G:\Homepage-BU-MG-Kempen\02-Verein\das_team\portrait\strerath_frank_portrait.htm --> billardunionmgkempen.de /02-Verein/das_team/portrait strerath_frank_portrait.htm
2010.12.02 20:17 B G:\Homepage-BU-MG-Kempen\02-Verein\das_team\portrait\thielen_rainer_portrait.htm --> billardunionmgkempen.de /02-Verein/das_team/portrait thielen_rainer_portrait.htm
2010.12.02 20:17 B G:\Homepage-BU-MG-Kempen\02-Verein\das_team\portrait\tuerkue_kadir_portrait.htm --> billardunionmgkempen.de /02-Verein/das_team/portrait tuerkue_kadir_portrait.htm
2010.12.02 20:17 B G:\Homepage-BU-MG-Kempen\02-Verein\das_team\portrait\wilmeroth_bjoern_portrait.htm --> billardunionmgkempen.de /02-Verein/das_team/portrait wilmeroth_bjoern_portrait.htm
2010.12.02 20:17 B G:\Homepage-BU-MG-Kempen\02-Verein\das_team\portrait\wilms_dennis_portrait.htm --> billardunionmgkempen.de /02-Verein/das_team/portrait wilms_dennis_portrait.htm
