2009.06.21 20:29 B E:\1.0Homepage-Hans\01-start\Bilder\Hans1.gif --> ftp.hans-kirchhoff.de /01-start/Bilder Hans1.gif
2009.06.21 20:29 B E:\1.0Homepage-Hans\01-start\Bilder\hintergrund.jpg --> ftp.hans-kirchhoff.de /01-start/Bilder hintergrund.jpg
2009.06.21 20:29 B E:\1.0Homepage-Hans\01-start\Bilder\lebensbaum.gif --> ftp.hans-kirchhoff.de /01-start/Bilder lebensbaum.gif
2009.06.21 20:29 B E:\1.0Homepage-Hans\01-start\Bilder\Thumbs.db --> ftp.hans-kirchhoff.de /01-start/Bilder Thumbs.db
2009.06.21 20:29 B E:\1.0Homepage-Hans\01-start\Bilder\vogel_246.gif --> ftp.hans-kirchhoff.de /01-start/Bilder vogel_246.gif
2009.06.22 16:57 B E:\1.0Homepage-Hans\01-start\Bilder\Leuchtkugel.gif --> ftp.hans-kirchhoff.de /01-start/Bilder Leuchtkugel.gif
2009.06.22 16:59 B E:\1.0Homepage-Hans\01-start\Bilder\hand_links.gif --> ftp.hans-kirchhoff.de /01-start/Bilder hand_links.gif
2009.06.22 16:59 B E:\1.0Homepage-Hans\01-start\Bilder\hand_rechts.gif --> ftp.hans-kirchhoff.de /01-start/Bilder hand_rechts.gif
2009.06.22 19:00 B E:\1.0Homepage-Hans\01-start\Bilder\wappen-rheydt.gif --> ftp.hans-kirchhoff.de /01-start/Bilder wappen-rheydt.gif
2009.06.25 18:47 B E:\1.0Homepage-Hans\01-start\Bilder\hintergrund2.jpg --> ftp.hans-kirchhoff.de /01-start/Bilder hintergrund2.jpg
2009.06.28 07:45 B E:\1.0Homepage-Hans\01-start\Bilder\hintergrund2.jpg --> ftp.hans-kirchhoff.de /01-start/Bilder hintergrund2.jpg
2009.07.26 12:08 B E:\1.0Homepage-Hans\01-start\Bilder\Mario.jpg --> ftp.hans-kirchhoff.de /01-start/Bilder Mario.jpg
2009.07.26 12:08 B E:\1.0Homepage-Hans\01-start\Bilder\traenen-deiner-seele.jpg --> ftp.hans-kirchhoff.de /01-start/Bilder traenen-deiner-seele.jpg
2009.07.26 12:38 B E:\1.0Homepage-Hans\01-start\Bilder\rip .gif --> ftp.hans-kirchhoff.de /01-start/Bilder rip .gif
2009.07.26 12:57 B E:\1.0Homepage-Hans\01-start\Bilder\hilfe.jpg --> ftp.hans-kirchhoff.de /01-start/Bilder hilfe.jpg
2009.07.26 13:05 B E:\1.0Homepage-Hans\01-start\Bilder\blut-traenen.gif --> ftp.hans-kirchhoff.de /01-start/Bilder blut-traenen.gif
2009.07.26 13:29 B E:\1.0Homepage-Hans\01-start\Bilder\kreuz.gif --> ftp.hans-kirchhoff.de /01-start/Bilder kreuz.gif
2009.07.26 16:32 B E:\1.0Homepage-Hans\01-start\Bilder\seine-leidenschaft.jpg --> ftp.hans-kirchhoff.de /01-start/Bilder seine-leidenschaft.jpg
2009.07.26 14:37 B E:\1.0Homepage-Hans\01-start\Bilder\1a_t_we03.gif --> ftp.hans-kirchhoff.de /01-start/Bilder 1a_t_we03.gif
2009.07.26 14:37 B E:\1.0Homepage-Hans\01-start\Bilder\befreiung.jpg --> ftp.hans-kirchhoff.de /01-start/Bilder befreiung.jpg
2009.07.26 14:37 B E:\1.0Homepage-Hans\01-start\Bilder\blut-traenen.gif --> ftp.hans-kirchhoff.de /01-start/Bilder blut-traenen.gif
2009.07.26 14:37 B E:\1.0Homepage-Hans\01-start\Bilder\feuerwerk(1).gif --> ftp.hans-kirchhoff.de /01-start/Bilder feuerwerk(1).gif
2009.07.26 14:37 B E:\1.0Homepage-Hans\01-start\Bilder\hilfe.jpg --> ftp.hans-kirchhoff.de /01-start/Bilder hilfe.jpg
2009.07.26 14:37 B E:\1.0Homepage-Hans\01-start\Bilder\hintergrund6.jpg --> ftp.hans-kirchhoff.de /01-start/Bilder hintergrund6.jpg
2009.07.26 14:37 B E:\1.0Homepage-Hans\01-start\Bilder\Rheydter-City-Managemat.jpg --> ftp.hans-kirchhoff.de /01-start/Bilder Rheydter-City-Managemat.jpg
2009.07.26 14:37 B E:\1.0Homepage-Hans\01-start\Bilder\rip .gif --> ftp.hans-kirchhoff.de /01-start/Bilder rip .gif
2009.07.26 14:37 B E:\1.0Homepage-Hans\01-start\Bilder\seine-leidenschaft.jpg --> ftp.hans-kirchhoff.de /01-start/Bilder seine-leidenschaft.jpg
2009.07.26 14:37 B E:\1.0Homepage-Hans\01-start\Bilder\stern3.gif --> ftp.hans-kirchhoff.de /01-start/Bilder stern3.gif
2009.07.26 14:37 B E:\1.0Homepage-Hans\01-start\Bilder\Thumbs.db --> ftp.hans-kirchhoff.de /01-start/Bilder Thumbs.db
2009.07.26 14:37 B E:\1.0Homepage-Hans\01-start\Bilder\traenen-deiner-seele.jpg --> ftp.hans-kirchhoff.de /01-start/Bilder traenen-deiner-seele.jpg
2009.07.26 14:37 B E:\1.0Homepage-Hans\01-start\Bilder\WS_FTP.LOG --> ftp.hans-kirchhoff.de /01-start/Bilder WS_FTP.LOG
2009.07.26 17:28 B E:\1.0Homepage-Hans\01-start\Bilder\marios-gaestebuch.jpg --> ftp.hans-kirchhoff.de /01-start/Bilder marios-gaestebuch.jpg
2009.07.31 08:27 B E:\1.0Homepage-Hans\01-start\Bilder\traenen-deiner-seele.jpg --> ftp.hans-kirchhoff.de /01-start/Bilder traenen-deiner-seele.jpg
2009.07.31 08:34 B E:\1.0Homepage-Hans\01-start\Bilder\traenen_deiner_seele.jpg --> ftp.hans-kirchhoff.de /01-start/Bilder traenen_deiner_seele.jpg
2009.08.01 06:15 B E:\1.0Homepage-Hans\01-start\Bilder\mario(2).jpg --> ftp.hans-kirchhoff.de /01-start/Bilder mario(2).jpg
2009.08.01 09:37 B E:\1.0Homepage-Hans\01-start\Bilder\die_traenen_deiner_seele.jpg --> ftp.hans-kirchhoff.de /01-start/Bilder die_traenen_deiner_seele.jpg
2009.08.01 09:37 B E:\1.0Homepage-Hans\01-start\Bilder\hintergrund.jpg --> ftp.hans-kirchhoff.de /01-start/Bilder hintergrund.jpg
2009.08.01 09:37 B E:\1.0Homepage-Hans\01-start\Bilder\Mario.gif --> ftp.hans-kirchhoff.de /01-start/Bilder Mario.gif
2009.08.01 09:37 B E:\1.0Homepage-Hans\01-start\Bilder\marios-gaestebuch.jpg --> ftp.hans-kirchhoff.de /01-start/Bilder marios-gaestebuch.jpg
2009.08.01 09:37 B E:\1.0Homepage-Hans\01-start\Bilder\seine-leidenschaft.jpg --> ftp.hans-kirchhoff.de /01-start/Bilder seine-leidenschaft.jpg
2009.08.01 09:37 B E:\1.0Homepage-Hans\01-start\Bilder\Thumbs.db --> ftp.hans-kirchhoff.de /01-start/Bilder Thumbs.db
2009.08.01 09:37 B E:\1.0Homepage-Hans\01-start\Bilder\willkommen.jpg --> ftp.hans-kirchhoff.de /01-start/Bilder willkommen.jpg
2009.08.01 09:37 B E:\1.0Homepage-Hans\01-start\Bilder\WS_FTP.LOG --> ftp.hans-kirchhoff.de /01-start/Bilder WS_FTP.LOG
2009.08.02 17:12 B E:\1.0Homepage-Hans\01-start\Bilder\WS_FTP.LOG --> ftp.hans-kirchhoff.de /01-start/Bilder WS_FTP.LOG
2009.08.02 17:22 B E:\1.0Homepage-Hans\01-start\Bilder\WS_FTP.LOG --> ftp.hans-kirchhoff.de /01-start/Bilder WS_FTP.LOG
2009.08.02 17:22 B E:\1.0Homepage-Hans\01-start\Bilder\1a_t_we03.gif --> ftp.hans-kirchhoff.de /01-start/01-start/Bilder 1a_t_we03.gif
2009.08.02 17:22 B E:\1.0Homepage-Hans\01-start\Bilder\befreiung.jpg --> ftp.hans-kirchhoff.de /01-start/01-start/Bilder befreiung.jpg
2009.08.02 17:22 B E:\1.0Homepage-Hans\01-start\Bilder\blut-traenen.gif --> ftp.hans-kirchhoff.de /01-start/01-start/Bilder blut-traenen.gif
2009.08.02 17:23 B E:\1.0Homepage-Hans\01-start\Bilder\die_traenen_deiner_seele.jpg --> ftp.hans-kirchhoff.de /01-start/01-start/Bilder die_traenen_deiner_seele.jpg
2009.08.02 17:23 B E:\1.0Homepage-Hans\01-start\Bilder\feuerwerk(1).gif --> ftp.hans-kirchhoff.de /01-start/01-start/Bilder feuerwerk(1).gif
2009.08.02 17:23 B E:\1.0Homepage-Hans\01-start\Bilder\Hans1.gif --> ftp.hans-kirchhoff.de /01-start/01-start/Bilder Hans1.gif
2009.08.02 17:23 B E:\1.0Homepage-Hans\01-start\Bilder\hilfe.jpg --> ftp.hans-kirchhoff.de /01-start/01-start/Bilder hilfe.jpg
2009.08.02 17:23 B E:\1.0Homepage-Hans\01-start\Bilder\hintergrund.jpg --> ftp.hans-kirchhoff.de /01-start/01-start/Bilder hintergrund.jpg
2009.08.02 17:23 B E:\1.0Homepage-Hans\01-start\Bilder\hintergrund2.jpg --> ftp.hans-kirchhoff.de /01-start/01-start/Bilder hintergrund2.jpg
2009.08.02 17:23 B E:\1.0Homepage-Hans\01-start\Bilder\hintergrund6.jpg --> ftp.hans-kirchhoff.de /01-start/01-start/Bilder hintergrund6.jpg
2009.08.02 17:23 B E:\1.0Homepage-Hans\01-start\Bilder\kreuz.gif --> ftp.hans-kirchhoff.de /01-start/01-start/Bilder kreuz.gif
2009.08.02 17:23 B E:\1.0Homepage-Hans\01-start\Bilder\lebensbaum.gif --> ftp.hans-kirchhoff.de /01-start/01-start/Bilder lebensbaum.gif
2009.08.02 17:23 B E:\1.0Homepage-Hans\01-start\Bilder\mario(2).jpg --> ftp.hans-kirchhoff.de /01-start/01-start/Bilder mario(2).jpg
2009.08.02 17:23 B E:\1.0Homepage-Hans\01-start\Bilder\Mario.gif --> ftp.hans-kirchhoff.de /01-start/01-start/Bilder Mario.gif
2009.08.02 17:23 B E:\1.0Homepage-Hans\01-start\Bilder\Mario.jpg --> ftp.hans-kirchhoff.de /01-start/01-start/Bilder Mario.jpg
2009.08.02 17:23 B E:\1.0Homepage-Hans\01-start\Bilder\marios-gaestebuch.jpg --> ftp.hans-kirchhoff.de /01-start/01-start/Bilder marios-gaestebuch.jpg
2009.08.02 17:23 B E:\1.0Homepage-Hans\01-start\Bilder\Rheydter-City-Managemat.jpg --> ftp.hans-kirchhoff.de /01-start/01-start/Bilder Rheydter-City-Managemat.jpg
2009.08.02 17:23 B E:\1.0Homepage-Hans\01-start\Bilder\rip .gif --> ftp.hans-kirchhoff.de /01-start/01-start/Bilder rip .gif
2009.08.02 17:23 B E:\1.0Homepage-Hans\01-start\Bilder\seine-leidenschaft.jpg --> ftp.hans-kirchhoff.de /01-start/01-start/Bilder seine-leidenschaft.jpg
2009.08.02 17:23 B E:\1.0Homepage-Hans\01-start\Bilder\stern3.gif --> ftp.hans-kirchhoff.de /01-start/01-start/Bilder stern3.gif
2009.08.02 17:23 B E:\1.0Homepage-Hans\01-start\Bilder\Thumbs.db --> ftp.hans-kirchhoff.de /01-start/01-start/Bilder Thumbs.db
2009.08.02 17:23 B E:\1.0Homepage-Hans\01-start\Bilder\vogel_246.gif --> ftp.hans-kirchhoff.de /01-start/01-start/Bilder vogel_246.gif
2009.08.02 17:23 B E:\1.0Homepage-Hans\01-start\Bilder\wappen-rheydt.gif --> ftp.hans-kirchhoff.de /01-start/01-start/Bilder wappen-rheydt.gif
2009.08.02 17:23 B E:\1.0Homepage-Hans\01-start\Bilder\willkommen.jpg --> ftp.hans-kirchhoff.de /01-start/01-start/Bilder willkommen.jpg
2009.08.02 17:23 B E:\1.0Homepage-Hans\01-start\Bilder\WS_FTP.LOG --> ftp.hans-kirchhoff.de /01-start/01-start/Bilder WS_FTP.LOG
2009.08.18 09:47 B E:\1.0Homepage-Hans\01-start\Bilder\die_traenen.jpg --> ftp.hans-kirchhoff.de /01-start/Bilder die_traenen.jpg
2009.08.18 09:53 B E:\1.0Homepage-Hans\01-start\Bilder\seine-leidenschaft.jpg --> ftp.hans-kirchhoff.de /01-start/Bilder seine-leidenschaft.jpg
2009.08.18 10:09 B E:\1.0Homepage-Hans\01-start\Bilder\menschen_die_wir_lieben.jpg --> ftp.hans-kirchhoff.de /01-start/Bilder menschen_die_wir_lieben.jpg
2009.08.18 10:32 B E:\1.0Homepage-Hans\01-start\Bilder\kerze.gif --> ftp.hans-kirchhoff.de /01-start/Bilder kerze.gif
2009.08.18 11:02 B E:\1.0Homepage-Hans\01-start\Bilder\seine-leidenschaft.jpg --> ftp.hans-kirchhoff.de /01-start/Bilder seine-leidenschaft.jpg
2009.08.25 09:46 B E:\1.0Homepage-Hans\01-start\Bilder\udo.gif --> ftp.hans-kirchhoff.de /01-start/01-start udo.gif
2009.08.25 09:46 B E:\1.0Homepage-Hans\01-start\Bilder\udo.gif --> ftp.hans-kirchhoff.de /01-start/01-start/Bilder udo.gif
2009.08.25 09:50 B E:\1.0Homepage-Hans\01-start\Bilder\udo.gif --> ftp.hans-kirchhoff.de /01-start/Bilder udo.gif
2009.08.25 10:05 B E:\1.0Homepage-Hans\01-start\Bilder\smylie_weint.gif --> ftp.hans-kirchhoff.de /01-start/Bilder smylie_weint.gif
2009.08.25 11:05 B E:\1.0Homepage-Hans\01-start\Bilder\danke-udo.jpg --> ftp.hans-kirchhoff.de /01-start/01-start danke-udo.jpg
2009.08.25 11:05 B E:\1.0Homepage-Hans\01-start\Bilder\danke-udo.jpg --> ftp.hans-kirchhoff.de /01-start/Bilder danke-udo.jpg
2009.08.29 19:40 B E:\1.0Homepage-Hans\01-start\Bilder\hintergrund.jpg --> ftp.hans-kirchhoff.de /01-start/01-start/Bilder hintergrund.jpg
2009.08.29 19:46 B E:\1.0Homepage-Hans\01-start\Bilder\hintergrund.jpg --> ftp.hans-kirchhoff.de /01-start/Bilder hintergrund.jpg
2009.08.29 20:14 B E:\1.0Homepage-Hans\01-start\Bilder\hintergrund.jpg --> ftp.hans-kirchhoff.de /01-start/Bilder hintergrund.jpg
2009.08.30 05:07 B E:\1.0Homepage-Hans\01-start\Bilder\hintergrund3.jpg --> ftp.hans-kirchhoff.de /01-start/01-start/Bilder hintergrund3.jpg
2009.08.30 05:16 B E:\1.0Homepage-Hans\01-start\Bilder\hintergrund3.jpg --> ftp.hans-kirchhoff.de /01-start/01-start/Bilder hintergrund3.jpg
2009.08.30 05:24 B E:\1.0Homepage-Hans\01-start\Bilder\hintergrund3.jpg --> ftp.hans-kirchhoff.de /01-start/Bilder hintergrund3.jpg
2009.08.30 06:23 B E:\1.0Homepage-Hans\01-start\Bilder\willkommen1.jpg --> ftp.hans-kirchhoff.de /01-start/01-start/Bilder willkommen1.jpg
2009.08.30 07:26 B E:\1.0Homepage-Hans\01-start\Bilder\hintergrund4.jpg --> ftp.hans-kirchhoff.de /01-start/Bilder hintergrund4.jpg
2009.09.19 14:35 B E:\1.0Homepage-Hans\01-start\Bilder\urtier.jpg --> ftp.hans-kirchhoff.de /01-start/Bilder urtier.jpg
2009.09.19 14:37 B E:\1.0Homepage-Hans\01-start\Bilder\urtier.jpg --> ftp.hans-kirchhoff.de /01-start/Bilder urtier.jpg
2009.09.29 05:37 B E:\1.0Homepage-Hans\01-start\Bilder\Flyer_City_02.10.09.jpg --> ftp.hans-kirchhoff.de /01-start/Bilder Flyer_City_02.10.09.jpg
2009.10.10 05:46 B E:\1.0Homepage-Hans\01-start\Bilder\hintergrund7.jpg --> ftp.hans-kirchhoff.de /01-start/Bilder hintergrund7.jpg
2009.10.10 05:54 B E:\1.0Homepage-Hans\01-start\Bilder\Hans-Billard.gif --> ftp.hans-kirchhoff.de /01-start/Bilder Hans-Billard.gif
2009.10.10 05:55 B E:\1.0Homepage-Hans\01-start\Bilder\1a_t_we03.gif --> ftp.hans-kirchhoff.de /01-start 1a_t_we03.gif
2009.10.10 06:13 B E:\1.0Homepage-Hans\01-start\Bilder\hintergrund1.jpg --> ftp.hans-kirchhoff.de /01-start/01-start hintergrund1.jpg
2009.10.10 06:17 B E:\1.0Homepage-Hans\01-start\Bilder\hintergrund1.jpg --> ftp.hans-kirchhoff.de /01-start/Bilder hintergrund1.jpg
2009.10.13 06:49 B E:\1.0Homepage-Hans\01-start\Bilder\uhr.gif --> ftp.hans-kirchhoff.de /01-start/01-start uhr.gif
2009.10.13 06:54 B E:\1.0Homepage-Hans\01-start\Bilder\uhr.gif --> ftp.hans-kirchhoff.de /01-start/Bilder uhr.gif
2009.10.13 09:01 B E:\1.0Homepage-Hans\01-start\Bilder\uhr.gif --> ftp.hans-kirchhoff.de /01-start/Bilder uhr.gif
2009.11.24 06:07 B E:\1.0Homepage-Hans\01-start\Bilder\schneeflocken-linie.gif --> ftp.hans-kirchhoff.de /01-start/Bilder schneeflocken-linie.gif
2009.11.24 06:08 B E:\1.0Homepage-Hans\01-start\Bilder\hintergrundsterne3.gif --> ftp.hans-kirchhoff.de /01-start/Bilder hintergrundsterne3.gif
2009.11.24 06:09 B E:\1.0Homepage-Hans\01-start\Bilder\xmas048.gif --> ftp.hans-kirchhoff.de /01-start/Bilder xmas048.gif
2009.11.24 07:12 B E:\1.0Homepage-Hans\01-start\Bilder\sternenkreis.gif --> ftp.hans-kirchhoff.de /01-start/Bilder sternenkreis.gif
2009.11.24 08:09 B E:\1.0Homepage-Hans\01-start\Bilder\weihnachtsbaub_gold.gif --> ftp.hans-kirchhoff.de /01-start/Bilder weihnachtsbaub_gold.gif
2009.11.24 13:11 B E:\1.0Homepage-Hans\01-start\Bilder\mond1.gif --> ftp.hans-kirchhoff.de /01-start/Bilder mond1.gif
2009.11.25 07:51 B E:\1.0Homepage-Hans\01-start\Bilder\stein2.gif --> ftp.hans-kirchhoff.de /01-start/Bilder stein2.gif
2009.11.30 04:42 B E:\1.0Homepage-Hans\01-start\Bilder\kerzen_01.gif --> ftp.hans-kirchhoff.de /01-start/Bilder kerzen_01.gif
2009.11.30 04:42 B E:\1.0Homepage-Hans\01-start\Bilder\kerzen_02.gif --> ftp.hans-kirchhoff.de /01-start/Bilder kerzen_02.gif
2009.11.30 04:42 B E:\1.0Homepage-Hans\01-start\Bilder\kerzen_03.gif --> ftp.hans-kirchhoff.de /01-start/Bilder kerzen_03.gif
2009.11.30 04:42 B E:\1.0Homepage-Hans\01-start\Bilder\kerzen_04.gif --> ftp.hans-kirchhoff.de /01-start/Bilder kerzen_04.gif
2009.11.30 05:00 B E:\1.0Homepage-Hans\01-start\Bilder\Weihnachten-Kerze.gif --> ftp.hans-kirchhoff.de /01-start/Bilder Weihnachten-Kerze.gif
2009.11.30 05:14 B E:\1.0Homepage-Hans\01-start\Bilder\kerze00001.gif --> ftp.hans-kirchhoff.de /01-start/Bilder kerze00001.gif
2009.11.30 05:14 B E:\1.0Homepage-Hans\01-start\Bilder\kerze00002.gif --> ftp.hans-kirchhoff.de /01-start/Bilder kerze00002.gif
2009.11.30 05:14 B E:\1.0Homepage-Hans\01-start\Bilder\kerze00003.gif --> ftp.hans-kirchhoff.de /01-start/Bilder kerze00003.gif
2009.11.30 05:14 B E:\1.0Homepage-Hans\01-start\Bilder\kerze00004.gif --> ftp.hans-kirchhoff.de /01-start/Bilder kerze00004.gif
2009.11.30 05:45 B E:\1.0Homepage-Hans\01-start\Bilder\24.gif --> ftp.hans-kirchhoff.de /01-start/Bilder 24.gif
2009.12.06 11:04 B E:\1.0Homepage-Hans\01-start\Bilder\nikolaus.gif --> ftp.hans-kirchhoff.de /01-start/Bilder nikolaus.gif
2009.12.24 12:44 B E:\1.0Homepage-Hans\01-start\Bilder\froheweihnachten.gif --> ftp.hans-kirchhoff.de /01-start/Bilder froheweihnachten.gif
2009.12.25 17:14 B E:\1.0Homepage-Hans\01-start\Bilder\hk.gif --> ftp.hans-kirchhoff.de /01-start/Bilder hk.gif
2009.12.27 04:41 B E:\1.0Homepage-Hans\01-start\Bilder\hintergrund2.jpg --> ftp.hans-kirchhoff.de /01-start/Bilder hintergrund2.jpg
2009.12.27 05:16 B E:\1.0Homepage-Hans\01-start\Bilder\S-F.gif --> ftp.hans-kirchhoff.de /01-start/Bilder S-F.gif
2009.12.27 06:07 B E:\1.0Homepage-Hans\01-start\Bilder\hintergrund3.jpg --> ftp.hans-kirchhoff.de /01-start/Bilder hintergrund3.jpg
2009.12.27 07:42 B E:\1.0Homepage-Hans\01-start\Bilder\baer-mit-kleeblatt.gif --> ftp.hans-kirchhoff.de /01-start/Bilder baer-mit-kleeblatt.gif
2009.12.27 07:47 B E:\1.0Homepage-Hans\01-start\Bilder\viel-Glueck.gif --> ftp.hans-kirchhoff.de /01-start/Bilder viel-Glueck.gif
2009.12.27 08:29 B E:\1.0Homepage-Hans\01-start\Bilder\danke.gif --> ftp.hans-kirchhoff.de /01-start/Bilder danke.gif
2010.01.01 05:26 B E:\1.0Homepage-Hans\01-start\Bilder\2010_neujahr.gif --> ftp.hans-kirchhoff.de /01-start/Bilder 2010_neujahr.gif
2010.01.01 05:26 B E:\1.0Homepage-Hans\01-start\Bilder\2010_neujahr_sekt.gif --> ftp.hans-kirchhoff.de /01-start/Bilder 2010_neujahr_sekt.gif
2010.01.07 16:31 B E:\1.0Homepage-Hans\01-start\Bilder\media-markt.jpg --> ftp.hans-kirchhoff.de /01-start/Bilder media-markt.jpg
2010.01.07 17:44 B E:\1.0Homepage-Hans\01-start\Bilder\media-markt.gif --> ftp.hans-kirchhoff.de /01-start/Bilder media-markt.gif
2010.01.24 07:03 B E:\1.0Homepage-Hans\01-start\Bilder\60 Jahre.gif --> ftp.hans-kirchhoff.de /01-start/Bilder 60 Jahre.gif
2010.01.24 07:04 B E:\1.0Homepage-Hans\01-start\Bilder\1950.gif --> ftp.hans-kirchhoff.de /01-start/Bilder 1950.gif
2010.02.13 09:10 B E:\1.0Homepage-Hans\01-start\Bilder\valentin-1.gif --> ftp.hans-kirchhoff.de /01-start/Bilder valentin-1.gif
2010.02.13 09:10 B E:\1.0Homepage-Hans\01-start\Bilder\valentin.gif --> ftp.hans-kirchhoff.de /01-start/Bilder valentin.gif
2010.02.13 09:11 B E:\1.0Homepage-Hans\01-start\Bilder\Valentinstag_1.gif --> ftp.hans-kirchhoff.de /01-start/Bilder Valentinstag_1.gif
2010.02.13 09:23 B E:\1.0Homepage-Hans\01-start\Bilder\geliebt-werden.jpg --> ftp.hans-kirchhoff.de /01-start/Bilder geliebt-werden.jpg
2010.02.14 04:25 B E:\1.0Homepage-Hans\01-start\Bilder\rote_kerze.gif --> ftp.hans-kirchhoff.de /01-start/Bilder rote_kerze.gif
2010.02.14 04:36 B E:\1.0Homepage-Hans\01-start\Bilder\hintergrund17.gif --> ftp.hans-kirchhoff.de /01-start/Bilder hintergrund17.gif
2010.02.15 06:07 B E:\1.0Homepage-Hans\01-start\Bilder\Karneval.gif --> ftp.hans-kirchhoff.de /01-start/Bilder Karneval.gif
2010.02.17 12:47 B E:\1.0Homepage-Hans\01-start\Bilder\wolken-2.gif --> ftp.hans-kirchhoff.de /01-start/Bilder wolken-2.gif
2010.02.17 20:07 B E:\1.0Homepage-Hans\01-start\Bilder\willkommen.gif --> ftp.hans-kirchhoff.de /01-start/Bilder willkommen.gif
2010.02.18 12:40 B E:\1.0Homepage-Hans\01-start\Bilder\wolken.gif --> ftp.hans-kirchhoff.de /01-start/Bilder wolken.gif
2010.03.07 07:59 B E:\1.0Homepage-Hans\01-start\Bilder\banner_kirchhoff.jpg --> ftp.hans-kirchhoff.de /01-start/Bilder banner_kirchhoff.jpg
2010.12.02 20:08 B G:\Homepage-BU-MG-Kempen\01-start\Bilder\1pbckani.gif --> billardunionmgkempen.de /01-start/Bilder 1pbckani.gif
2010.12.02 20:08 B G:\Homepage-BU-MG-Kempen\01-start\Bilder\2010 Turnierserie.pdf --> billardunionmgkempen.de /01-start/Bilder 2010 Turnierserie.pdf
2010.12.02 20:08 B G:\Homepage-BU-MG-Kempen\01-start\Bilder\Banner Billardunion- Mg.-K.196903e.V..jpg --> billardunionmgkempen.de /01-start/Bilder Banner Billardunion- Mg.-K.196903e.V..jpg
2010.12.02 20:08 B G:\Homepage-BU-MG-Kempen\01-start\Bilder\erdball.gif --> billardunionmgkempen.de /01-start/Bilder erdball.gif
2010.12.02 20:08 B G:\Homepage-BU-MG-Kempen\01-start\Bilder\hintergrund(blau).jpg --> billardunionmgkempen.de /01-start/Bilder hintergrund(blau).jpg
2010.12.02 20:08 B G:\Homepage-BU-MG-Kempen\01-start\Bilder\hintergrund(hellblau).JPG --> billardunionmgkempen.de /01-start/Bilder hintergrund(hellblau).JPG
2010.12.02 20:08 B G:\Homepage-BU-MG-Kempen\01-start\Bilder\hintergrund(schwarz).jpg --> billardunionmgkempen.de /01-start/Bilder hintergrund(schwarz).jpg
2010.12.02 20:08 B G:\Homepage-BU-MG-Kempen\01-start\Bilder\kerze-blau.gif --> billardunionmgkempen.de /01-start/Bilder kerze-blau.gif
2010.12.02 20:08 B G:\Homepage-BU-MG-Kempen\01-start\Bilder\kerze.gif --> billardunionmgkempen.de /01-start/Bilder kerze.gif
2010.12.02 20:08 B G:\Homepage-BU-MG-Kempen\01-start\Bilder\logo.gif --> billardunionmgkempen.de /01-start/Bilder logo.gif
2010.12.02 20:08 B G:\Homepage-BU-MG-Kempen\01-start\Bilder\sieger.gif --> billardunionmgkempen.de /01-start/Bilder sieger.gif
2010.12.02 20:08 B G:\Homepage-BU-MG-Kempen\01-start\Bilder\start.gif --> billardunionmgkempen.de /01-start/Bilder start.gif
2010.12.02 20:08 B G:\Homepage-BU-MG-Kempen\01-start\Bilder\Thumbs.db --> billardunionmgkempen.de /01-start/Bilder Thumbs.db
2010.12.02 20:08 B G:\Homepage-BU-MG-Kempen\01-start\Bilder\turnierserie.JPG --> billardunionmgkempen.de /01-start/Bilder turnierserie.JPG
2010.12.02 20:08 B G:\Homepage-BU-MG-Kempen\01-start\Bilder\wolke1.gif --> billardunionmgkempen.de /01-start/Bilder wolke1.gif
2010.12.02 20:08 B G:\Homepage-BU-MG-Kempen\01-start\Bilder\wolke2.gif --> billardunionmgkempen.de /01-start/Bilder wolke2.gif
2010.12.02 20:08 B G:\Homepage-BU-MG-Kempen\01-start\Bilder\wolken1.gif --> billardunionmgkempen.de /01-start/Bilder wolken1.gif
2010.12.02 20:08 B G:\Homepage-BU-MG-Kempen\01-start\Bilder\World .gif --> billardunionmgkempen.de /01-start/Bilder World .gif
