2009.06.21 20:49 B E:\1.0Homepage-Hans\07-links\Bilder\arge Kopie.gif --> ftp.hans-kirchhoff.de /07-links/Bilder arge Kopie.gif
2009.06.21 20:49 B E:\1.0Homepage-Hans\07-links\Bilder\gigajob-mainlogo.gif --> ftp.hans-kirchhoff.de /07-links/Bilder gigajob-mainlogo.gif
2009.06.21 20:49 B E:\1.0Homepage-Hans\07-links\Bilder\hintergrund.jpg --> ftp.hans-kirchhoff.de /07-links/Bilder hintergrund.jpg
2009.06.21 20:50 B E:\1.0Homepage-Hans\07-links\Bilder\hintergrundk.jpg --> ftp.hans-kirchhoff.de /07-links/Bilder hintergrundk.jpg
2009.06.21 20:50 B E:\1.0Homepage-Hans\07-links\Bilder\logo_arbeiten.de.jpg --> ftp.hans-kirchhoff.de /07-links/Bilder logo_arbeiten.de.jpg
2009.06.21 20:50 B E:\1.0Homepage-Hans\07-links\Bilder\logo_jobworld_evita.gif --> ftp.hans-kirchhoff.de /07-links/Bilder logo_jobworld_evita.gif
2009.06.21 20:50 B E:\1.0Homepage-Hans\07-links\Bilder\MG-Wappen_MG_transparent.gif --> ftp.hans-kirchhoff.de /07-links/Bilder MG-Wappen_MG_transparent.gif
2009.06.21 20:50 B E:\1.0Homepage-Hans\07-links\Bilder\monster.gif --> ftp.hans-kirchhoff.de /07-links/Bilder monster.gif
2009.06.21 20:50 B E:\1.0Homepage-Hans\07-links\Bilder\rapido.gif --> ftp.hans-kirchhoff.de /07-links/Bilder rapido.gif
2009.06.21 20:50 B E:\1.0Homepage-Hans\07-links\Bilder\stadt_mg.jpg --> ftp.hans-kirchhoff.de /07-links/Bilder stadt_mg.jpg
2009.06.21 20:50 B E:\1.0Homepage-Hans\07-links\Bilder\stellenangebote-forum.jpg --> ftp.hans-kirchhoff.de /07-links/Bilder stellenangebote-forum.jpg
2009.06.21 20:50 B E:\1.0Homepage-Hans\07-links\Bilder\Thumbs.db --> ftp.hans-kirchhoff.de /07-links/Bilder Thumbs.db
2009.06.21 20:50 B E:\1.0Homepage-Hans\07-links\Bilder\welt.gif --> ftp.hans-kirchhoff.de /07-links/Bilder welt.gif
2009.06.22 19:03 B E:\1.0Homepage-Hans\07-links\Bilder\wappen-rheydt.gif --> ftp.hans-kirchhoff.de /07-links/Bilder wappen-rheydt.gif
2009.06.23 08:27 B E:\1.0Homepage-Hans\07-links\Bilder\rechts.gif --> ftp.hans-kirchhoff.de /07-links/Bilder rechts.gif
2009.06.23 08:27 B E:\1.0Homepage-Hans\07-links\Bilder\links.gif --> ftp.hans-kirchhoff.de /07-links/Bilder links.gif
2009.06.23 10:17 B E:\1.0Homepage-Hans\07-links\Bilder\rheydt-online.jpg --> ftp.hans-kirchhoff.de /07-links/Bilder rheydt-online.jpg
2009.06.23 15:26 B E:\1.0Homepage-Hans\07-links\Bilder\moenchengladbach_old.gif --> ftp.hans-kirchhoff.de /07-links/Bilder moenchengladbach_old.gif
2009.06.24 11:25 B E:\1.0Homepage-Hans\07-links\Bilder\Rheydter-City-Managemat.jpg --> ftp.hans-kirchhoff.de / Rheydter-City-Managemat.jpg
2009.06.24 11:34 B E:\1.0Homepage-Hans\07-links\Bilder\Rheydter-City-Managemat.jpg --> ftp.hans-kirchhoff.de /07-links/Bilder Rheydter-City-Managemat.jpg
2009.06.24 14:38 B E:\1.0Homepage-Hans\07-links\Bilder\at-sign24_5kb.gif --> ftp.hans-kirchhoff.de /07-links/Bilder at-sign24_5kb.gif
2009.06.25 18:49 B E:\1.0Homepage-Hans\07-links\Bilder\hintergrund2.jpg --> ftp.hans-kirchhoff.de /07-links/Bilder hintergrund2.jpg
2009.06.26 06:40 B E:\1.0Homepage-Hans\07-links\Bilder\Turmfest.jpg --> ftp.hans-kirchhoff.de /07-links/Bilder Turmfest.jpg
2009.06.26 08:19 B E:\1.0Homepage-Hans\07-links\Bilder\Hauptbahnhof-MG.jpg --> ftp.hans-kirchhoff.de /07-links/Bilder Hauptbahnhof-MG.jpg
2009.06.27 13:50 B E:\1.0Homepage-Hans\07-links\Bilder\at.gif --> ftp.hans-kirchhoff.de /07-links/Bilder at.gif
2009.06.28 07:48 B E:\1.0Homepage-Hans\07-links\Bilder\hintergrund2.jpg --> ftp.hans-kirchhoff.de /07-links/Bilder hintergrund2.jpg
2009.07.13 14:34 B E:\1.0Homepage-Hans\07-links\Bilder\stadt_ry.gif --> ftp.hans-kirchhoff.de /07-links/Bilder stadt_ry.gif
2009.07.20 13:08 B E:\1.0Homepage-Hans\07-links\Bilder\logo-gericke.jpg --> ftp.hans-kirchhoff.de /07-links/Bilder logo-gericke.jpg
2009.07.25 21:00 B E:\1.0Homepage-Hans\07-links\Bilder\wandgesteck2.gif --> ftp.hans-kirchhoff.de /07-links/Bilder wandgesteck2.gif
2009.07.28 10:36 B E:\1.0Homepage-Hans\07-links\Bilder\banner_gericke.jpg --> ftp.hans-kirchhoff.de /07-links/Bilder banner_gericke.jpg
2009.07.29 14:32 B E:\1.0Homepage-Hans\07-links\Bilder\blume-links.gif --> ftp.hans-kirchhoff.de /07-links/Bilder blume-links.gif
2009.07.29 14:32 B E:\1.0Homepage-Hans\07-links\Bilder\blume-rechts.gif --> ftp.hans-kirchhoff.de /07-links/Bilder blume-rechts.gif
2009.08.18 07:50 B E:\1.0Homepage-Hans\07-links\Bilder\Homepage-Engel.jpg --> ftp.hans-kirchhoff.de /07-links/Bilder Homepage-Engel.jpg
2009.08.21 10:08 B E:\1.0Homepage-Hans\07-links\Bilder\niersradio-logo.jpg --> ftp.hans-kirchhoff.de /07-links/Bilder niersradio-logo.jpg
2009.08.21 10:08 B E:\1.0Homepage-Hans\07-links\Bilder\city_vision.gif --> ftp.hans-kirchhoff.de /07-links/Bilder city_vision.gif
2009.08.22 11:18 B E:\1.0Homepage-Hans\07-links\Bilder\hansemann.gif --> ftp.hans-kirchhoff.de /07-links/Bilder hansemann.gif
2009.08.22 11:21 B E:\1.0Homepage-Hans\07-links\Bilder\1.Hand.gif --> ftp.hans-kirchhoff.de /07-links/Bilder 1.Hand.gif
2009.08.27 06:44 B E:\1.0Homepage-Hans\07-links\Bilder\Banner_Kueppers.jpg --> ftp.hans-kirchhoff.de /07-links/Bilder Banner_Kueppers.jpg
2009.08.27 18:17 B E:\1.0Homepage-Hans\07-links\Bilder\banner_rheydt-online.jpg --> ftp.hans-kirchhoff.de /07-links/Bilder banner_rheydt-online.jpg
2009.08.29 19:42 B E:\1.0Homepage-Hans\07-links\Bilder\hintergrund.jpg --> ftp.hans-kirchhoff.de /07-links/Bilder hintergrund.jpg
2009.09.01 05:32 B E:\1.0Homepage-Hans\07-links\Bilder\banner-Chat-RY-MG.jpg --> ftp.hans-kirchhoff.de /07-links/Bilder banner-Chat-RY-MG.jpg
2009.09.04 13:03 B E:\1.0Homepage-Hans\10-bundeslaender\Bilder\1.Hand.gif --> ftp.hans-kirchhoff.de /10-bundeslaender/Bilder 1.Hand.gif
2009.09.04 13:03 B E:\1.0Homepage-Hans\10-bundeslaender\Bilder\at.gif --> ftp.hans-kirchhoff.de /10-bundeslaender/Bilder at.gif
2009.09.04 13:03 B E:\1.0Homepage-Hans\10-bundeslaender\Bilder\Baden-Wuerttemberg.gif --> ftp.hans-kirchhoff.de /10-bundeslaender/Bilder Baden-Wuerttemberg.gif
2009.09.04 13:03 B E:\1.0Homepage-Hans\10-bundeslaender\Bilder\Bayern.gif --> ftp.hans-kirchhoff.de /10-bundeslaender/Bilder Bayern.gif
2009.09.04 13:03 B E:\1.0Homepage-Hans\10-bundeslaender\Bilder\berlin.gif --> ftp.hans-kirchhoff.de /10-bundeslaender/Bilder berlin.gif
2009.09.04 13:03 B E:\1.0Homepage-Hans\10-bundeslaender\Bilder\brandenburg.gif --> ftp.hans-kirchhoff.de /10-bundeslaender/Bilder brandenburg.gif
2009.09.04 13:03 B E:\1.0Homepage-Hans\10-bundeslaender\Bilder\bremen.gif --> ftp.hans-kirchhoff.de /10-bundeslaender/Bilder bremen.gif
2009.09.04 13:03 B E:\1.0Homepage-Hans\10-bundeslaender\Bilder\Hamburg.gif --> ftp.hans-kirchhoff.de /10-bundeslaender/Bilder Hamburg.gif
2009.09.04 13:03 B E:\1.0Homepage-Hans\10-bundeslaender\Bilder\Hessen.gif --> ftp.hans-kirchhoff.de /10-bundeslaender/Bilder Hessen.gif
2009.09.04 13:03 B E:\1.0Homepage-Hans\10-bundeslaender\Bilder\hintergrund.jpg --> ftp.hans-kirchhoff.de /10-bundeslaender/Bilder hintergrund.jpg
2009.09.04 13:03 B E:\1.0Homepage-Hans\10-bundeslaender\Bilder\links.gif --> ftp.hans-kirchhoff.de /10-bundeslaender/Bilder links.gif
2009.09.04 13:03 B E:\1.0Homepage-Hans\10-bundeslaender\Bilder\Meckl.gif --> ftp.hans-kirchhoff.de /10-bundeslaender/Bilder Meckl.gif
2009.09.04 13:03 B E:\1.0Homepage-Hans\10-bundeslaender\Bilder\Niedersachsen.gif --> ftp.hans-kirchhoff.de /10-bundeslaender/Bilder Niedersachsen.gif
2009.09.04 13:03 B E:\1.0Homepage-Hans\10-bundeslaender\Bilder\Nordrhein-Westfalen.gif --> ftp.hans-kirchhoff.de /10-bundeslaender/Bilder Nordrhein-Westfalen.gif
2009.09.04 13:03 B E:\1.0Homepage-Hans\10-bundeslaender\Bilder\rechts.gif --> ftp.hans-kirchhoff.de /10-bundeslaender/Bilder rechts.gif
2009.09.04 13:03 B E:\1.0Homepage-Hans\10-bundeslaender\Bilder\Rheinland-Pfalz.gif --> ftp.hans-kirchhoff.de /10-bundeslaender/Bilder Rheinland-Pfalz.gif
2009.09.04 13:03 B E:\1.0Homepage-Hans\10-bundeslaender\Bilder\Saarland.gif --> ftp.hans-kirchhoff.de /10-bundeslaender/Bilder Saarland.gif
2009.09.04 13:03 B E:\1.0Homepage-Hans\10-bundeslaender\Bilder\Sachsen.gif --> ftp.hans-kirchhoff.de /10-bundeslaender/Bilder Sachsen.gif
2009.09.04 13:03 B E:\1.0Homepage-Hans\10-bundeslaender\Bilder\Sachsenanhalt.gif --> ftp.hans-kirchhoff.de /10-bundeslaender/Bilder Sachsenanhalt.gif
2009.09.04 13:03 B E:\1.0Homepage-Hans\10-bundeslaender\Bilder\Schleswig-Holstein.gif --> ftp.hans-kirchhoff.de /10-bundeslaender/Bilder Schleswig-Holstein.gif
2009.09.04 13:03 B E:\1.0Homepage-Hans\10-bundeslaender\Bilder\Thueringen.gif --> ftp.hans-kirchhoff.de /10-bundeslaender/Bilder Thueringen.gif
2009.09.04 13:03 B E:\1.0Homepage-Hans\10-bundeslaender\Bilder\Thumbs.db --> ftp.hans-kirchhoff.de /10-bundeslaender/Bilder Thumbs.db
2009.09.04 13:03 B E:\1.0Homepage-Hans\10-bundeslaender\Bilder\WS_FTP.LOG --> ftp.hans-kirchhoff.de /10-bundeslaender/Bilder WS_FTP.LOG
2009.09.04 13:31 B E:\1.0Homepage-Hans\10-bundeslaender\Bilder\Deutschland.gif --> ftp.hans-kirchhoff.de /10-bundeslaender/Bilder Deutschland.gif
2009.09.23 05:45 B E:\1.0Homepage-Hans\10-Ich Verkaufe\Bilder_Verkaufe\1.Hand.gif --> ftp.hans-kirchhoff.de /10-Ich Verkaufe/Bilder_Verkaufe 1.Hand.gif
2009.09.23 05:45 B E:\1.0Homepage-Hans\10-Ich Verkaufe\Bilder_Verkaufe\at.gif --> ftp.hans-kirchhoff.de /10-Ich Verkaufe/Bilder_Verkaufe at.gif
2009.09.23 05:45 B E:\1.0Homepage-Hans\10-Ich Verkaufe\Bilder_Verkaufe\bauarbeiter.gif --> ftp.hans-kirchhoff.de /10-Ich Verkaufe/Bilder_Verkaufe bauarbeiter.gif
2009.09.23 05:45 B E:\1.0Homepage-Hans\10-Ich Verkaufe\Bilder_Verkaufe\hintergrund.jpg --> ftp.hans-kirchhoff.de /10-Ich Verkaufe/Bilder_Verkaufe hintergrund.jpg
2009.09.23 05:45 B E:\1.0Homepage-Hans\10-Ich Verkaufe\Bilder_Verkaufe\links.gif --> ftp.hans-kirchhoff.de /10-Ich Verkaufe/Bilder_Verkaufe links.gif
2009.09.23 05:45 B E:\1.0Homepage-Hans\10-Ich Verkaufe\Bilder_Verkaufe\rechts.gif --> ftp.hans-kirchhoff.de /10-Ich Verkaufe/Bilder_Verkaufe rechts.gif
2009.09.23 05:45 B E:\1.0Homepage-Hans\10-Ich Verkaufe\Bilder_Verkaufe\Thumbs.db --> ftp.hans-kirchhoff.de /10-Ich Verkaufe/Bilder_Verkaufe Thumbs.db
2009.09.23 05:45 B E:\1.0Homepage-Hans\10-Ich Verkaufe\Bilder_Verkaufe\WS_FTP.LOG --> ftp.hans-kirchhoff.de /10-Ich Verkaufe/Bilder_Verkaufe WS_FTP.LOG
2009.09.23 08:05 B E:\1.0Homepage-Hans\10-Ich Verkaufe\Bilder\1.Hand.gif --> ftp.hans-kirchhoff.de /10-Ich Verkaufe/Bilder 1.Hand.gif
2009.09.23 08:05 B E:\1.0Homepage-Hans\10-Ich Verkaufe\Bilder\1klammeraffe.gif --> ftp.hans-kirchhoff.de /10-Ich Verkaufe/Bilder 1klammeraffe.gif
2009.09.23 08:05 B E:\1.0Homepage-Hans\10-Ich Verkaufe\Bilder\at.gif --> ftp.hans-kirchhoff.de /10-Ich Verkaufe/Bilder at.gif
2009.09.23 08:05 B E:\1.0Homepage-Hans\10-Ich Verkaufe\Bilder\bauarbeiter.gif --> ftp.hans-kirchhoff.de /10-Ich Verkaufe/Bilder bauarbeiter.gif
2009.09.23 08:05 B E:\1.0Homepage-Hans\10-Ich Verkaufe\Bilder\hintergrund.jpg --> ftp.hans-kirchhoff.de /10-Ich Verkaufe/Bilder hintergrund.jpg
2009.09.23 08:05 B E:\1.0Homepage-Hans\10-Ich Verkaufe\Bilder\Klammeraffe.gif --> ftp.hans-kirchhoff.de /10-Ich Verkaufe/Bilder Klammeraffe.gif
2009.09.23 08:05 B E:\1.0Homepage-Hans\10-Ich Verkaufe\Bilder\klammeraffe_1.gif --> ftp.hans-kirchhoff.de /10-Ich Verkaufe/Bilder klammeraffe_1.gif
2009.09.23 08:05 B E:\1.0Homepage-Hans\10-Ich Verkaufe\Bilder\links.gif --> ftp.hans-kirchhoff.de /10-Ich Verkaufe/Bilder links.gif
2009.09.23 08:05 B E:\1.0Homepage-Hans\10-Ich Verkaufe\Bilder\Navi_Becker_Traffic_assist_7988.jpg --> ftp.hans-kirchhoff.de /10-Ich Verkaufe/Bilder Navi_Becker_Traffic_assist_7988.jpg
2009.09.23 08:05 B E:\1.0Homepage-Hans\10-Ich Verkaufe\Bilder\rechts.gif --> ftp.hans-kirchhoff.de /10-Ich Verkaufe/Bilder rechts.gif
2009.09.23 08:06 B E:\1.0Homepage-Hans\10-Ich Verkaufe\Bilder\Thumbs.db --> ftp.hans-kirchhoff.de /10-Ich Verkaufe/Bilder Thumbs.db
2009.09.23 08:06 B E:\1.0Homepage-Hans\10-Ich Verkaufe\Bilder\WS_FTP.LOG --> ftp.hans-kirchhoff.de /10-Ich Verkaufe/Bilder WS_FTP.LOG
2009.09.23 08:13 B E:\1.0Homepage-Hans\10-Ich Verkaufe\Bilder\1.Hand.gif --> ftp.hans-kirchhoff.de /10-Ich Verkaufe/Bilder 1.Hand.gif
2009.09.23 08:13 B E:\1.0Homepage-Hans\10-Ich Verkaufe\Bilder\1klammeraffe.gif --> ftp.hans-kirchhoff.de /10-Ich Verkaufe/Bilder 1klammeraffe.gif
2009.09.23 08:13 B E:\1.0Homepage-Hans\10-Ich Verkaufe\Bilder\at.gif --> ftp.hans-kirchhoff.de /10-Ich Verkaufe/Bilder at.gif
2009.09.23 08:13 B E:\1.0Homepage-Hans\10-Ich Verkaufe\Bilder\Klammeraffe.gif --> ftp.hans-kirchhoff.de /10-Ich Verkaufe/Bilder Klammeraffe.gif
2009.09.23 08:13 B E:\1.0Homepage-Hans\10-Ich Verkaufe\Bilder\links.gif --> ftp.hans-kirchhoff.de /10-Ich Verkaufe/Bilder links.gif
2009.09.23 08:13 B E:\1.0Homepage-Hans\10-Ich Verkaufe\Bilder\rechts.gif --> ftp.hans-kirchhoff.de /10-Ich Verkaufe/Bilder rechts.gif
2009.09.23 08:13 B E:\1.0Homepage-Hans\10-Ich Verkaufe\Bilder\WS_FTP.LOG --> ftp.hans-kirchhoff.de /10-Ich Verkaufe/Bilder WS_FTP.LOG
2009.09.23 08:19 B E:\1.0Homepage-Hans\10-Verkaufe\Bilder\1.Hand.gif --> ftp.hans-kirchhoff.de /10-Verkaufe/Bilder 1.Hand.gif
2009.09.23 08:19 B E:\1.0Homepage-Hans\10-Verkaufe\Bilder\1klammeraffe.gif --> ftp.hans-kirchhoff.de /10-Verkaufe/Bilder 1klammeraffe.gif
2009.09.23 08:19 B E:\1.0Homepage-Hans\10-Verkaufe\Bilder\at.gif --> ftp.hans-kirchhoff.de /10-Verkaufe/Bilder at.gif
2009.09.23 08:19 B E:\1.0Homepage-Hans\10-Verkaufe\Bilder\bauarbeiter.gif --> ftp.hans-kirchhoff.de /10-Verkaufe/Bilder bauarbeiter.gif
2009.09.23 08:19 B E:\1.0Homepage-Hans\10-Verkaufe\Bilder\hintergrund.jpg --> ftp.hans-kirchhoff.de /10-Verkaufe/Bilder hintergrund.jpg
2009.09.23 08:19 B E:\1.0Homepage-Hans\10-Verkaufe\Bilder\Klammeraffe.gif --> ftp.hans-kirchhoff.de /10-Verkaufe/Bilder Klammeraffe.gif
2009.09.23 08:19 B E:\1.0Homepage-Hans\10-Verkaufe\Bilder\klammeraffe_1.gif --> ftp.hans-kirchhoff.de /10-Verkaufe/Bilder klammeraffe_1.gif
2009.09.23 08:19 B E:\1.0Homepage-Hans\10-Verkaufe\Bilder\links.gif --> ftp.hans-kirchhoff.de /10-Verkaufe/Bilder links.gif
2009.09.23 08:19 B E:\1.0Homepage-Hans\10-Verkaufe\Bilder\Navi_Becker_Traffic_assist_7988.jpg --> ftp.hans-kirchhoff.de /10-Verkaufe/Bilder Navi_Becker_Traffic_assist_7988.jpg
2009.09.23 08:19 B E:\1.0Homepage-Hans\10-Verkaufe\Bilder\rechts.gif --> ftp.hans-kirchhoff.de /10-Verkaufe/Bilder rechts.gif
2009.09.23 08:19 B E:\1.0Homepage-Hans\10-Verkaufe\Bilder\Thumbs.db --> ftp.hans-kirchhoff.de /10-Verkaufe/Bilder Thumbs.db
2009.09.23 08:19 B E:\1.0Homepage-Hans\10-Verkaufe\Bilder\WS_FTP.LOG --> ftp.hans-kirchhoff.de /10-Verkaufe/Bilder WS_FTP.LOG
2009.09.23 08:37 B E:\1.0Homepage-Hans\10-Verkaufe\Bilder\hansemann.gif --> ftp.hans-kirchhoff.de /10-Verkaufe/Bilder hansemann.gif
2009.09.23 09:17 B E:\1.0Homepage-Hans\10-Verkaufe\Bilder\wappen-rheydt.gif --> ftp.hans-kirchhoff.de /10-Verkaufe/Bilder wappen-rheydt.gif
2009.09.23 09:22 B E:\1.0Homepage-Hans\10-Verkaufe\Bilder\buero.gif --> ftp.hans-kirchhoff.de /10-Verkaufe/Bilder buero.gif
2009.09.23 09:23 B E:\1.0Homepage-Hans\10-Verkaufe\Bilder\websymbole0291.gif --> ftp.hans-kirchhoff.de /10-Verkaufe/Bilder websymbole0291.gif
2009.09.23 09:36 B E:\1.0Homepage-Hans\10-Verkaufe\Bilder\verkauft.gif --> ftp.hans-kirchhoff.de /10-Verkaufe/Bilder verkauft.gif
2009.09.23 09:37 B E:\1.0Homepage-Hans\10-Verkaufe\Bilder\kaufen.gif --> ftp.hans-kirchhoff.de /10-Verkaufe/Bilder kaufen.gif
2009.09.23 09:52 B E:\1.0Homepage-Hans\10-Verkaufe\Bilder\navi_zubehoehr.jpg --> ftp.hans-kirchhoff.de /10-Verkaufe/Bilder navi_zubehoehr.jpg
2009.09.23 10:29 B E:\1.0Homepage-Hans\10-Verkaufe\Bilder\neu.gif --> ftp.hans-kirchhoff.de /10-Verkaufe/Bilder neu.gif
2009.10.10 07:33 B E:\1.0Homepage-Hans\10-Verkaufe\Bilder\hintergrund1.jpg --> ftp.hans-kirchhoff.de /10-Verkaufe/Bilder hintergrund1.jpg
2010.12.28 19:15 B G:\Homepage-BU-MG-Kempen\08-Nirvana\Verkaufe\Bilder\1.Hand.gif --> billardunionmgkempen.de /08-Nirvana/Verkaufe/Bilder 1.Hand.gif
2010.12.28 19:15 B G:\Homepage-BU-MG-Kempen\08-Nirvana\Verkaufe\Bilder\_DSC0012.jpg --> billardunionmgkempen.de /08-Nirvana/Verkaufe/Bilder _DSC0012.jpg
2010.12.28 19:15 B G:\Homepage-BU-MG-Kempen\08-Nirvana\Verkaufe\Bilder\anfahrt.png --> billardunionmgkempen.de /08-Nirvana/Verkaufe/Bilder anfahrt.png
2010.12.28 19:15 B G:\Homepage-BU-MG-Kempen\08-Nirvana\Verkaufe\Bilder\bauarbeiter.gif --> billardunionmgkempen.de /08-Nirvana/Verkaufe/Bilder bauarbeiter.gif
2010.12.28 19:15 B G:\Homepage-BU-MG-Kempen\08-Nirvana\Verkaufe\Bilder\billard-1.gif --> billardunionmgkempen.de /08-Nirvana/Verkaufe/Bilder billard-1.gif
2010.12.28 19:15 B G:\Homepage-BU-MG-Kempen\08-Nirvana\Verkaufe\Bilder\billard-4.gif --> billardunionmgkempen.de /08-Nirvana/Verkaufe/Bilder billard-4.gif
2010.12.28 19:15 B G:\Homepage-BU-MG-Kempen\08-Nirvana\Verkaufe\Bilder\billard-kugeln.gif --> billardunionmgkempen.de /08-Nirvana/Verkaufe/Bilder billard-kugeln.gif
2010.12.28 19:15 B G:\Homepage-BU-MG-Kempen\08-Nirvana\Verkaufe\Bilder\buero.gif --> billardunionmgkempen.de /08-Nirvana/Verkaufe/Bilder buero.gif
2010.12.28 19:15 B G:\Homepage-BU-MG-Kempen\08-Nirvana\Verkaufe\Bilder\hintergrund(terakota).jpg --> billardunionmgkempen.de /08-Nirvana/Verkaufe/Bilder hintergrund(terakota).jpg
2010.12.28 19:15 B G:\Homepage-BU-MG-Kempen\08-Nirvana\Verkaufe\Bilder\karte.JPG --> billardunionmgkempen.de /08-Nirvana/Verkaufe/Bilder karte.JPG
2010.12.28 19:15 B G:\Homepage-BU-MG-Kempen\08-Nirvana\Verkaufe\Bilder\klammeraffe_1.gif --> billardunionmgkempen.de /08-Nirvana/Verkaufe/Bilder klammeraffe_1.gif
2010.12.28 19:15 B G:\Homepage-BU-MG-Kempen\08-Nirvana\Verkaufe\Bilder\neu.gif --> billardunionmgkempen.de /08-Nirvana/Verkaufe/Bilder neu.gif
2010.12.28 19:15 B G:\Homepage-BU-MG-Kempen\08-Nirvana\Verkaufe\Bilder\Thumbs.db --> billardunionmgkempen.de /08-Nirvana/Verkaufe/Bilder Thumbs.db
2010.12.28 19:15 B G:\Homepage-BU-MG-Kempen\08-Nirvana\Verkaufe\Bilder\WS_FTP.LOG --> billardunionmgkempen.de /08-Nirvana/Verkaufe/Bilder WS_FTP.LOG
2010.12.28 19:27 B G:\Homepage-BU-MG-Kempen\Verkaufe\Bilder\1.Hand.gif --> billardunionmgkempen.de /Verkaufe/Bilder 1.Hand.gif
2010.12.28 19:27 B G:\Homepage-BU-MG-Kempen\Verkaufe\Bilder\_DSC0012.jpg --> billardunionmgkempen.de /Verkaufe/Bilder _DSC0012.jpg
2010.12.28 19:27 B G:\Homepage-BU-MG-Kempen\Verkaufe\Bilder\anfahrt.png --> billardunionmgkempen.de /Verkaufe/Bilder anfahrt.png
2010.12.28 19:27 B G:\Homepage-BU-MG-Kempen\Verkaufe\Bilder\bauarbeiter.gif --> billardunionmgkempen.de /Verkaufe/Bilder bauarbeiter.gif
2010.12.28 19:27 B G:\Homepage-BU-MG-Kempen\Verkaufe\Bilder\billard-1.gif --> billardunionmgkempen.de /Verkaufe/Bilder billard-1.gif
2010.12.28 19:27 B G:\Homepage-BU-MG-Kempen\Verkaufe\Bilder\billard-4.gif --> billardunionmgkempen.de /Verkaufe/Bilder billard-4.gif
2010.12.28 19:27 B G:\Homepage-BU-MG-Kempen\Verkaufe\Bilder\billard-kugeln.gif --> billardunionmgkempen.de /Verkaufe/Bilder billard-kugeln.gif
2010.12.28 19:27 B G:\Homepage-BU-MG-Kempen\Verkaufe\Bilder\buero.gif --> billardunionmgkempen.de /Verkaufe/Bilder buero.gif
2010.12.28 19:27 B G:\Homepage-BU-MG-Kempen\Verkaufe\Bilder\hintergrund(terakota).jpg --> billardunionmgkempen.de /Verkaufe/Bilder hintergrund(terakota).jpg
2010.12.28 19:27 B G:\Homepage-BU-MG-Kempen\Verkaufe\Bilder\karte.JPG --> billardunionmgkempen.de /Verkaufe/Bilder karte.JPG
2010.12.28 19:27 B G:\Homepage-BU-MG-Kempen\Verkaufe\Bilder\klammeraffe_1.gif --> billardunionmgkempen.de /Verkaufe/Bilder klammeraffe_1.gif
2010.12.28 19:27 B G:\Homepage-BU-MG-Kempen\Verkaufe\Bilder\neu.gif --> billardunionmgkempen.de /Verkaufe/Bilder neu.gif
2010.12.28 19:27 B G:\Homepage-BU-MG-Kempen\Verkaufe\Bilder\Thumbs.db --> billardunionmgkempen.de /Verkaufe/Bilder Thumbs.db
