2009.07.19 07:39 B E:\1.0Homepage-Hans\06-freizeit\dowaloads_DBU_sportordnung\Ablauf der Dopingkontrolle.pdf --> ftp.hans-kirchhoff.de /06-freizeit/dowaloads_DBU_sportordnung Ablauf der Dopingkontrolle.pdf
2009.07.19 07:40 B E:\1.0Homepage-Hans\06-freizeit\dowaloads_DBU_sportordnung\Antidoping-Regelwerk-WADA-Code_deutsch.pdf --> ftp.hans-kirchhoff.de /06-freizeit/dowaloads_DBU_sportordnung Antidoping-Regelwerk-WADA-Code_deutsch.pdf
2009.07.19 07:40 B E:\1.0Homepage-Hans\06-freizeit\dowaloads_DBU_sportordnung\Beispielliste zul. Medikamente.pdf --> ftp.hans-kirchhoff.de /06-freizeit/dowaloads_DBU_sportordnung Beispielliste zul. Medikamente.pdf
2009.07.19 07:40 B E:\1.0Homepage-Hans\06-freizeit\dowaloads_DBU_sportordnung\DBU_2.6.3sto_jugend_pool.pdf --> ftp.hans-kirchhoff.de /06-freizeit/dowaloads_DBU_sportordnung DBU_2.6.3sto_jugend_pool.pdf
2009.07.19 07:40 B E:\1.0Homepage-Hans\06-freizeit\dowaloads_DBU_sportordnung\DBU_2.6.4sto_jugend_snooker.pdf --> ftp.hans-kirchhoff.de /06-freizeit/dowaloads_DBU_sportordnung DBU_2.6.4sto_jugend_snooker.pdf
2009.07.19 07:40 B E:\1.0Homepage-Hans\06-freizeit\dowaloads_DBU_sportordnung\DBU_2.7.3sto_pool.pdf --> ftp.hans-kirchhoff.de /06-freizeit/dowaloads_DBU_sportordnung DBU_2.7.3sto_pool.pdf
2009.07.19 07:40 B E:\1.0Homepage-Hans\06-freizeit\dowaloads_DBU_sportordnung\DBU_2.7.4sto_snooker.pdf --> ftp.hans-kirchhoff.de /06-freizeit/dowaloads_DBU_sportordnung DBU_2.7.4sto_snooker.pdf
2009.07.19 07:40 B E:\1.0Homepage-Hans\06-freizeit\dowaloads_DBU_sportordnung\DBU_2.7sto_allgem.teil.pdf --> ftp.hans-kirchhoff.de /06-freizeit/dowaloads_DBU_sportordnung DBU_2.7sto_allgem.teil.pdf
2009.07.19 07:40 B E:\1.0Homepage-Hans\06-freizeit\dowaloads_DBU_sportordnung\Dopingkontrollsystem.pdf --> ftp.hans-kirchhoff.de /06-freizeit/dowaloads_DBU_sportordnung Dopingkontrollsystem.pdf
2009.07.19 07:40 B E:\1.0Homepage-Hans\06-freizeit\dowaloads_DBU_sportordnung\Einsatz von Beta -2-A.pdf --> ftp.hans-kirchhoff.de /06-freizeit/dowaloads_DBU_sportordnung Einsatz von Beta -2-A.pdf
2009.07.19 07:40 B E:\1.0Homepage-Hans\06-freizeit\dowaloads_DBU_sportordnung\Gesamt_Regelwerk.pdf --> ftp.hans-kirchhoff.de /06-freizeit/dowaloads_DBU_sportordnung Gesamt_Regelwerk.pdf
2009.07.19 07:40 B E:\1.0Homepage-Hans\06-freizeit\dowaloads_DBU_sportordnung\Info zu Nahrungsergaenzungsmittel.pdf --> ftp.hans-kirchhoff.de /06-freizeit/dowaloads_DBU_sportordnung Info zu Nahrungsergaenzungsmittel.pdf
2009.07.19 07:40 B E:\1.0Homepage-Hans\06-freizeit\dowaloads_DBU_sportordnung\Rahmenrichtlinien_zur_Bekaempfung_des_ Dopings.pdf --> ftp.hans-kirchhoff.de /06-freizeit/dowaloads_DBU_sportordnung Rahmenrichtlinien_zur_Bekaempfung_des_ Dopings.pdf
2009.07.19 07:40 B E:\1.0Homepage-Hans\06-freizeit\dowaloads_DBU_sportordnung\Sportordnung_Pool.pdf --> ftp.hans-kirchhoff.de /06-freizeit/dowaloads_DBU_sportordnung Sportordnung_Pool.pdf
2009.07.19 07:40 B E:\1.0Homepage-Hans\06-freizeit\dowaloads_DBU_sportordnung\STO-pool-allgem.teil.pdf --> ftp.hans-kirchhoff.de /06-freizeit/dowaloads_DBU_sportordnung STO-pool-allgem.teil.pdf
2009.07.19 07:40 B E:\1.0Homepage-Hans\06-freizeit\dowaloads_DBU_sportordnung\Verbotsliste 2005 - 3.5.05.pdf --> ftp.hans-kirchhoff.de /06-freizeit/dowaloads_DBU_sportordnung Verbotsliste 2005 - 3.5.05.pdf
2009.07.19 07:40 B E:\1.0Homepage-Hans\06-freizeit\dowaloads_DBU_sportordnung\Verfahren der Probenahme.pdf --> ftp.hans-kirchhoff.de /06-freizeit/dowaloads_DBU_sportordnung Verfahren der Probenahme.pdf
2009.07.19 07:55 B E:\1.0Homepage-Hans\06-freizeit\dowaloads_DBU_sportordnung\DBU-Sportlererklaerung.pdf --> ftp.hans-kirchhoff.de /06-freizeit/dowaloads_DBU_sportordnung DBU-Sportlererklaerung.pdf
2009.07.19 07:55 B E:\1.0Homepage-Hans\06-freizeit\dowaloads_DBU_sportordnung\DBU_Athletenerklaerung.pdf --> ftp.hans-kirchhoff.de /06-freizeit/dowaloads_DBU_sportordnung DBU_Athletenerklaerung.pdf
2009.07.19 08:07 B E:\1.0Homepage-Hans\06-freizeit\dowaloads_DBU_sportordnung\baustelle.gif --> ftp.hans-kirchhoff.de /06-freizeit/dowaloads_DBU_sportordnung baustelle.gif
2009.07.19 08:16 B E:\1.0Homepage-Hans\06-freizeit\dowaloads_DBU_sportordnung\Antidoping-Regelwerk-WADA-Code_deutsch.pdf --> ftp.hans-kirchhoff.de /06-freizeit/dowaloads_DBU_sportordnung Antidoping-Regelwerk-WADA-Code_deutsch.pdf
2009.08.01 11:33 B E:\1.0Homepage-Hans\06-freizeit\dowaloads_DBU_sportordnung\DBU_Athletenerklaerung.pdf --> ftp.hans-kirchhoff.de /06-freizeit/dowaloads_DBU_sportordnung DBU_Athletenerklaerung.pdf
2009.08.02 16:59 B E:\1.0Homepage-Hans\06-freizeit\dowaloads_DBU_sportordnung\Doping-Verbotsliste_WADA_2009_-_deutsche_Fassung_01.pdf --> ftp.hans-kirchhoff.de /06-freizeit/dowaloads_DBU_sportordnung Doping-Verbotsliste_WADA_2009_-_deutsche_Fassung_01.pdf
2009.08.02 16:59 B E:\1.0Homepage-Hans\06-freizeit\dowaloads_DBU_sportordnung\Doping_antrag_ausnahmeregelung_Standard-form_2009.pdf --> ftp.hans-kirchhoff.de /06-freizeit/dowaloads_DBU_sportordnung Doping_antrag_ausnahmeregelung_Standard-form_2009.pdf
2009.08.02 17:00 B E:\1.0Homepage-Hans\06-freizeit\dowaloads_DBU_sportordnung\Doping_ausnahmeregelung_Standard_2009.pdf --> ftp.hans-kirchhoff.de /06-freizeit/dowaloads_DBU_sportordnung Doping_ausnahmeregelung_Standard_2009.pdf
2009.08.02 17:00 B E:\1.0Homepage-Hans\06-freizeit\dowaloads_DBU_sportordnung\Doping_Beispielliste_zulaessiger_medikamenten2009.pdf --> ftp.hans-kirchhoff.de /06-freizeit/dowaloads_DBU_sportordnung Doping_Beispielliste_zulaessiger_medikamenten2009.pdf
2009.08.02 17:00 B E:\1.0Homepage-Hans\06-freizeit\dowaloads_DBU_sportordnung\Doping_nationaler_Code_2009_final.pdf --> ftp.hans-kirchhoff.de /06-freizeit/dowaloads_DBU_sportordnung Doping_nationaler_Code_2009_final.pdf
2009.08.02 17:00 B E:\1.0Homepage-Hans\06-freizeit\dowaloads_DBU_sportordnung\Doping_Standard-fuer-Dopingkontrollen.pdf --> ftp.hans-kirchhoff.de /06-freizeit/dowaloads_DBU_sportordnung Doping_Standard-fuer-Dopingkontrollen.pdf
2009.08.02 17:00 B E:\1.0Homepage-Hans\06-freizeit\dowaloads_DBU_sportordnung\Doping_Standard_fuer_Meldepflichten__endgueltige_Version.pdf --> ftp.hans-kirchhoff.de /06-freizeit/dowaloads_DBU_sportordnung Doping_Standard_fuer_Meldepflichten__endgueltige_Version.pdf
2009.08.02 17:00 B E:\1.0Homepage-Hans\06-freizeit\dowaloads_DBU_sportordnung\Ablauf der Dopingkontrolle.pdf <-- Hans /06-freizeit/dowaloads_DBU_sportordnung Ablauf der Dopingkontrolle.pdf
2010.12.02 20:24 B G:\Homepage-BU-MG-Kempen\03-Ligabetrieb\dowaloads_DBU_sportordnung\baustelle.gif --> billardunionmgkempen.de /03-Ligabetrieb/dowaloads_DBU_sportordnung baustelle.gif
2010.12.02 20:24 B G:\Homepage-BU-MG-Kempen\03-Ligabetrieb\dowaloads_DBU_sportordnung\DBU-Sportlererklaerung.pdf --> billardunionmgkempen.de /03-Ligabetrieb/dowaloads_DBU_sportordnung DBU-Sportlererklaerung.pdf
2010.12.02 20:24 B G:\Homepage-BU-MG-Kempen\03-Ligabetrieb\dowaloads_DBU_sportordnung\Dopingkontrollsystem.pdf --> billardunionmgkempen.de /03-Ligabetrieb/dowaloads_DBU_sportordnung Dopingkontrollsystem.pdf
2010.12.02 20:24 B G:\Homepage-BU-MG-Kempen\03-Ligabetrieb\dowaloads_DBU_sportordnung\Beispielliste zul. Medikamente.pdf --> billardunionmgkempen.de /03-Ligabetrieb/dowaloads_DBU_sportordnung Beispielliste zul. Medikamente.pdf
2010.12.02 20:24 B G:\Homepage-BU-MG-Kempen\03-Ligabetrieb\dowaloads_DBU_sportordnung\Rahmenrichtlinien_zur_Bekaempfung_des_ Dopings.pdf --> billardunionmgkempen.de /03-Ligabetrieb/dowaloads_DBU_sportordnung Rahmenrichtlinien_zur_Bekaempfung_des_ Dopings.pdf
2010.12.02 20:24 B G:\Homepage-BU-MG-Kempen\03-Ligabetrieb\dowaloads_DBU_sportordnung\Verbotsliste 2005 - 3.5.05.pdf --> billardunionmgkempen.de /03-Ligabetrieb/dowaloads_DBU_sportordnung Verbotsliste 2005 - 3.5.05.pdf
2010.12.02 20:24 B G:\Homepage-BU-MG-Kempen\03-Ligabetrieb\dowaloads_DBU_sportordnung\Verfahren der Probenahme.pdf --> billardunionmgkempen.de /03-Ligabetrieb/dowaloads_DBU_sportordnung Verfahren der Probenahme.pdf
2010.12.02 20:24 B G:\Homepage-BU-MG-Kempen\03-Ligabetrieb\dowaloads_DBU_sportordnung\Antidoping-Regelwerk-WADA-Code_deutsch.pdf --> billardunionmgkempen.de /03-Ligabetrieb/dowaloads_DBU_sportordnung Antidoping-Regelwerk-WADA-Code_deutsch.pdf
2010.12.02 20:24 B G:\Homepage-BU-MG-Kempen\03-Ligabetrieb\dowaloads_DBU_sportordnung\Einsatz von Beta -2-A.pdf --> billardunionmgkempen.de /03-Ligabetrieb/dowaloads_DBU_sportordnung Einsatz von Beta -2-A.pdf
2010.12.02 20:24 B G:\Homepage-BU-MG-Kempen\03-Ligabetrieb\dowaloads_DBU_sportordnung\Info zu Nahrungsergaenzungsmittel.pdf --> billardunionmgkempen.de /03-Ligabetrieb/dowaloads_DBU_sportordnung Info zu Nahrungsergaenzungsmittel.pdf
2010.12.02 20:24 B G:\Homepage-BU-MG-Kempen\03-Ligabetrieb\dowaloads_DBU_sportordnung\Sportordnung_Pool.pdf --> billardunionmgkempen.de /03-Ligabetrieb/dowaloads_DBU_sportordnung Sportordnung_Pool.pdf
2010.12.02 20:24 B G:\Homepage-BU-MG-Kempen\03-Ligabetrieb\dowaloads_DBU_sportordnung\Gesamt_Regelwerk.pdf --> billardunionmgkempen.de /03-Ligabetrieb/dowaloads_DBU_sportordnung Gesamt_Regelwerk.pdf
2010.12.02 20:24 B G:\Homepage-BU-MG-Kempen\03-Ligabetrieb\dowaloads_DBU_sportordnung\STO-pool-allgem.teil.pdf --> billardunionmgkempen.de /03-Ligabetrieb/dowaloads_DBU_sportordnung STO-pool-allgem.teil.pdf
2010.12.02 20:24 B G:\Homepage-BU-MG-Kempen\03-Ligabetrieb\dowaloads_DBU_sportordnung\DBU_Athletenerklaerung.pdf --> billardunionmgkempen.de /03-Ligabetrieb/dowaloads_DBU_sportordnung DBU_Athletenerklaerung.pdf
2010.12.02 20:24 B G:\Homepage-BU-MG-Kempen\03-Ligabetrieb\dowaloads_DBU_sportordnung\DBU_2.7sto_allgem.teil.pdf --> billardunionmgkempen.de /03-Ligabetrieb/dowaloads_DBU_sportordnung DBU_2.7sto_allgem.teil.pdf
2010.12.02 20:24 B G:\Homepage-BU-MG-Kempen\03-Ligabetrieb\dowaloads_DBU_sportordnung\DBU_2.7.3sto_pool.pdf --> billardunionmgkempen.de /03-Ligabetrieb/dowaloads_DBU_sportordnung DBU_2.7.3sto_pool.pdf
2010.12.02 20:24 B G:\Homepage-BU-MG-Kempen\03-Ligabetrieb\dowaloads_DBU_sportordnung\DBU_2.7.4sto_snooker.pdf --> billardunionmgkempen.de /03-Ligabetrieb/dowaloads_DBU_sportordnung DBU_2.7.4sto_snooker.pdf
2010.12.02 20:24 B G:\Homepage-BU-MG-Kempen\03-Ligabetrieb\dowaloads_DBU_sportordnung\DBU_2.6.3sto_jugend_pool.pdf --> billardunionmgkempen.de /03-Ligabetrieb/dowaloads_DBU_sportordnung DBU_2.6.3sto_jugend_pool.pdf
2010.12.02 20:24 B G:\Homepage-BU-MG-Kempen\03-Ligabetrieb\dowaloads_DBU_sportordnung\DBU_2.6.4sto_jugend_snooker.pdf --> billardunionmgkempen.de /03-Ligabetrieb/dowaloads_DBU_sportordnung DBU_2.6.4sto_jugend_snooker.pdf
2010.12.02 20:25 B G:\Homepage-BU-MG-Kempen\03-Ligabetrieb\dowaloads_DBU_sportordnung\Ablauf der Dopingkontrolle.pdf --> billardunionmgkempen.de /03-Ligabetrieb/dowaloads_DBU_sportordnung Ablauf der Dopingkontrolle.pdf
2010.12.02 20:25 B G:\Homepage-BU-MG-Kempen\03-Ligabetrieb\dowaloads_DBU_sportordnung\bauarbeiter.gif --> billardunionmgkempen.de /03-Ligabetrieb/dowaloads_DBU_sportordnung bauarbeiter.gif
2010.12.02 20:25 B G:\Homepage-BU-MG-Kempen\03-Ligabetrieb\dowaloads_DBU_sportordnung\Doping-Verbotsliste_WADA_2009_-_deutsche_Fassung_01.pdf --> billardunionmgkempen.de /03-Ligabetrieb/dowaloads_DBU_sportordnung Doping-Verbotsliste_WADA_2009_-_deutsche_Fassung_01.pdf
2010.12.02 20:25 B G:\Homepage-BU-MG-Kempen\03-Ligabetrieb\dowaloads_DBU_sportordnung\Doping_Beispielliste_zulaessiger_medikamenten2009.pdf --> billardunionmgkempen.de /03-Ligabetrieb/dowaloads_DBU_sportordnung Doping_Beispielliste_zulaessiger_medikamenten2009.pdf
2010.12.02 20:25 B G:\Homepage-BU-MG-Kempen\03-Ligabetrieb\dowaloads_DBU_sportordnung\Doping_nationaler_Code_2009_final.pdf --> billardunionmgkempen.de /03-Ligabetrieb/dowaloads_DBU_sportordnung Doping_nationaler_Code_2009_final.pdf
2010.12.02 20:25 B G:\Homepage-BU-MG-Kempen\03-Ligabetrieb\dowaloads_DBU_sportordnung\Doping_Standard-fuer-Dopingkontrollen.pdf --> billardunionmgkempen.de /03-Ligabetrieb/dowaloads_DBU_sportordnung Doping_Standard-fuer-Dopingkontrollen.pdf
2010.12.02 20:25 B G:\Homepage-BU-MG-Kempen\03-Ligabetrieb\dowaloads_DBU_sportordnung\Doping_Standard_fuer_Meldepflichten__endgueltige_Version.pdf --> billardunionmgkempen.de /03-Ligabetrieb/dowaloads_DBU_sportordnung Doping_Standard_fuer_Meldepflichten__endgueltige_Version.pdf
2010.12.02 20:25 B G:\Homepage-BU-MG-Kempen\03-Ligabetrieb\dowaloads_DBU_sportordnung\Doping_antrag_ausnahmeregelung_Standard-form_2009.pdf --> billardunionmgkempen.de /03-Ligabetrieb/dowaloads_DBU_sportordnung Doping_antrag_ausnahmeregelung_Standard-form_2009.pdf
2010.12.02 20:25 B G:\Homepage-BU-MG-Kempen\03-Ligabetrieb\dowaloads_DBU_sportordnung\Doping_ausnahmeregelung_Standard_2009.pdf --> billardunionmgkempen.de /03-Ligabetrieb/dowaloads_DBU_sportordnung Doping_ausnahmeregelung_Standard_2009.pdf
