2014.11.21 06:31 B C:\Users\Hennebell\Desktop\Homepage-BU-MG-Kempen\13-Turniere\Niederrheincup\13.Niederrhein-Cup\13 Niederrhein-Cup 2015.docx --> www.billardunionmgkempen.de /13-Turniere/Niederrheincup/13.Niederrhein-Cup 13 Niederrhein-Cup 2015.docx
2014.12.24 05:20 B D:\Homepage-BU-MG-Kempen\13-Turniere\Niederrheincup\13.Niederrhein-Cup\13  Niederrhein-Cup 2015.pdf <-- Homepage-BU /13-Turniere/Niederrheincup/13.Niederrhein-Cup 13  Niederrhein-Cup 2015.pdf
2015.12.11 19:37 B D:\Homepage-BU-MG-Kempen\13-Turniere\Niederrheincup\14.Niederrhein-Cup\14 Niederrhein-Cup 2015.docx --> www.billardunionmgkempen.de /13-Turniere/Niederrheincup/14.Niederrhein-Cup 14 Niederrhein-Cup 2015.docx
2015.12.11 19:37 B D:\Homepage-BU-MG-Kempen\13-Turniere\Niederrheincup\14.Niederrhein-Cup\14 Niederrhein-Cup 2016.pub.pdf --> www.billardunionmgkempen.de /13-Turniere/Niederrheincup/14.Niederrhein-Cup 14 Niederrhein-Cup 2016.pub.pdf
2015.12.11 19:37 B D:\Homepage-BU-MG-Kempen\13-Turniere\Niederrheincup\14.Niederrhein-Cup\hintergrund(hellblau).JPG --> www.billardunionmgkempen.de /13-Turniere/Niederrheincup/14.Niederrhein-Cup hintergrund(hellblau).JPG
2015.12.11 19:37 B D:\Homepage-BU-MG-Kempen\13-Turniere\Niederrheincup\14.Niederrhein-Cup\index-meldungen_niederrheincup_2016.htm --> www.billardunionmgkempen.de /13-Turniere/Niederrheincup/14.Niederrhein-Cup index-meldungen_niederrheincup_2016.htm
2015.12.11 19:37 B D:\Homepage-BU-MG-Kempen\13-Turniere\Niederrheincup\14.Niederrhein-Cup\WS_FTP.LOG --> www.billardunionmgkempen.de /13-Turniere/Niederrheincup/14.Niederrhein-Cup WS_FTP.LOG
2015.12.14 17:40 B D:\Homepage-BU-MG-Kempen\13-Turniere\Niederrheincup\14.Niederrhein-Cup\14. Niederrheincup 2016.jpg --> www.billardunionmgkempen.de /13-Turniere/Niederrheincup/14.Niederrhein-Cup 14. Niederrheincup 2016.jpg
2015.12.14 17:40 B D:\Homepage-BU-MG-Kempen\13-Turniere\Niederrheincup\14.Niederrhein-Cup\14. Niederrheincup 2016_small.jpg --> www.billardunionmgkempen.de /13-Turniere/Niederrheincup/14.Niederrhein-Cup 14. Niederrheincup 2016_small.jpg
2015.12.14 17:45 B D:\Homepage-BU-MG-Kempen\13-Turniere\Niederrheincup\14.Niederrhein-Cup\14. Niederrheincup-2016.jpg --> www.billardunionmgkempen.de /13-Turniere/Niederrheincup/14.Niederrhein-Cup 14. Niederrheincup-2016.jpg
2017.03.19 14:49 B D:\Homepage-BU-MG-Kempen\13-Turniere\Niederrheincup\15.Niederrhein-Cup\000000.jpg --> www.billardunionmgkempen.de /13-Turniere/Niederrheincup/15.Niederrhein-Cup 000000.jpg
2017.03.19 14:49 B D:\Homepage-BU-MG-Kempen\13-Turniere\Niederrheincup\15.Niederrhein-Cup\10ball.jpg --> www.billardunionmgkempen.de /13-Turniere/Niederrheincup/15.Niederrhein-Cup 10ball.jpg
2017.03.19 14:49 B D:\Homepage-BU-MG-Kempen\13-Turniere\Niederrheincup\15.Niederrhein-Cup\14. Niederrheincup 2016_small.jpg --> www.billardunionmgkempen.de /13-Turniere/Niederrheincup/15.Niederrhein-Cup 14. Niederrheincup 2016_small.jpg
2017.03.19 14:49 B D:\Homepage-BU-MG-Kempen\13-Turniere\Niederrheincup\15.Niederrhein-Cup\14. Niederrheincup-2016.jpg --> www.billardunionmgkempen.de /13-Turniere/Niederrheincup/15.Niederrhein-Cup 14. Niederrheincup-2016.jpg
2017.03.19 14:49 B D:\Homepage-BU-MG-Kempen\13-Turniere\Niederrheincup\15.Niederrhein-Cup\15 Niederrhein-Cup 2017.pdf --> www.billardunionmgkempen.de /13-Turniere/Niederrheincup/15.Niederrhein-Cup 15 Niederrhein-Cup 2017.pdf
2017.03.19 14:49 B D:\Homepage-BU-MG-Kempen\13-Turniere\Niederrheincup\15.Niederrhein-Cup\15. Niederrheincup 2017.docx --> www.billardunionmgkempen.de /13-Turniere/Niederrheincup/15.Niederrhein-Cup 15. Niederrheincup 2017.docx
2017.03.19 14:49 B D:\Homepage-BU-MG-Kempen\13-Turniere\Niederrheincup\15.Niederrhein-Cup\clubheim.jpg --> www.billardunionmgkempen.de /13-Turniere/Niederrheincup/15.Niederrhein-Cup clubheim.jpg
2017.03.19 14:49 B D:\Homepage-BU-MG-Kempen\13-Turniere\Niederrheincup\15.Niederrhein-Cup\hintergrund(hellblau).JPG --> www.billardunionmgkempen.de /13-Turniere/Niederrheincup/15.Niederrhein-Cup hintergrund(hellblau).JPG
2017.03.19 14:49 B D:\Homepage-BU-MG-Kempen\13-Turniere\Niederrheincup\15.Niederrhein-Cup\index-meldungen_niederrheincup_2017.htm --> www.billardunionmgkempen.de /13-Turniere/Niederrheincup/15.Niederrhein-Cup index-meldungen_niederrheincup_2017.htm
2017.03.19 14:49 B D:\Homepage-BU-MG-Kempen\13-Turniere\Niederrheincup\15.Niederrhein-Cup\logo_klein.jpg --> www.billardunionmgkempen.de /13-Turniere/Niederrheincup/15.Niederrhein-Cup logo_klein.jpg
