2009.07.19 07:38 B E:\1.0Homepage-Hans\06-freizeit\dowaloads_BVNR_Liga\1-Oberliga.jpg --> ftp.hans-kirchhoff.de /06-freizeit/dowaloads_BVNR_Liga 1-Oberliga.jpg
2009.07.19 07:38 B E:\1.0Homepage-Hans\06-freizeit\dowaloads_BVNR_Liga\2-Verbandsliga.jpg --> ftp.hans-kirchhoff.de /06-freizeit/dowaloads_BVNR_Liga 2-Verbandsliga.jpg
2009.07.19 07:38 B E:\1.0Homepage-Hans\06-freizeit\dowaloads_BVNR_Liga\2009.10_kreisliga_spieltage-tabelle.pdf --> ftp.hans-kirchhoff.de /06-freizeit/dowaloads_BVNR_Liga 2009.10_kreisliga_spieltage-tabelle.pdf
2009.07.19 07:38 B E:\1.0Homepage-Hans\06-freizeit\dowaloads_BVNR_Liga\2009.10_landesliga_spieltage-tabelle.pdf --> ftp.hans-kirchhoff.de /06-freizeit/dowaloads_BVNR_Liga 2009.10_landesliga_spieltage-tabelle.pdf
2009.07.19 07:38 B E:\1.0Homepage-Hans\06-freizeit\dowaloads_BVNR_Liga\2009.10_oberliga_spieltage-tabelle.pdf --> ftp.hans-kirchhoff.de /06-freizeit/dowaloads_BVNR_Liga 2009.10_oberliga_spieltage-tabelle.pdf
2009.07.19 07:38 B E:\1.0Homepage-Hans\06-freizeit\dowaloads_BVNR_Liga\3-Landesliga.jpg --> ftp.hans-kirchhoff.de /06-freizeit/dowaloads_BVNR_Liga 3-Landesliga.jpg
2009.07.19 07:38 B E:\1.0Homepage-Hans\06-freizeit\dowaloads_BVNR_Liga\4-Bezirksliga.jpg --> ftp.hans-kirchhoff.de /06-freizeit/dowaloads_BVNR_Liga 4-Bezirksliga.jpg
2009.07.19 07:38 B E:\1.0Homepage-Hans\06-freizeit\dowaloads_BVNR_Liga\5-Kreisliga(1).jpg --> ftp.hans-kirchhoff.de /06-freizeit/dowaloads_BVNR_Liga 5-Kreisliga(1).jpg
2009.07.19 07:38 B E:\1.0Homepage-Hans\06-freizeit\dowaloads_BVNR_Liga\6-Kreisliga(2).jpg --> ftp.hans-kirchhoff.de /06-freizeit/dowaloads_BVNR_Liga 6-Kreisliga(2).jpg
2009.07.19 07:38 B E:\1.0Homepage-Hans\06-freizeit\dowaloads_BVNR_Liga\7-Kreisliga(3).jpg --> ftp.hans-kirchhoff.de /06-freizeit/dowaloads_BVNR_Liga 7-Kreisliga(3).jpg
2009.07.19 07:38 B E:\1.0Homepage-Hans\06-freizeit\dowaloads_BVNR_Liga\BVNR-sto08_09.pdf --> ftp.hans-kirchhoff.de /06-freizeit/dowaloads_BVNR_Liga BVNR-sto08_09.pdf
2009.07.19 07:38 B E:\1.0Homepage-Hans\06-freizeit\dowaloads_BVNR_Liga\Ligeneinteilung09_10.pdf --> ftp.hans-kirchhoff.de /06-freizeit/dowaloads_BVNR_Liga Ligeneinteilung09_10.pdf
2009.07.19 07:38 B E:\1.0Homepage-Hans\06-freizeit\dowaloads_BVNR_Liga\Spielbericht08_09.xls --> ftp.hans-kirchhoff.de /06-freizeit/dowaloads_BVNR_Liga Spielbericht08_09.xls
2009.07.19 08:07 B E:\1.0Homepage-Hans\06-freizeit\dowaloads_BVNR_Liga\baustelle.gif --> ftp.hans-kirchhoff.de /06-freizeit/dowaloads_BVNR_Liga baustelle.gif
2009.08.10 10:34 B E:\1.0Homepage-Hans\06-freizeit\dowaloads_BVNR_Liga\BVNR_Terminplan_09-10.pdf --> ftp.hans-kirchhoff.de /06-freizeit/dowaloads_BVNR_Liga BVNR_Terminplan_09-10.pdf
2009.08.13 07:27 B E:\1.0Homepage-Hans\06-freizeit\dowaloads_spielplan_alle_Ligen\bauarbeiter.gif --> ftp.hans-kirchhoff.de /06-freizeit/dowaloads_spielplan_alle_Ligen bauarbeiter.gif
2009.08.13 07:27 B E:\1.0Homepage-Hans\06-freizeit\dowaloads_spielplan_alle_Ligen\Spielplan-1.BLM- 2009-10 vom 090811.pdf --> ftp.hans-kirchhoff.de /06-freizeit/dowaloads_spielplan_alle_Ligen Spielplan-1.BLM- 2009-10 vom 090811.pdf
2009.08.13 07:27 B E:\1.0Homepage-Hans\06-freizeit\dowaloads_spielplan_alle_Ligen\Spielplan-2.BL-Nord 2009-10 vom 090811.pdf --> ftp.hans-kirchhoff.de /06-freizeit/dowaloads_spielplan_alle_Ligen Spielplan-2.BL-Nord 2009-10 vom 090811.pdf
2009.08.13 07:27 B E:\1.0Homepage-Hans\06-freizeit\dowaloads_spielplan_alle_Ligen\Spielplan-2.BL-Süd 2009-10 vom 090811.pdf --> ftp.hans-kirchhoff.de /06-freizeit/dowaloads_spielplan_alle_Ligen Spielplan-2.BL-Süd 2009-10 vom 090811.pdf
2009.08.13 07:27 B E:\1.0Homepage-Hans\06-freizeit\dowaloads_spielplan_alle_Ligen\Spielplan-Regionalliga Nord-Ost- 2009-10 vom 090811.pdf --> ftp.hans-kirchhoff.de /06-freizeit/dowaloads_spielplan_alle_Ligen Spielplan-Regionalliga Nord-Ost- 2009-10 vom 090811.pdf
2009.08.13 07:27 B E:\1.0Homepage-Hans\06-freizeit\dowaloads_spielplan_alle_Ligen\Spielplan-Regionalliga Nord-West- 2009-10 vom 090811.pdf --> ftp.hans-kirchhoff.de /06-freizeit/dowaloads_spielplan_alle_Ligen Spielplan-Regionalliga Nord-West- 2009-10 vom 090811.pdf
2009.08.13 07:27 B E:\1.0Homepage-Hans\06-freizeit\dowaloads_spielplan_alle_Ligen\Spielplan-Regionalliga Süd-Ost- 2009-10 vom 090811.pdf --> ftp.hans-kirchhoff.de /06-freizeit/dowaloads_spielplan_alle_Ligen Spielplan-Regionalliga Süd-Ost- 2009-10 vom 090811.pdf
2009.08.13 07:27 B E:\1.0Homepage-Hans\06-freizeit\dowaloads_spielplan_alle_Ligen\Spielplan-Regionalliga Süd-West- 2009-10 vom090811.pdf --> ftp.hans-kirchhoff.de /06-freizeit/dowaloads_spielplan_alle_Ligen Spielplan-Regionalliga Süd-West- 2009-10 vom090811.pdf
2009.08.13 07:27 B E:\1.0Homepage-Hans\06-freizeit\dowaloads_spielplan_alle_Ligen\Thumbs.db --> ftp.hans-kirchhoff.de /06-freizeit/dowaloads_spielplan_alle_Ligen Thumbs.db
2009.08.13 07:27 B E:\1.0Homepage-Hans\06-freizeit\dowaloads_spielplan_alle_Ligen\WS_FTP.LOG --> ftp.hans-kirchhoff.de /06-freizeit/dowaloads_spielplan_alle_Ligen WS_FTP.LOG
2009.08.13 07:31 B E:\1.0Homepage-Hans\06-freizeit\dowaloads_spielplan_alle_Ligen\Spielplan-2.BL-Süd 2009-10 vom 090811.pdf --> ftp.hans-kirchhoff.de /06-freizeit/dowaloads_spielplan_alle_Ligen Spielplan-2.BL-Süd 2009-10 vom 090811.pdf
2009.08.13 07:36 B E:\1.0Homepage-Hans\06-freizeit\dowaloads_spielplan_alle_Ligen\Spielplan-1.BLM- 2009-10.pdf --> ftp.hans-kirchhoff.de /06-freizeit/dowaloads_spielplan_alle_Ligen Spielplan-1.BLM- 2009-10.pdf
2009.08.13 07:36 B E:\1.0Homepage-Hans\06-freizeit\dowaloads_spielplan_alle_Ligen\Spielplan-2.BL-Nord 2009-10.pdf --> ftp.hans-kirchhoff.de /06-freizeit/dowaloads_spielplan_alle_Ligen Spielplan-2.BL-Nord 2009-10.pdf
2009.08.13 07:36 B E:\1.0Homepage-Hans\06-freizeit\dowaloads_spielplan_alle_Ligen\Spielplan-2.BL-Sued 2009-10.pdf --> ftp.hans-kirchhoff.de /06-freizeit/dowaloads_spielplan_alle_Ligen Spielplan-2.BL-Sued 2009-10.pdf
2009.08.13 07:36 B E:\1.0Homepage-Hans\06-freizeit\dowaloads_spielplan_alle_Ligen\Spielplan-Regionalliga Nord-Ost- 2009-10.pdf --> ftp.hans-kirchhoff.de /06-freizeit/dowaloads_spielplan_alle_Ligen Spielplan-Regionalliga Nord-Ost- 2009-10.pdf
2009.08.13 07:37 B E:\1.0Homepage-Hans\06-freizeit\dowaloads_spielplan_alle_Ligen\Spielplan-Regionalliga Nord-West- 2009-10.pdf --> ftp.hans-kirchhoff.de /06-freizeit/dowaloads_spielplan_alle_Ligen Spielplan-Regionalliga Nord-West- 2009-10.pdf
2009.08.13 07:37 B E:\1.0Homepage-Hans\06-freizeit\dowaloads_spielplan_alle_Ligen\Spielplan-Regionalliga Sued-Ost- 2009-10.pdf --> ftp.hans-kirchhoff.de /06-freizeit/dowaloads_spielplan_alle_Ligen Spielplan-Regionalliga Sued-Ost- 2009-10.pdf
2009.08.13 07:37 B E:\1.0Homepage-Hans\06-freizeit\dowaloads_spielplan_alle_Ligen\Spielplan-Regionalliga Sued-West- 2009-10.pdf --> ftp.hans-kirchhoff.de /06-freizeit/dowaloads_spielplan_alle_Ligen Spielplan-Regionalliga Sued-West- 2009-10.pdf
2010.12.02 20:19 B G:\Homepage-BU-MG-Kempen\03-Ligabetrieb\dowaloads_spielplan_alle_Ligen\bauarbeiter.gif --> billardunionmgkempen.de /03-Ligabetrieb/dowaloads_spielplan_alle_Ligen bauarbeiter.gif
2010.12.02 20:19 B G:\Homepage-BU-MG-Kempen\03-Ligabetrieb\dowaloads_spielplan_alle_Ligen\Spielplan-1.BLM- 2009-10.pdf --> billardunionmgkempen.de /03-Ligabetrieb/dowaloads_spielplan_alle_Ligen Spielplan-1.BLM- 2009-10.pdf
2010.12.02 20:19 B G:\Homepage-BU-MG-Kempen\03-Ligabetrieb\dowaloads_spielplan_alle_Ligen\Spielplan-2.BL-Nord 2009-10.pdf --> billardunionmgkempen.de /03-Ligabetrieb/dowaloads_spielplan_alle_Ligen Spielplan-2.BL-Nord 2009-10.pdf
2010.12.02 20:19 B G:\Homepage-BU-MG-Kempen\03-Ligabetrieb\dowaloads_spielplan_alle_Ligen\Spielplan-2.BL-Sued 2009-10.pdf --> billardunionmgkempen.de /03-Ligabetrieb/dowaloads_spielplan_alle_Ligen Spielplan-2.BL-Sued 2009-10.pdf
2010.12.02 20:19 B G:\Homepage-BU-MG-Kempen\03-Ligabetrieb\dowaloads_spielplan_alle_Ligen\Spielplan-Regionalliga Nord-Ost- 2009-10.pdf --> billardunionmgkempen.de /03-Ligabetrieb/dowaloads_spielplan_alle_Ligen Spielplan-Regionalliga Nord-Ost- 2009-10.pdf
2010.12.02 20:19 B G:\Homepage-BU-MG-Kempen\03-Ligabetrieb\dowaloads_spielplan_alle_Ligen\Spielplan-Regionalliga Nord-West- 2009-10.pdf --> billardunionmgkempen.de /03-Ligabetrieb/dowaloads_spielplan_alle_Ligen Spielplan-Regionalliga Nord-West- 2009-10.pdf
2010.12.02 20:19 B G:\Homepage-BU-MG-Kempen\03-Ligabetrieb\dowaloads_spielplan_alle_Ligen\Spielplan-Regionalliga Sued-Ost- 2009-10.pdf --> billardunionmgkempen.de /03-Ligabetrieb/dowaloads_spielplan_alle_Ligen Spielplan-Regionalliga Sued-Ost- 2009-10.pdf
2010.12.02 20:19 B G:\Homepage-BU-MG-Kempen\03-Ligabetrieb\dowaloads_spielplan_alle_Ligen\Spielplan-Regionalliga Sued-West- 2009-10.pdf --> billardunionmgkempen.de /03-Ligabetrieb/dowaloads_spielplan_alle_Ligen Spielplan-Regionalliga Sued-West- 2009-10.pdf
