2010.12.15 09:19 B G:\Homepage-BU-MG-Kempen\10-Erfolge\Bilder\00002176.gif --> billardunionmgkempen.de /10-Erfolge/Bilder 00002176.gif
2010.12.15 09:19 B G:\Homepage-BU-MG-Kempen\10-Erfolge\Bilder\01.gif --> billardunionmgkempen.de /10-Erfolge/Bilder 01.gif
2010.12.15 09:19 B G:\Homepage-BU-MG-Kempen\10-Erfolge\Bilder\02.gif --> billardunionmgkempen.de /10-Erfolge/Bilder 02.gif
2010.12.15 09:19 B G:\Homepage-BU-MG-Kempen\10-Erfolge\Bilder\baustelle.gif --> billardunionmgkempen.de /10-Erfolge/Bilder baustelle.gif
2010.12.15 09:19 B G:\Homepage-BU-MG-Kempen\10-Erfolge\Bilder\erfolge-des-vereins.png --> billardunionmgkempen.de /10-Erfolge/Bilder erfolge-des-vereins.png
2010.12.15 09:19 B G:\Homepage-BU-MG-Kempen\10-Erfolge\Bilder\hintergrund(hellblau).JPG --> billardunionmgkempen.de /10-Erfolge/Bilder hintergrund(hellblau).JPG
2010.12.15 09:19 B G:\Homepage-BU-MG-Kempen\10-Erfolge\Bilder\logo-klein.gif --> billardunionmgkempen.de /10-Erfolge/Bilder logo-klein.gif
2011.01.08 09:29 B G:\Homepage-BU-MG-Kempen\10-Aktuelles\Bilder\00002176.gif --> billardunionmgkempen.de /10-Erfolge/Bilder 00002176.gif
2011.01.08 09:29 B G:\Homepage-BU-MG-Kempen\10-Aktuelles\Bilder\01.gif --> billardunionmgkempen.de /10-Erfolge/Bilder 01.gif
2011.01.08 09:29 B G:\Homepage-BU-MG-Kempen\10-Aktuelles\Bilder\02.gif --> billardunionmgkempen.de /10-Erfolge/Bilder 02.gif
2011.01.08 09:29 B G:\Homepage-BU-MG-Kempen\10-Aktuelles\Bilder\aktuell.png --> billardunionmgkempen.de /10-Erfolge/Bilder aktuell.png
2011.01.08 09:29 B G:\Homepage-BU-MG-Kempen\10-Aktuelles\Bilder\baustelle.gif --> billardunionmgkempen.de /10-Erfolge/Bilder baustelle.gif
2011.01.08 09:29 B G:\Homepage-BU-MG-Kempen\10-Aktuelles\Bilder\erfolge-des-vereins.png --> billardunionmgkempen.de /10-Erfolge/Bilder erfolge-des-vereins.png
2011.01.08 09:29 B G:\Homepage-BU-MG-Kempen\10-Aktuelles\Bilder\hintergrund(hellblau).JPG --> billardunionmgkempen.de /10-Erfolge/Bilder hintergrund(hellblau).JPG
2011.01.08 09:29 B G:\Homepage-BU-MG-Kempen\10-Aktuelles\Bilder\index-erfolge-baustelle.htm --> billardunionmgkempen.de /10-Erfolge/Bilder index-erfolge-baustelle.htm
2011.01.08 09:29 B G:\Homepage-BU-MG-Kempen\10-Aktuelles\Bilder\logo-klein.gif --> billardunionmgkempen.de /10-Erfolge/Bilder logo-klein.gif
2011.01.08 09:29 B G:\Homepage-BU-MG-Kempen\10-Aktuelles\Bilder\Thumbs.db --> billardunionmgkempen.de /10-Erfolge/Bilder Thumbs.db
2011.01.08 09:29 B G:\Homepage-BU-MG-Kempen\10-Aktuelles\Bilder\WS_FTP.LOG --> billardunionmgkempen.de /10-Erfolge/Bilder WS_FTP.LOG
2011.01.08 09:35 B G:\Homepage-BU-MG-Kempen\10-Aktuelles\Bilder\00002176.gif --> billardunionmgkempen.de /10-Aktuelles/Bilder 00002176.gif
2011.01.08 09:35 B G:\Homepage-BU-MG-Kempen\10-Aktuelles\Bilder\01.gif --> billardunionmgkempen.de /10-Aktuelles/Bilder 01.gif
2011.01.08 09:35 B G:\Homepage-BU-MG-Kempen\10-Aktuelles\Bilder\02.gif --> billardunionmgkempen.de /10-Aktuelles/Bilder 02.gif
2011.01.08 09:35 B G:\Homepage-BU-MG-Kempen\10-Aktuelles\Bilder\aktuell.png --> billardunionmgkempen.de /10-Aktuelles/Bilder aktuell.png
2011.01.08 09:35 B G:\Homepage-BU-MG-Kempen\10-Aktuelles\Bilder\baustelle.gif --> billardunionmgkempen.de /10-Aktuelles/Bilder baustelle.gif
2011.01.08 09:35 B G:\Homepage-BU-MG-Kempen\10-Aktuelles\Bilder\erfolge-des-vereins.png --> billardunionmgkempen.de /10-Aktuelles/Bilder erfolge-des-vereins.png
2011.01.08 09:35 B G:\Homepage-BU-MG-Kempen\10-Aktuelles\Bilder\hintergrund(hellblau).JPG --> billardunionmgkempen.de /10-Aktuelles/Bilder hintergrund(hellblau).JPG
2011.01.08 09:35 B G:\Homepage-BU-MG-Kempen\10-Aktuelles\Bilder\index-erfolge-baustelle.htm --> billardunionmgkempen.de /10-Aktuelles/Bilder index-erfolge-baustelle.htm
2011.01.08 09:35 B G:\Homepage-BU-MG-Kempen\10-Aktuelles\Bilder\logo-klein.gif --> billardunionmgkempen.de /10-Aktuelles/Bilder logo-klein.gif
2011.01.08 09:35 B G:\Homepage-BU-MG-Kempen\10-Aktuelles\Bilder\Thumbs.db --> billardunionmgkempen.de /10-Aktuelles/Bilder Thumbs.db
2011.01.08 09:35 B G:\Homepage-BU-MG-Kempen\10-Aktuelles\Bilder\WS_FTP.LOG --> billardunionmgkempen.de /10-Aktuelles/Bilder WS_FTP.LOG
2011.01.22 06:22 B G:\Homepage-BU-MG-Kempen\10-Aktuelles\Bilder\aktuelles1.png --> billardunionmgkempen.de /10-Aktuelles/Bilder aktuelles1.png
2011.01.22 06:24 B G:\Homepage-BU-MG-Kempen\10-Aktuelles\Bilder\erfolge des vereins.png --> billardunionmgkempen.de /10-Aktuelles/Bilder erfolge des vereins.png
2011.02.06 08:01 B G:\Homepage-BU-MG-Kempen\10-Aktuelles\Bilder\vereinschronik.png --> billardunionmgkempen.de /10-Aktuelles/Bilder vereinschronik.png
2011.04.14 07:30 B G:\Homepage-BU-MG-Kempen\13-Turniere\Bilder\00002176.gif --> billardunionmgkempen.de /13-Turniere/Bilder 00002176.gif
2011.04.14 07:30 B G:\Homepage-BU-MG-Kempen\13-Turniere\Bilder\01.gif --> billardunionmgkempen.de /13-Turniere/Bilder 01.gif
2011.04.14 07:30 B G:\Homepage-BU-MG-Kempen\13-Turniere\Bilder\02.gif --> billardunionmgkempen.de /13-Turniere/Bilder 02.gif
2011.04.14 07:30 B G:\Homepage-BU-MG-Kempen\13-Turniere\Bilder\baustelle.gif --> billardunionmgkempen.de /13-Turniere/Bilder baustelle.gif
2011.04.14 07:30 B G:\Homepage-BU-MG-Kempen\13-Turniere\Bilder\hintergrund(hellblau).JPG --> billardunionmgkempen.de /13-Turniere/Bilder hintergrund(hellblau).JPG
2011.04.14 07:30 B G:\Homepage-BU-MG-Kempen\13-Turniere\Bilder\logo-klein.gif --> billardunionmgkempen.de /13-Turniere/Bilder logo-klein.gif
2011.04.14 07:30 B G:\Homepage-BU-MG-Kempen\13-Turniere\Bilder\Thumbs.db --> billardunionmgkempen.de /13-Turniere/Bilder Thumbs.db
