2009.07.08 14:04 B E:\1.0Homepage-Hans\06-freizeit\downloads-pass\Anwesendheitsliste_Blanko.RTF --> ftp.hans-kirchhoff.de /06-freizeit/downloads-pass Anwesendheitsliste_Blanko.RTF
2009.07.08 14:04 B E:\1.0Homepage-Hans\06-freizeit\downloads-pass\Versammlung_Protokoll.doc --> ftp.hans-kirchhoff.de /06-freizeit/downloads-pass Versammlung_Protokoll.doc
2009.07.28 06:38 B E:\1.0Homepage-Hans\06-freizeit\downloads-pass\Vereinsdatenblatt_PBVN.xls --> ftp.hans-kirchhoff.de /06-freizeit/downloads-pass Vereinsdatenblatt_PBVN.xls
2009.07.28 06:44 B E:\1.0Homepage-Hans\06-freizeit\downloads-pass\PBVN-Vereinsdatenblatt-PBC-Neuwerk.xls --> ftp.hans-kirchhoff.de /06-freizeit/downloads-pass PBVN-Vereinsdatenblatt-PBC-Neuwerk.xls
2009.07.28 06:44 B E:\1.0Homepage-Hans\06-freizeit\downloads-pass\14-1Spielzettel.doc --> ftp.hans-kirchhoff.de /06-freizeit/downloads-pass 14-1Spielzettel.doc
2009.07.28 06:45 B E:\1.0Homepage-Hans\06-freizeit\downloads-pass\14.1.xls --> ftp.hans-kirchhoff.de /06-freizeit/downloads-pass 14.1.xls
2009.07.28 06:45 B E:\1.0Homepage-Hans\06-freizeit\downloads-pass\32er_16er_8er_Feld.xls --> ftp.hans-kirchhoff.de /06-freizeit/downloads-pass 32er_16er_8er_Feld.xls
2009.07.28 06:45 B E:\1.0Homepage-Hans\06-freizeit\downloads-pass\8 & 9 Ball-Blaetter.xls --> ftp.hans-kirchhoff.de /06-freizeit/downloads-pass 8 & 9 Ball-Blaetter.xls
2009.07.28 07:06 A E:\1.0Homepage-Hans\06-freizeit\downloads-pass\bauarbeiter.gif --> ftp.hans-kirchhoff.de /06-freizeit/downloads-pass bauarbeiter.gif
2009.07.28 07:06 A E:\1.0Homepage-Hans\06-freizeit\downloads-pass\SSB-Bestandserhebung 2009.xls --> ftp.hans-kirchhoff.de /06-freizeit/downloads-pass SSB-Bestandserhebung 2009.xls
2009.07.28 07:11 B E:\1.0Homepage-Hans\06-freizeit\downloads-pass\bauarbeiter.gif --> ftp.hans-kirchhoff.de /06-freizeit/downloads-pass bauarbeiter.gif
2009.07.28 07:11 B E:\1.0Homepage-Hans\06-freizeit\downloads-pass\SSB-Bestandserhebung 2009.xls --> ftp.hans-kirchhoff.de /06-freizeit/downloads-pass SSB-Bestandserhebung 2009.xls
2009.07.28 07:25 B E:\1.0Homepage-Hans\06-freizeit\downloads-pass\Abmeldung-Freigabe-PBVN.xls --> ftp.hans-kirchhoff.de /06-freizeit/downloads-pass Abmeldung-Freigabe-PBVN.xls
2009.07.28 07:25 B E:\1.0Homepage-Hans\06-freizeit\downloads-pass\Anmeldung-Aenderung-PBVN.xls --> ftp.hans-kirchhoff.de /06-freizeit/downloads-pass Anmeldung-Aenderung-PBVN.xls
2009.07.28 07:25 B E:\1.0Homepage-Hans\06-freizeit\downloads-pass\PBVN-Vereinsdatenblatt-PBC-Neuwerk.xls --> ftp.hans-kirchhoff.de /06-freizeit/downloads-pass PBVN-Vereinsdatenblatt-PBC-Neuwerk.xls
2009.07.28 07:25 B E:\1.0Homepage-Hans\06-freizeit\downloads-pass\14-1Spielzettel.doc --> ftp.hans-kirchhoff.de /06-freizeit 14-1Spielzettel.doc
2009.09.04 06:02 B E:\1.0Homepage-Hans\06-freizeit\downloads-pass\Neuw 1.pdf --> ftp.hans-kirchhoff.de /06-freizeit/downloads-pass Neuw 1.pdf
2009.09.04 06:02 B E:\1.0Homepage-Hans\06-freizeit\downloads-pass\Neuw 2.pdf --> ftp.hans-kirchhoff.de /06-freizeit/downloads-pass Neuw 2.pdf
2009.09.04 06:02 B E:\1.0Homepage-Hans\06-freizeit\downloads-pass\Neuw 3.pdf --> ftp.hans-kirchhoff.de /06-freizeit/downloads-pass Neuw 3.pdf
2009.09.04 06:02 B E:\1.0Homepage-Hans\06-freizeit\downloads-pass\Neuw Sen.pdf --> ftp.hans-kirchhoff.de /06-freizeit/downloads-pass Neuw Sen.pdf
2010.12.02 20:19 B G:\Homepage-BU-MG-Kempen\03-Ligabetrieb\downloads-pass\14.1.xls --> billardunionmgkempen.de /03-Ligabetrieb/downloads-pass 14.1.xls
2010.12.02 20:19 B G:\Homepage-BU-MG-Kempen\03-Ligabetrieb\downloads-pass\32er_16er_8er_Feld.xls --> billardunionmgkempen.de /03-Ligabetrieb/downloads-pass 32er_16er_8er_Feld.xls
2010.12.02 20:19 B G:\Homepage-BU-MG-Kempen\03-Ligabetrieb\downloads-pass\Abmeldung-Freigabe-PBVN.xls --> billardunionmgkempen.de /03-Ligabetrieb/downloads-pass Abmeldung-Freigabe-PBVN.xls
2010.12.02 20:19 B G:\Homepage-BU-MG-Kempen\03-Ligabetrieb\downloads-pass\8 & 9 Ball-Blaetter.xls --> billardunionmgkempen.de /03-Ligabetrieb/downloads-pass 8 & 9 Ball-Blaetter.xls
2010.12.02 20:19 B G:\Homepage-BU-MG-Kempen\03-Ligabetrieb\downloads-pass\14-1Spielzettel.doc --> billardunionmgkempen.de /03-Ligabetrieb/downloads-pass 14-1Spielzettel.doc
2010.12.02 20:19 B G:\Homepage-BU-MG-Kempen\03-Ligabetrieb\downloads-pass\SSB-Bestandserhebung 2009.xls --> billardunionmgkempen.de /03-Ligabetrieb/downloads-pass SSB-Bestandserhebung 2009.xls
2010.12.02 20:19 B G:\Homepage-BU-MG-Kempen\03-Ligabetrieb\downloads-pass\PBVN-Vereinsdatenblatt-PBC-Neuwerk.xls --> billardunionmgkempen.de /03-Ligabetrieb/downloads-pass PBVN-Vereinsdatenblatt-PBC-Neuwerk.xls
2010.12.02 20:19 B G:\Homepage-BU-MG-Kempen\03-Ligabetrieb\downloads-pass\Anmeldung-Aenderung-PBVN.xls --> billardunionmgkempen.de /03-Ligabetrieb/downloads-pass Anmeldung-Aenderung-PBVN.xls
2010.12.02 20:19 B G:\Homepage-BU-MG-Kempen\03-Ligabetrieb\downloads-pass\bauarbeiter.gif --> billardunionmgkempen.de /03-Ligabetrieb/downloads-pass bauarbeiter.gif
2010.12.02 20:19 B G:\Homepage-BU-MG-Kempen\03-Ligabetrieb\downloads-pass\Neuw 1.pdf --> billardunionmgkempen.de /03-Ligabetrieb/downloads-pass Neuw 1.pdf
