2009.09.23 08:19 B E:\1.0Homepage-Hans\10-Verkaufe\e-mail.htm --> ftp.hans-kirchhoff.de /10-Verkaufe e-mail.htm
2009.09.23 08:19 B E:\1.0Homepage-Hans\10-Verkaufe\index.html --> ftp.hans-kirchhoff.de /10-Verkaufe index.html
2009.09.23 08:19 B E:\1.0Homepage-Hans\10-Verkaufe\WS_FTP.LOG --> ftp.hans-kirchhoff.de /10-Verkaufe WS_FTP.LOG
2009.09.23 08:28 B E:\1.0Homepage-Hans\10-Verkaufe\index.html --> ftp.hans-kirchhoff.de /10-Verkaufe index.html
2009.09.23 08:32 B E:\1.0Homepage-Hans\10-Verkaufe\index.html --> ftp.hans-kirchhoff.de /10-Verkaufe index.html
2009.09.23 08:37 B E:\1.0Homepage-Hans\10-Verkaufe\e-mail.htm --> ftp.hans-kirchhoff.de /10-Verkaufe e-mail.htm
2009.09.23 08:37 B E:\1.0Homepage-Hans\10-Verkaufe\index.html --> ftp.hans-kirchhoff.de /10-Verkaufe index.html
2009.09.23 09:09 B E:\1.0Homepage-Hans\10-Verkaufe\e-mail.htm --> ftp.hans-kirchhoff.de /10-Verkaufe e-mail.htm
2009.09.23 09:13 B E:\1.0Homepage-Hans\10-Verkaufe\e-mail.htm --> ftp.hans-kirchhoff.de /10-Verkaufe e-mail.htm
2009.09.23 09:17 B E:\1.0Homepage-Hans\10-Verkaufe\index.html --> ftp.hans-kirchhoff.de /10-Verkaufe index.html
2009.09.23 09:20 B E:\1.0Homepage-Hans\10-Verkaufe\index.html --> ftp.hans-kirchhoff.de /10-Verkaufe index.html
2009.09.23 09:23 B E:\1.0Homepage-Hans\10-Verkaufe\index.html --> ftp.hans-kirchhoff.de /10-Verkaufe index.html
2009.09.23 09:24 B E:\1.0Homepage-Hans\10-Verkaufe\index.html --> ftp.hans-kirchhoff.de /10-Verkaufe index.html
2009.09.23 09:37 B E:\1.0Homepage-Hans\10-Verkaufe\index.html --> ftp.hans-kirchhoff.de /10-Verkaufe index.html
2009.09.23 09:53 B E:\1.0Homepage-Hans\10-Verkaufe\index.html --> ftp.hans-kirchhoff.de /10-Verkaufe index.html
2009.09.23 09:59 B E:\1.0Homepage-Hans\10-Verkaufe\index.html --> ftp.hans-kirchhoff.de /10-Verkaufe index.html
2009.09.23 10:03 B E:\1.0Homepage-Hans\10-Verkaufe\e-mail.htm --> ftp.hans-kirchhoff.de /10-Verkaufe e-mail.htm
2009.09.23 10:29 B E:\1.0Homepage-Hans\10-Verkaufe\index.html --> ftp.hans-kirchhoff.de /10-Verkaufe index.html
2009.09.23 12:15 B E:\1.0Homepage-Hans\10-Verkaufe\index.html --> ftp.hans-kirchhoff.de /10-Verkaufe index.html
2009.09.23 12:24 B E:\1.0Homepage-Hans\10-Verkaufe\index.html --> ftp.hans-kirchhoff.de /10-Verkaufe index.html
2009.09.24 11:53 B E:\1.0Homepage-Hans\10-Verkaufe\index.html --> ftp.hans-kirchhoff.de /10-Verkaufe index.html
2009.09.24 11:55 B E:\1.0Homepage-Hans\10-Verkaufe\e-mail.htm --> ftp.hans-kirchhoff.de /10-Verkaufe e-mail.htm
2009.09.26 09:02 B E:\1.0Homepage-Hans\10-Verkaufe\index.html --> ftp.hans-kirchhoff.de /10-Verkaufe index.html
2009.09.27 09:55 B E:\1.0Homepage-Hans\10-Verkaufe\index.html --> ftp.hans-kirchhoff.de /10-Verkaufe index.html
2009.10.09 05:51 B E:\1.0Homepage-Hans\10-Verkaufe\index.html --> ftp.hans-kirchhoff.de /10-Verkaufe index.html
2009.10.10 07:33 B E:\1.0Homepage-Hans\10-Verkaufe\e-mail.htm --> ftp.hans-kirchhoff.de /10-Verkaufe e-mail.htm
2009.10.10 07:33 B E:\1.0Homepage-Hans\10-Verkaufe\index.html --> ftp.hans-kirchhoff.de /10-Verkaufe index.html
2009.10.12 07:13 B E:\1.0Homepage-Hans\10-Verkaufe\index.html --> ftp.hans-kirchhoff.de / index.html
2009.10.12 07:13 B E:\1.0Homepage-Hans\10-Verkaufe\index.html --> ftp.hans-kirchhoff.de /10-Verkaufe index.html
2009.10.14 10:19 B E:\1.0Homepage-Hans\10-Verkaufe\index.html --> ftp.hans-kirchhoff.de /10-Verkaufe index.html
2010.12.28 19:17 B G:\Homepage-BU-MG-Kempen\08-Nirvana\Verkaufe\Kaufvertrag.doc --> billardunionmgkempen.de /08-Nirvana/Verkaufe Kaufvertrag.doc
2010.12.28 19:17 B G:\Homepage-BU-MG-Kempen\08-Nirvana\Verkaufe\mail.htm --> billardunionmgkempen.de /08-Nirvana/Verkaufe mail.htm
2010.12.28 19:17 B G:\Homepage-BU-MG-Kempen\08-Nirvana\Verkaufe\WS_FTP.LOG --> billardunionmgkempen.de /08-Nirvana/Verkaufe WS_FTP.LOG
2010.12.28 19:28 B G:\Homepage-BU-MG-Kempen\Verkaufe\index-impressum-verkauf.html --> billardunionmgkempen.de /Verkaufe index-impressum-verkauf.html
2010.12.28 19:28 B G:\Homepage-BU-MG-Kempen\Verkaufe\index-verkauf.html --> billardunionmgkempen.de /Verkaufe index-verkauf.html
2010.12.28 19:28 B G:\Homepage-BU-MG-Kempen\Verkaufe\Kaufvertrag.doc --> billardunionmgkempen.de /Verkaufe Kaufvertrag.doc
2010.12.28 19:28 B G:\Homepage-BU-MG-Kempen\Verkaufe\mail.htm --> billardunionmgkempen.de /Verkaufe mail.htm
