2011.04.14 07:30 B G:\Homepage-BU-MG-Kempen\13-Turniere\index-nachtturnier_2011.htm --> billardunionmgkempen.de /13-Turniere index-nachtturnier_2011.htm
2011.04.14 07:30 B G:\Homepage-BU-MG-Kempen\13-Turniere\index-turniere.htm --> billardunionmgkempen.de /13-Turniere index-turniere.htm
2011.04.14 07:41 B G:\Homepage-BU-MG-Kempen\13-Turniere\index-nachtturnier_2011.htm --> billardunionmgkempen.de /13-Turniere index-nachtturnier_2011.htm
2011.04.14 07:41 B G:\Homepage-BU-MG-Kempen\13-Turniere\index-turniere.htm --> billardunionmgkempen.de /13-Turniere index-turniere.htm
2011.04.14 07:49 B G:\Homepage-BU-MG-Kempen\13-Turniere\index-turniere.htm --> billardunionmgkempen.de /13-Turniere index-turniere.htm
2011.04.14 09:26 B G:\Homepage-BU-MG-Kempen\13-Turniere\index-nachtturnier_2011.htm --> billardunionmgkempen.de /13-Turniere index-nachtturnier_2011.htm
2011.07.10 04:19 B G:\Homepage-BU-MG-Kempen\13-Turniere\index-Niederrheincup_2011.htm --> billardunionmgkempen.de /13-Turniere index-Niederrheincup_2011.htm
2011.07.10 04:19 B G:\Homepage-BU-MG-Kempen\13-Turniere\index-turniere.htm --> billardunionmgkempen.de /13-Turniere index-turniere.htm
2011.08.17 05:16 B G:\Homepage-BU-MG-Kempen\13-Turniere\index-turniere.htm --> billardunionmgkempen.de /13-Turniere index-turniere.htm
2011.08.17 07:16 B G:\Homepage-BU-MG-Kempen\13-Turniere\index-turniere.htm --> billardunionmgkempen.de /13-Turniere index-turniere.htm
2011.09.15 04:49 B G:\Homepage-BU-MG-Kempen\13-Turniere\index-turniere.htm --> billardunionmgkempen.de /13-Turniere index-turniere.htm
2011.11.23 05:14 B C:\Users\Hennebell\Desktop\Homepage-BU-MG-Kempen\13-Turniere\index-turniere.htm --> billardunionmgkempen.de /13-Turniere index-turniere.htm
2011.11.28 05:57 B C:\Users\Hennebell\Desktop\Homepage-BU-MG-Kempen\13-Turniere\index-christmas10ball-cup_2011.htm --> billardunionmgkempen.de /13-Turniere index-christmas10ball-cup_2011.htm
2011.11.28 05:58 B C:\Users\Hennebell\Desktop\Homepage-BU-MG-Kempen\13-Turniere\index-turniere.htm --> billardunionmgkempen.de /13-Turniere index-turniere.htm
2011.11.28 06:00 B C:\Users\Hennebell\Desktop\Homepage-BU-MG-Kempen\13-Turniere\index-christmas10ball-cup_2011.htm --> billardunionmgkempen.de /13-Turniere index-christmas10ball-cup_2011.htm
2011.11.28 06:00 B C:\Users\Hennebell\Desktop\Homepage-BU-MG-Kempen\13-Turniere\index-turniere.htm --> billardunionmgkempen.de /13-Turniere index-turniere.htm
2011.11.28 06:01 B C:\Users\Hennebell\Desktop\Homepage-BU-MG-Kempen\13-Turniere\index-christmas10ball-cup_2011.htm --> billardunionmgkempen.de /13-Turniere index-christmas10ball-cup_2011.htm
2011.11.28 06:01 B C:\Users\Hennebell\Desktop\Homepage-BU-MG-Kempen\13-Turniere\index-turniere.htm --> billardunionmgkempen.de /13-Turniere index-turniere.htm
2011.11.28 06:17 B C:\Users\Hennebell\Desktop\Homepage-BU-MG-Kempen\13-Turniere\index-christmas10ball-cup_2011.htm --> billardunionmgkempen.de /13-Turniere index-christmas10ball-cup_2011.htm
2011.11.28 06:22 B C:\Users\Hennebell\Desktop\Homepage-BU-MG-Kempen\13-Turniere\index-christmas10ball-cup_2011.htm --> billardunionmgkempen.de /13-Turniere index-christmas10ball-cup_2011.htm
2011.11.28 06:41 B C:\Users\Hennebell\Desktop\Homepage-BU-MG-Kempen\13-Turniere\index-christmas10ball-cup_2011.htm --> billardunionmgkempen.de /13-Turniere index-christmas10ball-cup_2011.htm
2011.11.28 07:03 B C:\Users\Hennebell\Desktop\Homepage-BU-MG-Kempen\13-Turniere\index-christmas10ball-cup_2011.htm --> billardunionmgkempen.de /13-Turniere index-christmas10ball-cup_2011.htm
2011.11.28 07:36 B C:\Users\Hennebell\Desktop\Homepage-BU-MG-Kempen\13-Turniere\index-christmas10ball-cup_2011.htm --> billardunionmgkempen.de /13-Turniere index-christmas10ball-cup_2011.htm
2011.11.29 06:25 B C:\Users\Hennebell\Desktop\Homepage-BU-MG-Kempen\13-Turniere\index-turniere.htm --> billardunionmgkempen.de /13-Turniere index-turniere.htm
2011.11.29 18:41 B C:\Users\Hennebell\Desktop\Homepage-BU-MG-Kempen\13-Turniere\index-christmas10ball-cup_2011.htm --> billardunionmgkempen.de /13-Turniere index-christmas10ball-cup_2011.htm
2011.12.01 07:37 B C:\Users\Hennebell\Desktop\Homepage-BU-MG-Kempen\14-Training\index-Tainer_chantal.htm --> billardunionmgkempen.de /14-Training index-Tainer_chantal.htm
2011.12.01 07:37 B C:\Users\Hennebell\Desktop\Homepage-BU-MG-Kempen\14-Training\index-training.htm --> billardunionmgkempen.de /14-Training index-training.htm
