2009.11.30 04:42 B E:\1.0Homepage-Hans\01-start\hauptseite.html --> ftp.hans-kirchhoff.de /01-start hauptseite.html
2009.11.30 05:00 B E:\1.0Homepage-Hans\01-start\hauptseite.html --> ftp.hans-kirchhoff.de /01-start hauptseite.html
2009.11.30 05:14 B E:\1.0Homepage-Hans\01-start\hauptseite.html --> ftp.hans-kirchhoff.de /01-start hauptseite.html
2009.11.30 05:45 B E:\1.0Homepage-Hans\01-start\hauptseite.html --> ftp.hans-kirchhoff.de /01-start hauptseite.html
2009.11.30 06:10 B E:\1.0Homepage-Hans\01-start\hauptseite.html --> ftp.hans-kirchhoff.de /01-start hauptseite.html
2009.11.30 07:49 B E:\1.0Homepage-Hans\01-start\hauptseite.html --> ftp.hans-kirchhoff.de /01-start hauptseite.html
2009.12.01 05:59 B E:\1.0Homepage-Hans\01-start\hauptseite.html --> ftp.hans-kirchhoff.de /01-start hauptseite.html
2009.12.04 04:57 B E:\1.0Homepage-Hans\01-start\hauptseite.html --> ftp.hans-kirchhoff.de /01-start hauptseite.html
2009.12.04 09:09 B E:\1.0Homepage-Hans\01-start\hauptseite.html --> ftp.hans-kirchhoff.de /01-start hauptseite.html
2009.12.05 05:56 B E:\1.0Homepage-Hans\01-start\hauptseite.html --> ftp.hans-kirchhoff.de /01-start hauptseite.html
2009.12.06 05:14 B E:\1.0Homepage-Hans\01-start\hauptseite.html --> ftp.hans-kirchhoff.de /01-start hauptseite.html
2009.12.06 11:04 B E:\1.0Homepage-Hans\01-start\hauptseite.html --> ftp.hans-kirchhoff.de /01-start hauptseite.html
2009.12.07 03:49 B E:\1.0Homepage-Hans\01-start\hauptseite.html --> ftp.hans-kirchhoff.de /01-start hauptseite.html
2009.12.08 03:56 B E:\1.0Homepage-Hans\01-start\hauptseite.html --> ftp.hans-kirchhoff.de /01-start hauptseite.html
2009.12.08 15:15 B E:\1.0Homepage-Hans\01-start\hauptseite.html --> ftp.hans-kirchhoff.de /01-start hauptseite.html
2009.12.10 08:06 B E:\1.0Homepage-Hans\01-start\hauptseite.html --> ftp.hans-kirchhoff.de /01-start hauptseite.html
2009.12.13 04:00 B E:\1.0Homepage-Hans\01-start\hauptseite.html --> ftp.hans-kirchhoff.de /01-start hauptseite.html
2009.12.14 04:08 B E:\1.0Homepage-Hans\01-start\hauptseite.html --> ftp.hans-kirchhoff.de /01-start hauptseite.html
2009.12.20 03:53 B E:\1.0Homepage-Hans\01-start\hauptseite.html --> ftp.hans-kirchhoff.de /01-start hauptseite.html
2009.12.20 05:34 B E:\1.0Homepage-Hans\01-start\hauptseite.html --> ftp.hans-kirchhoff.de /01-start hauptseite.html
2009.12.24 04:03 B E:\1.0Homepage-Hans\01-start\hauptseite.html --> ftp.hans-kirchhoff.de /01-start hauptseite.html
2009.12.24 04:05 B E:\1.0Homepage-Hans\01-start\hauptseite.html --> ftp.hans-kirchhoff.de /01-start hauptseite.html
2009.12.24 12:44 B E:\1.0Homepage-Hans\01-start\hauptseite.html --> ftp.hans-kirchhoff.de /01-start hauptseite.html
2009.12.25 17:04 B E:\1.0Homepage-Hans\01-start\hauptseite.html --> ftp.hans-kirchhoff.de /01-start hauptseite.html
2009.12.25 17:05 B E:\1.0Homepage-Hans\01-start\hauptseite.html --> ftp.hans-kirchhoff.de /01-start hauptseite.html
2009.12.25 17:13 B E:\1.0Homepage-Hans\01-start\hauptseite.html --> ftp.hans-kirchhoff.de /01-start hauptseite.html
2009.12.27 04:24 B E:\1.0Homepage-Hans\01-start\hauptseite.html --> ftp.hans-kirchhoff.de /01-start hauptseite.html
2009.12.27 04:25 B E:\1.0Homepage-Hans\01-start\hauptseite.html --> ftp.hans-kirchhoff.de /01-start hauptseite.html
2009.12.27 05:02 B E:\1.0Homepage-Hans\01-start\hauptseite.html --> ftp.hans-kirchhoff.de /01-start hauptseite.html
2009.12.27 05:17 B E:\1.0Homepage-Hans\01-start\hauptseite.html --> ftp.hans-kirchhoff.de /01-start hauptseite.html
2009.12.27 06:08 B E:\1.0Homepage-Hans\01-start\hauptseite.html --> ftp.hans-kirchhoff.de /01-start hauptseite.html
2009.12.27 07:42 B E:\1.0Homepage-Hans\01-start\hauptseite.html --> ftp.hans-kirchhoff.de /01-start hauptseite.html
2009.12.27 07:47 B E:\1.0Homepage-Hans\01-start\hauptseite.html --> ftp.hans-kirchhoff.de /01-start hauptseite.html
2009.12.27 08:30 B E:\1.0Homepage-Hans\01-start\hauptseite.html --> ftp.hans-kirchhoff.de /01-start hauptseite.html
2010.01.01 05:27 B E:\1.0Homepage-Hans\01-start\hauptseite.html --> ftp.hans-kirchhoff.de /01-start hauptseite.html
2010.01.01 06:59 B E:\1.0Homepage-Hans\01-start\hauptseite.html --> ftp.hans-kirchhoff.de /01-start hauptseite.html
2010.01.02 12:57 B E:\1.0Homepage-Hans\01-start\hauptseite.html --> ftp.hans-kirchhoff.de /01-start hauptseite.html
2010.01.04 05:17 B E:\1.0Homepage-Hans\01-start\hauptseite.html --> ftp.hans-kirchhoff.de /01-start hauptseite.html
2010.01.07 04:21 B E:\1.0Homepage-Hans\01-start\hauptseite.html --> ftp.hans-kirchhoff.de /01-start hauptseite.html
2010.01.07 16:31 B E:\1.0Homepage-Hans\01-start\hauptseite.html --> ftp.hans-kirchhoff.de /01-start hauptseite.html
2010.01.07 17:09 B E:\1.0Homepage-Hans\01-start\hauptseite.html --> ftp.hans-kirchhoff.de /01-start hauptseite.html
2010.01.07 17:10 B E:\1.0Homepage-Hans\01-start\hauptseite.html --> ftp.hans-kirchhoff.de /01-start hauptseite.html
2010.01.07 17:44 B E:\1.0Homepage-Hans\01-start\hauptseite.html --> ftp.hans-kirchhoff.de /01-start hauptseite.html
2010.01.08 04:51 B E:\1.0Homepage-Hans\01-start\hauptseite.html --> ftp.hans-kirchhoff.de /01-start hauptseite.html
2010.01.24 07:04 B E:\1.0Homepage-Hans\01-start\hauptseite.html --> ftp.hans-kirchhoff.de /01-start hauptseite.html
2010.01.24 09:22 B E:\1.0Homepage-Hans\01-start\hauptseite.html --> ftp.hans-kirchhoff.de /01-start hauptseite.html
2010.01.24 10:08 B E:\1.0Homepage-Hans\01-start\hauptseite.html --> ftp.hans-kirchhoff.de /01-start hauptseite.html
2010.01.24 11:48 B E:\1.0Homepage-Hans\01-start\hauptseite.html --> ftp.hans-kirchhoff.de /01-start hauptseite.html
2010.01.28 11:00 B E:\1.0Homepage-Hans\01-start\hauptseite.html --> ftp.hans-kirchhoff.de /01-start hauptseite.html
2010.01.28 11:01 B E:\1.0Homepage-Hans\01-start\hauptseite.html --> ftp.hans-kirchhoff.de /01-start hauptseite.html
2010.01.28 11:02 B E:\1.0Homepage-Hans\01-start\hauptseite.html --> ftp.hans-kirchhoff.de /01-start hauptseite.html
2010.01.29 08:18 B E:\1.0Homepage-Hans\01-start\hauptseite.html --> ftp.hans-kirchhoff.de /01-start hauptseite.html
2010.02.01 07:25 B E:\1.0Homepage-Hans\01-start\hauptseite.html --> ftp.hans-kirchhoff.de /01-start hauptseite.html
2010.02.01 12:48 B E:\1.0Homepage-Hans\01-start\hauptseite.html --> ftp.hans-kirchhoff.de /01-start hauptseite.html
2010.02.13 09:11 B E:\1.0Homepage-Hans\01-start\hauptseite.html --> ftp.hans-kirchhoff.de /01-start hauptseite.html
2010.02.13 09:23 B E:\1.0Homepage-Hans\01-start\hauptseite.html --> ftp.hans-kirchhoff.de /01-start hauptseite.html
2010.02.14 04:25 B E:\1.0Homepage-Hans\01-start\hauptseite.html --> ftp.hans-kirchhoff.de /01-start hauptseite.html
2010.02.14 04:26 B E:\1.0Homepage-Hans\01-start\hauptseite.html --> ftp.hans-kirchhoff.de /01-start hauptseite.html
2010.02.14 04:36 B E:\1.0Homepage-Hans\01-start\hauptseite.html --> ftp.hans-kirchhoff.de /01-start hauptseite.html
2010.02.15 03:38 B E:\1.0Homepage-Hans\01-start\hauptseite.html --> ftp.hans-kirchhoff.de /01-start hauptseite.html
2010.02.15 06:07 B E:\1.0Homepage-Hans\01-start\hauptseite.html --> ftp.hans-kirchhoff.de /01-start hauptseite.html
2010.02.15 06:08 B E:\1.0Homepage-Hans\01-start\hauptseite.html --> ftp.hans-kirchhoff.de /01-start hauptseite.html
2010.02.15 06:12 B E:\1.0Homepage-Hans\01-start\hauptseite.html --> ftp.hans-kirchhoff.de /01-start hauptseite.html
2010.02.15 06:15 B E:\1.0Homepage-Hans\01-start\hauptseite.html --> ftp.hans-kirchhoff.de /01-start hauptseite.html
2010.02.15 10:01 B E:\1.0Homepage-Hans\01-start\hauptseite.html --> ftp.hans-kirchhoff.de /01-start hauptseite.html
2010.02.16 16:10 B E:\1.0Homepage-Hans\01-start\hauptseite.html --> ftp.hans-kirchhoff.de /01-start hauptseite.html
2010.02.16 19:13 B E:\1.0Homepage-Hans\01-start\hauptseite.html --> ftp.hans-kirchhoff.de /01-start hauptseite.html
2010.02.17 03:57 B E:\1.0Homepage-Hans\01-start\hauptseite.html --> ftp.hans-kirchhoff.de /01-start hauptseite.html
2010.02.17 12:47 B E:\1.0Homepage-Hans\01-start\hauptseite.html --> ftp.hans-kirchhoff.de /01-start hauptseite.html
2010.02.17 12:51 B E:\1.0Homepage-Hans\01-start\hauptseite.html --> ftp.hans-kirchhoff.de /01-start hauptseite.html
2010.02.17 12:59 B E:\1.0Homepage-Hans\01-start\hauptseite.html --> ftp.hans-kirchhoff.de /01-start hauptseite.html
2010.02.17 19:47 B E:\1.0Homepage-Hans\01-start\hauptseite.html --> ftp.hans-kirchhoff.de /01-start hauptseite.html
2010.02.17 19:48 B E:\1.0Homepage-Hans\01-start\hauptseite.html --> ftp.hans-kirchhoff.de /01-start hauptseite.html
2010.02.17 20:08 B E:\1.0Homepage-Hans\01-start\hauptseite.html --> ftp.hans-kirchhoff.de /01-start hauptseite.html
2010.02.17 20:13 B E:\1.0Homepage-Hans\01-start\hauptseite.html --> ftp.hans-kirchhoff.de /01-start hauptseite.html
2010.02.17 20:14 B E:\1.0Homepage-Hans\01-start\hauptseite.html --> ftp.hans-kirchhoff.de /01-start hauptseite.html
2010.02.18 04:44 B E:\1.0Homepage-Hans\01-start\hauptseite.html --> ftp.hans-kirchhoff.de /01-start hauptseite.html
2010.02.18 07:04 B E:\1.0Homepage-Hans\01-start\hauptseite.html --> ftp.hans-kirchhoff.de /01-start hauptseite.html
2010.02.18 07:58 B E:\1.0Homepage-Hans\01-start\hauptseite.html --> ftp.hans-kirchhoff.de /01-start hauptseite.html
2010.02.18 10:48 B E:\1.0Homepage-Hans\01-start\hauptseite.html --> ftp.hans-kirchhoff.de /01-start hauptseite.html
2010.02.18 12:40 B E:\1.0Homepage-Hans\01-start\hauptseite.html --> ftp.hans-kirchhoff.de /01-start hauptseite.html
2010.02.18 12:43 B E:\1.0Homepage-Hans\01-start\hauptseite.html --> ftp.hans-kirchhoff.de /01-start hauptseite.html
2010.02.18 12:45 B E:\1.0Homepage-Hans\01-start\hauptseite.html --> ftp.hans-kirchhoff.de /01-start hauptseite.html
2010.03.07 07:59 B E:\1.0Homepage-Hans\01-start\hauptseite.html --> ftp.hans-kirchhoff.de /01-start hauptseite.html
2010.03.07 08:21 B E:\1.0Homepage-Hans\01-start\hauptseite.html --> ftp.hans-kirchhoff.de /01-start hauptseite.html
2010.03.07 15:17 B E:\1.0Homepage-Hans\01-start\hauptseite.html --> ftp.hans-kirchhoff.de /01-start hauptseite.html
2010.03.07 17:26 B E:\1.0Homepage-Hans\01-start\hauptseite.html --> ftp.hans-kirchhoff.de /01-start hauptseite.html
2010.12.02 20:13 B G:\Homepage-BU-MG-Kempen\01-start\hauptseite.html --> billardunionmgkempen.de /01-start hauptseite.html
2010.12.02 20:13 B G:\Homepage-BU-MG-Kempen\01-start\WS_FTP.LOG --> billardunionmgkempen.de /01-start WS_FTP.LOG
2010.12.02 20:58 B G:\Homepage-BU-MG-Kempen\01-start\hauptseite.html --> billardunionmgkempen.de /01-start hauptseite.html
2010.12.03 05:17 B G:\Homepage-BU-MG-Kempen\01-start\hauptseite.html --> billardunionmgkempen.de /01-start hauptseite.html
2010.12.03 07:37 B G:\Homepage-BU-MG-Kempen\01-start\hauptseite.html --> billardunionmgkempen.de /01-start hauptseite.html
2010.12.03 07:51 B G:\Homepage-BU-MG-Kempen\01-start\hauptseite.html --> billardunionmgkempen.de /01-start hauptseite.html
2010.12.03 18:58 B G:\Homepage-BU-MG-Kempen\01-start\hauptseite.html --> billardunionmgkempen.de /01-start hauptseite.html
2010.12.04 04:57 B G:\Homepage-BU-MG-Kempen\01-start\hauptseite.html --> billardunionmgkempen.de /01-start hauptseite.html
2010.12.05 08:51 B G:\Homepage-BU-MG-Kempen\01-start\hauptseite.html --> billardunionmgkempen.de /01-start hauptseite.html
2010.12.05 11:41 B G:\Homepage-BU-MG-Kempen\01-start\hauptseite.html --> billardunionmgkempen.de /01-start hauptseite.html
2010.12.05 11:44 B G:\Homepage-BU-MG-Kempen\01-start\hauptseite.html --> billardunionmgkempen.de /01-start hauptseite.html
2010.12.05 16:46 B G:\Homepage-BU-MG-Kempen\01-start\index-neujahrausschreibung.htm --> billardunionmgkempen.de /01-start index-neujahrausschreibung.htm
2010.12.05 16:46 B G:\Homepage-BU-MG-Kempen\01-start\hauptseite.html --> billardunionmgkempen.de /01-start hauptseite.html
2010.12.05 16:48 B G:\Homepage-BU-MG-Kempen\01-start\index-neujahrausschreibung.htm --> billardunionmgkempen.de /01-start index-neujahrausschreibung.htm
2010.12.05 16:48 B G:\Homepage-BU-MG-Kempen\01-start\hauptseite.html --> billardunionmgkempen.de /01-start hauptseite.html
2010.12.05 17:41 B G:\Homepage-BU-MG-Kempen\01-start\index-neujahrausschreibung.htm --> billardunionmgkempen.de /01-start index-neujahrausschreibung.htm
2010.12.05 17:41 B G:\Homepage-BU-MG-Kempen\01-start\index-neujahrausschreibung.htm --> billardunionmgkempen.de /01-start index-neujahrausschreibung.htm
2010.12.05 17:41 B G:\Homepage-BU-MG-Kempen\01-start\hauptseite.html --> billardunionmgkempen.de /01-start hauptseite.html
2010.12.05 17:42 B G:\Homepage-BU-MG-Kempen\01-start\index-neujahrausschreibung.htm --> billardunionmgkempen.de /01-start index-neujahrausschreibung.htm
2010.12.05 17:51 B G:\Homepage-BU-MG-Kempen\01-start\index-neujahrausschreibung.htm --> billardunionmgkempen.de /01-start index-neujahrausschreibung.htm
2010.12.05 17:55 B G:\Homepage-BU-MG-Kempen\01-start\index-neujahrausschreibung.htm --> billardunionmgkempen.de /01-start index-neujahrausschreibung.htm
2010.12.05 18:13 B G:\Homepage-BU-MG-Kempen\01-start\hauptseite.html --> billardunionmgkempen.de /01-start hauptseite.html
2010.12.05 18:38 B G:\Homepage-BU-MG-Kempen\01-start\hauptseite.html --> billardunionmgkempen.de /01-start hauptseite.html
2010.12.06 07:04 B G:\Homepage-BU-MG-Kempen\01-start\hauptseite.html --> billardunionmgkempen.de /01-start hauptseite.html
2010.12.06 07:05 B G:\Homepage-BU-MG-Kempen\01-start\hauptseite.html --> billardunionmgkempen.de /01-start hauptseite.html
2010.12.06 07:13 B G:\Homepage-BU-MG-Kempen\01-start\index-neujahrausschreibung.htm --> billardunionmgkempen.de /01-start index-neujahrausschreibung.htm
2010.12.06 07:55 B G:\Homepage-BU-MG-Kempen\01-start\index-neujahrausschreibung.htm --> billardunionmgkempen.de /01-start index-neujahrausschreibung.htm
2010.12.06 12:45 B G:\Homepage-BU-MG-Kempen\01-start\index-neujahrausschreibung.htm --> billardunionmgkempen.de /01-start index-neujahrausschreibung.htm
2010.12.06 17:14 B G:\Homepage-BU-MG-Kempen\01-start\index-neujahrausschreibung.htm --> billardunionmgkempen.de /01-start index-neujahrausschreibung.htm
2010.12.06 17:16 B G:\Homepage-BU-MG-Kempen\01-start\index-neujahrausschreibung.htm --> billardunionmgkempen.de /01-start index-neujahrausschreibung.htm
2010.12.06 17:33 B G:\Homepage-BU-MG-Kempen\01-start\index-neujahrausschreibung.htm --> billardunionmgkempen.de /01-start index-neujahrausschreibung.htm
2010.12.06 17:35 B G:\Homepage-BU-MG-Kempen\01-start\index-neujahrausschreibung.htm --> billardunionmgkempen.de /01-start index-neujahrausschreibung.htm
2010.12.06 17:38 B G:\Homepage-BU-MG-Kempen\01-start\index-neujahrausschreibung.htm --> billardunionmgkempen.de /01-start index-neujahrausschreibung.htm
2010.12.06 17:38 B G:\Homepage-BU-MG-Kempen\01-start\index-neujahrausschreibung.htm --> billardunionmgkempen.de /01-start index-neujahrausschreibung.htm
2010.12.06 17:57 B G:\Homepage-BU-MG-Kempen\01-start\index-neujahrausschreibung.htm --> billardunionmgkempen.de /01-start index-neujahrausschreibung.htm
2010.12.07 04:27 B G:\Homepage-BU-MG-Kempen\01-start\hauptseite.html --> billardunionmgkempen.de /01-start hauptseite.html
2010.12.07 04:31 B G:\Homepage-BU-MG-Kempen\01-start\hauptseite.html --> billardunionmgkempen.de /01-start hauptseite.html
2010.12.07 06:51 B G:\Homepage-BU-MG-Kempen\01-start\index-neujahrausschreibung.htm --> billardunionmgkempen.de /01-start index-neujahrausschreibung.htm
2010.12.07 07:05 B G:\Homepage-BU-MG-Kempen\01-start\index-neujahrausschreibung.htm --> billardunionmgkempen.de /01-start index-neujahrausschreibung.htm
2010.12.07 07:06 B G:\Homepage-BU-MG-Kempen\01-start\index-neujahrausschreibung.htm --> billardunionmgkempen.de /01-start index-neujahrausschreibung.htm
2010.12.07 13:23 B G:\Homepage-BU-MG-Kempen\01-start\index-neujahrausschreibung.htm --> billardunionmgkempen.de /01-start index-neujahrausschreibung.htm
2010.12.07 18:34 B G:\Homepage-BU-MG-Kempen\01-start\index-neujahrausschreibung.htm --> billardunionmgkempen.de / index-neujahrausschreibung.htm
2010.12.08 04:03 B G:\Homepage-BU-MG-Kempen\01-start\index-neujahrausschreibung.htm --> billardunionmgkempen.de /01-start index-neujahrausschreibung.htm
2010.12.08 07:30 B G:\Homepage-BU-MG-Kempen\01-start\hauptseite.html --> billardunionmgkempen.de /01-start hauptseite.html
2010.12.09 06:20 B G:\Homepage-BU-MG-Kempen\01-start\hauptseite.html --> billardunionmgkempen.de /01-start hauptseite.html
2010.12.09 06:22 B G:\Homepage-BU-MG-Kempen\01-start\hauptseite.html --> billardunionmgkempen.de /01-start hauptseite.html
2010.12.09 08:27 B G:\Homepage-BU-MG-Kempen\01-start\hauptseite.html --> billardunionmgkempen.de /01-start hauptseite.html
2010.12.09 08:29 B G:\Homepage-BU-MG-Kempen\01-start\hauptseite.html --> billardunionmgkempen.de /01-start hauptseite.html
2010.12.10 06:32 B G:\Homepage-BU-MG-Kempen\01-start\index-weihnachte_geoeffnet.htm --> billardunionmgkempen.de /01-start index-weihnachte_geoeffnet.htm
2010.12.10 06:32 B G:\Homepage-BU-MG-Kempen\01-start\hauptseite.html --> billardunionmgkempen.de /01-start hauptseite.html
2010.12.10 06:34 B G:\Homepage-BU-MG-Kempen\01-start\index-weihnachte_geoeffnet.htm --> billardunionmgkempen.de /01-start index-weihnachte_geoeffnet.htm
2010.12.10 06:34 B G:\Homepage-BU-MG-Kempen\01-start\hauptseite.html --> billardunionmgkempen.de /01-start hauptseite.html
2010.12.10 06:38 B G:\Homepage-BU-MG-Kempen\01-start\index-neujahrausschreibung.htm --> billardunionmgkempen.de /01-start index-neujahrausschreibung.htm
2010.12.10 06:38 B G:\Homepage-BU-MG-Kempen\01-start\index-weihnachte_geoeffnet.htm --> billardunionmgkempen.de /01-start index-weihnachte_geoeffnet.htm
2010.12.10 06:38 B G:\Homepage-BU-MG-Kempen\01-start\hauptseite.html --> billardunionmgkempen.de /01-start hauptseite.html
2010.12.10 06:47 B G:\Homepage-BU-MG-Kempen\01-start\index-weihnachte_geoeffnet.htm --> billardunionmgkempen.de /01-start index-weihnachte_geoeffnet.htm
2010.12.10 06:50 B G:\Homepage-BU-MG-Kempen\01-start\index-weihnachte_geoeffnet.htm --> billardunionmgkempen.de /01-start index-weihnachte_geoeffnet.htm
2010.12.10 07:32 B G:\Homepage-BU-MG-Kempen\01-start\index-weihnachte_geoeffnet.htm --> billardunionmgkempen.de /01-start index-weihnachte_geoeffnet.htm
2010.12.10 08:04 B G:\Homepage-BU-MG-Kempen\01-start\hauptseite.html --> billardunionmgkempen.de /01-start hauptseite.html
2010.12.10 08:21 B G:\Homepage-BU-MG-Kempen\01-start\index-weihnachte_geoeffnet.htm --> billardunionmgkempen.de /01-start index-weihnachte_geoeffnet.htm
2010.12.10 08:46 B G:\Homepage-BU-MG-Kempen\01-start\hauptseite.html --> billardunionmgkempen.de /01-start hauptseite.html
2010.12.10 09:44 B G:\Homepage-BU-MG-Kempen\01-start\index-weihnachte_geoeffnet.htm --> billardunionmgkempen.de /01-start index-weihnachte_geoeffnet.htm
2010.12.15 05:59 B G:\Homepage-BU-MG-Kempen\01-start\index-aktuell.htm --> billardunionmgkempen.de /01-start index-aktuell.htm
2010.12.15 05:59 B G:\Homepage-BU-MG-Kempen\01-start\hauptseite.html --> billardunionmgkempen.de /01-start hauptseite.html
2010.12.15 06:01 B G:\Homepage-BU-MG-Kempen\01-start\index-aktuell.htm --> billardunionmgkempen.de /01-start index-aktuell.htm
2010.12.15 06:03 B G:\Homepage-BU-MG-Kempen\01-start\hauptseite.html --> billardunionmgkempen.de /01-start hauptseite.html
2010.12.15 06:05 B G:\Homepage-BU-MG-Kempen\01-start\index-aktuell.htm --> billardunionmgkempen.de /01-start index-aktuell.htm
2010.12.15 06:31 B G:\Homepage-BU-MG-Kempen\01-start\index-aktuell.htm --> billardunionmgkempen.de /01-start index-aktuell.htm
2010.12.15 06:34 B G:\Homepage-BU-MG-Kempen\01-start\index-aktuell.htm --> billardunionmgkempen.de /01-start index-aktuell.htm
2010.12.15 06:35 B G:\Homepage-BU-MG-Kempen\01-start\index-aktuell.htm --> billardunionmgkempen.de /01-start index-aktuell.htm
2010.12.15 07:05 B G:\Homepage-BU-MG-Kempen\01-start\hauptseite.html --> billardunionmgkempen.de /01-start hauptseite.html
2010.12.15 08:43 B G:\Homepage-BU-MG-Kempen\01-start\index-aktuell.htm --> billardunionmgkempen.de /01-start index-aktuell.htm
2010.12.15 08:55 B G:\Homepage-BU-MG-Kempen\01-start\index-aktuell.htm --> billardunionmgkempen.de /01-start index-aktuell.htm
2010.12.15 08:56 B G:\Homepage-BU-MG-Kempen\01-start\index-aktuell.htm --> billardunionmgkempen.de /01-start index-aktuell.htm
2010.12.15 08:58 B G:\Homepage-BU-MG-Kempen\01-start\index-aktuell.htm --> billardunionmgkempen.de /01-start index-aktuell.htm
2010.12.18 04:50 B G:\Homepage-BU-MG-Kempen\01-start\index-aktuell.htm --> billardunionmgkempen.de /01-start index-aktuell.htm
2010.12.19 08:31 B G:\Homepage-BU-MG-Kempen\01-start\index-neujahrausschreibung.htm --> billardunionmgkempen.de /01-start index-neujahrausschreibung.htm
2010.12.19 08:33 B G:\Homepage-BU-MG-Kempen\01-start\index-neujahrausschreibung.htm --> billardunionmgkempen.de /01-start index-neujahrausschreibung.htm
2010.12.19 17:39 B G:\Homepage-BU-MG-Kempen\01-start\index-neujahrausschreibung.htm --> billardunionmgkempen.de /01-start index-neujahrausschreibung.htm
2010.12.20 04:07 B G:\Homepage-BU-MG-Kempen\01-start\index-neujahrausschreibung.htm --> billardunionmgkempen.de /01-start index-neujahrausschreibung.htm
2010.12.20 06:52 B G:\Homepage-BU-MG-Kempen\01-start\hauptseite.html --> billardunionmgkempen.de /01-start hauptseite.html
2010.12.20 06:55 B G:\Homepage-BU-MG-Kempen\01-start\hauptseite.html --> billardunionmgkempen.de /01-start hauptseite.html
2010.12.20 07:19 B G:\Homepage-BU-MG-Kempen\01-start\hauptseite.html --> billardunionmgkempen.de /01-start hauptseite.html
2010.12.20 07:23 B G:\Homepage-BU-MG-Kempen\01-start\hauptseite.html --> billardunionmgkempen.de /01-start hauptseite.html
2010.12.24 08:08 B G:\Homepage-BU-MG-Kempen\01-start\hauptseite.html --> billardunionmgkempen.de /01-start hauptseite.html
2010.12.27 07:59 B G:\Homepage-BU-MG-Kempen\01-start\hauptseite.html --> billardunionmgkempen.de /01-start hauptseite.html
2010.12.27 08:00 B G:\Homepage-BU-MG-Kempen\01-start\hauptseite.html --> billardunionmgkempen.de /01-start hauptseite.html
2010.12.28 04:51 B G:\Homepage-BU-MG-Kempen\01-start\hauptseite.html --> billardunionmgkempen.de /01-start hauptseite.html
2010.12.28 19:18 B G:\Homepage-BU-MG-Kempen\01-start\hauptseite.html --> billardunionmgkempen.de /01-start hauptseite.html
2010.12.28 19:21 B G:\Homepage-BU-MG-Kempen\01-start\hauptseite.html --> billardunionmgkempen.de /01-start hauptseite.html
2010.12.28 19:28 B G:\Homepage-BU-MG-Kempen\01-start\hauptseite.html --> billardunionmgkempen.de /01-start hauptseite.html
2010.12.28 19:31 B G:\Homepage-BU-MG-Kempen\01-start\hauptseite.html --> billardunionmgkempen.de /01-start hauptseite.html
2010.12.28 19:33 B G:\Homepage-BU-MG-Kempen\01-start\hauptseite.html --> billardunionmgkempen.de /01-start hauptseite.html
2010.12.28 19:56 B G:\Homepage-BU-MG-Kempen\01-start\hauptseite.html --> billardunionmgkempen.de /01-start hauptseite.html
2010.12.30 05:53 B G:\Homepage-BU-MG-Kempen\01-start\hauptseite.html --> billardunionmgkempen.de /01-start hauptseite.html
2011.01.01 04:53 B G:\Homepage-BU-MG-Kempen\01-start\hauptseite.html --> billardunionmgkempen.de /01-start hauptseite.html
2011.01.01 05:10 B G:\Homepage-BU-MG-Kempen\01-start\hauptseite.html --> billardunionmgkempen.de /01-start hauptseite.html
2011.01.01 05:17 B G:\Homepage-BU-MG-Kempen\01-start\hauptseite.html --> billardunionmgkempen.de /01-start hauptseite.html
2011.01.01 19:02 B G:\Homepage-BU-MG-Kempen\01-start\hauptseite.html --> billardunionmgkempen.de /01-start hauptseite.html
2011.01.02 11:51 B G:\Homepage-BU-MG-Kempen\01-start\hauptseite.html --> billardunionmgkempen.de /01-start hauptseite.html
2011.01.02 11:52 B G:\Homepage-BU-MG-Kempen\01-start\hauptseite.html --> billardunionmgkempen.de /01-start hauptseite.html
2011.01.03 04:46 B G:\Homepage-BU-MG-Kempen\01-start\hauptseite.html --> billardunionmgkempen.de /01-start hauptseite.html
2011.01.03 11:23 B G:\Homepage-BU-MG-Kempen\01-start\index-aktuell.htm --> billardunionmgkempen.de /01-start index-aktuell.htm
2011.01.03 11:52 B G:\Homepage-BU-MG-Kempen\01-start\index-aktuell.htm --> billardunionmgkempen.de /01-start index-aktuell.htm
2011.01.03 11:58 B G:\Homepage-BU-MG-Kempen\01-start\index-aktuell.htm --> billardunionmgkempen.de /01-start index-aktuell.htm
2011.01.04 05:05 B G:\Homepage-BU-MG-Kempen\01-start\index-aktuell.htm --> billardunionmgkempen.de /01-start index-aktuell.htm
2011.01.04 05:10 B G:\Homepage-BU-MG-Kempen\01-start\index-aktuell.htm --> billardunionmgkempen.de /01-start index-aktuell.htm
2011.01.05 04:19 B G:\Homepage-BU-MG-Kempen\01-start\index-aktuell.htm --> billardunionmgkempen.de /01-start index-aktuell.htm
2011.01.05 06:46 B G:\Homepage-BU-MG-Kempen\01-start\hauptseite.html --> billardunionmgkempen.de /01-start hauptseite.html
2011.01.05 06:49 B G:\Homepage-BU-MG-Kempen\01-start\hauptseite.html --> billardunionmgkempen.de /01-start hauptseite.html
2011.01.05 06:52 B G:\Homepage-BU-MG-Kempen\01-start\hauptseite.html --> billardunionmgkempen.de /01-start hauptseite.html
2011.01.05 06:54 B G:\Homepage-BU-MG-Kempen\01-start\hauptseite.html --> billardunionmgkempen.de /01-start hauptseite.html
2011.01.05 06:55 B G:\Homepage-BU-MG-Kempen\01-start\hauptseite.html --> billardunionmgkempen.de /01-start hauptseite.html
2011.01.05 15:31 B G:\Homepage-BU-MG-Kempen\01-start\hauptseite.html --> billardunionmgkempen.de /01-start hauptseite.html
2011.01.08 09:30 B G:\Homepage-BU-MG-Kempen\01-start\hauptseite.html --> billardunionmgkempen.de /01-start hauptseite.html
2011.01.11 08:45 B G:\Homepage-BU-MG-Kempen\01-start\hauptseite.html --> billardunionmgkempen.de /01-start hauptseite.html
2011.01.11 08:48 B G:\Homepage-BU-MG-Kempen\01-start\hauptseite.html --> billardunionmgkempen.de /01-start hauptseite.html
2011.01.11 08:51 B G:\Homepage-BU-MG-Kempen\01-start\hauptseite.html --> billardunionmgkempen.de /01-start hauptseite.html
2011.01.11 09:29 B G:\Homepage-BU-MG-Kempen\01-start\hauptseite.html --> billardunionmgkempen.de /01-start hauptseite.html
2011.01.11 09:33 B G:\Homepage-BU-MG-Kempen\01-start\hauptseite.html --> billardunionmgkempen.de /01-start hauptseite.html
2011.01.11 15:25 B G:\Homepage-BU-MG-Kempen\01-start\hauptseite.html --> billardunionmgkempen.de /01-start hauptseite.html
2011.01.11 15:27 B G:\Homepage-BU-MG-Kempen\01-start\hauptseite.html --> billardunionmgkempen.de /01-start hauptseite.html
2011.01.22 06:15 B G:\Homepage-BU-MG-Kempen\01-start\hauptseite.html --> billardunionmgkempen.de /01-start hauptseite.html
2011.01.25 05:13 B G:\Homepage-BU-MG-Kempen\01-start\hauptseite.html --> billardunionmgkempen.de /01-start hauptseite.html
2011.01.28 15:18 B G:\Homepage-BU-MG-Kempen\01-start\hauptseite.html --> billardunionmgkempen.de /01-start hauptseite.html
2011.02.01 03:32 B G:\Homepage-BU-MG-Kempen\01-start\hauptseite.html --> billardunionmgkempen.de /01-start hauptseite.html
2011.02.14 18:16 B G:\Homepage-BU-MG-Kempen\01-start\hauptseite.html --> billardunionmgkempen.de /01-start hauptseite.html
2011.03.02 07:04 B G:\Homepage-BU-MG-Kempen\01-start\hauptseite.html --> billardunionmgkempen.de /01-start hauptseite.html
2011.03.03 05:50 B G:\Homepage-BU-MG-Kempen\01-start\index-vereinsmeisterschaft_2011.htm --> billardunionmgkempen.de /01-start index-vereinsmeisterschaft_2011.htm
2011.03.03 05:50 B G:\Homepage-BU-MG-Kempen\01-start\hauptseite.html --> billardunionmgkempen.de /01-start hauptseite.html
2011.03.26 08:41 B G:\Homepage-BU-MG-Kempen\01-start\hauptseite.html --> billardunionmgkempen.de /01-start hauptseite.html
2011.03.27 05:56 B G:\Homepage-BU-MG-Kempen\01-start\hauptseite.html --> billardunionmgkempen.de /01-start hauptseite.html
2011.04.01 06:33 B G:\Homepage-BU-MG-Kempen\01-start\hauptseite.html --> billardunionmgkempen.de /01-start hauptseite.html
2011.04.07 20:03 B G:\Homepage-BU-MG-Kempen\01-start\hauptseite.html --> billardunionmgkempen.de /01-start hauptseite.html
2011.04.08 05:13 B G:\Homepage-BU-MG-Kempen\01-start\hauptseite.html --> billardunionmgkempen.de /01-start hauptseite.html
2011.04.13 08:12 B G:\Homepage-BU-MG-Kempen\01-start\hauptseite.html --> billardunionmgkempen.de /01-start hauptseite.html
2011.04.17 18:37 B G:\Homepage-BU-MG-Kempen\01-start\hauptseite.html --> billardunionmgkempen.de /01-start hauptseite.html
2011.04.22 05:04 B G:\Homepage-BU-MG-Kempen\01-start\hauptseite.html --> billardunionmgkempen.de /01-start hauptseite.html
2011.04.23 05:54 B G:\Homepage-BU-MG-Kempen\01-start\hauptseite.html --> billardunionmgkempen.de /01-start hauptseite.html
2011.04.26 04:59 B G:\Homepage-BU-MG-Kempen\01-start\hauptseite.html --> billardunionmgkempen.de /01-start hauptseite.html
2011.05.01 05:37 B G:\Homepage-BU-MG-Kempen\01-start\hauptseite.html --> billardunionmgkempen.de /01-start hauptseite.html
2011.05.01 05:40 B G:\Homepage-BU-MG-Kempen\01-start\hauptseite.html --> billardunionmgkempen.de /01-start hauptseite.html
2011.05.01 05:42 B G:\Homepage-BU-MG-Kempen\01-start\hauptseite.html --> billardunionmgkempen.de /01-start hauptseite.html
2011.05.01 05:43 B G:\Homepage-BU-MG-Kempen\01-start\hauptseite.html --> billardunionmgkempen.de /01-start hauptseite.html
2011.05.01 05:44 B G:\Homepage-BU-MG-Kempen\01-start\hauptseite.html --> billardunionmgkempen.de /01-start hauptseite.html
2011.05.01 05:45 B G:\Homepage-BU-MG-Kempen\01-start\hauptseite.html --> billardunionmgkempen.de /01-start hauptseite.html
2011.05.29 05:58 B G:\Homepage-BU-MG-Kempen\01-start\hauptseite.html --> billardunionmgkempen.de /01-start hauptseite.html
2011.05.29 06:44 B G:\Homepage-BU-MG-Kempen\01-start\hauptseite.html --> billardunionmgkempen.de /01-start hauptseite.html
2011.06.01 05:23 B G:\Homepage-BU-MG-Kempen\01-start\hauptseite.html --> billardunionmgkempen.de /01-start hauptseite.html
2011.07.01 05:30 B G:\Homepage-BU-MG-Kempen\01-start\hauptseite.html --> billardunionmgkempen.de /01-start hauptseite.html
2011.07.02 06:23 B G:\Homepage-BU-MG-Kempen\01-start\hauptseite.html --> billardunionmgkempen.de /01-start hauptseite.html
2011.07.03 05:44 B G:\Homepage-BU-MG-Kempen\01-start\hauptseite.html --> billardunionmgkempen.de /01-start hauptseite.html
2011.07.14 19:33 B G:\Homepage-BU-MG-Kempen\01-start\hauptseite.html --> billardunionmgkempen.de /01-start hauptseite.html
2011.07.16 04:31 B G:\Homepage-BU-MG-Kempen\01-start\hauptseite.html --> billardunionmgkempen.de /01-start hauptseite.html
2011.07.24 06:22 B G:\Homepage-BU-MG-Kempen\01-start\hauptseite.html --> billardunionmgkempen.de /01-start hauptseite.html
2011.07.31 20:23 B G:\Homepage-BU-MG-Kempen\01-start\hauptseite.html --> billardunionmgkempen.de /01-start hauptseite.html
2011.07.31 20:37 B G:\Homepage-BU-MG-Kempen\01-start\hauptseite.html --> billardunionmgkempen.de /01-start hauptseite.html
2011.08.06 17:40 B G:\Homepage-BU-MG-Kempen\01-start\hauptseite.html --> billardunionmgkempen.de /01-start hauptseite.html
2011.08.07 08:41 B G:\Homepage-BU-MG-Kempen\01-start\hauptseite.html --> billardunionmgkempen.de /01-start hauptseite.html
2011.08.07 08:42 B G:\Homepage-BU-MG-Kempen\01-start\hauptseite.html --> billardunionmgkempen.de /01-start hauptseite.html
2011.08.12 03:38 B G:\Homepage-BU-MG-Kempen\01-start\index-vereinsmeisterschaft_2011.htm --> billardunionmgkempen.de /01-start index-vereinsmeisterschaft_2011.htm
2011.08.12 03:38 B G:\Homepage-BU-MG-Kempen\01-start\hauptseite.html --> billardunionmgkempen.de /01-start hauptseite.html
2011.08.12 03:45 B G:\Homepage-BU-MG-Kempen\01-start\index-vereinsmeisterschaft_2011.htm --> billardunionmgkempen.de /01-start index-vereinsmeisterschaft_2011.htm
2011.08.17 09:42 B G:\Homepage-BU-MG-Kempen\01-start\hauptseite.html --> billardunionmgkempen.de /01-start hauptseite.html
2011.08.21 12:19 B G:\Homepage-BU-MG-Kempen\01-start\hauptseite.html --> billardunionmgkempen.de /01-start hauptseite.html
2011.09.01 04:34 B G:\Homepage-BU-MG-Kempen\01-start\hauptseite.html --> billardunionmgkempen.de /01-start hauptseite.html
2011.09.04 13:19 B G:\Homepage-BU-MG-Kempen\01-start\hauptseite.html --> billardunionmgkempen.de /01-start hauptseite.html
2011.10.01 03:16 B G:\Homepage-BU-MG-Kempen\01-start\hauptseite.html --> billardunionmgkempen.de /01-start hauptseite.html
2011.11.01 05:47 B C:\Users\Hennebell\Desktop\Homepage-BU-MG-Kempen\01-start\hauptseite.html --> billardunionmgkempen.de /01-start hauptseite.html
2011.11.02 06:22 B C:\Users\Hennebell\Desktop\Homepage-BU-MG-Kempen\01-start\hauptseite.html --> billardunionmgkempen.de /01-start hauptseite.html
2011.11.04 08:17 B C:\Users\Hennebell\Desktop\Homepage-BU-MG-Kempen\01-start\hauptseite.html --> billardunionmgkempen.de /01-start hauptseite.html
2011.11.06 04:24 B C:\Users\Hennebell\Desktop\Homepage-BU-MG-Kempen\01-start\hauptseite.html --> billardunionmgkempen.de /01-start hauptseite.html
2011.11.10 04:56 B C:\Users\Hennebell\Desktop\Homepage-BU-MG-Kempen\01-start\hauptseite.html --> billardunionmgkempen.de /01-start hauptseite.html
2011.11.10 05:29 B C:\Users\Hennebell\Desktop\Homepage-BU-MG-Kempen\01-start\hauptseite.html --> billardunionmgkempen.de /01-start hauptseite.html
2011.11.10 07:13 B C:\Users\Hennebell\Desktop\Homepage-BU-MG-Kempen\01-start\hauptseite.html --> billardunionmgkempen.de /01-start hauptseite.html
2011.11.10 07:13 B C:\Users\Hennebell\Desktop\Homepage-BU-MG-Kempen\01-start\index-weihnachtsfeier.htm --> billardunionmgkempen.de /01-start index-weihnachtsfeier.htm
2011.11.10 07:32 B C:\Users\Hennebell\Desktop\Homepage-BU-MG-Kempen\01-start\index-weihnachtsfeier.htm --> billardunionmgkempen.de /01-start index-weihnachtsfeier.htm
2011.11.10 08:55 B C:\Users\Hennebell\Desktop\Homepage-BU-MG-Kempen\01-start\index-weihnachtsfeier.htm --> billardunionmgkempen.de /01-start index-weihnachtsfeier.htm
2011.11.11 05:28 B C:\Users\Hennebell\Desktop\Homepage-BU-MG-Kempen\01-start\index-weihnachte_geoeffnet.htm --> billardunionmgkempen.de /01-start index-weihnachte_geoeffnet.htm
2011.11.11 05:29 B C:\Users\Hennebell\Desktop\Homepage-BU-MG-Kempen\01-start\index-weihnachtsfeier.htm --> billardunionmgkempen.de /01-start index-weihnachtsfeier.htm
2011.11.11 08:37 B C:\Users\Hennebell\Desktop\Homepage-BU-MG-Kempen\01-start\hauptseite.html --> billardunionmgkempen.de /01-start hauptseite.html
2011.11.11 09:01 B C:\Users\Hennebell\Desktop\Homepage-BU-MG-Kempen\01-start\hauptseite.html --> billardunionmgkempen.de /01-start hauptseite.html
2011.11.11 10:31 B C:\Users\Hennebell\Desktop\Homepage-BU-MG-Kempen\01-start\hauptseite.html --> billardunionmgkempen.de /01-start hauptseite.html
2011.11.11 18:52 B C:\Users\Hennebell\Desktop\Homepage-BU-MG-Kempen\01-start\hauptseite.html --> billardunionmgkempen.de /01-start hauptseite.html
2011.11.11 18:53 B C:\Users\Hennebell\Desktop\Homepage-BU-MG-Kempen\01-start\index-weihnachtsfeier.htm --> billardunionmgkempen.de /01-start index-weihnachtsfeier.htm
2011.11.12 04:55 B C:\Users\Hennebell\Desktop\Homepage-BU-MG-Kempen\01-start\index-weihnachtsfeier.htm --> billardunionmgkempen.de /01-start index-weihnachtsfeier.htm
2011.11.12 06:18 B C:\Users\Hennebell\Desktop\Homepage-BU-MG-Kempen\01-start\index-neujahrausschreibung.htm --> billardunionmgkempen.de /01-start index-neujahrausschreibung.htm
2011.11.12 06:18 B C:\Users\Hennebell\Desktop\Homepage-BU-MG-Kempen\01-start\hauptseite.html --> billardunionmgkempen.de /01-start hauptseite.html
2011.11.12 06:33 B C:\Users\Hennebell\Desktop\Homepage-BU-MG-Kempen\01-start\hauptseite.html --> billardunionmgkempen.de /01-start hauptseite.html
2011.11.13 05:08 B C:\Users\Hennebell\Desktop\Homepage-BU-MG-Kempen\01-start\index-weihnachtsfeier.htm --> billardunionmgkempen.de /01-start index-weihnachtsfeier.htm
2011.11.20 05:34 B C:\Users\Hennebell\Desktop\Homepage-BU-MG-Kempen\01-start\hauptseite.html --> billardunionmgkempen.de /01-start hauptseite.html
2011.11.20 07:41 B C:\Users\Hennebell\Desktop\Homepage-BU-MG-Kempen\01-start\hauptseite.html --> billardunionmgkempen.de /01-start hauptseite.html
2011.11.20 07:43 B C:\Users\Hennebell\Desktop\Homepage-BU-MG-Kempen\01-start\hauptseite.html --> billardunionmgkempen.de /01-start hauptseite.html
2011.11.20 07:45 B C:\Users\Hennebell\Desktop\Homepage-BU-MG-Kempen\01-start\hauptseite.html --> billardunionmgkempen.de /01-start hauptseite.html
2011.11.20 07:46 B C:\Users\Hennebell\Desktop\Homepage-BU-MG-Kempen\01-start\hauptseite.html --> billardunionmgkempen.de /01-start hauptseite.html
2011.11.20 09:43 B C:\Users\Hennebell\Desktop\Homepage-BU-MG-Kempen\01-start\hauptseite.html --> billardunionmgkempen.de /01-start hauptseite.html
2011.11.20 09:48 B C:\Users\Hennebell\Desktop\Homepage-BU-MG-Kempen\01-start\hauptseite.html --> billardunionmgkempen.de /01-start hauptseite.html
2011.11.20 09:50 B C:\Users\Hennebell\Desktop\Homepage-BU-MG-Kempen\01-start\hauptseite.html --> billardunionmgkempen.de /01-start hauptseite.html
2011.11.20 09:53 B C:\Users\Hennebell\Desktop\Homepage-BU-MG-Kempen\01-start\hauptseite.html --> billardunionmgkempen.de /01-start hauptseite.html
2011.11.20 09:55 B C:\Users\Hennebell\Desktop\Homepage-BU-MG-Kempen\01-start\hauptseite.html --> billardunionmgkempen.de /01-start hauptseite.html
2011.11.20 09:55 B C:\Users\Hennebell\Desktop\Homepage-BU-MG-Kempen\01-start\hauptseite.html --> billardunionmgkempen.de /01-start hauptseite.html
2011.11.20 09:57 B C:\Users\Hennebell\Desktop\Homepage-BU-MG-Kempen\01-start\hauptseite.html --> billardunionmgkempen.de /01-start hauptseite.html
2011.11.20 09:58 B C:\Users\Hennebell\Desktop\Homepage-BU-MG-Kempen\01-start\hauptseite.html --> billardunionmgkempen.de /01-start hauptseite.html
2011.11.20 10:00 B C:\Users\Hennebell\Desktop\Homepage-BU-MG-Kempen\01-start\hauptseite.html --> billardunionmgkempen.de /01-start hauptseite.html
2011.11.20 10:01 B C:\Users\Hennebell\Desktop\Homepage-BU-MG-Kempen\01-start\hauptseite.html --> billardunionmgkempen.de /01-start hauptseite.html
2011.11.23 07:32 B C:\Users\Hennebell\Desktop\Homepage-BU-MG-Kempen\01-start\hauptseite.html --> billardunionmgkempen.de /01-start hauptseite.html
2011.11.28 05:12 B C:\Users\Hennebell\Desktop\Homepage-BU-MG-Kempen\01-start\hauptseite.html --> billardunionmgkempen.de /01-start hauptseite.html
2011.11.28 06:32 B C:\Users\Hennebell\Desktop\Homepage-BU-MG-Kempen\01-start\hauptseite.html --> billardunionmgkempen.de /01-start hauptseite.html
2011.12.01 04:03 B C:\Users\Hennebell\Desktop\Homepage-BU-MG-Kempen\01-start\hauptseite.html --> billardunionmgkempen.de /01-start hauptseite.html
2011.12.02 06:44 B C:\Users\Hennebell\Desktop\Homepage-BU-MG-Kempen\01-start\hauptseite.html --> billardunionmgkempen.de /01-start hauptseite.html
2011.12.03 17:13 B C:\Users\Hennebell\Desktop\Homepage-BU-MG-Kempen\01-start\hauptseite.html --> billardunionmgkempen.de /01-start hauptseite.html
2011.12.04 05:38 B C:\Users\Hennebell\Desktop\Homepage-BU-MG-Kempen\01-start\hauptseite.html --> billardunionmgkempen.de /01-start hauptseite.html
2011.12.07 10:03 B C:\Users\Hennebell\Desktop\Homepage-BU-MG-Kempen\01-start\hauptseite.html --> billardunionmgkempen.de /01-start hauptseite.html
2011.12.07 10:36 B C:\Users\Hennebell\Desktop\Homepage-BU-MG-Kempen\01-start\hauptseite.html --> billardunionmgkempen.de /01-start hauptseite.html
2011.12.07 10:37 B C:\Users\Hennebell\Desktop\Homepage-BU-MG-Kempen\01-start\hauptseite.html --> billardunionmgkempen.de /01-start hauptseite.html
2011.12.10 04:43 B C:\Users\Hennebell\Desktop\Homepage-BU-MG-Kempen\01-start\hauptseite.html --> billardunionmgkempen.de /01-start hauptseite.html
2011.12.26 18:20 B C:\Users\Hennebell\Desktop\Homepage-BU-MG-Kempen\01-start\hauptseite.html --> billardunionmgkempen.de /01-start hauptseite.html
2012.01.01 06:15 B C:\Users\Hennebell\Desktop\Homepage-BU-MG-Kempen\01-start\hauptseite.html --> billardunionmgkempen.de /01-start hauptseite.html
2012.01.01 10:28 B C:\Users\Hennebell\Desktop\Homepage-BU-MG-Kempen\01-start\hauptseite.html --> billardunionmgkempen.de /01-start hauptseite.html
2012.01.01 17:53 B C:\Users\Hennebell\Desktop\Homepage-BU-MG-Kempen\01-start\hauptseite.html --> billardunionmgkempen.de /01-start hauptseite.html
2012.01.05 05:02 B C:\Users\Hennebell\Desktop\Homepage-BU-MG-Kempen\01-start\hauptseite.html --> billardunionmgkempen.de /01-start hauptseite.html
2012.01.08 08:45 B C:\Users\Hennebell\Desktop\Homepage-BU-MG-Kempen\01-start\hauptseite.html --> billardunionmgkempen.de /01-start hauptseite.html
2012.01.23 18:30 B C:\Users\Hennebell\Desktop\Homepage-BU-MG-Kempen\01-start\hauptseite.html --> billardunionmgkempen.de /01-start hauptseite.html
2012.01.26 12:53 B C:\Users\Hennebell\Desktop\Homepage-BU-MG-Kempen\01-start\hauptseite.html --> billardunionmgkempen.de /01-start hauptseite.html
2012.01.26 12:55 B C:\Users\Hennebell\Desktop\Homepage-BU-MG-Kempen\01-start\hauptseite.html --> billardunionmgkempen.de /01-start hauptseite.html
2012.01.26 12:56 B C:\Users\Hennebell\Desktop\Homepage-BU-MG-Kempen\01-start\hauptseite.html --> billardunionmgkempen.de /01-start hauptseite.html
2012.01.26 12:57 B C:\Users\Hennebell\Desktop\Homepage-BU-MG-Kempen\01-start\hauptseite.html --> billardunionmgkempen.de /01-start hauptseite.html
2012.01.29 09:30 B C:\Users\Hennebell\Desktop\Homepage-BU-MG-Kempen\01-start\hauptseite.html --> billardunionmgkempen.de /01-start hauptseite.html
2012.01.29 09:31 B C:\Users\Hennebell\Desktop\Homepage-BU-MG-Kempen\01-start\hauptseite.html --> billardunionmgkempen.de /01-start hauptseite.html
2012.01.31 07:52 B C:\Users\Hennebell\Desktop\Homepage-BU-MG-Kempen\01-start\hauptseite.html --> billardunionmgkempen.de /01-start hauptseite.html
2012.01.31 07:54 B C:\Users\Hennebell\Desktop\Homepage-BU-MG-Kempen\01-start\hauptseite.html --> billardunionmgkempen.de /01-start hauptseite.html
2012.01.31 07:55 B C:\Users\Hennebell\Desktop\Homepage-BU-MG-Kempen\01-start\hauptseite.html --> billardunionmgkempen.de /01-start hauptseite.html
2012.01.31 08:16 B C:\Users\Hennebell\Desktop\Homepage-BU-MG-Kempen\01-start\hauptseite.html --> billardunionmgkempen.de /01-start hauptseite.html
2012.01.31 08:20 B C:\Users\Hennebell\Desktop\Homepage-BU-MG-Kempen\01-start\hauptseite.html --> billardunionmgkempen.de /01-start hauptseite.html
2012.01.31 08:36 B C:\Users\Hennebell\Desktop\Homepage-BU-MG-Kempen\01-start\hauptseite.html --> billardunionmgkempen.de /01-start hauptseite.html
2012.02.01 05:26 B C:\Users\Hennebell\Desktop\Homepage-BU-MG-Kempen\01-start\hauptseite.html --> billardunionmgkempen.de /01-start hauptseite.html
2012.02.01 14:25 B C:\Users\Hennebell\Desktop\Homepage-BU-MG-Kempen\01-start\hauptseite.html --> billardunionmgkempen.de /01-start hauptseite.html
2012.02.01 14:33 B C:\Users\Hennebell\Desktop\Homepage-BU-MG-Kempen\01-start\hauptseite.html --> billardunionmgkempen.de /01-start hauptseite.html
2012.02.20 07:26 B C:\Users\Hennebell\Desktop\Homepage-BU-MG-Kempen\01-start\hauptseite.html --> billardunionmgkempen.de /01-start hauptseite.html
2012.03.01 05:34 B C:\Users\Hennebell\Desktop\Homepage-BU-MG-Kempen\01-start\hauptseite.html --> billardunionmgkempen.de /01-start hauptseite.html
2012.03.01 15:27 B C:\Users\Hennebell\Desktop\Homepage-BU-MG-Kempen\01-start\hauptseite.html --> billardunionmgkempen.de /01-start hauptseite.html
2012.03.01 15:29 B C:\Users\Hennebell\Desktop\Homepage-BU-MG-Kempen\01-start\hauptseite.html --> billardunionmgkempen.de /01-start hauptseite.html
2012.03.18 03:08 B C:\Users\Hennebell\Desktop\Homepage-BU-MG-Kempen\01-start\hauptseite.html --> billardunionmgkempen.de /01-start hauptseite.html
2012.03.18 03:15 B C:\Users\Hennebell\Desktop\Homepage-BU-MG-Kempen\01-start\hauptseite.html --> billardunionmgkempen.de /01-start hauptseite.html
2012.03.18 06:38 B C:\Users\Hennebell\Desktop\Homepage-BU-MG-Kempen\01-start\hauptseite.html --> billardunionmgkempen.de /01-start hauptseite.html
2012.03.22 19:05 B C:\Users\Hennebell\Desktop\Homepage-BU-MG-Kempen\01-start\hauptseite.html --> billardunionmgkempen.de /01-start hauptseite.html
2012.03.23 05:00 B C:\Users\Hennebell\Desktop\Homepage-BU-MG-Kempen\01-start\hauptseite.html --> billardunionmgkempen.de /01-start hauptseite.html
2012.04.01 07:58 B C:\Users\Hennebell\Desktop\Homepage-BU-MG-Kempen\01-start\hauptseite.html --> billardunionmgkempen.de /01-start hauptseite.html
2012.04.04 07:40 B C:\Users\Hennebell\Desktop\Homepage-BU-MG-Kempen\01-start\hauptseite.html --> billardunionmgkempen.de /01-start hauptseite.html
2012.04.05 06:52 B C:\Users\Hennebell\Desktop\Homepage-BU-MG-Kempen\01-start\hauptseite.html --> billardunionmgkempen.de /01-start hauptseite.html
2012.04.05 06:54 B C:\Users\Hennebell\Desktop\Homepage-BU-MG-Kempen\01-start\hauptseite.html --> billardunionmgkempen.de /01-start hauptseite.html
2012.04.06 06:24 B C:\Users\Hennebell\Desktop\Homepage-BU-MG-Kempen\01-start\hauptseite.html --> billardunionmgkempen.de /01-start hauptseite.html
2012.04.09 11:29 B C:\Users\Hennebell\Desktop\Homepage-BU-MG-Kempen\01-start\hauptseite.html --> billardunionmgkempen.de /01-start hauptseite.html
2012.04.13 05:16 B C:\Users\Hennebell\Desktop\Homepage-BU-MG-Kempen\01-start\hauptseite.html --> billardunionmgkempen.de /01-start hauptseite.html
2012.04.13 07:35 B C:\Users\Hennebell\Desktop\Homepage-BU-MG-Kempen\01-start\hauptseite.html --> billardunionmgkempen.de /01-start hauptseite.html
2012.04.14 06:13 B C:\Users\Hennebell\Desktop\Homepage-BU-MG-Kempen\01-start\hauptseite.html --> billardunionmgkempen.de /01-start hauptseite.html
2012.04.15 10:08 B C:\Users\Hennebell\Desktop\Homepage-BU-MG-Kempen\01-start\hauptseite.html --> billardunionmgkempen.de /01-start hauptseite.html
2012.04.15 10:09 B C:\Users\Hennebell\Desktop\Homepage-BU-MG-Kempen\01-start\hauptseite.html --> billardunionmgkempen.de /01-start hauptseite.html
2012.04.15 10:10 B C:\Users\Hennebell\Desktop\Homepage-BU-MG-Kempen\01-start\hauptseite.html --> billardunionmgkempen.de /01-start hauptseite.html
2012.04.15 12:16 B C:\Users\Hennebell\Desktop\Homepage-BU-MG-Kempen\01-start\hauptseite.html --> billardunionmgkempen.de /01-start hauptseite.html
2012.04.15 12:26 B C:\Users\Hennebell\Desktop\Homepage-BU-MG-Kempen\01-start\hauptseite.html --> billardunionmgkempen.de /01-start hauptseite.html
2012.05.01 12:46 B C:\Users\Hennebell\Desktop\Homepage-BU-MG-Kempen\01-start\hauptseite.html --> billardunionmgkempen.de /01-start hauptseite.html
2012.05.01 12:49 B C:\Users\Hennebell\Desktop\Homepage-BU-MG-Kempen\01-start\hauptseite.html --> billardunionmgkempen.de /01-start hauptseite.html
2012.05.02 19:58 B C:\Users\Hennebell\Desktop\Homepage-BU-MG-Kempen\01-start\hauptseite.html --> billardunionmgkempen.de /01-start hauptseite.html
2012.05.14 12:25 B C:\Users\Hennebell\Desktop\Homepage-BU-MG-Kempen\01-start\hauptseite.html --> billardunionmgkempen.de /01-start hauptseite.html
2012.05.14 12:31 B C:\Users\Hennebell\Desktop\Homepage-BU-MG-Kempen\01-start\hauptseite.html --> billardunionmgkempen.de /01-start hauptseite.html
2012.06.02 10:37 B C:\Users\Hennebell\Desktop\Homepage-BU-MG-Kempen\01-start\hauptseite.html --> billardunionmgkempen.de /01-start hauptseite.html
2012.06.08 06:16 B C:\Users\Hennebell\Desktop\Homepage-BU-MG-Kempen\01-start\hauptseite.html --> billardunionmgkempen.de /01-start hauptseite.html
2012.06.08 06:18 B C:\Users\Hennebell\Desktop\Homepage-BU-MG-Kempen\01-start\hauptseite.html --> billardunionmgkempen.de /01-start hauptseite.html
2012.06.08 06:19 B C:\Users\Hennebell\Desktop\Homepage-BU-MG-Kempen\01-start\hauptseite.html --> billardunionmgkempen.de /01-start hauptseite.html
2012.06.14 07:35 B C:\Users\Hennebell\Desktop\Homepage-BU-MG-Kempen\01-start\hauptseite.html --> billardunionmgkempen.de /01-start hauptseite.html
2012.06.18 06:09 B C:\Users\Hennebell\Desktop\Homepage-BU-MG-Kempen\01-start\hauptseite.html --> billardunionmgkempen.de /01-start hauptseite.html
2012.06.24 11:58 B C:\Users\Hennebell\Desktop\Homepage-BU-MG-Kempen\01-start\hauptseite.html --> billardunionmgkempen.de /01-start hauptseite.html
2012.06.24 11:59 B C:\Users\Hennebell\Desktop\Homepage-BU-MG-Kempen\01-start\hauptseite.html --> billardunionmgkempen.de /01-start hauptseite.html
2012.07.01 08:20 B C:\Users\Hennebell\Desktop\Homepage-BU-MG-Kempen\01-start\hauptseite.html --> billardunionmgkempen.de /01-start hauptseite.html
2012.08.03 06:45 B C:\Users\Hennebell\Desktop\Homepage-BU-MG-Kempen\01-start\hauptseite.html --> billardunionmgkempen.de /01-start hauptseite.html
2012.08.18 18:09 B C:\Users\Hennebell\Desktop\Homepage-BU-MG-Kempen\01-start\hauptseite.html --> billardunionmgkempen.de /01-start hauptseite.html
2012.08.21 13:15 B C:\Users\Hennebell\Desktop\Homepage-BU-MG-Kempen\01-start\hauptseite.html --> billardunionmgkempen.de /01-start hauptseite.html
2012.08.21 16:00 B C:\Users\Hennebell\Desktop\Homepage-BU-MG-Kempen\01-start\hauptseite.html --> billardunionmgkempen.de /01-start hauptseite.html
2012.08.22 07:31 B C:\Users\Hennebell\Desktop\Homepage-BU-MG-Kempen\01-start\hauptseite.html --> billardunionmgkempen.de /01-start hauptseite.html
2012.08.22 07:33 B C:\Users\Hennebell\Desktop\Homepage-BU-MG-Kempen\01-start\hauptseite.html --> billardunionmgkempen.de /01-start hauptseite.html
2012.08.22 08:02 B C:\Users\Hennebell\Desktop\Homepage-BU-MG-Kempen\01-start\hauptseite.html --> billardunionmgkempen.de /01-start hauptseite.html
2012.08.22 08:07 B C:\Users\Hennebell\Desktop\Homepage-BU-MG-Kempen\01-start\hauptseite.html --> billardunionmgkempen.de /01-start hauptseite.html
2012.08.22 08:13 B C:\Users\Hennebell\Desktop\Homepage-BU-MG-Kempen\01-start\hauptseite.html --> billardunionmgkempen.de /01-start hauptseite.html
2012.08.22 15:40 B C:\Users\Hennebell\Desktop\Homepage-BU-MG-Kempen\01-start\hauptseite.html --> billardunionmgkempen.de /01-start hauptseite.html
2012.08.26 11:23 B C:\Users\Hennebell\Desktop\Homepage-BU-MG-Kempen\01-start\hauptseite.html --> billardunionmgkempen.de /01-start hauptseite.html
2012.08.26 11:34 B C:\Users\Hennebell\Desktop\Homepage-BU-MG-Kempen\01-start\hauptseite.html --> billardunionmgkempen.de /01-start hauptseite.html
2012.08.26 11:36 B C:\Users\Hennebell\Desktop\Homepage-BU-MG-Kempen\01-start\hauptseite.html --> billardunionmgkempen.de /01-start hauptseite.html
2012.09.01 07:36 B C:\Users\Hennebell\Desktop\Homepage-BU-MG-Kempen\01-start\hauptseite.html --> billardunionmgkempen.de /01-start hauptseite.html
2012.09.03 09:00 B C:\Users\Hennebell\Desktop\Homepage-BU-MG-Kempen\01-start\hauptseite.html --> billardunionmgkempen.de /01-start hauptseite.html
2012.09.19 06:27 B C:\Users\Hennebell\Desktop\Homepage-BU-MG-Kempen\01-start\hauptseite.html --> billardunionmgkempen.de /01-start hauptseite.html
2012.09.20 05:34 B C:\Users\Hennebell\Desktop\Homepage-BU-MG-Kempen\01-start\hauptseite.html --> billardunionmgkempen.de /01-start hauptseite.html
2012.09.22 08:57 B C:\Users\Hennebell\Desktop\Homepage-BU-MG-Kempen\01-start\hauptseite.html --> billardunionmgkempen.de /01-start hauptseite.html
2012.09.22 08:59 B C:\Users\Hennebell\Desktop\Homepage-BU-MG-Kempen\01-start\hauptseite.html --> billardunionmgkempen.de /01-start hauptseite.html
2012.09.22 09:00 B C:\Users\Hennebell\Desktop\Homepage-BU-MG-Kempen\01-start\hauptseite.html --> billardunionmgkempen.de /01-start hauptseite.html
2012.09.22 09:01 B C:\Users\Hennebell\Desktop\Homepage-BU-MG-Kempen\01-start\hauptseite.html --> billardunionmgkempen.de /01-start hauptseite.html
2012.09.27 05:47 B C:\Users\Hennebell\Desktop\Homepage-BU-MG-Kempen\01-start\hauptseite.html --> billardunionmgkempen.de /01-start hauptseite.html
2012.09.27 06:04 B C:\Users\Hennebell\Desktop\Homepage-BU-MG-Kempen\01-start\hauptseite.html --> billardunionmgkempen.de /01-start hauptseite.html
2012.09.27 10:36 B C:\Users\Hennebell\Desktop\Homepage-BU-MG-Kempen\01-start\hauptseite.html --> billardunionmgkempen.de /01-start hauptseite.html
2012.09.27 12:10 B C:\Users\Hennebell\Desktop\Homepage-BU-MG-Kempen\01-start\hauptseite.html --> billardunionmgkempen.de /01-start hauptseite.html
2012.09.27 15:08 B C:\Users\Hennebell\Desktop\Homepage-BU-MG-Kempen\01-start\hauptseite.html --> billardunionmgkempen.de /01-start hauptseite.html
2012.09.27 15:24 B C:\Users\Hennebell\Desktop\Homepage-BU-MG-Kempen\01-start\hauptseite.html --> billardunionmgkempen.de /01-start hauptseite.html
2012.09.27 15:55 B C:\Users\Hennebell\Desktop\Homepage-BU-MG-Kempen\01-start\hauptseite.html --> billardunionmgkempen.de /01-start hauptseite.html
2012.09.30 10:02 B C:\Users\Hennebell\Desktop\Homepage-BU-MG-Kempen\01-start\hauptseite.html --> billardunionmgkempen.de /01-start hauptseite.html
2012.10.17 06:22 B C:\Users\Hennebell\Desktop\Homepage-BU-MG-Kempen\01-start\hauptseite.html --> billardunionmgkempen.de /01-start hauptseite.html
2012.10.17 09:53 B C:\Users\Hennebell\Desktop\Homepage-BU-MG-Kempen\01-start\hauptseite.html --> billardunionmgkempen.de /01-start hauptseite.html
2012.10.17 09:54 B C:\Users\Hennebell\Desktop\Homepage-BU-MG-Kempen\01-start\hauptseite.html --> billardunionmgkempen.de /01-start hauptseite.html
2012.11.01 06:14 B C:\Users\Hennebell\Desktop\Homepage-BU-MG-Kempen\01-start\hauptseite.html --> billardunionmgkempen.de /01-start hauptseite.html
2012.11.01 06:18 B C:\Users\Hennebell\Desktop\Homepage-BU-MG-Kempen\01-start\hauptseite.html --> billardunionmgkempen.de /01-start hauptseite.html
2012.11.03 08:27 B C:\Users\Hennebell\Desktop\Homepage-BU-MG-Kempen\01-start\hauptseite.html --> billardunionmgkempen.de /01-start hauptseite.html
2012.11.07 19:00 B C:\Users\Hennebell\Desktop\Homepage-BU-MG-Kempen\01-start\hauptseite.html --> billardunionmgkempen.de /01-start hauptseite.html
2012.11.20 06:15 B C:\Users\Hennebell\Desktop\Homepage-BU-MG-Kempen\01-start\hauptseite.html --> billardunionmgkempen.de /01-start hauptseite.html
2012.11.22 08:40 B C:\Users\Hennebell\Desktop\Homepage-BU-MG-Kempen\01-start\hauptseite.html --> billardunionmgkempen.de /01-start hauptseite.html
2012.11.24 14:22 B C:\Users\Hennebell\Desktop\Homepage-BU-MG-Kempen\01-start\weih.bu-2012.jpg --> billardunionmgkempen.de /01-start weih.bu-2012.jpg
2012.11.24 14:22 B C:\Users\Hennebell\Desktop\Homepage-BU-MG-Kempen\01-start\weih.bu-2012_small.jpg --> billardunionmgkempen.de /01-start weih.bu-2012_small.jpg
2012.11.24 14:22 B C:\Users\Hennebell\Desktop\Homepage-BU-MG-Kempen\01-start\hauptseite.html --> billardunionmgkempen.de /01-start hauptseite.html
2012.11.24 14:23 B C:\Users\Hennebell\Desktop\Homepage-BU-MG-Kempen\01-start\winter.gif --> billardunionmgkempen.de /01-start winter.gif
2012.12.02 07:03 B C:\Users\Hennebell\Desktop\Homepage-BU-MG-Kempen\01-start\hauptseite.html --> billardunionmgkempen.de /01-start hauptseite.html
2012.12.23 06:47 B C:\Users\Hennebell\Desktop\Homepage-BU-MG-Kempen\01-start\hauptseite.html --> billardunionmgkempen.de /01-start hauptseite.html
2012.12.23 10:00 B C:\Users\Hennebell\Desktop\Homepage-BU-MG-Kempen\01-start\hauptseite.html --> billardunionmgkempen.de /01-start hauptseite.html
2013.01.01 06:01 B C:\Users\Hennebell\Desktop\Homepage-BU-MG-Kempen\01-start\hauptseite.html --> billardunionmgkempen.de /01-start hauptseite.html
2013.01.14 09:17 B C:\Users\Hennebell\Desktop\Homepage-BU-MG-Kempen\01-start\hauptseite.html --> billardunionmgkempen.de /01-start hauptseite.html
2013.01.14 09:43 B C:\Users\Hennebell\Desktop\Homepage-BU-MG-Kempen\01-start\hauptseite.html --> billardunionmgkempen.de /01-start hauptseite.html
2013.01.14 09:56 B C:\Users\Hennebell\Desktop\Homepage-BU-MG-Kempen\01-start\hauptseite.html --> billardunionmgkempen.de /01-start hauptseite.html
2013.01.14 10:12 B C:\Users\Hennebell\Desktop\Homepage-BU-MG-Kempen\01-start\hauptseite.html --> billardunionmgkempen.de /01-start hauptseite.html
2013.01.14 10:31 B C:\Users\Hennebell\Desktop\Homepage-BU-MG-Kempen\01-start\hauptseite.html --> billardunionmgkempen.de /01-start hauptseite.html
2013.01.14 10:35 B C:\Users\Hennebell\Desktop\Homepage-BU-MG-Kempen\01-start\hauptseite.html --> billardunionmgkempen.de /01-start hauptseite.html
2013.01.14 12:19 B C:\Users\Hennebell\Desktop\Homepage-BU-MG-Kempen\01-start\hauptseite.html --> billardunionmgkempen.de /01-start hauptseite.html
2013.01.14 12:26 B C:\Users\Hennebell\Desktop\Homepage-BU-MG-Kempen\01-start\hauptseite.html --> billardunionmgkempen.de /01-start hauptseite.html
2013.01.14 12:28 B C:\Users\Hennebell\Desktop\Homepage-BU-MG-Kempen\01-start\hauptseite.html --> billardunionmgkempen.de /01-start hauptseite.html
2013.01.14 12:31 B C:\Users\Hennebell\Desktop\Homepage-BU-MG-Kempen\01-start\hauptseite.html --> billardunionmgkempen.de /01-start hauptseite.html
2013.01.14 12:44 B C:\Users\Hennebell\Desktop\Homepage-BU-MG-Kempen\01-start\hauptseite.html --> billardunionmgkempen.de /01-start hauptseite.html
2013.01.14 12:59 B C:\Users\Hennebell\Desktop\Homepage-BU-MG-Kempen\01-start\hauptseite.html --> billardunionmgkempen.de /01-start hauptseite.html
2013.01.14 13:01 B C:\Users\Hennebell\Desktop\Homepage-BU-MG-Kempen\01-start\hauptseite.html --> billardunionmgkempen.de /01-start hauptseite.html
2013.01.14 13:03 B C:\Users\Hennebell\Desktop\Homepage-BU-MG-Kempen\01-start\hauptseite.html --> billardunionmgkempen.de /01-start hauptseite.html
2013.01.14 13:12 B C:\Users\Hennebell\Desktop\Homepage-BU-MG-Kempen\01-start\hauptseite.html --> billardunionmgkempen.de /01-start hauptseite.html
2013.01.14 13:14 B C:\Users\Hennebell\Desktop\Homepage-BU-MG-Kempen\01-start\hauptseite.html --> billardunionmgkempen.de /01-start hauptseite.html
2013.01.14 13:29 B C:\Users\Hennebell\Desktop\Homepage-BU-MG-Kempen\01-start\hauptseite.html --> billardunionmgkempen.de /01-start hauptseite.html
2013.02.07 18:34 B C:\Users\Hennebell\Desktop\Homepage-BU-MG-Kempen\01-start\hauptseite.html --> billardunionmgkempen.de /01-start hauptseite.html
2013.02.28 19:23 B C:\Users\Hennebell\Desktop\Homepage-BU-MG-Kempen\01-start\hauptseite.html --> billardunionmgkempen.de /01-start hauptseite.html
2013.03.31 15:23 B C:\Users\Hennebell\Desktop\Homepage-BU-MG-Kempen\01-start\hauptseite.html --> billardunionmgkempen.de /01-start hauptseite.html
2013.04.29 10:36 B C:\Users\Hennebell\Desktop\Homepage-BU-MG-Kempen\01-start\hauptseite.html --> billardunionmgkempen.de /01-start hauptseite.html
2013.04.29 12:03 B C:\Users\Hennebell\Desktop\Homepage-BU-MG-Kempen\01-start\hauptseite.html --> billardunionmgkempen.de /01-start hauptseite.html
2013.04.29 19:26 B C:\Users\Hennebell\Desktop\Homepage-BU-MG-Kempen\01-start\hauptseite.html --> billardunionmgkempen.de /01-start hauptseite.html
2013.05.01 07:49 B C:\Users\Hennebell\Desktop\Homepage-BU-MG-Kempen\01-start\hauptseite.html --> billardunionmgkempen.de /01-start hauptseite.html
2013.06.01 05:56 B C:\Users\Hennebell\Desktop\Homepage-BU-MG-Kempen\01-start\hauptseite.html --> billardunionmgkempen.de /01-start hauptseite.html
2013.06.23 06:08 B C:\Users\Hennebell\Desktop\Homepage-BU-MG-Kempen\01-start\hauptseite.html --> billardunionmgkempen.de /01-start hauptseite.html
2013.06.23 06:10 B C:\Users\Hennebell\Desktop\Homepage-BU-MG-Kempen\01-start\hauptseite.html --> billardunionmgkempen.de /01-start hauptseite.html
2013.07.01 08:56 B C:\Users\Hennebell\Desktop\Homepage-BU-MG-Kempen\01-start\hauptseite.html --> billardunionmgkempen.de /01-start hauptseite.html
2013.07.29 06:43 B C:\Users\Hennebell\Desktop\Homepage-BU-MG-Kempen\01-start\hauptseite.html --> billardunionmgkempen.de /01-start hauptseite.html
2013.08.01 05:44 B C:\Users\Hennebell\Desktop\Homepage-BU-MG-Kempen\01-start\hauptseite.html --> billardunionmgkempen.de /01-start hauptseite.html
2013.08.11 10:54 B C:\Users\Hennebell\Desktop\Homepage-BU-MG-Kempen\01-start\hauptseite.html --> billardunionmgkempen.de /01-start hauptseite.html
2013.08.25 08:31 B C:\Users\Hennebell\Desktop\Homepage-BU-MG-Kempen\01-start\hauptseite.html --> billardunionmgkempen.de /01-start/vereinsmeisterschaft-bilder hauptseite.html
2013.08.25 08:31 B C:\Users\Hennebell\Desktop\Homepage-BU-MG-Kempen\01-start\hauptseite.html --> billardunionmgkempen.de /01-start hauptseite.html
2013.09.01 08:09 B C:\Users\Hennebell\Desktop\Homepage-BU-MG-Kempen\01-start\hauptseite.html --> billardunionmgkempen.de /01-start hauptseite.html
2013.09.23 09:27 B C:\Users\Hennebell\Desktop\Homepage-BU-MG-Kempen\01-start\hauptseite.html --> billardunionmgkempen.de /01-start hauptseite.html
2013.09.23 09:36 B C:\Users\Hennebell\Desktop\Homepage-BU-MG-Kempen\01-start\hauptseite.html --> billardunionmgkempen.de /01-start hauptseite.html
2013.10.01 06:00 B C:\Users\Hennebell\Desktop\Homepage-BU-MG-Kempen\01-start\hauptseite.html --> billardunionmgkempen.de /01-start hauptseite.html
2013.10.20 10:21 B C:\Users\Hennebell\Desktop\Homepage-BU-MG-Kempen\01-start\hauptseite.html --> billardunionmgkempen.de /01-start hauptseite.html
2013.11.01 07:09 B C:\Users\Hennebell\Desktop\Homepage-BU-MG-Kempen\01-start\hauptseite.html --> billardunionmgkempen.de /01-start hauptseite.html
2013.11.24 06:35 B C:\Users\Hennebell\Desktop\Homepage-BU-MG-Kempen\01-start\hauptseite.html --> billardunionmgkempen.de /01-start hauptseite.html
2013.12.01 06:21 B C:\Users\Hennebell\Desktop\Homepage-BU-MG-Kempen\01-start\hauptseite.html --> billardunionmgkempen.de /01-start hauptseite.html
