2009.07.19 07:40 B E:\1.0Homepage-Hans\06-freizeit\dowaloads_PBVN_Liga\PBVN-Sportprogramm_Mannschaften_2008-2009.pdf --> ftp.hans-kirchhoff.de /06-freizeit/dowaloads_PBVN_Liga PBVN-Sportprogramm_Mannschaften_2008-2009.pdf
2009.07.19 07:40 B E:\1.0Homepage-Hans\06-freizeit\dowaloads_PBVN_Liga\PBVN_Einzel-Sportprogramm_2008-2009.pdf --> ftp.hans-kirchhoff.de /06-freizeit/dowaloads_PBVN_Liga PBVN_Einzel-Sportprogramm_2008-2009.pdf
2009.07.19 07:40 B E:\1.0Homepage-Hans\06-freizeit\dowaloads_PBVN_Liga\PBVN_STO_2006-2007.pdf --> ftp.hans-kirchhoff.de /06-freizeit/dowaloads_PBVN_Liga PBVN_STO_2006-2007.pdf
2009.07.19 07:40 B E:\1.0Homepage-Hans\06-freizeit\dowaloads_PBVN_Liga\Spielbericht D,S,J Mannschaft.xls --> ftp.hans-kirchhoff.de /06-freizeit/dowaloads_PBVN_Liga Spielbericht D,S,J Mannschaft.xls
2009.07.19 08:08 B E:\1.0Homepage-Hans\06-freizeit\dowaloads_PBVN_Liga\baustelle.gif --> ftp.hans-kirchhoff.de /06-freizeit/dowaloads_PBVN_Liga baustelle.gif
2009.07.28 06:21 B E:\1.0Homepage-Hans\06-freizeit\dowaloads_PBVN_Liga\PBVN Einzel-Sportprogramm 2009-2010.pdf --> ftp.hans-kirchhoff.de /06-freizeit/dowaloads_PBVN_Liga PBVN Einzel-Sportprogramm 2009-2010.pdf
2009.07.28 06:21 B E:\1.0Homepage-Hans\06-freizeit\dowaloads_PBVN_Liga\PBVN-Sportprogramm Mannschaften 2009-2010.pdf --> ftp.hans-kirchhoff.de /06-freizeit/dowaloads_PBVN_Liga PBVN-Sportprogramm Mannschaften 2009-2010.pdf
2009.07.28 06:22 B E:\1.0Homepage-Hans\06-freizeit\dowaloads_PBVN_Liga\bauarbeiter.gif --> ftp.hans-kirchhoff.de /06-freizeit/dowaloads_PBVN_Liga bauarbeiter.gif
2009.07.28 07:34 B E:\1.0Homepage-Hans\06-freizeit\dowaloads_PBVN_Liga\PBVN Jugend-Sportprogramm 2009-2010.pdf --> ftp.hans-kirchhoff.de /06-freizeit/dowaloads_PBVN_Liga PBVN Jugend-Sportprogramm 2009-2010.pdf
2009.08.26 11:09 B E:\1.0Homepage-Hans\06-freizeit\dowaloads_PBVN_Liga\Terminkalender_PBVN_2009_-_2010.pdf --> ftp.hans-kirchhoff.de /06-freizeit/dowaloads_PBVN_Liga Terminkalender_PBVN_2009_-_2010.pdf
2009.08.26 13:17 B E:\1.0Homepage-Hans\06-freizeit\dowaloads_PBVN_Liga\verbandssiegerehrung.gif --> ftp.hans-kirchhoff.de /06-freizeit/dowaloads_PBVN_Liga verbandssiegerehrung.gif
2009.08.26 13:27 B E:\1.0Homepage-Hans\06-freizeit\dowaloads_PBVN_Liga\PBVN_Verbandsehrung.gif --> ftp.hans-kirchhoff.de /06-freizeit/dowaloads_PBVN_Liga PBVN_Verbandsehrung.gif
2009.08.26 15:43 B E:\1.0Homepage-Hans\06-freizeit\dowaloads_PBVN_Liga\pbvn.gif --> ftp.hans-kirchhoff.de /06-freizeit/dowaloads_PBVN_Liga pbvn.gif
2009.08.26 15:53 B E:\1.0Homepage-Hans\06-freizeit\dowaloads_PBVN_Liga\Spielplan_BzL_2009_-_2010_PBVN.pdf --> ftp.hans-kirchhoff.de /06-freizeit/dowaloads_PBVN_Liga Spielplan_BzL_2009_-_2010_PBVN.pdf
2009.08.26 15:53 B E:\1.0Homepage-Hans\06-freizeit\dowaloads_PBVN_Liga\Spielplan_LL_2009_-_2010_PBVN.pdf --> ftp.hans-kirchhoff.de /06-freizeit/dowaloads_PBVN_Liga Spielplan_LL_2009_-_2010_PBVN.pdf
2009.08.26 15:53 B E:\1.0Homepage-Hans\06-freizeit\dowaloads_PBVN_Liga\Spielplan_VL_2009_-_2010_PBVN.pdf --> ftp.hans-kirchhoff.de /06-freizeit/dowaloads_PBVN_Liga Spielplan_VL_2009_-_2010_PBVN.pdf
2009.08.26 15:57 B E:\1.0Homepage-Hans\06-freizeit\dowaloads_PBVN_Liga\Spielplan_Sen_MS_2009_-_2010_PBVN.pdf --> ftp.hans-kirchhoff.de /06-freizeit/dowaloads_PBVN_Liga Spielplan_Sen_MS_2009_-_2010_PBVN.pdf
2009.08.30 15:31 B E:\1.0Homepage-Hans\06-freizeit\dowaloads_PBVN_Liga\PBVN-Sportprogramm_Mannschaften_2009-2010.pdf --> ftp.hans-kirchhoff.de /06-freizeit/dowaloads_PBVN_Liga PBVN-Sportprogramm_Mannschaften_2009-2010.pdf
2009.08.30 15:31 B E:\1.0Homepage-Hans\06-freizeit\dowaloads_PBVN_Liga\PBVN_Einzel-Sportprogramm_2009-2010.pdf --> ftp.hans-kirchhoff.de /06-freizeit/dowaloads_PBVN_Liga PBVN_Einzel-Sportprogramm_2009-2010.pdf
2009.08.30 15:31 B E:\1.0Homepage-Hans\06-freizeit\dowaloads_PBVN_Liga\PBVN_Jugend-Sportprogramm_2009-2010.pdf --> ftp.hans-kirchhoff.de /06-freizeit/dowaloads_PBVN_Liga PBVN_Jugend-Sportprogramm_2009-2010.pdf
2009.08.30 15:31 B E:\1.0Homepage-Hans\06-freizeit\dowaloads_PBVN_Liga\Spielbericht_PBVN_2009-2010_D_J_S.xls --> ftp.hans-kirchhoff.de /06-freizeit/dowaloads_PBVN_Liga Spielbericht_PBVN_2009-2010_D_J_S.xls
2009.08.30 15:31 B E:\1.0Homepage-Hans\06-freizeit\dowaloads_PBVN_Liga\Spielbericht_PBVN_2009-2010_Liga.xls --> ftp.hans-kirchhoff.de /06-freizeit/dowaloads_PBVN_Liga Spielbericht_PBVN_2009-2010_Liga.xls
2009.08.30 15:31 B E:\1.0Homepage-Hans\06-freizeit\dowaloads_PBVN_Liga\Spielplan_BzL_2009_-_2010_PBVN.pdf --> ftp.hans-kirchhoff.de /06-freizeit/dowaloads_PBVN_Liga Spielplan_BzL_2009_-_2010_PBVN.pdf
2009.08.30 15:32 B E:\1.0Homepage-Hans\06-freizeit\dowaloads_PBVN_Liga\STO_PBVN_2009_-_2010.pdf --> ftp.hans-kirchhoff.de /06-freizeit/dowaloads_PBVN_Liga STO_PBVN_2009_-_2010.pdf
2009.08.30 15:41 B E:\1.0Homepage-Hans\06-freizeit\dowaloads_PBVN_Liga\06.09.2009Teilnehmer LM 14.1 endlos L u. S.pdf --> ftp.hans-kirchhoff.de /06-freizeit/dowaloads_PBVN_Liga 06.09.2009Teilnehmer LM 14.1 endlos L u. S.pdf
2009.09.01 16:57 B E:\1.0Homepage-Hans\06-freizeit\dowaloads_PBVN_Liga\PBVN_Mannschaftsfuhrer_2009_-_2010.pdf --> ftp.hans-kirchhoff.de /06-freizeit/dowaloads_PBVN_Liga PBVN_Mannschaftsfuhrer_2009_-_2010.pdf
2009.09.01 16:57 B E:\1.0Homepage-Hans\06-freizeit\dowaloads_PBVN_Liga\PBVN_Wegbeschreibungen___Geschaftsstelle_alle_Vereine.pdf --> ftp.hans-kirchhoff.de /06-freizeit/dowaloads_PBVN_Liga PBVN_Wegbeschreibungen___Geschaftsstelle_alle_Vereine.pdf
2009.09.01 18:51 B E:\1.0Homepage-Hans\06-freizeit\dowaloads_PBVN_Liga\PBVN-Sportprogramm Mannschaften 2009-2010.pdf --> ftp.hans-kirchhoff.de /06-freizeit/dowaloads_PBVN_Liga PBVN-Sportprogramm Mannschaften 2009-2010.pdf
2009.09.04 13:38 B E:\1.0Homepage-Hans\06-freizeit\dowaloads_PBVN_Liga\PBVN_Mannschaftsfuhrer_2009_-_2010.pdf --> ftp.hans-kirchhoff.de /06-freizeit/dowaloads_BVNR_Liga PBVN_Mannschaftsfuhrer_2009_-_2010.pdf
2009.09.05 10:23 B E:\1.0Homepage-Hans\06-freizeit\dowaloads_PBVN_Liga\Mannschaftsfuhrer_PBVN_2009_-_2010.pdf --> ftp.hans-kirchhoff.de /06-freizeit/dowaloads_PBVN_Liga Mannschaftsfuhrer_PBVN_2009_-_2010.pdf
2009.09.05 10:29 B E:\1.0Homepage-Hans\06-freizeit\dowaloads_PBVN_Liga\Mannschaftsfuhrer_PBVN_2009_-_2010.pdf --> ftp.hans-kirchhoff.de /06-freizeit/dowaloads_PBVN_Liga Mannschaftsfuhrer_PBVN_2009_-_2010.pdf
2009.09.05 13:53 B E:\1.0Homepage-Hans\06-freizeit\dowaloads_PBVN_Liga\Spielplan_BzL_2009_-_2010_PBVN_01.gif --> ftp.hans-kirchhoff.de /06-freizeit/dowaloads_PBVN_Liga Spielplan_BzL_2009_-_2010_PBVN_01.gif
2009.09.05 13:55 B E:\1.0Homepage-Hans\06-freizeit\dowaloads_PBVN_Liga\Spielplan_BzL_2009_-_2010_PBVN_01.gif --> ftp.hans-kirchhoff.de /06-freizeit/dowaloads_PBVN_Liga Spielplan_BzL_2009_-_2010_PBVN_01.gif
2009.09.05 14:03 B E:\1.0Homepage-Hans\06-freizeit\dowaloads_PBVN_Liga\Spielplan_BzL_2009_-_2010_PBVN_01.jpg --> ftp.hans-kirchhoff.de /06-freizeit/dowaloads_PBVN_Liga Spielplan_BzL_2009_-_2010_PBVN_01.jpg
2009.09.06 15:57 B E:\1.0Homepage-Hans\06-freizeit\dowaloads_PBVN_Liga\Spielplan_BzL_2009_-_2010_PBVN.pdf --> ftp.hans-kirchhoff.de /06-freizeit/dowaloads_PBVN_Liga Spielplan_BzL_2009_-_2010_PBVN.pdf
2009.09.06 16:31 B E:\1.0Homepage-Hans\06-freizeit\dowaloads_PBVN_Liga\Tabelle_BzL_PBVN_2009_-_2010.pdf --> ftp.hans-kirchhoff.de /06-freizeit/dowaloads_PBVN_Liga Tabelle_BzL_PBVN_2009_-_2010.pdf
2009.10.08 07:35 B E:\1.0Homepage-Hans\06-freizeit\dowaloads_PBVN_Liga\09.11.09_PBVN_Mitgliederversammlung.pdf --> ftp.hans-kirchhoff.de /06-freizeit/dowaloads_PBVN_Liga 09.11.09_PBVN_Mitgliederversammlung.pdf
2010.12.02 20:19 B G:\Homepage-BU-MG-Kempen\03-Ligabetrieb\dowaloads_PBVN_Liga\bauarbeiter.gif --> billardunionmgkempen.de /03-Ligabetrieb/dowaloads_PBVN_Liga bauarbeiter.gif
2010.12.02 20:19 B G:\Homepage-BU-MG-Kempen\03-Ligabetrieb\dowaloads_PBVN_Liga\PBVN_Verbandsehrung.gif --> billardunionmgkempen.de /03-Ligabetrieb/dowaloads_PBVN_Liga PBVN_Verbandsehrung.gif
2010.12.02 20:19 B G:\Homepage-BU-MG-Kempen\03-Ligabetrieb\dowaloads_PBVN_Liga\pbvn.gif --> billardunionmgkempen.de /03-Ligabetrieb/dowaloads_PBVN_Liga pbvn.gif
2010.12.02 20:19 B G:\Homepage-BU-MG-Kempen\03-Ligabetrieb\dowaloads_PBVN_Liga\Spielplan_LL_2009_-_2010_PBVN.pdf --> billardunionmgkempen.de /03-Ligabetrieb/dowaloads_PBVN_Liga Spielplan_LL_2009_-_2010_PBVN.pdf
2010.12.02 20:19 B G:\Homepage-BU-MG-Kempen\03-Ligabetrieb\dowaloads_PBVN_Liga\Spielbericht_PBVN_2009-2010_Liga.xls --> billardunionmgkempen.de /03-Ligabetrieb/dowaloads_PBVN_Liga Spielbericht_PBVN_2009-2010_Liga.xls
2010.12.02 20:19 B G:\Homepage-BU-MG-Kempen\03-Ligabetrieb\dowaloads_PBVN_Liga\PBVN_Einzel-Sportprogramm_2009-2010.pdf --> billardunionmgkempen.de /03-Ligabetrieb/dowaloads_PBVN_Liga PBVN_Einzel-Sportprogramm_2009-2010.pdf
2010.12.02 20:19 B G:\Homepage-BU-MG-Kempen\03-Ligabetrieb\dowaloads_PBVN_Liga\PBVN-Sportprogramm_Mannschaften_2009-2010(alt).pdf --> billardunionmgkempen.de /03-Ligabetrieb/dowaloads_PBVN_Liga PBVN-Sportprogramm_Mannschaften_2009-2010(alt).pdf
2010.12.02 20:19 B G:\Homepage-BU-MG-Kempen\03-Ligabetrieb\dowaloads_PBVN_Liga\PBVN_Jugend-Sportprogramm_2009-2010.pdf --> billardunionmgkempen.de /03-Ligabetrieb/dowaloads_PBVN_Liga PBVN_Jugend-Sportprogramm_2009-2010.pdf
2010.12.02 20:19 B G:\Homepage-BU-MG-Kempen\03-Ligabetrieb\dowaloads_PBVN_Liga\STO_PBVN_2009_-_2010.pdf --> billardunionmgkempen.de /03-Ligabetrieb/dowaloads_PBVN_Liga STO_PBVN_2009_-_2010.pdf
2010.12.02 20:19 B G:\Homepage-BU-MG-Kempen\03-Ligabetrieb\dowaloads_PBVN_Liga\06.09.2009Teilnehmer LM 14.1 endlos L u. S.pdf --> billardunionmgkempen.de /03-Ligabetrieb/dowaloads_PBVN_Liga 06.09.2009Teilnehmer LM 14.1 endlos L u. S.pdf
2010.12.02 20:19 B G:\Homepage-BU-MG-Kempen\03-Ligabetrieb\dowaloads_PBVN_Liga\PBVN-Sportprogramm Mannschaften 2009-2010.pdf --> billardunionmgkempen.de /03-Ligabetrieb/dowaloads_PBVN_Liga PBVN-Sportprogramm Mannschaften 2009-2010.pdf
2010.12.02 20:19 B G:\Homepage-BU-MG-Kempen\03-Ligabetrieb\dowaloads_PBVN_Liga\PBVN_Ausschreibung Verbandssiegerehrung 2009 - 2010.pdf --> billardunionmgkempen.de /03-Ligabetrieb/dowaloads_PBVN_Liga PBVN_Ausschreibung Verbandssiegerehrung 2009 - 2010.pdf
