2009.06.26 09:33 B E:\1.0Homepage-Hans\06-freizeit\downloads\1.Satzung PBC-Neuwerk 70 e.V..pdf --> ftp.hans-kirchhoff.de /06-freizeit/downloads 1.Satzung PBC-Neuwerk 70 e.V..pdf
2009.06.26 09:33 B E:\1.0Homepage-Hans\06-freizeit\downloads\10_Balll-Regel.pdf --> ftp.hans-kirchhoff.de /06-freizeit/downloads 10_Balll-Regel.pdf
2009.06.26 09:33 B E:\1.0Homepage-Hans\06-freizeit\downloads\10ball_German.pdf --> ftp.hans-kirchhoff.de /06-freizeit/downloads 10ball_German.pdf
2009.06.26 09:33 B E:\1.0Homepage-Hans\06-freizeit\downloads\14-1-Regel.pdf --> ftp.hans-kirchhoff.de /06-freizeit/downloads 14-1-Regel.pdf
2009.06.26 09:33 B E:\1.0Homepage-Hans\06-freizeit\downloads\14.1.xls --> ftp.hans-kirchhoff.de /06-freizeit/downloads 14.1.xls
2009.06.26 09:33 B E:\1.0Homepage-Hans\06-freizeit\downloads\32er_16er_8er_Feld.xls --> ftp.hans-kirchhoff.de /06-freizeit/downloads 32er_16er_8er_Feld.xls
2009.06.26 09:33 B E:\1.0Homepage-Hans\06-freizeit\downloads\8_Ball-Regel.pdf --> ftp.hans-kirchhoff.de /06-freizeit/downloads 8_Ball-Regel.pdf
2009.06.26 09:33 B E:\1.0Homepage-Hans\06-freizeit\downloads\8und9 Ball-Blaetter.xls --> ftp.hans-kirchhoff.de /06-freizeit/downloads 8und9 Ball-Blaetter.xls
2009.06.26 09:33 B E:\1.0Homepage-Hans\06-freizeit\downloads\9_Ball-Regel.pdf --> ftp.hans-kirchhoff.de /06-freizeit/downloads 9_Ball-Regel.pdf
2009.06.26 09:33 B E:\1.0Homepage-Hans\06-freizeit\downloads\Ablauf der Dopingkontrolle.pdf --> ftp.hans-kirchhoff.de /06-freizeit/downloads Ablauf der Dopingkontrolle.pdf
2009.06.26 09:34 B E:\1.0Homepage-Hans\06-freizeit\downloads\Antidoping-Regelwerk-WADA-Code_deutsch.pdf --> ftp.hans-kirchhoff.de /06-freizeit/downloads Antidoping-Regelwerk-WADA-Code_deutsch.pdf
2009.06.26 09:34 B E:\1.0Homepage-Hans\06-freizeit\downloads\Aufnahmeantrag.pdf --> ftp.hans-kirchhoff.de /06-freizeit/downloads Aufnahmeantrag.pdf
2009.06.26 09:34 B E:\1.0Homepage-Hans\06-freizeit\downloads\Beispielliste zul. Medikamente.pdf --> ftp.hans-kirchhoff.de /06-freizeit/downloads Beispielliste zul. Medikamente.pdf
2009.06.26 09:34 B E:\1.0Homepage-Hans\06-freizeit\downloads\DBU-Sportlererklaerung.pdf --> ftp.hans-kirchhoff.de /06-freizeit/downloads DBU-Sportlererklaerung.pdf
2009.06.26 09:34 B E:\1.0Homepage-Hans\06-freizeit\downloads\Dopingkontrollsystem.pdf --> ftp.hans-kirchhoff.de /06-freizeit/downloads Dopingkontrollsystem.pdf
2009.06.26 09:34 B E:\1.0Homepage-Hans\06-freizeit\downloads\Einsatz von Beta -2-A.pdf --> ftp.hans-kirchhoff.de /06-freizeit/downloads Einsatz von Beta -2-A.pdf
2009.06.26 09:34 B E:\1.0Homepage-Hans\06-freizeit\downloads\Gesamt_Regelwerk.pdf --> ftp.hans-kirchhoff.de /06-freizeit/downloads Gesamt_Regelwerk.pdf
2009.06.26 09:34 B E:\1.0Homepage-Hans\06-freizeit\downloads\Info zu Nahrungsergaenzungsmittel.pdf --> ftp.hans-kirchhoff.de /06-freizeit/downloads Info zu Nahrungsergaenzungsmittel.pdf
2009.06.26 09:34 B E:\1.0Homepage-Hans\06-freizeit\downloads\Materialnormen_Pool.pdf --> ftp.hans-kirchhoff.de /06-freizeit/downloads Materialnormen_Pool.pdf
2009.06.26 09:34 B E:\1.0Homepage-Hans\06-freizeit\downloads\Meldeliste_Saison_2009-10.pdf --> ftp.hans-kirchhoff.de /06-freizeit/downloads Meldeliste_Saison_2009-10.pdf
2009.06.26 09:34 B E:\1.0Homepage-Hans\06-freizeit\downloads\PBVN_STO_2006-2007.pdf --> ftp.hans-kirchhoff.de /06-freizeit/downloads PBVN_STO_2006-2007.pdf
2009.06.26 09:35 B E:\1.0Homepage-Hans\06-freizeit\downloads\Rahmenrichtlinien_zur_Bekaempfung_des_ Dopings.pdf --> ftp.hans-kirchhoff.de /06-freizeit/downloads Rahmenrichtlinien_zur_Bekaempfung_des_ Dopings.pdf
2009.06.26 09:35 B E:\1.0Homepage-Hans\06-freizeit\downloads\Regel_Pool-Turnier_26.09.2008.pdf --> ftp.hans-kirchhoff.de /06-freizeit/downloads Regel_Pool-Turnier_26.09.2008.pdf
2009.06.26 09:35 B E:\1.0Homepage-Hans\06-freizeit\downloads\Regularien_Pool_01.07.2008.pdf --> ftp.hans-kirchhoff.de /06-freizeit/downloads Regularien_Pool_01.07.2008.pdf
2009.06.26 09:35 B E:\1.0Homepage-Hans\06-freizeit\downloads\Spielbericht D,S,J Mannschaft.xls --> ftp.hans-kirchhoff.de /06-freizeit/downloads Spielbericht D,S,J Mannschaft.xls
2009.06.26 09:35 B E:\1.0Homepage-Hans\06-freizeit\downloads\Spielbericht08_09.xls --> ftp.hans-kirchhoff.de /06-freizeit/downloads Spielbericht08_09.xls
2009.06.26 09:35 B E:\1.0Homepage-Hans\06-freizeit\downloads\Sportordnung_Pool.pdf --> ftp.hans-kirchhoff.de /06-freizeit/downloads Sportordnung_Pool.pdf
2009.06.26 09:35 B E:\1.0Homepage-Hans\06-freizeit\downloads\STO-pool-allgem.teil.pdf --> ftp.hans-kirchhoff.de /06-freizeit/downloads STO-pool-allgem.teil.pdf
2009.06.26 09:35 B E:\1.0Homepage-Hans\06-freizeit\downloads\Thumbs.db --> ftp.hans-kirchhoff.de /06-freizeit/downloads Thumbs.db
2009.06.26 09:35 B E:\1.0Homepage-Hans\06-freizeit\downloads\Verbotsliste 2005 - 3.5.05.pdf --> ftp.hans-kirchhoff.de /06-freizeit/downloads Verbotsliste 2005 - 3.5.05.pdf
2009.06.26 09:36 B E:\1.0Homepage-Hans\06-freizeit\downloads\Verfahren der Probenahme.pdf --> ftp.hans-kirchhoff.de /06-freizeit/downloads Verfahren der Probenahme.pdf
2009.06.26 09:36 B E:\1.0Homepage-Hans\06-freizeit\downloads\Werbung.pdf --> ftp.hans-kirchhoff.de /06-freizeit/downloads Werbung.pdf
2009.06.26 09:36 B E:\1.0Homepage-Hans\06-freizeit\downloads\WS_FTP.LOG --> ftp.hans-kirchhoff.de /06-freizeit/downloads WS_FTP.LOG
2009.06.27 07:25 B E:\1.0Homepage-Hans\06-freizeit\downloads\Meldeliste_Saison_2009-10.pdf --> ftp.hans-kirchhoff.de /06-freizeit/downloads Meldeliste_Saison_2009-10.pdf
2009.07.07 18:05 B E:\1.0Homepage-Hans\06-freizeit\downloads\Ligeneinteilung09_10.pdf --> ftp.hans-kirchhoff.de /06-freizeit/downloads Ligeneinteilung09_10.pdf
2009.07.08 10:27 B E:\1.0Homepage-Hans\06-freizeit\downloads\BVNR-sto08_09.pdf --> ftp.hans-kirchhoff.de /06-freizeit/downloads BVNR-sto08_09.pdf
2009.07.08 10:27 B E:\1.0Homepage-Hans\06-freizeit\downloads\PBVN-Sportprogramm_Mannschaften_2008-2009.pdf --> ftp.hans-kirchhoff.de /06-freizeit/downloads PBVN-Sportprogramm_Mannschaften_2008-2009.pdf
2009.07.08 10:27 B E:\1.0Homepage-Hans\06-freizeit\downloads\PBVN_Einzel-Sportprogramm_2008-2009.pdf --> ftp.hans-kirchhoff.de /06-freizeit/downloads PBVN_Einzel-Sportprogramm_2008-2009.pdf
2009.07.08 17:30 B E:\1.0Homepage-Hans\06-freizeit\downloads\1-Oberliga.jpg --> ftp.hans-kirchhoff.de /06-freizeit/downloads 1-Oberliga.jpg
2009.07.08 17:30 B E:\1.0Homepage-Hans\06-freizeit\downloads\2-Verbandsliga.jpg --> ftp.hans-kirchhoff.de /06-freizeit/downloads 2-Verbandsliga.jpg
2009.07.08 17:30 B E:\1.0Homepage-Hans\06-freizeit\downloads\3-Landesliga.jpg --> ftp.hans-kirchhoff.de /06-freizeit/downloads 3-Landesliga.jpg
2009.07.08 17:30 B E:\1.0Homepage-Hans\06-freizeit\downloads\4-Bezirksliga.jpg --> ftp.hans-kirchhoff.de /06-freizeit/downloads 4-Bezirksliga.jpg
2009.07.08 17:30 B E:\1.0Homepage-Hans\06-freizeit\downloads\5-Kreisliga(1).jpg --> ftp.hans-kirchhoff.de /06-freizeit/downloads 5-Kreisliga(1).jpg
2009.07.08 17:30 B E:\1.0Homepage-Hans\06-freizeit\downloads\6-Kreisliga(2).jpg --> ftp.hans-kirchhoff.de /06-freizeit/downloads 6-Kreisliga(2).jpg
2009.07.08 17:30 B E:\1.0Homepage-Hans\06-freizeit\downloads\7-Kreisliga(3).jpg --> ftp.hans-kirchhoff.de /06-freizeit/downloads 7-Kreisliga(3).jpg
2009.07.12 16:42 B E:\1.0Homepage-Hans\06-freizeit\downloads\14-1Spielzettel.doc --> ftp.hans-kirchhoff.de /06-freizeit/downloads 14-1Spielzettel.doc
2009.07.12 16:42 B E:\1.0Homepage-Hans\06-freizeit\downloads\32er_16er_8er_Feld.xls --> ftp.hans-kirchhoff.de /06-freizeit/downloads 32er_16er_8er_Feld.xls
2009.07.12 16:42 B E:\1.0Homepage-Hans\06-freizeit\downloads\8 & 9 Ball-Blaetter.xls --> ftp.hans-kirchhoff.de /06-freizeit/downloads 8 & 9 Ball-Blaetter.xls
2009.07.12 17:26 B E:\1.0Homepage-Hans\06-freizeit\downloads\Ligeneinteilung09_10.pdf --> ftp.hans-kirchhoff.de /06-freizeit/downloads Ligeneinteilung09_10.pdf
2009.07.13 17:17 B E:\1.0Homepage-Hans\06-freizeit\downloads\kreisliga.xls --> ftp.hans-kirchhoff.de /06-freizeit/downloads kreisliga.xls
2009.07.14 05:33 B E:\1.0Homepage-Hans\06-freizeit\downloads\2009-10_kreisliga-Spieltage-tabelle.pdf --> ftp.hans-kirchhoff.de /06-freizeit/downloads 2009-10_kreisliga-Spieltage-tabelle.pdf
2009.07.14 06:07 B E:\1.0Homepage-Hans\06-freizeit\downloads\2009.10_kreisliga_spieltage-tabelle.pdf --> ftp.hans-kirchhoff.de /06-freizeit/downloads 2009.10_kreisliga_spieltage-tabelle.pdf
2009.07.14 06:07 B E:\1.0Homepage-Hans\06-freizeit\downloads\2009.10_landesliga_spieltage-tabelle.pdf --> ftp.hans-kirchhoff.de /06-freizeit/downloads 2009.10_landesliga_spieltage-tabelle.pdf
2009.07.14 06:07 B E:\1.0Homepage-Hans\06-freizeit\downloads\2009.10_oberliga_spieltage-tabelle.pdf --> ftp.hans-kirchhoff.de /06-freizeit/downloads 2009.10_oberliga_spieltage-tabelle.pdf
2009.07.14 06:21 B E:\1.0Homepage-Hans\06-freizeit\downloads\2009.10_kreisliga_spieltage-tabelle.pdf --> ftp.hans-kirchhoff.de /06-freizeit/downloads 2009.10_kreisliga_spieltage-tabelle.pdf
2009.07.14 06:21 B E:\1.0Homepage-Hans\06-freizeit\downloads\2009.10_landesliga_spieltage-tabelle.pdf --> ftp.hans-kirchhoff.de /06-freizeit/downloads 2009.10_landesliga_spieltage-tabelle.pdf
2009.07.14 06:21 B E:\1.0Homepage-Hans\06-freizeit\downloads\2009.10_oberliga_spieltage-tabelle.pdf --> ftp.hans-kirchhoff.de /06-freizeit/downloads 2009.10_oberliga_spieltage-tabelle.pdf
2009.07.18 19:21 B E:\1.0Homepage-Hans\06-freizeit\downloads\DBU_Athletenerklaerung.pdf --> ftp.hans-kirchhoff.de /06-freizeit DBU_Athletenerklaerung.pdf
2009.07.18 19:21 B E:\1.0Homepage-Hans\06-freizeit\downloads\DBU_Athletenerklaerung.pdf --> ftp.hans-kirchhoff.de /06-freizeit/downloads DBU_Athletenerklaerung.pdf
2009.07.18 19:21 B E:\1.0Homepage-Hans\06-freizeit\downloads\1-Oberliga.jpg --> ftp.hans-kirchhoff.de /06-freizeit 1-Oberliga.jpg
2009.07.19 07:40 B E:\1.0Homepage-Hans\06-freizeit\downloads_Verein\1.Satzung PBC-Neuwerk 70 e.V..pdf --> ftp.hans-kirchhoff.de /06-freizeit/downloads_Verein 1.Satzung PBC-Neuwerk 70 e.V..pdf
2009.07.19 07:41 B E:\1.0Homepage-Hans\06-freizeit\downloads_Verein\14-1Spielzettel.doc --> ftp.hans-kirchhoff.de /06-freizeit/downloads_Verein 14-1Spielzettel.doc
2009.07.19 07:41 B E:\1.0Homepage-Hans\06-freizeit\downloads_Verein\14.1.xls --> ftp.hans-kirchhoff.de /06-freizeit/downloads_Verein 14.1.xls
2009.07.19 07:41 B E:\1.0Homepage-Hans\06-freizeit\downloads_Verein\32er_16er_8er_Feld.xls --> ftp.hans-kirchhoff.de /06-freizeit/downloads_Verein 32er_16er_8er_Feld.xls
2009.07.19 07:41 B E:\1.0Homepage-Hans\06-freizeit\downloads_Verein\8 & 9 Ball-Blaetter.xls --> ftp.hans-kirchhoff.de /06-freizeit/downloads_Verein 8 & 9 Ball-Blaetter.xls
2009.07.19 07:41 B E:\1.0Homepage-Hans\06-freizeit\downloads_Verein\Aufnahmeantrag.pdf --> ftp.hans-kirchhoff.de /06-freizeit/downloads_Verein Aufnahmeantrag.pdf
2009.07.19 07:41 B E:\1.0Homepage-Hans\06-freizeit\downloads_Verein\BU-32er_16er_8er_-Feld.xls --> ftp.hans-kirchhoff.de /06-freizeit/downloads_Verein BU-32er_16er_8er_-Feld.xls
2009.07.19 07:41 B E:\1.0Homepage-Hans\06-freizeit\downloads_Verein\Meldeliste_Saison_2009-10.pdf --> ftp.hans-kirchhoff.de /06-freizeit/downloads_Verein Meldeliste_Saison_2009-10.pdf
2009.07.19 07:41 B E:\1.0Homepage-Hans\06-freizeit\downloads_Verein\Thumbs.db --> ftp.hans-kirchhoff.de /06-freizeit/downloads_Verein Thumbs.db
2009.07.19 07:41 B E:\1.0Homepage-Hans\06-freizeit\downloads_Verein\WS_FTP.LOG --> ftp.hans-kirchhoff.de /06-freizeit/downloads_Verein WS_FTP.LOG
2009.07.19 08:08 B E:\1.0Homepage-Hans\06-freizeit\downloads_Verein\baustelle.gif --> ftp.hans-kirchhoff.de /06-freizeit/downloads_Verein baustelle.gif
2009.07.19 11:06 B E:\1.0Homepage-Hans\06-freizeit\downloads_terminkalender\baustelle.gif --> ftp.hans-kirchhoff.de /06-freizeit/downloads_terminkalender baustelle.gif
2009.07.19 11:06 B E:\1.0Homepage-Hans\06-freizeit\downloads_terminkalender\bf-duisburg-sommer-turnier-serie-2009.pdf --> ftp.hans-kirchhoff.de /06-freizeit/downloads_terminkalender bf-duisburg-sommer-turnier-serie-2009.pdf
2009.07.19 11:06 B E:\1.0Homepage-Hans\06-freizeit\downloads_terminkalender\billardunion-Billard_Nacht-2009.pdf --> ftp.hans-kirchhoff.de /06-freizeit/downloads_terminkalender billardunion-Billard_Nacht-2009.pdf
2009.07.19 11:06 B E:\1.0Homepage-Hans\06-freizeit\downloads_terminkalender\billardunion-Helga_Martens_Memorial-2009.pdf --> ftp.hans-kirchhoff.de /06-freizeit/downloads_terminkalender billardunion-Helga_Martens_Memorial-2009.pdf
2009.07.19 11:06 B E:\1.0Homepage-Hans\06-freizeit\downloads_terminkalender\billardunion-Stadtmeisterschaft_MG-2009.pdf --> ftp.hans-kirchhoff.de /06-freizeit/downloads_terminkalender billardunion-Stadtmeisterschaft_MG-2009.pdf
2009.07.19 11:06 B E:\1.0Homepage-Hans\06-freizeit\downloads_terminkalender\Thumbs.db --> ftp.hans-kirchhoff.de /06-freizeit/downloads_terminkalender Thumbs.db
2009.07.19 11:06 B E:\1.0Homepage-Hans\06-freizeit\downloads_terminkalender\WS_FTP.LOG --> ftp.hans-kirchhoff.de /06-freizeit/downloads_terminkalender WS_FTP.LOG
2009.07.19 11:12 B E:\1.0Homepage-Hans\06-freizeit\downloads_terminkalender\PBVN_bewerbung_zur _austragung_pool_snooker.xls --> ftp.hans-kirchhoff.de /06-freizeit/downloads_terminkalender PBVN_bewerbung_zur _austragung_pool_snooker.xls
2009.07.19 11:20 B E:\1.0Homepage-Hans\06-freizeit\downloads_terminkalender\PBVN_Meldeliste_Einzeln2009-10.xls --> ftp.hans-kirchhoff.de /06-freizeit/downloads_terminkalender PBVN_Meldeliste_Einzeln2009-10.xls
2009.07.19 11:20 B E:\1.0Homepage-Hans\06-freizeit\downloads_terminkalender\PBVN_Meldeliste_Mannschaften-2009-10.xls --> ftp.hans-kirchhoff.de /06-freizeit/downloads_terminkalender PBVN_Meldeliste_Mannschaften-2009-10.xls
2009.07.19 11:42 B E:\1.0Homepage-Hans\06-freizeit\downloads_terminkalender\wichtig.gif --> ftp.hans-kirchhoff.de /06-freizeit/downloads_terminkalender wichtig.gif
2009.07.19 14:19 B E:\1.0Homepage-Hans\06-freizeit\downloads_terminkalender\wichtiges.gif --> ftp.hans-kirchhoff.de /06-freizeit/downloads_terminkalender wichtiges.gif
2009.07.20 07:38 B E:\1.0Homepage-Hans\06-freizeit\downloads_terminkalender\new007.gif --> ftp.hans-kirchhoff.de /06-freizeit/downloads_terminkalender new007.gif
2009.07.20 07:40 B E:\1.0Homepage-Hans\06-freizeit\downloads_terminkalender\10-Ball Meldung_spezial_09.xls --> ftp.hans-kirchhoff.de /06-freizeit/downloads_terminkalender 10-Ball Meldung_spezial_09.xls
2009.07.20 11:24 B E:\1.0Homepage-Hans\06-freizeit\downloads_terminkalender\1.Herren Grand Prix 091120 in Rheinbach.pdf --> ftp.hans-kirchhoff.de /06-freizeit/downloads_terminkalender 1.Herren Grand Prix 091120 in Rheinbach.pdf
2009.07.23 08:28 A E:\1.0Homepage-Hans\06-freizeit\downloads_terminkalender\new.gif --> ftp.hans-kirchhoff.de /06-freizeit/downloads_terminkalender new.gif
2009.08.04 07:26 B E:\1.0Homepage-Hans\06-freizeit\downloads_terminkalender\25.-27.09.milleken_10-ball-german-opne.pdf --> ftp.hans-kirchhoff.de /06-freizeit/downloads_terminkalender 25.-27.09.milleken_10-ball-german-opne.pdf
2009.08.06 05:58 B E:\1.0Homepage-Hans\06-freizeit\downloads_terminkalender\23.10.-01.11.09.Unterlagen DM 2009.pdf --> ftp.hans-kirchhoff.de /06-freizeit/downloads_terminkalender 23.10.-01.11.09.Unterlagen DM 2009.pdf
2009.08.09 12:36 B E:\1.0Homepage-Hans\06-freizeit\downloads_terminkalender\15-08-2009_Programm.pdf --> ftp.hans-kirchhoff.de /06-freizeit 15-08-2009_Programm.pdf
2009.08.09 12:37 B E:\1.0Homepage-Hans\06-freizeit\downloads_terminkalender\15-08-2009_Programm.pdf --> ftp.hans-kirchhoff.de /06-freizeit/downloads_terminkalender 15-08-2009_Programm.pdf
2009.08.09 13:37 B E:\1.0Homepage-Hans\06-freizeit\downloads_terminkalender\erschreck.gif --> ftp.hans-kirchhoff.de /06-freizeit/downloads_terminkalender erschreck.gif
2009.08.09 13:37 B E:\1.0Homepage-Hans\06-freizeit\downloads_terminkalender\fest.gif --> ftp.hans-kirchhoff.de /06-freizeit/downloads_terminkalender fest.gif
2009.08.09 13:44 B E:\1.0Homepage-Hans\06-freizeit\downloads_terminkalender\1.gif --> ftp.hans-kirchhoff.de /06-freizeit/downloads_terminkalender 1.gif
2009.08.09 13:44 B E:\1.0Homepage-Hans\06-freizeit\downloads_terminkalender\2.gif --> ftp.hans-kirchhoff.de /06-freizeit/downloads_terminkalender 2.gif
2009.08.09 13:44 B E:\1.0Homepage-Hans\06-freizeit\downloads_terminkalender\3.gif --> ftp.hans-kirchhoff.de /06-freizeit/downloads_terminkalender 3.gif
2009.08.19 18:21 B E:\1.0Homepage-Hans\06-freizeit\downloads_terminkalender\smiley_entfaellt.png --> ftp.hans-kirchhoff.de /06-freizeit/downloads_terminkalender smiley_entfaellt.png
2009.08.20 08:40 B E:\1.0Homepage-Hans\06-freizeit\downloads_terminkalender\10-ball-pbvn-23.08.09.pdf --> ftp.hans-kirchhoff.de /06-freizeit/downloads_terminkalender 10-ball-pbvn-23.08.09.pdf
2009.08.21 12:58 B E:\1.0Homepage-Hans\06-freizeit\downloads_terminkalender\kamp-lintfort .gif --> ftp.hans-kirchhoff.de /06-freizeit/downloads_terminkalender kamp-lintfort .gif
2009.08.21 12:58 B E:\1.0Homepage-Hans\06-freizeit\downloads_terminkalender\10-ball Turnierserie-matchpoint-masters2009.pdf --> ftp.hans-kirchhoff.de /06-freizeit/downloads_terminkalender 10-ball Turnierserie-matchpoint-masters2009.pdf
2009.08.27 10:28 B E:\1.0Homepage-Hans\06-freizeit\downloads_turniere\1.Herren Grand Prix 091120 in Rheinbach.pdf --> ftp.hans-kirchhoff.de /06-freizeit/downloads_turniere 1.Herren Grand Prix 091120 in Rheinbach.pdf
2009.08.27 10:28 B E:\1.0Homepage-Hans\06-freizeit\downloads_turniere\10-ball Turnierserie-matchpoint-masters2009.pdf --> ftp.hans-kirchhoff.de /06-freizeit/downloads_turniere 10-ball Turnierserie-matchpoint-masters2009.pdf
2009.08.27 10:28 B E:\1.0Homepage-Hans\06-freizeit\downloads_turniere\10-ball-Turnier_neandertaler_2009.pdf --> ftp.hans-kirchhoff.de /06-freizeit/downloads_turniere 10-ball-Turnier_neandertaler_2009.pdf
2009.08.27 10:28 B E:\1.0Homepage-Hans\06-freizeit\downloads_turniere\25.-27.09.milleken_10-ball-german-opne.pdf --> ftp.hans-kirchhoff.de /06-freizeit/downloads_turniere 25.-27.09.milleken_10-ball-german-opne.pdf
2009.08.27 10:28 B E:\1.0Homepage-Hans\06-freizeit\downloads_turniere\bauarbeiter.gif --> ftp.hans-kirchhoff.de /06-freizeit/downloads_turniere bauarbeiter.gif
2009.08.27 10:28 B E:\1.0Homepage-Hans\06-freizeit\downloads_turniere\billardunion-Stadtmeisterschaft_MG-2009.pdf --> ftp.hans-kirchhoff.de /06-freizeit/downloads_turniere billardunion-Stadtmeisterschaft_MG-2009.pdf
2009.08.27 10:28 B E:\1.0Homepage-Hans\06-freizeit\downloads_turniere\Thumbs.db --> ftp.hans-kirchhoff.de /06-freizeit/downloads_turniere Thumbs.db
2009.08.27 10:28 B E:\1.0Homepage-Hans\06-freizeit\downloads_turniere\WS_FTP.LOG --> ftp.hans-kirchhoff.de /06-freizeit/downloads_turniere WS_FTP.LOG
2009.08.27 10:34 B E:\1.0Homepage-Hans\06-freizeit\downloads_turniere\10-ball-Turnier_neandertaler_2009.pdf --> ftp.hans-kirchhoff.de /06-freizeit/downloads_turniere 10-ball-Turnier_neandertaler_2009.pdf
2009.08.30 14:46 B E:\1.0Homepage-Hans\06-freizeit\downloads_turniere\26.-27.09.2009 Turnier_Double-Challenenge.pdf --> ftp.hans-kirchhoff.de /06-freizeit/downloads_turniere 26.-27.09.2009 Turnier_Double-Challenenge.pdf
2009.09.01 08:35 B E:\1.0Homepage-Hans\06-freizeit\downloads_turniere\10-ballMatchpoint Masters Regelwerk.pdf --> ftp.hans-kirchhoff.de /06-freizeit/downloads_turniere 10-ballMatchpoint Masters Regelwerk.pdf
2009.09.11 18:32 B E:\1.0Homepage-Hans\06-freizeit\downloads_turniere\9.11.10.Ausschreibung 8-Ball GGP1 in Osnabrück.pdf --> ftp.hans-kirchhoff.de /06-freizeit/downloads_turniere 9.11.10.Ausschreibung 8-Ball GGP1 in Osnabrück.pdf
2009.09.11 18:34 B E:\1.0Homepage-Hans\06-freizeit\downloads_turniere\9.11.10.Ausschreibung 8-Ball GGP1 in Osnabrück.pdf --> ftp.hans-kirchhoff.de /06-freizeit/downloads_turniere 9.11.10.Ausschreibung 8-Ball GGP1 in Osnabrück.pdf
2009.09.11 18:36 B E:\1.0Homepage-Hans\06-freizeit\downloads_turniere\9.11.10.Ausschreibung 8-Ball GGP1 in Osnabrueck.pdf --> ftp.hans-kirchhoff.de /06-freizeit/downloads_turniere 9.11.10.Ausschreibung 8-Ball GGP1 in Osnabrueck.pdf
2009.09.12 05:07 B E:\1.0Homepage-Hans\06-freizeit\downloads_turniere\09-09-09- Unterlagen DM 2009.pdf --> ftp.hans-kirchhoff.de /06-freizeit/downloads_turniere 09-09-09- Unterlagen DM 2009.pdf
2009.10.02 13:21 B E:\1.0Homepage-Hans\06-freizeit\downloads_turniere\17.10.Damen GP 2009 Astoria Walldorf.pdf --> ftp.hans-kirchhoff.de /06-freizeit/downloads_turniere 17.10.Damen GP 2009 Astoria Walldorf.pdf
2009.10.08 07:35 B E:\1.0Homepage-Hans\06-freizeit\downloads_turniere\25.10.09_8-ball-turnierPlakat KL LL.pdf --> ftp.hans-kirchhoff.de /06-freizeit/downloads_turniere 25.10.09_8-ball-turnierPlakat KL LL.pdf
2009.10.08 07:35 B E:\1.0Homepage-Hans\06-freizeit\downloads_turniere\25.10.09-8-ball-Regelwerk.pdf --> ftp.hans-kirchhoff.de /06-freizeit/downloads_turniere 25.10.09-8-ball-Regelwerk.pdf
2009.10.19 05:33 B E:\1.0Homepage-Hans\06-freizeit\downloads_turniere\07.11.09-Mix-TurnierBU-MG.gif --> ftp.hans-kirchhoff.de /06-freizeit/downloads_turniere 07.11.09-Mix-TurnierBU-MG.gif
2009.10.19 11:22 B E:\1.0Homepage-Hans\06-freizeit\downloads_turniere\07.11.09-Mix-Turnier-BU-MG.pdf --> ftp.hans-kirchhoff.de /06-freizeit/downloads_turniere 07.11.09-Mix-Turnier-BU-MG.pdf
2009.11.05 14:05 B E:\1.0Homepage-Hans\06-freizeit\downloads_turniere\1.GBC-8-Ball-Turnier21.-22.11.2009.pdf --> ftp.hans-kirchhoff.de /06-freizeit/downloads_turniere 1.GBC-8-Ball-Turnier21.-22.11.2009.pdf
2009.11.13 10:59 B E:\1.0Homepage-Hans\06-freizeit\downloads_turniere\26.12.2009-8-ball-mixed_duisburg02r.pdf --> ftp.hans-kirchhoff.de /06-freizeit/downloads_turniere 26.12.2009-8-ball-mixed_duisburg02r.pdf
2009.11.13 10:59 B E:\1.0Homepage-Hans\06-freizeit\downloads_turniere\04.12.2009_Nikolausturnier_oberhausen.png --> ftp.hans-kirchhoff.de /06-freizeit/downloads_turniere 04.12.2009_Nikolausturnier_oberhausen.png
2009.11.20 04:17 B E:\1.0Homepage-Hans\06-freizeit\downloads_turniere\29.11.2009-Stadtmeisterschaft Jugend_01.gif --> ftp.hans-kirchhoff.de /06-freizeit/downloads_turniere 29.11.2009-Stadtmeisterschaft Jugend_01.gif
2009.11.26 04:07 B E:\1.0Homepage-Hans\06-freizeit\downloads_turniere\02.01.2010-9-Ball German Billard Classic Landau2.pdf --> ftp.hans-kirchhoff.de /06-freizeit/downloads_turniere 02.01.2010-9-Ball German Billard Classic Landau2.pdf
2009.12.02 04:02 B E:\1.0Homepage-Hans\06-freizeit\downloads_turniere\19.-20.12.09 Herkules_Open-Kassel.jpg --> ftp.hans-kirchhoff.de /06-freizeit/downloads_turniere 19.-20.12.09 Herkules_Open-Kassel.jpg
2009.12.11 17:39 B E:\1.0Homepage-Hans\06-freizeit\downloads_turniere\28.12-31.12.09  ba Classic 2009 Revillogame cup1.pdf --> ftp.hans-kirchhoff.de /06-freizeit/downloads_turniere 28.12-31.12.09  ba Classic 2009 Revillogame cup1.pdf
2010.01.05 05:15 B E:\1.0Homepage-Hans\06-freizeit\downloads_turniere\06.bis07.02.2010Ausschreibung Billard Classic 9-Ball in Muenchen.pdf --> ftp.hans-kirchhoff.de /06-freizeit/downloads_turniere 06.bis07.02.2010Ausschreibung Billard Classic 9-Ball in Muenchen.pdf
2010.01.18 05:22 B E:\1.0Homepage-Hans\06-freizeit\downloads_turniere\05.04.-11.04.2010-Ausschreibung-DJM-2010.pdf --> ftp.hans-kirchhoff.de /06-freizeit/downloads_turniere 05.04.-11.04.2010-Ausschreibung-DJM-2010.pdf
2010.01.27 17:09 B E:\1.0Homepage-Hans\06-freizeit\downloads_turniere\27.03.2010_doppelturnie_bf_duisburg.pdf --> ftp.hans-kirchhoff.de /06-freizeit/downloads_turniere 27.03.2010_doppelturnie_bf_duisburg.pdf
2010.01.28 03:24 B E:\1.0Homepage-Hans\06-freizeit\downloads_turniere\09.04.2010_8-ball-doppel-Gottesacker 3.pdf --> ftp.hans-kirchhoff.de /06-freizeit/downloads_turniere 09.04.2010_8-ball-doppel-Gottesacker 3.pdf
2010.02.16 11:04 B E:\1.0Homepage-Hans\06-freizeit\downloads_turniere\03.04.2010_10-ball_geldern.pdf --> ftp.hans-kirchhoff.de /06-freizeit/downloads_turniere 03.04.2010_10-ball_geldern.pdf
2010.02.18 17:24 B E:\1.0Homepage-Hans\06-freizeit\downloads_turniere\03.04.2010_10 Ball-neu.pdf --> ftp.hans-kirchhoff.de /06-freizeit/downloads_turniere 03.04.2010_10 Ball-neu.pdf
2010.02.24 14:37 B E:\1.0Homepage-Hans\06-freizeit\downloads_turniere\06.03-07.03.2010_Ausschreibung 1GBC 14-1 in Trier.pdf --> ftp.hans-kirchhoff.de /06-freizeit/downloads_turniere 06.03-07.03.2010_Ausschreibung 1GBC 14-1 in Trier.pdf
2010.03.28 17:06 B E:\1.0Homepage-Hans\06-freizeit\downloads_turniere\30.04.2010_8-Ball-GGP-Gütersloh.pdf --> ftp.hans-kirchhoff.de /06-freizeit/downloads_turniere 30.04.2010_8-Ball-GGP-Gütersloh.pdf
2010.03.28 17:08 B E:\1.0Homepage-Hans\06-freizeit\downloads_turniere\30.04.2010_8-Ball-GGP-Guetersloh.pdf --> ftp.hans-kirchhoff.de /06-freizeit/downloads_turniere 30.04.2010_8-Ball-GGP-Guetersloh.pdf
2010.06.11 04:39 B E:\1.0Homepage-Hans\06-freizeit\downloads_turniere\17.07.2010_8Ball_Bf-Duisburg.pdf --> ftp.hans-kirchhoff.de /06-freizeit/downloads_turniere 17.07.2010_8Ball_Bf-Duisburg.pdf
2010.06.11 04:40 B E:\1.0Homepage-Hans\06-freizeit\downloads_turniere\24.07.2010_9Ball_Bf-Duisburg.pdf --> ftp.hans-kirchhoff.de /06-freizeit/downloads_turniere 24.07.2010_9Ball_Bf-Duisburg.pdf
2010.06.11 04:40 B E:\1.0Homepage-Hans\06-freizeit\downloads_turniere\Kopie von 31.07.2010_10Ball_Bf-Duisburg.pdf --> ftp.hans-kirchhoff.de /06-freizeit/downloads_turniere Kopie von 31.07.2010_10Ball_Bf-Duisburg.pdf
2010.06.11 04:55 B E:\1.0Homepage-Hans\06-freizeit\downloads_turniere\17.07.2010_8Ball_Bf-Duisburg.pdf --> ftp.hans-kirchhoff.de /06-freizeit/downloads_turniere 17.07.2010_8Ball_Bf-Duisburg.pdf
2010.06.11 04:55 B E:\1.0Homepage-Hans\06-freizeit\downloads_turniere\24.07.2010_9Ball_Bf-Duisburg.pdf --> ftp.hans-kirchhoff.de /06-freizeit/downloads_turniere 24.07.2010_9Ball_Bf-Duisburg.pdf
2010.06.11 04:55 B E:\1.0Homepage-Hans\06-freizeit\downloads_turniere\31.07.2010_10Ball_Bf-Duisburg.pdf --> ftp.hans-kirchhoff.de /06-freizeit/downloads_turniere 31.07.2010_10Ball_Bf-Duisburg.pdf
2010.12.02 20:20 B G:\Homepage-BU-MG-Kempen\03-Ligabetrieb\downloads_turniere\bauarbeiter.gif --> billardunionmgkempen.de /03-Ligabetrieb/downloads_turniere bauarbeiter.gif
